[2024-03-11T18:08:26.924+0000] {taskinstance.py:1979} INFO - Dependencies all met for dep_context=non-requeueable deps ti=<TaskInstance: BashOperator.Hello_with_bash scheduled__2023-06-11T00:00:00+00:00 [queued]>
[2024-03-11T18:08:26.942+0000] {taskinstance.py:1979} INFO - Dependencies all met for dep_context=requeueable deps ti=<TaskInstance: BashOperator.Hello_with_bash scheduled__2023-06-11T00:00:00+00:00 [queued]>
[2024-03-11T18:08:26.942+0000] {taskinstance.py:2193} INFO - Starting attempt 1 of 1
[2024-03-11T18:08:26.969+0000] {taskinstance.py:2214} INFO - Executing <Task(BashOperator): Hello_with_bash> on 2023-06-11 00:00:00+00:00
[2024-03-11T18:08:26.975+0000] {standard_task_runner.py:60} INFO - Started process 3119 to run task
[2024-03-11T18:08:26.984+0000] {standard_task_runner.py:87} INFO - Running: ['***', 'tasks', 'run', 'BashOperator', 'Hello_with_bash', 'scheduled__2023-06-11T00:00:00+00:00', '--job-id', '351', '--raw', '--subdir', 'DAGS_FOLDER/1PrimerDag.py', '--cfg-path', '/tmp/tmpq7tzo2_q']
[2024-03-11T18:08:26.985+0000] {standard_task_runner.py:88} INFO - Job 351: Subtask Hello_with_bash
[2024-03-11T18:08:27.046+0000] {task_command.py:423} INFO - Running <TaskInstance: BashOperator.Hello_with_bash scheduled__2023-06-11T00:00:00+00:00 [running]> on host 482398f6ce07
[2024-03-11T18:08:27.135+0000] {taskinstance.py:2510} INFO - Exporting env vars: AIRFLOW_CTX_DAG_OWNER='***' AIRFLOW_CTX_DAG_ID='BashOperator' AIRFLOW_CTX_TASK_ID='Hello_with_bash' AIRFLOW_CTX_EXECUTION_DATE='2023-06-11T00:00:00+00:00' AIRFLOW_CTX_TRY_NUMBER='1' AIRFLOW_CTX_DAG_RUN_ID='scheduled__2023-06-11T00:00:00+00:00'
[2024-03-11T18:08:27.137+0000] {subprocess.py:63} INFO - Tmp dir root location: /tmp
[2024-03-11T18:08:27.138+0000] {subprocess.py:75} INFO - Running command: ['/usr/bin/bash', '-c', "echo'Hola este es mi primer BashOperator'"]
[2024-03-11T18:08:27.149+0000] {subprocess.py:86} INFO - Output:
[2024-03-11T18:08:27.151+0000] {subprocess.py:93} INFO - /usr/bin/bash: line 1: echoHola este es mi primer BashOperator: command not found
[2024-03-11T18:08:27.151+0000] {subprocess.py:97} INFO - Command exited with return code 127
[2024-03-11T18:08:27.164+0000] {taskinstance.py:2728} ERROR - Task failed with exception
Traceback (most recent call last):
  File "/home/airflow/.local/lib/python3.8/site-packages/airflow/models/taskinstance.py", line 444, in _execute_task
    result = _execute_callable(context=context, **execute_callable_kwargs)
  File "/home/airflow/.local/lib/python3.8/site-packages/airflow/models/taskinstance.py", line 414, in _execute_callable
    return execute_callable(context=context, **execute_callable_kwargs)
  File "/home/airflow/.local/lib/python3.8/site-packages/airflow/operators/bash.py", line 212, in execute
    raise AirflowException(
airflow.exceptions.AirflowException: Bash command failed. The command returned a non-zero exit code 127.
[2024-03-11T18:08:27.168+0000] {taskinstance.py:1149} INFO - Marking task as FAILED. dag_id=BashOperator, task_id=Hello_with_bash, execution_date=20230611T000000, start_date=20240311T180826, end_date=20240311T180827
[2024-03-11T18:08:27.182+0000] {standard_task_runner.py:107} ERROR - Failed to execute job 351 for task Hello_with_bash (Bash command failed. The command returned a non-zero exit code 127.; 3119)
[2024-03-11T18:08:27.194+0000] {local_task_job_runner.py:234} INFO - Task exited with return code 1
[2024-03-11T18:08:27.225+0000] {taskinstance.py:3309} INFO - 0 downstream tasks scheduled from follow-on schedule check
