[2024-03-06T14:33:49.308+0000] {processor.py:161} INFO - Started process (PID=49) to work on /home/airflow/.local/lib/python3.8/site-packages/airflow/example_dags/example_kubernetes_executor.py
[2024-03-06T14:33:49.309+0000] {processor.py:830} INFO - Processing file /home/airflow/.local/lib/python3.8/site-packages/airflow/example_dags/example_kubernetes_executor.py for tasks to queue
[2024-03-06T14:33:49.310+0000] {logging_mixin.py:188} INFO - [2024-03-06T14:33:49.310+0000] {dagbag.py:540} INFO - Filling up the DagBag from /home/airflow/.local/lib/python3.8/site-packages/airflow/example_dags/example_kubernetes_executor.py
[2024-03-06T14:33:49.332+0000] {processor.py:840} INFO - DAG(s) 'example_kubernetes_executor' retrieved from /home/airflow/.local/lib/python3.8/site-packages/airflow/example_dags/example_kubernetes_executor.py
[2024-03-06T14:33:49.342+0000] {logging_mixin.py:188} INFO - [2024-03-06T14:33:49.342+0000] {dag.py:3047} INFO - Sync 1 DAGs
[2024-03-06T14:33:49.354+0000] {logging_mixin.py:188} INFO - [2024-03-06T14:33:49.354+0000] {dag.py:3834} INFO - Setting next_dagrun for example_kubernetes_executor to None, run_after=None
[2024-03-06T14:33:49.373+0000] {processor.py:183} INFO - Processing /home/airflow/.local/lib/python3.8/site-packages/airflow/example_dags/example_kubernetes_executor.py took 0.069 seconds
[2024-03-06T14:34:20.403+0000] {processor.py:161} INFO - Started process (PID=104) to work on /home/airflow/.local/lib/python3.8/site-packages/airflow/example_dags/example_kubernetes_executor.py
[2024-03-06T14:34:20.404+0000] {processor.py:830} INFO - Processing file /home/airflow/.local/lib/python3.8/site-packages/airflow/example_dags/example_kubernetes_executor.py for tasks to queue
[2024-03-06T14:34:20.406+0000] {logging_mixin.py:188} INFO - [2024-03-06T14:34:20.405+0000] {dagbag.py:540} INFO - Filling up the DagBag from /home/airflow/.local/lib/python3.8/site-packages/airflow/example_dags/example_kubernetes_executor.py
[2024-03-06T14:34:20.421+0000] {processor.py:840} INFO - DAG(s) 'example_kubernetes_executor' retrieved from /home/airflow/.local/lib/python3.8/site-packages/airflow/example_dags/example_kubernetes_executor.py
[2024-03-06T14:34:20.541+0000] {logging_mixin.py:188} INFO - [2024-03-06T14:34:20.540+0000] {dag.py:3047} INFO - Sync 1 DAGs
[2024-03-06T14:34:20.551+0000] {logging_mixin.py:188} INFO - [2024-03-06T14:34:20.551+0000] {dag.py:3834} INFO - Setting next_dagrun for example_kubernetes_executor to None, run_after=None
[2024-03-06T14:34:20.583+0000] {processor.py:183} INFO - Processing /home/airflow/.local/lib/python3.8/site-packages/airflow/example_dags/example_kubernetes_executor.py took 0.183 seconds
[2024-03-06T14:34:50.658+0000] {processor.py:161} INFO - Started process (PID=159) to work on /home/airflow/.local/lib/python3.8/site-packages/airflow/example_dags/example_kubernetes_executor.py
[2024-03-06T14:34:50.661+0000] {processor.py:830} INFO - Processing file /home/airflow/.local/lib/python3.8/site-packages/airflow/example_dags/example_kubernetes_executor.py for tasks to queue
[2024-03-06T14:34:50.667+0000] {logging_mixin.py:188} INFO - [2024-03-06T14:34:50.666+0000] {dagbag.py:540} INFO - Filling up the DagBag from /home/airflow/.local/lib/python3.8/site-packages/airflow/example_dags/example_kubernetes_executor.py
[2024-03-06T14:34:50.696+0000] {processor.py:840} INFO - DAG(s) 'example_kubernetes_executor' retrieved from /home/airflow/.local/lib/python3.8/site-packages/airflow/example_dags/example_kubernetes_executor.py
[2024-03-06T14:34:50.720+0000] {logging_mixin.py:188} INFO - [2024-03-06T14:34:50.720+0000] {dag.py:3047} INFO - Sync 1 DAGs
[2024-03-06T14:34:50.746+0000] {logging_mixin.py:188} INFO - [2024-03-06T14:34:50.745+0000] {dag.py:3834} INFO - Setting next_dagrun for example_kubernetes_executor to None, run_after=None
[2024-03-06T14:34:50.786+0000] {processor.py:183} INFO - Processing /home/airflow/.local/lib/python3.8/site-packages/airflow/example_dags/example_kubernetes_executor.py took 0.133 seconds
[2024-03-06T14:35:21.600+0000] {processor.py:161} INFO - Started process (PID=214) to work on /home/airflow/.local/lib/python3.8/site-packages/airflow/example_dags/example_kubernetes_executor.py
[2024-03-06T14:35:21.602+0000] {processor.py:830} INFO - Processing file /home/airflow/.local/lib/python3.8/site-packages/airflow/example_dags/example_kubernetes_executor.py for tasks to queue
[2024-03-06T14:35:21.604+0000] {logging_mixin.py:188} INFO - [2024-03-06T14:35:21.603+0000] {dagbag.py:540} INFO - Filling up the DagBag from /home/airflow/.local/lib/python3.8/site-packages/airflow/example_dags/example_kubernetes_executor.py
[2024-03-06T14:35:21.620+0000] {processor.py:840} INFO - DAG(s) 'example_kubernetes_executor' retrieved from /home/airflow/.local/lib/python3.8/site-packages/airflow/example_dags/example_kubernetes_executor.py
[2024-03-06T14:35:21.831+0000] {logging_mixin.py:188} INFO - [2024-03-06T14:35:21.830+0000] {dag.py:3047} INFO - Sync 1 DAGs
[2024-03-06T14:35:21.863+0000] {logging_mixin.py:188} INFO - [2024-03-06T14:35:21.861+0000] {dag.py:3834} INFO - Setting next_dagrun for example_kubernetes_executor to None, run_after=None
[2024-03-06T14:35:21.898+0000] {processor.py:183} INFO - Processing /home/airflow/.local/lib/python3.8/site-packages/airflow/example_dags/example_kubernetes_executor.py took 0.302 seconds
[2024-03-06T14:35:52.428+0000] {processor.py:161} INFO - Started process (PID=269) to work on /home/airflow/.local/lib/python3.8/site-packages/airflow/example_dags/example_kubernetes_executor.py
[2024-03-06T14:35:52.430+0000] {processor.py:830} INFO - Processing file /home/airflow/.local/lib/python3.8/site-packages/airflow/example_dags/example_kubernetes_executor.py for tasks to queue
[2024-03-06T14:35:52.433+0000] {logging_mixin.py:188} INFO - [2024-03-06T14:35:52.432+0000] {dagbag.py:540} INFO - Filling up the DagBag from /home/airflow/.local/lib/python3.8/site-packages/airflow/example_dags/example_kubernetes_executor.py
[2024-03-06T14:35:52.449+0000] {processor.py:840} INFO - DAG(s) 'example_kubernetes_executor' retrieved from /home/airflow/.local/lib/python3.8/site-packages/airflow/example_dags/example_kubernetes_executor.py
[2024-03-06T14:35:52.494+0000] {logging_mixin.py:188} INFO - [2024-03-06T14:35:52.494+0000] {dag.py:3047} INFO - Sync 1 DAGs
[2024-03-06T14:35:52.508+0000] {logging_mixin.py:188} INFO - [2024-03-06T14:35:52.508+0000] {dag.py:3834} INFO - Setting next_dagrun for example_kubernetes_executor to None, run_after=None
[2024-03-06T14:35:52.528+0000] {processor.py:183} INFO - Processing /home/airflow/.local/lib/python3.8/site-packages/airflow/example_dags/example_kubernetes_executor.py took 0.106 seconds
[2024-03-06T14:36:23.197+0000] {processor.py:161} INFO - Started process (PID=324) to work on /home/airflow/.local/lib/python3.8/site-packages/airflow/example_dags/example_kubernetes_executor.py
[2024-03-06T14:36:23.199+0000] {processor.py:830} INFO - Processing file /home/airflow/.local/lib/python3.8/site-packages/airflow/example_dags/example_kubernetes_executor.py for tasks to queue
[2024-03-06T14:36:23.200+0000] {logging_mixin.py:188} INFO - [2024-03-06T14:36:23.200+0000] {dagbag.py:540} INFO - Filling up the DagBag from /home/airflow/.local/lib/python3.8/site-packages/airflow/example_dags/example_kubernetes_executor.py
[2024-03-06T14:36:23.213+0000] {processor.py:840} INFO - DAG(s) 'example_kubernetes_executor' retrieved from /home/airflow/.local/lib/python3.8/site-packages/airflow/example_dags/example_kubernetes_executor.py
[2024-03-06T14:36:23.246+0000] {logging_mixin.py:188} INFO - [2024-03-06T14:36:23.246+0000] {dag.py:3047} INFO - Sync 1 DAGs
[2024-03-06T14:36:23.257+0000] {logging_mixin.py:188} INFO - [2024-03-06T14:36:23.257+0000] {dag.py:3834} INFO - Setting next_dagrun for example_kubernetes_executor to None, run_after=None
[2024-03-06T14:36:23.278+0000] {processor.py:183} INFO - Processing /home/airflow/.local/lib/python3.8/site-packages/airflow/example_dags/example_kubernetes_executor.py took 0.083 seconds
[2024-03-06T14:36:53.808+0000] {processor.py:161} INFO - Started process (PID=379) to work on /home/airflow/.local/lib/python3.8/site-packages/airflow/example_dags/example_kubernetes_executor.py
[2024-03-06T14:36:53.809+0000] {processor.py:830} INFO - Processing file /home/airflow/.local/lib/python3.8/site-packages/airflow/example_dags/example_kubernetes_executor.py for tasks to queue
[2024-03-06T14:36:53.810+0000] {logging_mixin.py:188} INFO - [2024-03-06T14:36:53.810+0000] {dagbag.py:540} INFO - Filling up the DagBag from /home/airflow/.local/lib/python3.8/site-packages/airflow/example_dags/example_kubernetes_executor.py
[2024-03-06T14:36:53.823+0000] {processor.py:840} INFO - DAG(s) 'example_kubernetes_executor' retrieved from /home/airflow/.local/lib/python3.8/site-packages/airflow/example_dags/example_kubernetes_executor.py
[2024-03-06T14:36:53.855+0000] {logging_mixin.py:188} INFO - [2024-03-06T14:36:53.854+0000] {dag.py:3047} INFO - Sync 1 DAGs
[2024-03-06T14:36:53.865+0000] {logging_mixin.py:188} INFO - [2024-03-06T14:36:53.865+0000] {dag.py:3834} INFO - Setting next_dagrun for example_kubernetes_executor to None, run_after=None
[2024-03-06T14:36:53.883+0000] {processor.py:183} INFO - Processing /home/airflow/.local/lib/python3.8/site-packages/airflow/example_dags/example_kubernetes_executor.py took 0.078 seconds
[2024-03-06T14:37:24.444+0000] {processor.py:161} INFO - Started process (PID=434) to work on /home/airflow/.local/lib/python3.8/site-packages/airflow/example_dags/example_kubernetes_executor.py
[2024-03-06T14:37:24.445+0000] {processor.py:830} INFO - Processing file /home/airflow/.local/lib/python3.8/site-packages/airflow/example_dags/example_kubernetes_executor.py for tasks to queue
[2024-03-06T14:37:24.448+0000] {logging_mixin.py:188} INFO - [2024-03-06T14:37:24.447+0000] {dagbag.py:540} INFO - Filling up the DagBag from /home/airflow/.local/lib/python3.8/site-packages/airflow/example_dags/example_kubernetes_executor.py
[2024-03-06T14:37:24.465+0000] {processor.py:840} INFO - DAG(s) 'example_kubernetes_executor' retrieved from /home/airflow/.local/lib/python3.8/site-packages/airflow/example_dags/example_kubernetes_executor.py
[2024-03-06T14:37:24.509+0000] {logging_mixin.py:188} INFO - [2024-03-06T14:37:24.509+0000] {dag.py:3047} INFO - Sync 1 DAGs
[2024-03-06T14:37:24.522+0000] {logging_mixin.py:188} INFO - [2024-03-06T14:37:24.522+0000] {dag.py:3834} INFO - Setting next_dagrun for example_kubernetes_executor to None, run_after=None
[2024-03-06T14:37:24.544+0000] {processor.py:183} INFO - Processing /home/airflow/.local/lib/python3.8/site-packages/airflow/example_dags/example_kubernetes_executor.py took 0.105 seconds
[2024-03-06T14:37:54.688+0000] {processor.py:161} INFO - Started process (PID=489) to work on /home/airflow/.local/lib/python3.8/site-packages/airflow/example_dags/example_kubernetes_executor.py
[2024-03-06T14:37:54.689+0000] {processor.py:830} INFO - Processing file /home/airflow/.local/lib/python3.8/site-packages/airflow/example_dags/example_kubernetes_executor.py for tasks to queue
[2024-03-06T14:37:54.690+0000] {logging_mixin.py:188} INFO - [2024-03-06T14:37:54.690+0000] {dagbag.py:540} INFO - Filling up the DagBag from /home/airflow/.local/lib/python3.8/site-packages/airflow/example_dags/example_kubernetes_executor.py
[2024-03-06T14:37:54.704+0000] {processor.py:840} INFO - DAG(s) 'example_kubernetes_executor' retrieved from /home/airflow/.local/lib/python3.8/site-packages/airflow/example_dags/example_kubernetes_executor.py
[2024-03-06T14:37:54.743+0000] {logging_mixin.py:188} INFO - [2024-03-06T14:37:54.742+0000] {dag.py:3047} INFO - Sync 1 DAGs
[2024-03-06T14:37:54.755+0000] {logging_mixin.py:188} INFO - [2024-03-06T14:37:54.755+0000] {dag.py:3834} INFO - Setting next_dagrun for example_kubernetes_executor to None, run_after=None
[2024-03-06T14:37:54.772+0000] {processor.py:183} INFO - Processing /home/airflow/.local/lib/python3.8/site-packages/airflow/example_dags/example_kubernetes_executor.py took 0.088 seconds
[2024-03-06T14:38:25.343+0000] {processor.py:161} INFO - Started process (PID=544) to work on /home/airflow/.local/lib/python3.8/site-packages/airflow/example_dags/example_kubernetes_executor.py
[2024-03-06T14:38:25.344+0000] {processor.py:830} INFO - Processing file /home/airflow/.local/lib/python3.8/site-packages/airflow/example_dags/example_kubernetes_executor.py for tasks to queue
[2024-03-06T14:38:25.346+0000] {logging_mixin.py:188} INFO - [2024-03-06T14:38:25.346+0000] {dagbag.py:540} INFO - Filling up the DagBag from /home/airflow/.local/lib/python3.8/site-packages/airflow/example_dags/example_kubernetes_executor.py
[2024-03-06T14:38:25.362+0000] {processor.py:840} INFO - DAG(s) 'example_kubernetes_executor' retrieved from /home/airflow/.local/lib/python3.8/site-packages/airflow/example_dags/example_kubernetes_executor.py
[2024-03-06T14:38:25.401+0000] {logging_mixin.py:188} INFO - [2024-03-06T14:38:25.401+0000] {dag.py:3047} INFO - Sync 1 DAGs
[2024-03-06T14:38:25.416+0000] {logging_mixin.py:188} INFO - [2024-03-06T14:38:25.415+0000] {dag.py:3834} INFO - Setting next_dagrun for example_kubernetes_executor to None, run_after=None
[2024-03-06T14:38:25.438+0000] {processor.py:183} INFO - Processing /home/airflow/.local/lib/python3.8/site-packages/airflow/example_dags/example_kubernetes_executor.py took 0.099 seconds
[2024-03-06T14:38:55.743+0000] {processor.py:161} INFO - Started process (PID=599) to work on /home/airflow/.local/lib/python3.8/site-packages/airflow/example_dags/example_kubernetes_executor.py
[2024-03-06T14:38:55.744+0000] {processor.py:830} INFO - Processing file /home/airflow/.local/lib/python3.8/site-packages/airflow/example_dags/example_kubernetes_executor.py for tasks to queue
[2024-03-06T14:38:55.745+0000] {logging_mixin.py:188} INFO - [2024-03-06T14:38:55.745+0000] {dagbag.py:540} INFO - Filling up the DagBag from /home/airflow/.local/lib/python3.8/site-packages/airflow/example_dags/example_kubernetes_executor.py
[2024-03-06T14:38:55.758+0000] {processor.py:840} INFO - DAG(s) 'example_kubernetes_executor' retrieved from /home/airflow/.local/lib/python3.8/site-packages/airflow/example_dags/example_kubernetes_executor.py
[2024-03-06T14:38:55.769+0000] {logging_mixin.py:188} INFO - [2024-03-06T14:38:55.769+0000] {dag.py:3047} INFO - Sync 1 DAGs
[2024-03-06T14:38:55.781+0000] {logging_mixin.py:188} INFO - [2024-03-06T14:38:55.781+0000] {dag.py:3834} INFO - Setting next_dagrun for example_kubernetes_executor to None, run_after=None
[2024-03-06T14:38:55.800+0000] {processor.py:183} INFO - Processing /home/airflow/.local/lib/python3.8/site-packages/airflow/example_dags/example_kubernetes_executor.py took 0.060 seconds
[2024-03-06T14:39:26.628+0000] {processor.py:161} INFO - Started process (PID=654) to work on /home/airflow/.local/lib/python3.8/site-packages/airflow/example_dags/example_kubernetes_executor.py
[2024-03-06T14:39:26.629+0000] {processor.py:830} INFO - Processing file /home/airflow/.local/lib/python3.8/site-packages/airflow/example_dags/example_kubernetes_executor.py for tasks to queue
[2024-03-06T14:39:26.630+0000] {logging_mixin.py:188} INFO - [2024-03-06T14:39:26.630+0000] {dagbag.py:540} INFO - Filling up the DagBag from /home/airflow/.local/lib/python3.8/site-packages/airflow/example_dags/example_kubernetes_executor.py
[2024-03-06T14:39:26.642+0000] {processor.py:840} INFO - DAG(s) 'example_kubernetes_executor' retrieved from /home/airflow/.local/lib/python3.8/site-packages/airflow/example_dags/example_kubernetes_executor.py
[2024-03-06T14:39:26.741+0000] {logging_mixin.py:188} INFO - [2024-03-06T14:39:26.741+0000] {dag.py:3047} INFO - Sync 1 DAGs
[2024-03-06T14:39:26.751+0000] {logging_mixin.py:188} INFO - [2024-03-06T14:39:26.750+0000] {dag.py:3834} INFO - Setting next_dagrun for example_kubernetes_executor to None, run_after=None
[2024-03-06T14:39:26.773+0000] {processor.py:183} INFO - Processing /home/airflow/.local/lib/python3.8/site-packages/airflow/example_dags/example_kubernetes_executor.py took 0.148 seconds
[2024-03-06T14:43:26.032+0000] {processor.py:161} INFO - Started process (PID=49) to work on /home/airflow/.local/lib/python3.8/site-packages/airflow/example_dags/example_kubernetes_executor.py
[2024-03-06T14:43:26.033+0000] {processor.py:830} INFO - Processing file /home/airflow/.local/lib/python3.8/site-packages/airflow/example_dags/example_kubernetes_executor.py for tasks to queue
[2024-03-06T14:43:26.034+0000] {logging_mixin.py:188} INFO - [2024-03-06T14:43:26.034+0000] {dagbag.py:540} INFO - Filling up the DagBag from /home/airflow/.local/lib/python3.8/site-packages/airflow/example_dags/example_kubernetes_executor.py
[2024-03-06T14:43:26.052+0000] {processor.py:840} INFO - DAG(s) 'example_kubernetes_executor' retrieved from /home/airflow/.local/lib/python3.8/site-packages/airflow/example_dags/example_kubernetes_executor.py
[2024-03-06T14:43:26.193+0000] {logging_mixin.py:188} INFO - [2024-03-06T14:43:26.192+0000] {override.py:1769} INFO - Created Permission View: can delete on DAG:example_kubernetes_executor
[2024-03-06T14:43:26.204+0000] {logging_mixin.py:188} INFO - [2024-03-06T14:43:26.204+0000] {override.py:1769} INFO - Created Permission View: can read on DAG:example_kubernetes_executor
[2024-03-06T14:43:26.212+0000] {logging_mixin.py:188} INFO - [2024-03-06T14:43:26.212+0000] {override.py:1769} INFO - Created Permission View: can edit on DAG:example_kubernetes_executor
[2024-03-06T14:43:26.213+0000] {logging_mixin.py:188} INFO - [2024-03-06T14:43:26.213+0000] {dag.py:3047} INFO - Sync 1 DAGs
[2024-03-06T14:43:26.225+0000] {logging_mixin.py:188} INFO - [2024-03-06T14:43:26.225+0000] {dag.py:3069} INFO - Creating ORM DAG for example_kubernetes_executor
[2024-03-06T14:43:26.226+0000] {logging_mixin.py:188} INFO - [2024-03-06T14:43:26.226+0000] {dag.py:3834} INFO - Setting next_dagrun for example_kubernetes_executor to None, run_after=None
[2024-03-06T14:43:26.252+0000] {processor.py:183} INFO - Processing /home/airflow/.local/lib/python3.8/site-packages/airflow/example_dags/example_kubernetes_executor.py took 0.223 seconds
[2024-03-06T14:43:57.077+0000] {processor.py:161} INFO - Started process (PID=104) to work on /home/airflow/.local/lib/python3.8/site-packages/airflow/example_dags/example_kubernetes_executor.py
[2024-03-06T14:43:57.078+0000] {processor.py:830} INFO - Processing file /home/airflow/.local/lib/python3.8/site-packages/airflow/example_dags/example_kubernetes_executor.py for tasks to queue
[2024-03-06T14:43:57.080+0000] {logging_mixin.py:188} INFO - [2024-03-06T14:43:57.079+0000] {dagbag.py:540} INFO - Filling up the DagBag from /home/airflow/.local/lib/python3.8/site-packages/airflow/example_dags/example_kubernetes_executor.py
[2024-03-06T14:43:57.093+0000] {processor.py:840} INFO - DAG(s) 'example_kubernetes_executor' retrieved from /home/airflow/.local/lib/python3.8/site-packages/airflow/example_dags/example_kubernetes_executor.py
[2024-03-06T14:43:57.131+0000] {logging_mixin.py:188} INFO - [2024-03-06T14:43:57.131+0000] {dag.py:3047} INFO - Sync 1 DAGs
[2024-03-06T14:43:57.142+0000] {logging_mixin.py:188} INFO - [2024-03-06T14:43:57.142+0000] {dag.py:3834} INFO - Setting next_dagrun for example_kubernetes_executor to None, run_after=None
[2024-03-06T14:43:57.161+0000] {processor.py:183} INFO - Processing /home/airflow/.local/lib/python3.8/site-packages/airflow/example_dags/example_kubernetes_executor.py took 0.087 seconds
[2024-03-06T14:44:27.533+0000] {processor.py:161} INFO - Started process (PID=159) to work on /home/airflow/.local/lib/python3.8/site-packages/airflow/example_dags/example_kubernetes_executor.py
[2024-03-06T14:44:27.534+0000] {processor.py:830} INFO - Processing file /home/airflow/.local/lib/python3.8/site-packages/airflow/example_dags/example_kubernetes_executor.py for tasks to queue
[2024-03-06T14:44:27.536+0000] {logging_mixin.py:188} INFO - [2024-03-06T14:44:27.535+0000] {dagbag.py:540} INFO - Filling up the DagBag from /home/airflow/.local/lib/python3.8/site-packages/airflow/example_dags/example_kubernetes_executor.py
[2024-03-06T14:44:27.548+0000] {processor.py:840} INFO - DAG(s) 'example_kubernetes_executor' retrieved from /home/airflow/.local/lib/python3.8/site-packages/airflow/example_dags/example_kubernetes_executor.py
[2024-03-06T14:44:27.587+0000] {logging_mixin.py:188} INFO - [2024-03-06T14:44:27.586+0000] {dag.py:3047} INFO - Sync 1 DAGs
[2024-03-06T14:44:27.598+0000] {logging_mixin.py:188} INFO - [2024-03-06T14:44:27.598+0000] {dag.py:3834} INFO - Setting next_dagrun for example_kubernetes_executor to None, run_after=None
[2024-03-06T14:44:27.621+0000] {processor.py:183} INFO - Processing /home/airflow/.local/lib/python3.8/site-packages/airflow/example_dags/example_kubernetes_executor.py took 0.091 seconds
[2024-03-06T14:44:58.038+0000] {processor.py:161} INFO - Started process (PID=214) to work on /home/airflow/.local/lib/python3.8/site-packages/airflow/example_dags/example_kubernetes_executor.py
[2024-03-06T14:44:58.040+0000] {processor.py:830} INFO - Processing file /home/airflow/.local/lib/python3.8/site-packages/airflow/example_dags/example_kubernetes_executor.py for tasks to queue
[2024-03-06T14:44:58.042+0000] {logging_mixin.py:188} INFO - [2024-03-06T14:44:58.042+0000] {dagbag.py:540} INFO - Filling up the DagBag from /home/airflow/.local/lib/python3.8/site-packages/airflow/example_dags/example_kubernetes_executor.py
[2024-03-06T14:44:58.062+0000] {processor.py:840} INFO - DAG(s) 'example_kubernetes_executor' retrieved from /home/airflow/.local/lib/python3.8/site-packages/airflow/example_dags/example_kubernetes_executor.py
[2024-03-06T14:44:58.097+0000] {logging_mixin.py:188} INFO - [2024-03-06T14:44:58.097+0000] {dag.py:3047} INFO - Sync 1 DAGs
[2024-03-06T14:44:58.122+0000] {logging_mixin.py:188} INFO - [2024-03-06T14:44:58.121+0000] {dag.py:3834} INFO - Setting next_dagrun for example_kubernetes_executor to None, run_after=None
[2024-03-06T14:44:58.159+0000] {processor.py:183} INFO - Processing /home/airflow/.local/lib/python3.8/site-packages/airflow/example_dags/example_kubernetes_executor.py took 0.126 seconds
[2024-03-06T14:45:28.532+0000] {processor.py:161} INFO - Started process (PID=269) to work on /home/airflow/.local/lib/python3.8/site-packages/airflow/example_dags/example_kubernetes_executor.py
[2024-03-06T14:45:28.533+0000] {processor.py:830} INFO - Processing file /home/airflow/.local/lib/python3.8/site-packages/airflow/example_dags/example_kubernetes_executor.py for tasks to queue
[2024-03-06T14:45:28.535+0000] {logging_mixin.py:188} INFO - [2024-03-06T14:45:28.535+0000] {dagbag.py:540} INFO - Filling up the DagBag from /home/airflow/.local/lib/python3.8/site-packages/airflow/example_dags/example_kubernetes_executor.py
[2024-03-06T14:45:28.550+0000] {processor.py:840} INFO - DAG(s) 'example_kubernetes_executor' retrieved from /home/airflow/.local/lib/python3.8/site-packages/airflow/example_dags/example_kubernetes_executor.py
[2024-03-06T14:45:28.595+0000] {logging_mixin.py:188} INFO - [2024-03-06T14:45:28.595+0000] {dag.py:3047} INFO - Sync 1 DAGs
[2024-03-06T14:45:28.609+0000] {logging_mixin.py:188} INFO - [2024-03-06T14:45:28.609+0000] {dag.py:3834} INFO - Setting next_dagrun for example_kubernetes_executor to None, run_after=None
[2024-03-06T14:45:28.630+0000] {processor.py:183} INFO - Processing /home/airflow/.local/lib/python3.8/site-packages/airflow/example_dags/example_kubernetes_executor.py took 0.101 seconds
[2024-03-06T14:45:59.199+0000] {processor.py:161} INFO - Started process (PID=324) to work on /home/airflow/.local/lib/python3.8/site-packages/airflow/example_dags/example_kubernetes_executor.py
[2024-03-06T14:45:59.200+0000] {processor.py:830} INFO - Processing file /home/airflow/.local/lib/python3.8/site-packages/airflow/example_dags/example_kubernetes_executor.py for tasks to queue
[2024-03-06T14:45:59.202+0000] {logging_mixin.py:188} INFO - [2024-03-06T14:45:59.202+0000] {dagbag.py:540} INFO - Filling up the DagBag from /home/airflow/.local/lib/python3.8/site-packages/airflow/example_dags/example_kubernetes_executor.py
[2024-03-06T14:45:59.223+0000] {processor.py:840} INFO - DAG(s) 'example_kubernetes_executor' retrieved from /home/airflow/.local/lib/python3.8/site-packages/airflow/example_dags/example_kubernetes_executor.py
[2024-03-06T14:45:59.238+0000] {logging_mixin.py:188} INFO - [2024-03-06T14:45:59.238+0000] {dag.py:3047} INFO - Sync 1 DAGs
[2024-03-06T14:45:59.254+0000] {logging_mixin.py:188} INFO - [2024-03-06T14:45:59.254+0000] {dag.py:3834} INFO - Setting next_dagrun for example_kubernetes_executor to None, run_after=None
[2024-03-06T14:45:59.282+0000] {processor.py:183} INFO - Processing /home/airflow/.local/lib/python3.8/site-packages/airflow/example_dags/example_kubernetes_executor.py took 0.087 seconds
[2024-03-06T14:46:30.211+0000] {processor.py:161} INFO - Started process (PID=379) to work on /home/airflow/.local/lib/python3.8/site-packages/airflow/example_dags/example_kubernetes_executor.py
[2024-03-06T14:46:30.213+0000] {processor.py:830} INFO - Processing file /home/airflow/.local/lib/python3.8/site-packages/airflow/example_dags/example_kubernetes_executor.py for tasks to queue
[2024-03-06T14:46:30.214+0000] {logging_mixin.py:188} INFO - [2024-03-06T14:46:30.214+0000] {dagbag.py:540} INFO - Filling up the DagBag from /home/airflow/.local/lib/python3.8/site-packages/airflow/example_dags/example_kubernetes_executor.py
[2024-03-06T14:46:30.227+0000] {processor.py:840} INFO - DAG(s) 'example_kubernetes_executor' retrieved from /home/airflow/.local/lib/python3.8/site-packages/airflow/example_dags/example_kubernetes_executor.py
[2024-03-06T14:46:30.348+0000] {logging_mixin.py:188} INFO - [2024-03-06T14:46:30.348+0000] {dag.py:3047} INFO - Sync 1 DAGs
[2024-03-06T14:46:30.364+0000] {logging_mixin.py:188} INFO - [2024-03-06T14:46:30.363+0000] {dag.py:3834} INFO - Setting next_dagrun for example_kubernetes_executor to None, run_after=None
[2024-03-06T14:46:30.393+0000] {processor.py:183} INFO - Processing /home/airflow/.local/lib/python3.8/site-packages/airflow/example_dags/example_kubernetes_executor.py took 0.185 seconds
