[2024-03-06T14:33:49.708+0000] {processor.py:161} INFO - Started process (PID=58) to work on /home/airflow/.local/lib/python3.8/site-packages/airflow/example_dags/example_short_circuit_operator.py
[2024-03-06T14:33:49.709+0000] {processor.py:830} INFO - Processing file /home/airflow/.local/lib/python3.8/site-packages/airflow/example_dags/example_short_circuit_operator.py for tasks to queue
[2024-03-06T14:33:49.712+0000] {logging_mixin.py:188} INFO - [2024-03-06T14:33:49.711+0000] {dagbag.py:540} INFO - Filling up the DagBag from /home/airflow/.local/lib/python3.8/site-packages/airflow/example_dags/example_short_circuit_operator.py
[2024-03-06T14:33:49.723+0000] {processor.py:840} INFO - DAG(s) 'example_short_circuit_operator' retrieved from /home/airflow/.local/lib/python3.8/site-packages/airflow/example_dags/example_short_circuit_operator.py
[2024-03-06T14:33:49.736+0000] {logging_mixin.py:188} INFO - [2024-03-06T14:33:49.735+0000] {dag.py:3047} INFO - Sync 1 DAGs
[2024-03-06T14:33:49.760+0000] {logging_mixin.py:188} INFO - [2024-03-06T14:33:49.760+0000] {dag.py:3834} INFO - Setting next_dagrun for example_short_circuit_operator to 2024-03-05 00:00:00+00:00, run_after=2024-03-06 00:00:00+00:00
[2024-03-06T14:33:49.780+0000] {processor.py:183} INFO - Processing /home/airflow/.local/lib/python3.8/site-packages/airflow/example_dags/example_short_circuit_operator.py took 0.076 seconds
[2024-03-06T14:34:21.235+0000] {processor.py:161} INFO - Started process (PID=113) to work on /home/airflow/.local/lib/python3.8/site-packages/airflow/example_dags/example_short_circuit_operator.py
[2024-03-06T14:34:21.236+0000] {processor.py:830} INFO - Processing file /home/airflow/.local/lib/python3.8/site-packages/airflow/example_dags/example_short_circuit_operator.py for tasks to queue
[2024-03-06T14:34:21.238+0000] {logging_mixin.py:188} INFO - [2024-03-06T14:34:21.238+0000] {dagbag.py:540} INFO - Filling up the DagBag from /home/airflow/.local/lib/python3.8/site-packages/airflow/example_dags/example_short_circuit_operator.py
[2024-03-06T14:34:21.245+0000] {processor.py:840} INFO - DAG(s) 'example_short_circuit_operator' retrieved from /home/airflow/.local/lib/python3.8/site-packages/airflow/example_dags/example_short_circuit_operator.py
[2024-03-06T14:34:21.369+0000] {logging_mixin.py:188} INFO - [2024-03-06T14:34:21.369+0000] {dag.py:3047} INFO - Sync 1 DAGs
[2024-03-06T14:34:21.388+0000] {logging_mixin.py:188} INFO - [2024-03-06T14:34:21.388+0000] {dag.py:3834} INFO - Setting next_dagrun for example_short_circuit_operator to 2024-03-05 00:00:00+00:00, run_after=2024-03-06 00:00:00+00:00
[2024-03-06T14:34:21.409+0000] {processor.py:183} INFO - Processing /home/airflow/.local/lib/python3.8/site-packages/airflow/example_dags/example_short_circuit_operator.py took 0.177 seconds
[2024-03-06T14:34:52.324+0000] {processor.py:161} INFO - Started process (PID=168) to work on /home/airflow/.local/lib/python3.8/site-packages/airflow/example_dags/example_short_circuit_operator.py
[2024-03-06T14:34:52.331+0000] {processor.py:830} INFO - Processing file /home/airflow/.local/lib/python3.8/site-packages/airflow/example_dags/example_short_circuit_operator.py for tasks to queue
[2024-03-06T14:34:52.333+0000] {logging_mixin.py:188} INFO - [2024-03-06T14:34:52.333+0000] {dagbag.py:540} INFO - Filling up the DagBag from /home/airflow/.local/lib/python3.8/site-packages/airflow/example_dags/example_short_circuit_operator.py
[2024-03-06T14:34:52.341+0000] {processor.py:840} INFO - DAG(s) 'example_short_circuit_operator' retrieved from /home/airflow/.local/lib/python3.8/site-packages/airflow/example_dags/example_short_circuit_operator.py
[2024-03-06T14:34:52.352+0000] {logging_mixin.py:188} INFO - [2024-03-06T14:34:52.351+0000] {dag.py:3047} INFO - Sync 1 DAGs
[2024-03-06T14:34:52.377+0000] {logging_mixin.py:188} INFO - [2024-03-06T14:34:52.377+0000] {dag.py:3834} INFO - Setting next_dagrun for example_short_circuit_operator to 2024-03-05 00:00:00+00:00, run_after=2024-03-06 00:00:00+00:00
[2024-03-06T14:34:52.400+0000] {processor.py:183} INFO - Processing /home/airflow/.local/lib/python3.8/site-packages/airflow/example_dags/example_short_circuit_operator.py took 0.079 seconds
[2024-03-06T14:35:22.721+0000] {processor.py:161} INFO - Started process (PID=223) to work on /home/airflow/.local/lib/python3.8/site-packages/airflow/example_dags/example_short_circuit_operator.py
[2024-03-06T14:35:22.723+0000] {processor.py:830} INFO - Processing file /home/airflow/.local/lib/python3.8/site-packages/airflow/example_dags/example_short_circuit_operator.py for tasks to queue
[2024-03-06T14:35:22.727+0000] {logging_mixin.py:188} INFO - [2024-03-06T14:35:22.726+0000] {dagbag.py:540} INFO - Filling up the DagBag from /home/airflow/.local/lib/python3.8/site-packages/airflow/example_dags/example_short_circuit_operator.py
[2024-03-06T14:35:22.741+0000] {processor.py:840} INFO - DAG(s) 'example_short_circuit_operator' retrieved from /home/airflow/.local/lib/python3.8/site-packages/airflow/example_dags/example_short_circuit_operator.py
[2024-03-06T14:35:22.981+0000] {logging_mixin.py:188} INFO - [2024-03-06T14:35:22.980+0000] {dag.py:3047} INFO - Sync 1 DAGs
[2024-03-06T14:35:23.006+0000] {logging_mixin.py:188} INFO - [2024-03-06T14:35:23.006+0000] {dag.py:3834} INFO - Setting next_dagrun for example_short_circuit_operator to 2024-03-05 00:00:00+00:00, run_after=2024-03-06 00:00:00+00:00
[2024-03-06T14:35:23.027+0000] {processor.py:183} INFO - Processing /home/airflow/.local/lib/python3.8/site-packages/airflow/example_dags/example_short_circuit_operator.py took 0.310 seconds
[2024-03-06T14:35:54.007+0000] {processor.py:161} INFO - Started process (PID=278) to work on /home/airflow/.local/lib/python3.8/site-packages/airflow/example_dags/example_short_circuit_operator.py
[2024-03-06T14:35:54.014+0000] {processor.py:830} INFO - Processing file /home/airflow/.local/lib/python3.8/site-packages/airflow/example_dags/example_short_circuit_operator.py for tasks to queue
[2024-03-06T14:35:54.016+0000] {logging_mixin.py:188} INFO - [2024-03-06T14:35:54.016+0000] {dagbag.py:540} INFO - Filling up the DagBag from /home/airflow/.local/lib/python3.8/site-packages/airflow/example_dags/example_short_circuit_operator.py
[2024-03-06T14:35:54.023+0000] {processor.py:840} INFO - DAG(s) 'example_short_circuit_operator' retrieved from /home/airflow/.local/lib/python3.8/site-packages/airflow/example_dags/example_short_circuit_operator.py
[2024-03-06T14:35:54.047+0000] {logging_mixin.py:188} INFO - [2024-03-06T14:35:54.047+0000] {dag.py:3047} INFO - Sync 1 DAGs
[2024-03-06T14:35:54.067+0000] {logging_mixin.py:188} INFO - [2024-03-06T14:35:54.067+0000] {dag.py:3834} INFO - Setting next_dagrun for example_short_circuit_operator to 2024-03-05 00:00:00+00:00, run_after=2024-03-06 00:00:00+00:00
[2024-03-06T14:35:54.088+0000] {processor.py:183} INFO - Processing /home/airflow/.local/lib/python3.8/site-packages/airflow/example_dags/example_short_circuit_operator.py took 0.084 seconds
[2024-03-06T14:36:24.770+0000] {processor.py:161} INFO - Started process (PID=333) to work on /home/airflow/.local/lib/python3.8/site-packages/airflow/example_dags/example_short_circuit_operator.py
[2024-03-06T14:36:24.771+0000] {processor.py:830} INFO - Processing file /home/airflow/.local/lib/python3.8/site-packages/airflow/example_dags/example_short_circuit_operator.py for tasks to queue
[2024-03-06T14:36:24.774+0000] {logging_mixin.py:188} INFO - [2024-03-06T14:36:24.773+0000] {dagbag.py:540} INFO - Filling up the DagBag from /home/airflow/.local/lib/python3.8/site-packages/airflow/example_dags/example_short_circuit_operator.py
[2024-03-06T14:36:24.781+0000] {processor.py:840} INFO - DAG(s) 'example_short_circuit_operator' retrieved from /home/airflow/.local/lib/python3.8/site-packages/airflow/example_dags/example_short_circuit_operator.py
[2024-03-06T14:36:24.805+0000] {logging_mixin.py:188} INFO - [2024-03-06T14:36:24.805+0000] {dag.py:3047} INFO - Sync 1 DAGs
[2024-03-06T14:36:24.825+0000] {logging_mixin.py:188} INFO - [2024-03-06T14:36:24.825+0000] {dag.py:3834} INFO - Setting next_dagrun for example_short_circuit_operator to 2024-03-05 00:00:00+00:00, run_after=2024-03-06 00:00:00+00:00
[2024-03-06T14:36:24.847+0000] {processor.py:183} INFO - Processing /home/airflow/.local/lib/python3.8/site-packages/airflow/example_dags/example_short_circuit_operator.py took 0.082 seconds
[2024-03-06T14:36:55.296+0000] {processor.py:161} INFO - Started process (PID=388) to work on /home/airflow/.local/lib/python3.8/site-packages/airflow/example_dags/example_short_circuit_operator.py
[2024-03-06T14:36:55.297+0000] {processor.py:830} INFO - Processing file /home/airflow/.local/lib/python3.8/site-packages/airflow/example_dags/example_short_circuit_operator.py for tasks to queue
[2024-03-06T14:36:55.300+0000] {logging_mixin.py:188} INFO - [2024-03-06T14:36:55.299+0000] {dagbag.py:540} INFO - Filling up the DagBag from /home/airflow/.local/lib/python3.8/site-packages/airflow/example_dags/example_short_circuit_operator.py
[2024-03-06T14:36:55.308+0000] {processor.py:840} INFO - DAG(s) 'example_short_circuit_operator' retrieved from /home/airflow/.local/lib/python3.8/site-packages/airflow/example_dags/example_short_circuit_operator.py
[2024-03-06T14:36:55.333+0000] {logging_mixin.py:188} INFO - [2024-03-06T14:36:55.333+0000] {dag.py:3047} INFO - Sync 1 DAGs
[2024-03-06T14:36:55.355+0000] {logging_mixin.py:188} INFO - [2024-03-06T14:36:55.354+0000] {dag.py:3834} INFO - Setting next_dagrun for example_short_circuit_operator to 2024-03-05 00:00:00+00:00, run_after=2024-03-06 00:00:00+00:00
[2024-03-06T14:36:55.376+0000] {processor.py:183} INFO - Processing /home/airflow/.local/lib/python3.8/site-packages/airflow/example_dags/example_short_circuit_operator.py took 0.084 seconds
[2024-03-06T14:37:26.102+0000] {processor.py:161} INFO - Started process (PID=443) to work on /home/airflow/.local/lib/python3.8/site-packages/airflow/example_dags/example_short_circuit_operator.py
[2024-03-06T14:37:26.103+0000] {processor.py:830} INFO - Processing file /home/airflow/.local/lib/python3.8/site-packages/airflow/example_dags/example_short_circuit_operator.py for tasks to queue
[2024-03-06T14:37:26.105+0000] {logging_mixin.py:188} INFO - [2024-03-06T14:37:26.105+0000] {dagbag.py:540} INFO - Filling up the DagBag from /home/airflow/.local/lib/python3.8/site-packages/airflow/example_dags/example_short_circuit_operator.py
[2024-03-06T14:37:26.112+0000] {processor.py:840} INFO - DAG(s) 'example_short_circuit_operator' retrieved from /home/airflow/.local/lib/python3.8/site-packages/airflow/example_dags/example_short_circuit_operator.py
[2024-03-06T14:37:26.136+0000] {logging_mixin.py:188} INFO - [2024-03-06T14:37:26.135+0000] {dag.py:3047} INFO - Sync 1 DAGs
[2024-03-06T14:37:26.160+0000] {logging_mixin.py:188} INFO - [2024-03-06T14:37:26.159+0000] {dag.py:3834} INFO - Setting next_dagrun for example_short_circuit_operator to 2024-03-05 00:00:00+00:00, run_after=2024-03-06 00:00:00+00:00
[2024-03-06T14:37:26.181+0000] {processor.py:183} INFO - Processing /home/airflow/.local/lib/python3.8/site-packages/airflow/example_dags/example_short_circuit_operator.py took 0.082 seconds
[2024-03-06T14:37:56.252+0000] {processor.py:161} INFO - Started process (PID=498) to work on /home/airflow/.local/lib/python3.8/site-packages/airflow/example_dags/example_short_circuit_operator.py
[2024-03-06T14:37:56.253+0000] {processor.py:830} INFO - Processing file /home/airflow/.local/lib/python3.8/site-packages/airflow/example_dags/example_short_circuit_operator.py for tasks to queue
[2024-03-06T14:37:56.255+0000] {logging_mixin.py:188} INFO - [2024-03-06T14:37:56.255+0000] {dagbag.py:540} INFO - Filling up the DagBag from /home/airflow/.local/lib/python3.8/site-packages/airflow/example_dags/example_short_circuit_operator.py
[2024-03-06T14:37:56.263+0000] {processor.py:840} INFO - DAG(s) 'example_short_circuit_operator' retrieved from /home/airflow/.local/lib/python3.8/site-packages/airflow/example_dags/example_short_circuit_operator.py
[2024-03-06T14:37:56.286+0000] {logging_mixin.py:188} INFO - [2024-03-06T14:37:56.286+0000] {dag.py:3047} INFO - Sync 1 DAGs
[2024-03-06T14:37:56.316+0000] {logging_mixin.py:188} INFO - [2024-03-06T14:37:56.315+0000] {dag.py:3834} INFO - Setting next_dagrun for example_short_circuit_operator to 2024-03-05 00:00:00+00:00, run_after=2024-03-06 00:00:00+00:00
[2024-03-06T14:37:56.339+0000] {processor.py:183} INFO - Processing /home/airflow/.local/lib/python3.8/site-packages/airflow/example_dags/example_short_circuit_operator.py took 0.090 seconds
[2024-03-06T14:38:26.868+0000] {processor.py:161} INFO - Started process (PID=553) to work on /home/airflow/.local/lib/python3.8/site-packages/airflow/example_dags/example_short_circuit_operator.py
[2024-03-06T14:38:26.870+0000] {processor.py:830} INFO - Processing file /home/airflow/.local/lib/python3.8/site-packages/airflow/example_dags/example_short_circuit_operator.py for tasks to queue
[2024-03-06T14:38:26.873+0000] {logging_mixin.py:188} INFO - [2024-03-06T14:38:26.873+0000] {dagbag.py:540} INFO - Filling up the DagBag from /home/airflow/.local/lib/python3.8/site-packages/airflow/example_dags/example_short_circuit_operator.py
[2024-03-06T14:38:26.884+0000] {processor.py:840} INFO - DAG(s) 'example_short_circuit_operator' retrieved from /home/airflow/.local/lib/python3.8/site-packages/airflow/example_dags/example_short_circuit_operator.py
[2024-03-06T14:38:26.907+0000] {logging_mixin.py:188} INFO - [2024-03-06T14:38:26.907+0000] {dag.py:3047} INFO - Sync 1 DAGs
[2024-03-06T14:38:26.928+0000] {logging_mixin.py:188} INFO - [2024-03-06T14:38:26.928+0000] {dag.py:3834} INFO - Setting next_dagrun for example_short_circuit_operator to 2024-03-05 00:00:00+00:00, run_after=2024-03-06 00:00:00+00:00
[2024-03-06T14:38:26.946+0000] {processor.py:183} INFO - Processing /home/airflow/.local/lib/python3.8/site-packages/airflow/example_dags/example_short_circuit_operator.py took 0.085 seconds
[2024-03-06T14:38:57.197+0000] {processor.py:161} INFO - Started process (PID=608) to work on /home/airflow/.local/lib/python3.8/site-packages/airflow/example_dags/example_short_circuit_operator.py
[2024-03-06T14:38:57.198+0000] {processor.py:830} INFO - Processing file /home/airflow/.local/lib/python3.8/site-packages/airflow/example_dags/example_short_circuit_operator.py for tasks to queue
[2024-03-06T14:38:57.200+0000] {logging_mixin.py:188} INFO - [2024-03-06T14:38:57.199+0000] {dagbag.py:540} INFO - Filling up the DagBag from /home/airflow/.local/lib/python3.8/site-packages/airflow/example_dags/example_short_circuit_operator.py
[2024-03-06T14:38:57.206+0000] {processor.py:840} INFO - DAG(s) 'example_short_circuit_operator' retrieved from /home/airflow/.local/lib/python3.8/site-packages/airflow/example_dags/example_short_circuit_operator.py
[2024-03-06T14:38:57.218+0000] {logging_mixin.py:188} INFO - [2024-03-06T14:38:57.218+0000] {dag.py:3047} INFO - Sync 1 DAGs
[2024-03-06T14:38:57.248+0000] {logging_mixin.py:188} INFO - [2024-03-06T14:38:57.247+0000] {dag.py:3834} INFO - Setting next_dagrun for example_short_circuit_operator to 2024-03-05 00:00:00+00:00, run_after=2024-03-06 00:00:00+00:00
[2024-03-06T14:38:57.270+0000] {processor.py:183} INFO - Processing /home/airflow/.local/lib/python3.8/site-packages/airflow/example_dags/example_short_circuit_operator.py took 0.076 seconds
[2024-03-06T14:39:27.567+0000] {processor.py:161} INFO - Started process (PID=663) to work on /home/airflow/.local/lib/python3.8/site-packages/airflow/example_dags/example_short_circuit_operator.py
[2024-03-06T14:39:27.568+0000] {processor.py:830} INFO - Processing file /home/airflow/.local/lib/python3.8/site-packages/airflow/example_dags/example_short_circuit_operator.py for tasks to queue
[2024-03-06T14:39:27.570+0000] {logging_mixin.py:188} INFO - [2024-03-06T14:39:27.570+0000] {dagbag.py:540} INFO - Filling up the DagBag from /home/airflow/.local/lib/python3.8/site-packages/airflow/example_dags/example_short_circuit_operator.py
[2024-03-06T14:39:27.578+0000] {processor.py:840} INFO - DAG(s) 'example_short_circuit_operator' retrieved from /home/airflow/.local/lib/python3.8/site-packages/airflow/example_dags/example_short_circuit_operator.py
[2024-03-06T14:39:27.689+0000] {logging_mixin.py:188} INFO - [2024-03-06T14:39:27.688+0000] {dag.py:3047} INFO - Sync 1 DAGs
[2024-03-06T14:39:27.718+0000] {logging_mixin.py:188} INFO - [2024-03-06T14:39:27.718+0000] {dag.py:3834} INFO - Setting next_dagrun for example_short_circuit_operator to 2024-03-05 00:00:00+00:00, run_after=2024-03-06 00:00:00+00:00
[2024-03-06T14:39:27.740+0000] {processor.py:183} INFO - Processing /home/airflow/.local/lib/python3.8/site-packages/airflow/example_dags/example_short_circuit_operator.py took 0.175 seconds
[2024-03-06T14:43:27.096+0000] {processor.py:161} INFO - Started process (PID=58) to work on /home/airflow/.local/lib/python3.8/site-packages/airflow/example_dags/example_short_circuit_operator.py
[2024-03-06T14:43:27.097+0000] {processor.py:830} INFO - Processing file /home/airflow/.local/lib/python3.8/site-packages/airflow/example_dags/example_short_circuit_operator.py for tasks to queue
[2024-03-06T14:43:27.099+0000] {logging_mixin.py:188} INFO - [2024-03-06T14:43:27.099+0000] {dagbag.py:540} INFO - Filling up the DagBag from /home/airflow/.local/lib/python3.8/site-packages/airflow/example_dags/example_short_circuit_operator.py
[2024-03-06T14:43:27.109+0000] {processor.py:840} INFO - DAG(s) 'example_short_circuit_operator' retrieved from /home/airflow/.local/lib/python3.8/site-packages/airflow/example_dags/example_short_circuit_operator.py
[2024-03-06T14:43:27.228+0000] {logging_mixin.py:188} INFO - [2024-03-06T14:43:27.227+0000] {override.py:1769} INFO - Created Permission View: can delete on DAG:example_short_circuit_operator
[2024-03-06T14:43:27.240+0000] {logging_mixin.py:188} INFO - [2024-03-06T14:43:27.239+0000] {override.py:1769} INFO - Created Permission View: can read on DAG:example_short_circuit_operator
[2024-03-06T14:43:27.248+0000] {logging_mixin.py:188} INFO - [2024-03-06T14:43:27.247+0000] {override.py:1769} INFO - Created Permission View: can edit on DAG:example_short_circuit_operator
[2024-03-06T14:43:27.248+0000] {logging_mixin.py:188} INFO - [2024-03-06T14:43:27.248+0000] {dag.py:3047} INFO - Sync 1 DAGs
[2024-03-06T14:43:27.262+0000] {logging_mixin.py:188} INFO - [2024-03-06T14:43:27.262+0000] {dag.py:3069} INFO - Creating ORM DAG for example_short_circuit_operator
[2024-03-06T14:43:27.274+0000] {logging_mixin.py:188} INFO - [2024-03-06T14:43:27.273+0000] {dag.py:3834} INFO - Setting next_dagrun for example_short_circuit_operator to 2024-03-05 00:00:00+00:00, run_after=2024-03-06 00:00:00+00:00
[2024-03-06T14:43:27.297+0000] {processor.py:183} INFO - Processing /home/airflow/.local/lib/python3.8/site-packages/airflow/example_dags/example_short_circuit_operator.py took 0.205 seconds
[2024-03-06T14:43:57.560+0000] {processor.py:161} INFO - Started process (PID=113) to work on /home/airflow/.local/lib/python3.8/site-packages/airflow/example_dags/example_short_circuit_operator.py
[2024-03-06T14:43:57.562+0000] {processor.py:830} INFO - Processing file /home/airflow/.local/lib/python3.8/site-packages/airflow/example_dags/example_short_circuit_operator.py for tasks to queue
[2024-03-06T14:43:57.564+0000] {logging_mixin.py:188} INFO - [2024-03-06T14:43:57.563+0000] {dagbag.py:540} INFO - Filling up the DagBag from /home/airflow/.local/lib/python3.8/site-packages/airflow/example_dags/example_short_circuit_operator.py
[2024-03-06T14:43:57.575+0000] {processor.py:840} INFO - DAG(s) 'example_short_circuit_operator' retrieved from /home/airflow/.local/lib/python3.8/site-packages/airflow/example_dags/example_short_circuit_operator.py
[2024-03-06T14:43:57.597+0000] {logging_mixin.py:188} INFO - [2024-03-06T14:43:57.597+0000] {dag.py:3047} INFO - Sync 1 DAGs
[2024-03-06T14:43:57.618+0000] {logging_mixin.py:188} INFO - [2024-03-06T14:43:57.618+0000] {dag.py:3834} INFO - Setting next_dagrun for example_short_circuit_operator to 2024-03-05 00:00:00+00:00, run_after=2024-03-06 00:00:00+00:00
[2024-03-06T14:43:57.638+0000] {processor.py:183} INFO - Processing /home/airflow/.local/lib/python3.8/site-packages/airflow/example_dags/example_short_circuit_operator.py took 0.082 seconds
[2024-03-06T14:44:28.054+0000] {processor.py:161} INFO - Started process (PID=168) to work on /home/airflow/.local/lib/python3.8/site-packages/airflow/example_dags/example_short_circuit_operator.py
[2024-03-06T14:44:28.055+0000] {processor.py:830} INFO - Processing file /home/airflow/.local/lib/python3.8/site-packages/airflow/example_dags/example_short_circuit_operator.py for tasks to queue
[2024-03-06T14:44:28.057+0000] {logging_mixin.py:188} INFO - [2024-03-06T14:44:28.056+0000] {dagbag.py:540} INFO - Filling up the DagBag from /home/airflow/.local/lib/python3.8/site-packages/airflow/example_dags/example_short_circuit_operator.py
[2024-03-06T14:44:28.063+0000] {processor.py:840} INFO - DAG(s) 'example_short_circuit_operator' retrieved from /home/airflow/.local/lib/python3.8/site-packages/airflow/example_dags/example_short_circuit_operator.py
[2024-03-06T14:44:28.084+0000] {logging_mixin.py:188} INFO - [2024-03-06T14:44:28.083+0000] {dag.py:3047} INFO - Sync 1 DAGs
[2024-03-06T14:44:28.103+0000] {logging_mixin.py:188} INFO - [2024-03-06T14:44:28.103+0000] {dag.py:3834} INFO - Setting next_dagrun for example_short_circuit_operator to 2024-03-05 00:00:00+00:00, run_after=2024-03-06 00:00:00+00:00
[2024-03-06T14:44:28.121+0000] {processor.py:183} INFO - Processing /home/airflow/.local/lib/python3.8/site-packages/airflow/example_dags/example_short_circuit_operator.py took 0.069 seconds
[2024-03-06T14:44:58.551+0000] {processor.py:161} INFO - Started process (PID=223) to work on /home/airflow/.local/lib/python3.8/site-packages/airflow/example_dags/example_short_circuit_operator.py
[2024-03-06T14:44:58.552+0000] {processor.py:830} INFO - Processing file /home/airflow/.local/lib/python3.8/site-packages/airflow/example_dags/example_short_circuit_operator.py for tasks to queue
[2024-03-06T14:44:58.554+0000] {logging_mixin.py:188} INFO - [2024-03-06T14:44:58.553+0000] {dagbag.py:540} INFO - Filling up the DagBag from /home/airflow/.local/lib/python3.8/site-packages/airflow/example_dags/example_short_circuit_operator.py
[2024-03-06T14:44:58.560+0000] {processor.py:840} INFO - DAG(s) 'example_short_circuit_operator' retrieved from /home/airflow/.local/lib/python3.8/site-packages/airflow/example_dags/example_short_circuit_operator.py
[2024-03-06T14:44:58.588+0000] {logging_mixin.py:188} INFO - [2024-03-06T14:44:58.587+0000] {dag.py:3047} INFO - Sync 1 DAGs
[2024-03-06T14:44:58.608+0000] {logging_mixin.py:188} INFO - [2024-03-06T14:44:58.608+0000] {dag.py:3834} INFO - Setting next_dagrun for example_short_circuit_operator to 2024-03-05 00:00:00+00:00, run_after=2024-03-06 00:00:00+00:00
[2024-03-06T14:44:58.633+0000] {processor.py:183} INFO - Processing /home/airflow/.local/lib/python3.8/site-packages/airflow/example_dags/example_short_circuit_operator.py took 0.085 seconds
[2024-03-06T14:45:29.108+0000] {processor.py:161} INFO - Started process (PID=278) to work on /home/airflow/.local/lib/python3.8/site-packages/airflow/example_dags/example_short_circuit_operator.py
[2024-03-06T14:45:29.109+0000] {processor.py:830} INFO - Processing file /home/airflow/.local/lib/python3.8/site-packages/airflow/example_dags/example_short_circuit_operator.py for tasks to queue
[2024-03-06T14:45:29.111+0000] {logging_mixin.py:188} INFO - [2024-03-06T14:45:29.110+0000] {dagbag.py:540} INFO - Filling up the DagBag from /home/airflow/.local/lib/python3.8/site-packages/airflow/example_dags/example_short_circuit_operator.py
[2024-03-06T14:45:29.118+0000] {processor.py:840} INFO - DAG(s) 'example_short_circuit_operator' retrieved from /home/airflow/.local/lib/python3.8/site-packages/airflow/example_dags/example_short_circuit_operator.py
[2024-03-06T14:45:29.140+0000] {logging_mixin.py:188} INFO - [2024-03-06T14:45:29.140+0000] {dag.py:3047} INFO - Sync 1 DAGs
[2024-03-06T14:45:29.163+0000] {logging_mixin.py:188} INFO - [2024-03-06T14:45:29.162+0000] {dag.py:3834} INFO - Setting next_dagrun for example_short_circuit_operator to 2024-03-05 00:00:00+00:00, run_after=2024-03-06 00:00:00+00:00
[2024-03-06T14:45:29.183+0000] {processor.py:183} INFO - Processing /home/airflow/.local/lib/python3.8/site-packages/airflow/example_dags/example_short_circuit_operator.py took 0.079 seconds
[2024-03-06T14:45:59.732+0000] {processor.py:161} INFO - Started process (PID=333) to work on /home/airflow/.local/lib/python3.8/site-packages/airflow/example_dags/example_short_circuit_operator.py
[2024-03-06T14:45:59.734+0000] {processor.py:830} INFO - Processing file /home/airflow/.local/lib/python3.8/site-packages/airflow/example_dags/example_short_circuit_operator.py for tasks to queue
[2024-03-06T14:45:59.735+0000] {logging_mixin.py:188} INFO - [2024-03-06T14:45:59.735+0000] {dagbag.py:540} INFO - Filling up the DagBag from /home/airflow/.local/lib/python3.8/site-packages/airflow/example_dags/example_short_circuit_operator.py
[2024-03-06T14:45:59.743+0000] {processor.py:840} INFO - DAG(s) 'example_short_circuit_operator' retrieved from /home/airflow/.local/lib/python3.8/site-packages/airflow/example_dags/example_short_circuit_operator.py
[2024-03-06T14:45:59.760+0000] {logging_mixin.py:188} INFO - [2024-03-06T14:45:59.760+0000] {dag.py:3047} INFO - Sync 1 DAGs
[2024-03-06T14:45:59.792+0000] {logging_mixin.py:188} INFO - [2024-03-06T14:45:59.791+0000] {dag.py:3834} INFO - Setting next_dagrun for example_short_circuit_operator to 2024-03-05 00:00:00+00:00, run_after=2024-03-06 00:00:00+00:00
[2024-03-06T14:45:59.817+0000] {processor.py:183} INFO - Processing /home/airflow/.local/lib/python3.8/site-packages/airflow/example_dags/example_short_circuit_operator.py took 0.090 seconds
[2024-03-06T14:46:31.170+0000] {processor.py:161} INFO - Started process (PID=388) to work on /home/airflow/.local/lib/python3.8/site-packages/airflow/example_dags/example_short_circuit_operator.py
[2024-03-06T14:46:31.171+0000] {processor.py:830} INFO - Processing file /home/airflow/.local/lib/python3.8/site-packages/airflow/example_dags/example_short_circuit_operator.py for tasks to queue
[2024-03-06T14:46:31.174+0000] {logging_mixin.py:188} INFO - [2024-03-06T14:46:31.173+0000] {dagbag.py:540} INFO - Filling up the DagBag from /home/airflow/.local/lib/python3.8/site-packages/airflow/example_dags/example_short_circuit_operator.py
[2024-03-06T14:46:31.183+0000] {processor.py:840} INFO - DAG(s) 'example_short_circuit_operator' retrieved from /home/airflow/.local/lib/python3.8/site-packages/airflow/example_dags/example_short_circuit_operator.py
[2024-03-06T14:46:31.303+0000] {logging_mixin.py:188} INFO - [2024-03-06T14:46:31.302+0000] {dag.py:3047} INFO - Sync 1 DAGs
[2024-03-06T14:46:31.323+0000] {logging_mixin.py:188} INFO - [2024-03-06T14:46:31.323+0000] {dag.py:3834} INFO - Setting next_dagrun for example_short_circuit_operator to 2024-03-05 00:00:00+00:00, run_after=2024-03-06 00:00:00+00:00
[2024-03-06T14:46:31.342+0000] {processor.py:183} INFO - Processing /home/airflow/.local/lib/python3.8/site-packages/airflow/example_dags/example_short_circuit_operator.py took 0.176 seconds
