[2024-03-06T14:33:49.985+0000] {processor.py:161} INFO - Started process (PID=63) to work on /home/airflow/.local/lib/python3.8/site-packages/airflow/example_dags/example_params_ui_tutorial.py
[2024-03-06T14:33:49.986+0000] {processor.py:830} INFO - Processing file /home/airflow/.local/lib/python3.8/site-packages/airflow/example_dags/example_params_ui_tutorial.py for tasks to queue
[2024-03-06T14:33:49.988+0000] {logging_mixin.py:188} INFO - [2024-03-06T14:33:49.988+0000] {dagbag.py:540} INFO - Filling up the DagBag from /home/airflow/.local/lib/python3.8/site-packages/airflow/example_dags/example_params_ui_tutorial.py
[2024-03-06T14:33:50.005+0000] {processor.py:840} INFO - DAG(s) 'example_params_ui_tutorial' retrieved from /home/airflow/.local/lib/python3.8/site-packages/airflow/example_dags/example_params_ui_tutorial.py
[2024-03-06T14:33:50.021+0000] {logging_mixin.py:188} INFO - [2024-03-06T14:33:50.021+0000] {dag.py:3047} INFO - Sync 1 DAGs
[2024-03-06T14:33:50.037+0000] {logging_mixin.py:188} INFO - [2024-03-06T14:33:50.037+0000] {dag.py:3834} INFO - Setting next_dagrun for example_params_ui_tutorial to None, run_after=None
[2024-03-06T14:33:50.067+0000] {processor.py:183} INFO - Processing /home/airflow/.local/lib/python3.8/site-packages/airflow/example_dags/example_params_ui_tutorial.py took 0.086 seconds
[2024-03-06T14:34:21.607+0000] {processor.py:161} INFO - Started process (PID=118) to work on /home/airflow/.local/lib/python3.8/site-packages/airflow/example_dags/example_params_ui_tutorial.py
[2024-03-06T14:34:21.609+0000] {processor.py:830} INFO - Processing file /home/airflow/.local/lib/python3.8/site-packages/airflow/example_dags/example_params_ui_tutorial.py for tasks to queue
[2024-03-06T14:34:21.610+0000] {logging_mixin.py:188} INFO - [2024-03-06T14:34:21.610+0000] {dagbag.py:540} INFO - Filling up the DagBag from /home/airflow/.local/lib/python3.8/site-packages/airflow/example_dags/example_params_ui_tutorial.py
[2024-03-06T14:34:21.621+0000] {processor.py:840} INFO - DAG(s) 'example_params_ui_tutorial' retrieved from /home/airflow/.local/lib/python3.8/site-packages/airflow/example_dags/example_params_ui_tutorial.py
[2024-03-06T14:34:21.853+0000] {logging_mixin.py:188} INFO - [2024-03-06T14:34:21.853+0000] {dag.py:3047} INFO - Sync 1 DAGs
[2024-03-06T14:34:21.864+0000] {logging_mixin.py:188} INFO - [2024-03-06T14:34:21.863+0000] {dag.py:3834} INFO - Setting next_dagrun for example_params_ui_tutorial to None, run_after=None
[2024-03-06T14:34:21.889+0000] {processor.py:183} INFO - Processing /home/airflow/.local/lib/python3.8/site-packages/airflow/example_dags/example_params_ui_tutorial.py took 0.284 seconds
[2024-03-06T14:34:52.532+0000] {processor.py:161} INFO - Started process (PID=173) to work on /home/airflow/.local/lib/python3.8/site-packages/airflow/example_dags/example_params_ui_tutorial.py
[2024-03-06T14:34:52.534+0000] {processor.py:830} INFO - Processing file /home/airflow/.local/lib/python3.8/site-packages/airflow/example_dags/example_params_ui_tutorial.py for tasks to queue
[2024-03-06T14:34:52.540+0000] {logging_mixin.py:188} INFO - [2024-03-06T14:34:52.540+0000] {dagbag.py:540} INFO - Filling up the DagBag from /home/airflow/.local/lib/python3.8/site-packages/airflow/example_dags/example_params_ui_tutorial.py
[2024-03-06T14:34:52.564+0000] {processor.py:840} INFO - DAG(s) 'example_params_ui_tutorial' retrieved from /home/airflow/.local/lib/python3.8/site-packages/airflow/example_dags/example_params_ui_tutorial.py
[2024-03-06T14:34:52.582+0000] {logging_mixin.py:188} INFO - [2024-03-06T14:34:52.581+0000] {dag.py:3047} INFO - Sync 1 DAGs
[2024-03-06T14:34:52.613+0000] {logging_mixin.py:188} INFO - [2024-03-06T14:34:52.612+0000] {dag.py:3834} INFO - Setting next_dagrun for example_params_ui_tutorial to None, run_after=None
[2024-03-06T14:34:52.648+0000] {processor.py:183} INFO - Processing /home/airflow/.local/lib/python3.8/site-packages/airflow/example_dags/example_params_ui_tutorial.py took 0.122 seconds
[2024-03-06T14:35:23.266+0000] {processor.py:161} INFO - Started process (PID=228) to work on /home/airflow/.local/lib/python3.8/site-packages/airflow/example_dags/example_params_ui_tutorial.py
[2024-03-06T14:35:23.267+0000] {processor.py:830} INFO - Processing file /home/airflow/.local/lib/python3.8/site-packages/airflow/example_dags/example_params_ui_tutorial.py for tasks to queue
[2024-03-06T14:35:23.269+0000] {logging_mixin.py:188} INFO - [2024-03-06T14:35:23.269+0000] {dagbag.py:540} INFO - Filling up the DagBag from /home/airflow/.local/lib/python3.8/site-packages/airflow/example_dags/example_params_ui_tutorial.py
[2024-03-06T14:35:23.280+0000] {processor.py:840} INFO - DAG(s) 'example_params_ui_tutorial' retrieved from /home/airflow/.local/lib/python3.8/site-packages/airflow/example_dags/example_params_ui_tutorial.py
[2024-03-06T14:35:23.428+0000] {logging_mixin.py:188} INFO - [2024-03-06T14:35:23.428+0000] {dag.py:3047} INFO - Sync 1 DAGs
[2024-03-06T14:35:23.438+0000] {logging_mixin.py:188} INFO - [2024-03-06T14:35:23.438+0000] {dag.py:3834} INFO - Setting next_dagrun for example_params_ui_tutorial to None, run_after=None
[2024-03-06T14:35:23.465+0000] {processor.py:183} INFO - Processing /home/airflow/.local/lib/python3.8/site-packages/airflow/example_dags/example_params_ui_tutorial.py took 0.203 seconds
[2024-03-06T14:35:54.196+0000] {processor.py:161} INFO - Started process (PID=283) to work on /home/airflow/.local/lib/python3.8/site-packages/airflow/example_dags/example_params_ui_tutorial.py
[2024-03-06T14:35:54.197+0000] {processor.py:830} INFO - Processing file /home/airflow/.local/lib/python3.8/site-packages/airflow/example_dags/example_params_ui_tutorial.py for tasks to queue
[2024-03-06T14:35:54.199+0000] {logging_mixin.py:188} INFO - [2024-03-06T14:35:54.198+0000] {dagbag.py:540} INFO - Filling up the DagBag from /home/airflow/.local/lib/python3.8/site-packages/airflow/example_dags/example_params_ui_tutorial.py
[2024-03-06T14:35:54.209+0000] {processor.py:840} INFO - DAG(s) 'example_params_ui_tutorial' retrieved from /home/airflow/.local/lib/python3.8/site-packages/airflow/example_dags/example_params_ui_tutorial.py
[2024-03-06T14:35:54.266+0000] {logging_mixin.py:188} INFO - [2024-03-06T14:35:54.266+0000] {dag.py:3047} INFO - Sync 1 DAGs
[2024-03-06T14:35:54.277+0000] {logging_mixin.py:188} INFO - [2024-03-06T14:35:54.277+0000] {dag.py:3834} INFO - Setting next_dagrun for example_params_ui_tutorial to None, run_after=None
[2024-03-06T14:35:54.295+0000] {processor.py:183} INFO - Processing /home/airflow/.local/lib/python3.8/site-packages/airflow/example_dags/example_params_ui_tutorial.py took 0.102 seconds
[2024-03-06T14:36:24.962+0000] {processor.py:161} INFO - Started process (PID=338) to work on /home/airflow/.local/lib/python3.8/site-packages/airflow/example_dags/example_params_ui_tutorial.py
[2024-03-06T14:36:24.963+0000] {processor.py:830} INFO - Processing file /home/airflow/.local/lib/python3.8/site-packages/airflow/example_dags/example_params_ui_tutorial.py for tasks to queue
[2024-03-06T14:36:24.965+0000] {logging_mixin.py:188} INFO - [2024-03-06T14:36:24.964+0000] {dagbag.py:540} INFO - Filling up the DagBag from /home/airflow/.local/lib/python3.8/site-packages/airflow/example_dags/example_params_ui_tutorial.py
[2024-03-06T14:36:24.976+0000] {processor.py:840} INFO - DAG(s) 'example_params_ui_tutorial' retrieved from /home/airflow/.local/lib/python3.8/site-packages/airflow/example_dags/example_params_ui_tutorial.py
[2024-03-06T14:36:25.033+0000] {logging_mixin.py:188} INFO - [2024-03-06T14:36:25.033+0000] {dag.py:3047} INFO - Sync 1 DAGs
[2024-03-06T14:36:25.044+0000] {logging_mixin.py:188} INFO - [2024-03-06T14:36:25.044+0000] {dag.py:3834} INFO - Setting next_dagrun for example_params_ui_tutorial to None, run_after=None
[2024-03-06T14:36:25.063+0000] {processor.py:183} INFO - Processing /home/airflow/.local/lib/python3.8/site-packages/airflow/example_dags/example_params_ui_tutorial.py took 0.104 seconds
[2024-03-06T14:36:55.519+0000] {processor.py:161} INFO - Started process (PID=393) to work on /home/airflow/.local/lib/python3.8/site-packages/airflow/example_dags/example_params_ui_tutorial.py
[2024-03-06T14:36:55.520+0000] {processor.py:830} INFO - Processing file /home/airflow/.local/lib/python3.8/site-packages/airflow/example_dags/example_params_ui_tutorial.py for tasks to queue
[2024-03-06T14:36:55.522+0000] {logging_mixin.py:188} INFO - [2024-03-06T14:36:55.522+0000] {dagbag.py:540} INFO - Filling up the DagBag from /home/airflow/.local/lib/python3.8/site-packages/airflow/example_dags/example_params_ui_tutorial.py
[2024-03-06T14:36:55.533+0000] {processor.py:840} INFO - DAG(s) 'example_params_ui_tutorial' retrieved from /home/airflow/.local/lib/python3.8/site-packages/airflow/example_dags/example_params_ui_tutorial.py
[2024-03-06T14:36:55.596+0000] {logging_mixin.py:188} INFO - [2024-03-06T14:36:55.596+0000] {dag.py:3047} INFO - Sync 1 DAGs
[2024-03-06T14:36:55.608+0000] {logging_mixin.py:188} INFO - [2024-03-06T14:36:55.608+0000] {dag.py:3834} INFO - Setting next_dagrun for example_params_ui_tutorial to None, run_after=None
[2024-03-06T14:36:55.626+0000] {processor.py:183} INFO - Processing /home/airflow/.local/lib/python3.8/site-packages/airflow/example_dags/example_params_ui_tutorial.py took 0.110 seconds
[2024-03-06T14:37:26.301+0000] {processor.py:161} INFO - Started process (PID=448) to work on /home/airflow/.local/lib/python3.8/site-packages/airflow/example_dags/example_params_ui_tutorial.py
[2024-03-06T14:37:26.301+0000] {processor.py:830} INFO - Processing file /home/airflow/.local/lib/python3.8/site-packages/airflow/example_dags/example_params_ui_tutorial.py for tasks to queue
[2024-03-06T14:37:26.303+0000] {logging_mixin.py:188} INFO - [2024-03-06T14:37:26.303+0000] {dagbag.py:540} INFO - Filling up the DagBag from /home/airflow/.local/lib/python3.8/site-packages/airflow/example_dags/example_params_ui_tutorial.py
[2024-03-06T14:37:26.314+0000] {processor.py:840} INFO - DAG(s) 'example_params_ui_tutorial' retrieved from /home/airflow/.local/lib/python3.8/site-packages/airflow/example_dags/example_params_ui_tutorial.py
[2024-03-06T14:37:26.376+0000] {logging_mixin.py:188} INFO - [2024-03-06T14:37:26.376+0000] {dag.py:3047} INFO - Sync 1 DAGs
[2024-03-06T14:37:26.388+0000] {logging_mixin.py:188} INFO - [2024-03-06T14:37:26.387+0000] {dag.py:3834} INFO - Setting next_dagrun for example_params_ui_tutorial to None, run_after=None
[2024-03-06T14:37:26.406+0000] {processor.py:183} INFO - Processing /home/airflow/.local/lib/python3.8/site-packages/airflow/example_dags/example_params_ui_tutorial.py took 0.108 seconds
[2024-03-06T14:37:56.471+0000] {processor.py:161} INFO - Started process (PID=503) to work on /home/airflow/.local/lib/python3.8/site-packages/airflow/example_dags/example_params_ui_tutorial.py
[2024-03-06T14:37:56.473+0000] {processor.py:830} INFO - Processing file /home/airflow/.local/lib/python3.8/site-packages/airflow/example_dags/example_params_ui_tutorial.py for tasks to queue
[2024-03-06T14:37:56.474+0000] {logging_mixin.py:188} INFO - [2024-03-06T14:37:56.474+0000] {dagbag.py:540} INFO - Filling up the DagBag from /home/airflow/.local/lib/python3.8/site-packages/airflow/example_dags/example_params_ui_tutorial.py
[2024-03-06T14:37:56.486+0000] {processor.py:840} INFO - DAG(s) 'example_params_ui_tutorial' retrieved from /home/airflow/.local/lib/python3.8/site-packages/airflow/example_dags/example_params_ui_tutorial.py
[2024-03-06T14:37:56.552+0000] {logging_mixin.py:188} INFO - [2024-03-06T14:37:56.552+0000] {dag.py:3047} INFO - Sync 1 DAGs
[2024-03-06T14:37:56.564+0000] {logging_mixin.py:188} INFO - [2024-03-06T14:37:56.564+0000] {dag.py:3834} INFO - Setting next_dagrun for example_params_ui_tutorial to None, run_after=None
[2024-03-06T14:37:56.582+0000] {processor.py:183} INFO - Processing /home/airflow/.local/lib/python3.8/site-packages/airflow/example_dags/example_params_ui_tutorial.py took 0.114 seconds
[2024-03-06T14:38:27.057+0000] {processor.py:161} INFO - Started process (PID=558) to work on /home/airflow/.local/lib/python3.8/site-packages/airflow/example_dags/example_params_ui_tutorial.py
[2024-03-06T14:38:27.058+0000] {processor.py:830} INFO - Processing file /home/airflow/.local/lib/python3.8/site-packages/airflow/example_dags/example_params_ui_tutorial.py for tasks to queue
[2024-03-06T14:38:27.060+0000] {logging_mixin.py:188} INFO - [2024-03-06T14:38:27.060+0000] {dagbag.py:540} INFO - Filling up the DagBag from /home/airflow/.local/lib/python3.8/site-packages/airflow/example_dags/example_params_ui_tutorial.py
[2024-03-06T14:38:27.073+0000] {processor.py:840} INFO - DAG(s) 'example_params_ui_tutorial' retrieved from /home/airflow/.local/lib/python3.8/site-packages/airflow/example_dags/example_params_ui_tutorial.py
[2024-03-06T14:38:27.131+0000] {logging_mixin.py:188} INFO - [2024-03-06T14:38:27.131+0000] {dag.py:3047} INFO - Sync 1 DAGs
[2024-03-06T14:38:27.142+0000] {logging_mixin.py:188} INFO - [2024-03-06T14:38:27.141+0000] {dag.py:3834} INFO - Setting next_dagrun for example_params_ui_tutorial to None, run_after=None
[2024-03-06T14:38:27.159+0000] {processor.py:183} INFO - Processing /home/airflow/.local/lib/python3.8/site-packages/airflow/example_dags/example_params_ui_tutorial.py took 0.106 seconds
[2024-03-06T14:38:57.385+0000] {processor.py:161} INFO - Started process (PID=613) to work on /home/airflow/.local/lib/python3.8/site-packages/airflow/example_dags/example_params_ui_tutorial.py
[2024-03-06T14:38:57.386+0000] {processor.py:830} INFO - Processing file /home/airflow/.local/lib/python3.8/site-packages/airflow/example_dags/example_params_ui_tutorial.py for tasks to queue
[2024-03-06T14:38:57.387+0000] {logging_mixin.py:188} INFO - [2024-03-06T14:38:57.387+0000] {dagbag.py:540} INFO - Filling up the DagBag from /home/airflow/.local/lib/python3.8/site-packages/airflow/example_dags/example_params_ui_tutorial.py
[2024-03-06T14:38:57.397+0000] {processor.py:840} INFO - DAG(s) 'example_params_ui_tutorial' retrieved from /home/airflow/.local/lib/python3.8/site-packages/airflow/example_dags/example_params_ui_tutorial.py
[2024-03-06T14:38:57.407+0000] {logging_mixin.py:188} INFO - [2024-03-06T14:38:57.406+0000] {dag.py:3047} INFO - Sync 1 DAGs
[2024-03-06T14:38:57.421+0000] {logging_mixin.py:188} INFO - [2024-03-06T14:38:57.421+0000] {dag.py:3834} INFO - Setting next_dagrun for example_params_ui_tutorial to None, run_after=None
[2024-03-06T14:38:57.444+0000] {processor.py:183} INFO - Processing /home/airflow/.local/lib/python3.8/site-packages/airflow/example_dags/example_params_ui_tutorial.py took 0.061 seconds
[2024-03-06T14:39:27.966+0000] {processor.py:161} INFO - Started process (PID=668) to work on /home/airflow/.local/lib/python3.8/site-packages/airflow/example_dags/example_params_ui_tutorial.py
[2024-03-06T14:39:27.967+0000] {processor.py:830} INFO - Processing file /home/airflow/.local/lib/python3.8/site-packages/airflow/example_dags/example_params_ui_tutorial.py for tasks to queue
[2024-03-06T14:39:27.969+0000] {logging_mixin.py:188} INFO - [2024-03-06T14:39:27.968+0000] {dagbag.py:540} INFO - Filling up the DagBag from /home/airflow/.local/lib/python3.8/site-packages/airflow/example_dags/example_params_ui_tutorial.py
[2024-03-06T14:39:27.979+0000] {processor.py:840} INFO - DAG(s) 'example_params_ui_tutorial' retrieved from /home/airflow/.local/lib/python3.8/site-packages/airflow/example_dags/example_params_ui_tutorial.py
[2024-03-06T14:39:28.127+0000] {logging_mixin.py:188} INFO - [2024-03-06T14:39:28.126+0000] {dag.py:3047} INFO - Sync 1 DAGs
[2024-03-06T14:39:28.136+0000] {logging_mixin.py:188} INFO - [2024-03-06T14:39:28.136+0000] {dag.py:3834} INFO - Setting next_dagrun for example_params_ui_tutorial to None, run_after=None
[2024-03-06T14:39:28.160+0000] {processor.py:183} INFO - Processing /home/airflow/.local/lib/python3.8/site-packages/airflow/example_dags/example_params_ui_tutorial.py took 0.197 seconds
[2024-03-06T14:43:27.616+0000] {processor.py:161} INFO - Started process (PID=63) to work on /home/airflow/.local/lib/python3.8/site-packages/airflow/example_dags/example_params_ui_tutorial.py
[2024-03-06T14:43:27.617+0000] {processor.py:830} INFO - Processing file /home/airflow/.local/lib/python3.8/site-packages/airflow/example_dags/example_params_ui_tutorial.py for tasks to queue
[2024-03-06T14:43:27.618+0000] {logging_mixin.py:188} INFO - [2024-03-06T14:43:27.618+0000] {dagbag.py:540} INFO - Filling up the DagBag from /home/airflow/.local/lib/python3.8/site-packages/airflow/example_dags/example_params_ui_tutorial.py
[2024-03-06T14:43:27.630+0000] {processor.py:840} INFO - DAG(s) 'example_params_ui_tutorial' retrieved from /home/airflow/.local/lib/python3.8/site-packages/airflow/example_dags/example_params_ui_tutorial.py
[2024-03-06T14:43:27.759+0000] {logging_mixin.py:188} INFO - [2024-03-06T14:43:27.759+0000] {override.py:1769} INFO - Created Permission View: can delete on DAG:example_params_ui_tutorial
[2024-03-06T14:43:27.768+0000] {logging_mixin.py:188} INFO - [2024-03-06T14:43:27.768+0000] {override.py:1769} INFO - Created Permission View: can read on DAG:example_params_ui_tutorial
[2024-03-06T14:43:27.775+0000] {logging_mixin.py:188} INFO - [2024-03-06T14:43:27.775+0000] {override.py:1769} INFO - Created Permission View: can edit on DAG:example_params_ui_tutorial
[2024-03-06T14:43:27.776+0000] {logging_mixin.py:188} INFO - [2024-03-06T14:43:27.776+0000] {dag.py:3047} INFO - Sync 1 DAGs
[2024-03-06T14:43:27.787+0000] {logging_mixin.py:188} INFO - [2024-03-06T14:43:27.786+0000] {dag.py:3069} INFO - Creating ORM DAG for example_params_ui_tutorial
[2024-03-06T14:43:27.787+0000] {logging_mixin.py:188} INFO - [2024-03-06T14:43:27.787+0000] {dag.py:3834} INFO - Setting next_dagrun for example_params_ui_tutorial to None, run_after=None
[2024-03-06T14:43:27.804+0000] {processor.py:183} INFO - Processing /home/airflow/.local/lib/python3.8/site-packages/airflow/example_dags/example_params_ui_tutorial.py took 0.191 seconds
[2024-03-06T14:43:57.823+0000] {processor.py:161} INFO - Started process (PID=118) to work on /home/airflow/.local/lib/python3.8/site-packages/airflow/example_dags/example_params_ui_tutorial.py
[2024-03-06T14:43:57.824+0000] {processor.py:830} INFO - Processing file /home/airflow/.local/lib/python3.8/site-packages/airflow/example_dags/example_params_ui_tutorial.py for tasks to queue
[2024-03-06T14:43:57.826+0000] {logging_mixin.py:188} INFO - [2024-03-06T14:43:57.826+0000] {dagbag.py:540} INFO - Filling up the DagBag from /home/airflow/.local/lib/python3.8/site-packages/airflow/example_dags/example_params_ui_tutorial.py
[2024-03-06T14:43:57.837+0000] {processor.py:840} INFO - DAG(s) 'example_params_ui_tutorial' retrieved from /home/airflow/.local/lib/python3.8/site-packages/airflow/example_dags/example_params_ui_tutorial.py
[2024-03-06T14:43:57.907+0000] {logging_mixin.py:188} INFO - [2024-03-06T14:43:57.907+0000] {dag.py:3047} INFO - Sync 1 DAGs
[2024-03-06T14:43:57.934+0000] {logging_mixin.py:188} INFO - [2024-03-06T14:43:57.933+0000] {dag.py:3834} INFO - Setting next_dagrun for example_params_ui_tutorial to None, run_after=None
[2024-03-06T14:43:57.966+0000] {processor.py:183} INFO - Processing /home/airflow/.local/lib/python3.8/site-packages/airflow/example_dags/example_params_ui_tutorial.py took 0.146 seconds
[2024-03-06T14:44:28.306+0000] {processor.py:161} INFO - Started process (PID=173) to work on /home/airflow/.local/lib/python3.8/site-packages/airflow/example_dags/example_params_ui_tutorial.py
[2024-03-06T14:44:28.307+0000] {processor.py:830} INFO - Processing file /home/airflow/.local/lib/python3.8/site-packages/airflow/example_dags/example_params_ui_tutorial.py for tasks to queue
[2024-03-06T14:44:28.309+0000] {logging_mixin.py:188} INFO - [2024-03-06T14:44:28.308+0000] {dagbag.py:540} INFO - Filling up the DagBag from /home/airflow/.local/lib/python3.8/site-packages/airflow/example_dags/example_params_ui_tutorial.py
[2024-03-06T14:44:28.319+0000] {processor.py:840} INFO - DAG(s) 'example_params_ui_tutorial' retrieved from /home/airflow/.local/lib/python3.8/site-packages/airflow/example_dags/example_params_ui_tutorial.py
[2024-03-06T14:44:28.376+0000] {logging_mixin.py:188} INFO - [2024-03-06T14:44:28.375+0000] {dag.py:3047} INFO - Sync 1 DAGs
[2024-03-06T14:44:28.387+0000] {logging_mixin.py:188} INFO - [2024-03-06T14:44:28.386+0000] {dag.py:3834} INFO - Setting next_dagrun for example_params_ui_tutorial to None, run_after=None
[2024-03-06T14:44:28.406+0000] {processor.py:183} INFO - Processing /home/airflow/.local/lib/python3.8/site-packages/airflow/example_dags/example_params_ui_tutorial.py took 0.103 seconds
[2024-03-06T14:44:58.792+0000] {processor.py:161} INFO - Started process (PID=228) to work on /home/airflow/.local/lib/python3.8/site-packages/airflow/example_dags/example_params_ui_tutorial.py
[2024-03-06T14:44:58.793+0000] {processor.py:830} INFO - Processing file /home/airflow/.local/lib/python3.8/site-packages/airflow/example_dags/example_params_ui_tutorial.py for tasks to queue
[2024-03-06T14:44:58.795+0000] {logging_mixin.py:188} INFO - [2024-03-06T14:44:58.794+0000] {dagbag.py:540} INFO - Filling up the DagBag from /home/airflow/.local/lib/python3.8/site-packages/airflow/example_dags/example_params_ui_tutorial.py
[2024-03-06T14:44:58.804+0000] {processor.py:840} INFO - DAG(s) 'example_params_ui_tutorial' retrieved from /home/airflow/.local/lib/python3.8/site-packages/airflow/example_dags/example_params_ui_tutorial.py
[2024-03-06T14:44:58.860+0000] {logging_mixin.py:188} INFO - [2024-03-06T14:44:58.860+0000] {dag.py:3047} INFO - Sync 1 DAGs
[2024-03-06T14:44:58.871+0000] {logging_mixin.py:188} INFO - [2024-03-06T14:44:58.871+0000] {dag.py:3834} INFO - Setting next_dagrun for example_params_ui_tutorial to None, run_after=None
[2024-03-06T14:44:58.894+0000] {processor.py:183} INFO - Processing /home/airflow/.local/lib/python3.8/site-packages/airflow/example_dags/example_params_ui_tutorial.py took 0.104 seconds
[2024-03-06T14:45:29.347+0000] {processor.py:161} INFO - Started process (PID=283) to work on /home/airflow/.local/lib/python3.8/site-packages/airflow/example_dags/example_params_ui_tutorial.py
[2024-03-06T14:45:29.348+0000] {processor.py:830} INFO - Processing file /home/airflow/.local/lib/python3.8/site-packages/airflow/example_dags/example_params_ui_tutorial.py for tasks to queue
[2024-03-06T14:45:29.350+0000] {logging_mixin.py:188} INFO - [2024-03-06T14:45:29.349+0000] {dagbag.py:540} INFO - Filling up the DagBag from /home/airflow/.local/lib/python3.8/site-packages/airflow/example_dags/example_params_ui_tutorial.py
[2024-03-06T14:45:29.360+0000] {processor.py:840} INFO - DAG(s) 'example_params_ui_tutorial' retrieved from /home/airflow/.local/lib/python3.8/site-packages/airflow/example_dags/example_params_ui_tutorial.py
[2024-03-06T14:45:29.419+0000] {logging_mixin.py:188} INFO - [2024-03-06T14:45:29.419+0000] {dag.py:3047} INFO - Sync 1 DAGs
[2024-03-06T14:45:29.430+0000] {logging_mixin.py:188} INFO - [2024-03-06T14:45:29.429+0000] {dag.py:3834} INFO - Setting next_dagrun for example_params_ui_tutorial to None, run_after=None
[2024-03-06T14:45:29.448+0000] {processor.py:183} INFO - Processing /home/airflow/.local/lib/python3.8/site-packages/airflow/example_dags/example_params_ui_tutorial.py took 0.104 seconds
[2024-03-06T14:46:00.007+0000] {processor.py:161} INFO - Started process (PID=338) to work on /home/airflow/.local/lib/python3.8/site-packages/airflow/example_dags/example_params_ui_tutorial.py
[2024-03-06T14:46:00.009+0000] {processor.py:830} INFO - Processing file /home/airflow/.local/lib/python3.8/site-packages/airflow/example_dags/example_params_ui_tutorial.py for tasks to queue
[2024-03-06T14:46:00.012+0000] {logging_mixin.py:188} INFO - [2024-03-06T14:46:00.011+0000] {dagbag.py:540} INFO - Filling up the DagBag from /home/airflow/.local/lib/python3.8/site-packages/airflow/example_dags/example_params_ui_tutorial.py
[2024-03-06T14:46:00.029+0000] {processor.py:840} INFO - DAG(s) 'example_params_ui_tutorial' retrieved from /home/airflow/.local/lib/python3.8/site-packages/airflow/example_dags/example_params_ui_tutorial.py
[2024-03-06T14:46:00.044+0000] {logging_mixin.py:188} INFO - [2024-03-06T14:46:00.043+0000] {dag.py:3047} INFO - Sync 1 DAGs
[2024-03-06T14:46:00.063+0000] {logging_mixin.py:188} INFO - [2024-03-06T14:46:00.063+0000] {dag.py:3834} INFO - Setting next_dagrun for example_params_ui_tutorial to None, run_after=None
[2024-03-06T14:46:00.096+0000] {processor.py:183} INFO - Processing /home/airflow/.local/lib/python3.8/site-packages/airflow/example_dags/example_params_ui_tutorial.py took 0.095 seconds
