[2024-03-06T14:33:50.650+0000] {processor.py:161} INFO - Started process (PID=75) to work on /home/airflow/.local/lib/python3.8/site-packages/airflow/example_dags/example_sensors.py
[2024-03-06T14:33:50.651+0000] {processor.py:830} INFO - Processing file /home/airflow/.local/lib/python3.8/site-packages/airflow/example_dags/example_sensors.py for tasks to queue
[2024-03-06T14:33:50.653+0000] {logging_mixin.py:188} INFO - [2024-03-06T14:33:50.652+0000] {dagbag.py:540} INFO - Filling up the DagBag from /home/airflow/.local/lib/python3.8/site-packages/airflow/example_dags/example_sensors.py
[2024-03-06T14:33:50.664+0000] {processor.py:840} INFO - DAG(s) 'example_sensors' retrieved from /home/airflow/.local/lib/python3.8/site-packages/airflow/example_dags/example_sensors.py
[2024-03-06T14:33:50.674+0000] {logging_mixin.py:188} INFO - [2024-03-06T14:33:50.673+0000] {dag.py:3047} INFO - Sync 1 DAGs
[2024-03-06T14:33:50.685+0000] {logging_mixin.py:188} INFO - [2024-03-06T14:33:50.685+0000] {dag.py:3834} INFO - Setting next_dagrun for example_sensors to None, run_after=None
[2024-03-06T14:33:50.709+0000] {processor.py:183} INFO - Processing /home/airflow/.local/lib/python3.8/site-packages/airflow/example_dags/example_sensors.py took 0.062 seconds
[2024-03-06T14:34:22.843+0000] {processor.py:161} INFO - Started process (PID=130) to work on /home/airflow/.local/lib/python3.8/site-packages/airflow/example_dags/example_sensors.py
[2024-03-06T14:34:22.844+0000] {processor.py:830} INFO - Processing file /home/airflow/.local/lib/python3.8/site-packages/airflow/example_dags/example_sensors.py for tasks to queue
[2024-03-06T14:34:22.846+0000] {logging_mixin.py:188} INFO - [2024-03-06T14:34:22.845+0000] {dagbag.py:540} INFO - Filling up the DagBag from /home/airflow/.local/lib/python3.8/site-packages/airflow/example_dags/example_sensors.py
[2024-03-06T14:34:22.854+0000] {processor.py:840} INFO - DAG(s) 'example_sensors' retrieved from /home/airflow/.local/lib/python3.8/site-packages/airflow/example_dags/example_sensors.py
[2024-03-06T14:34:22.946+0000] {logging_mixin.py:188} INFO - [2024-03-06T14:34:22.946+0000] {dag.py:3047} INFO - Sync 1 DAGs
[2024-03-06T14:34:22.956+0000] {logging_mixin.py:188} INFO - [2024-03-06T14:34:22.955+0000] {dag.py:3834} INFO - Setting next_dagrun for example_sensors to None, run_after=None
[2024-03-06T14:34:22.974+0000] {processor.py:183} INFO - Processing /home/airflow/.local/lib/python3.8/site-packages/airflow/example_dags/example_sensors.py took 0.133 seconds
[2024-03-06T14:34:53.364+0000] {processor.py:161} INFO - Started process (PID=185) to work on /home/airflow/.local/lib/python3.8/site-packages/airflow/example_dags/example_sensors.py
[2024-03-06T14:34:53.367+0000] {processor.py:830} INFO - Processing file /home/airflow/.local/lib/python3.8/site-packages/airflow/example_dags/example_sensors.py for tasks to queue
[2024-03-06T14:34:53.371+0000] {logging_mixin.py:188} INFO - [2024-03-06T14:34:53.370+0000] {dagbag.py:540} INFO - Filling up the DagBag from /home/airflow/.local/lib/python3.8/site-packages/airflow/example_dags/example_sensors.py
[2024-03-06T14:34:53.389+0000] {processor.py:840} INFO - DAG(s) 'example_sensors' retrieved from /home/airflow/.local/lib/python3.8/site-packages/airflow/example_dags/example_sensors.py
[2024-03-06T14:34:53.405+0000] {logging_mixin.py:188} INFO - [2024-03-06T14:34:53.404+0000] {dag.py:3047} INFO - Sync 1 DAGs
[2024-03-06T14:34:53.426+0000] {logging_mixin.py:188} INFO - [2024-03-06T14:34:53.426+0000] {dag.py:3834} INFO - Setting next_dagrun for example_sensors to None, run_after=None
[2024-03-06T14:34:53.462+0000] {processor.py:183} INFO - Processing /home/airflow/.local/lib/python3.8/site-packages/airflow/example_dags/example_sensors.py took 0.104 seconds
[2024-03-06T14:35:24.656+0000] {processor.py:161} INFO - Started process (PID=240) to work on /home/airflow/.local/lib/python3.8/site-packages/airflow/example_dags/example_sensors.py
[2024-03-06T14:35:24.658+0000] {processor.py:830} INFO - Processing file /home/airflow/.local/lib/python3.8/site-packages/airflow/example_dags/example_sensors.py for tasks to queue
[2024-03-06T14:35:24.659+0000] {logging_mixin.py:188} INFO - [2024-03-06T14:35:24.659+0000] {dagbag.py:540} INFO - Filling up the DagBag from /home/airflow/.local/lib/python3.8/site-packages/airflow/example_dags/example_sensors.py
[2024-03-06T14:35:24.667+0000] {processor.py:840} INFO - DAG(s) 'example_sensors' retrieved from /home/airflow/.local/lib/python3.8/site-packages/airflow/example_dags/example_sensors.py
[2024-03-06T14:35:24.755+0000] {logging_mixin.py:188} INFO - [2024-03-06T14:35:24.755+0000] {dag.py:3047} INFO - Sync 1 DAGs
[2024-03-06T14:35:24.764+0000] {logging_mixin.py:188} INFO - [2024-03-06T14:35:24.764+0000] {dag.py:3834} INFO - Setting next_dagrun for example_sensors to None, run_after=None
[2024-03-06T14:35:24.782+0000] {processor.py:183} INFO - Processing /home/airflow/.local/lib/python3.8/site-packages/airflow/example_dags/example_sensors.py took 0.129 seconds
[2024-03-06T14:35:54.823+0000] {processor.py:161} INFO - Started process (PID=295) to work on /home/airflow/.local/lib/python3.8/site-packages/airflow/example_dags/example_sensors.py
[2024-03-06T14:35:54.824+0000] {processor.py:830} INFO - Processing file /home/airflow/.local/lib/python3.8/site-packages/airflow/example_dags/example_sensors.py for tasks to queue
[2024-03-06T14:35:54.825+0000] {logging_mixin.py:188} INFO - [2024-03-06T14:35:54.825+0000] {dagbag.py:540} INFO - Filling up the DagBag from /home/airflow/.local/lib/python3.8/site-packages/airflow/example_dags/example_sensors.py
[2024-03-06T14:35:54.833+0000] {processor.py:840} INFO - DAG(s) 'example_sensors' retrieved from /home/airflow/.local/lib/python3.8/site-packages/airflow/example_dags/example_sensors.py
[2024-03-06T14:35:54.856+0000] {logging_mixin.py:188} INFO - [2024-03-06T14:35:54.856+0000] {dag.py:3047} INFO - Sync 1 DAGs
[2024-03-06T14:35:54.867+0000] {logging_mixin.py:188} INFO - [2024-03-06T14:35:54.867+0000] {dag.py:3834} INFO - Setting next_dagrun for example_sensors to None, run_after=None
[2024-03-06T14:35:54.888+0000] {processor.py:183} INFO - Processing /home/airflow/.local/lib/python3.8/site-packages/airflow/example_dags/example_sensors.py took 0.068 seconds
[2024-03-06T14:36:25.510+0000] {processor.py:161} INFO - Started process (PID=350) to work on /home/airflow/.local/lib/python3.8/site-packages/airflow/example_dags/example_sensors.py
[2024-03-06T14:36:25.512+0000] {processor.py:830} INFO - Processing file /home/airflow/.local/lib/python3.8/site-packages/airflow/example_dags/example_sensors.py for tasks to queue
[2024-03-06T14:36:25.514+0000] {logging_mixin.py:188} INFO - [2024-03-06T14:36:25.513+0000] {dagbag.py:540} INFO - Filling up the DagBag from /home/airflow/.local/lib/python3.8/site-packages/airflow/example_dags/example_sensors.py
[2024-03-06T14:36:25.522+0000] {processor.py:840} INFO - DAG(s) 'example_sensors' retrieved from /home/airflow/.local/lib/python3.8/site-packages/airflow/example_dags/example_sensors.py
[2024-03-06T14:36:25.545+0000] {logging_mixin.py:188} INFO - [2024-03-06T14:36:25.545+0000] {dag.py:3047} INFO - Sync 1 DAGs
[2024-03-06T14:36:25.557+0000] {logging_mixin.py:188} INFO - [2024-03-06T14:36:25.557+0000] {dag.py:3834} INFO - Setting next_dagrun for example_sensors to None, run_after=None
[2024-03-06T14:36:25.574+0000] {processor.py:183} INFO - Processing /home/airflow/.local/lib/python3.8/site-packages/airflow/example_dags/example_sensors.py took 0.068 seconds
[2024-03-06T14:36:56.134+0000] {processor.py:161} INFO - Started process (PID=405) to work on /home/airflow/.local/lib/python3.8/site-packages/airflow/example_dags/example_sensors.py
[2024-03-06T14:36:56.135+0000] {processor.py:830} INFO - Processing file /home/airflow/.local/lib/python3.8/site-packages/airflow/example_dags/example_sensors.py for tasks to queue
[2024-03-06T14:36:56.136+0000] {logging_mixin.py:188} INFO - [2024-03-06T14:36:56.136+0000] {dagbag.py:540} INFO - Filling up the DagBag from /home/airflow/.local/lib/python3.8/site-packages/airflow/example_dags/example_sensors.py
[2024-03-06T14:36:56.145+0000] {processor.py:840} INFO - DAG(s) 'example_sensors' retrieved from /home/airflow/.local/lib/python3.8/site-packages/airflow/example_dags/example_sensors.py
[2024-03-06T14:36:56.174+0000] {logging_mixin.py:188} INFO - [2024-03-06T14:36:56.174+0000] {dag.py:3047} INFO - Sync 1 DAGs
[2024-03-06T14:36:56.188+0000] {logging_mixin.py:188} INFO - [2024-03-06T14:36:56.187+0000] {dag.py:3834} INFO - Setting next_dagrun for example_sensors to None, run_after=None
[2024-03-06T14:36:56.210+0000] {processor.py:183} INFO - Processing /home/airflow/.local/lib/python3.8/site-packages/airflow/example_dags/example_sensors.py took 0.079 seconds
[2024-03-06T14:37:26.839+0000] {processor.py:161} INFO - Started process (PID=460) to work on /home/airflow/.local/lib/python3.8/site-packages/airflow/example_dags/example_sensors.py
[2024-03-06T14:37:26.840+0000] {processor.py:830} INFO - Processing file /home/airflow/.local/lib/python3.8/site-packages/airflow/example_dags/example_sensors.py for tasks to queue
[2024-03-06T14:37:26.841+0000] {logging_mixin.py:188} INFO - [2024-03-06T14:37:26.841+0000] {dagbag.py:540} INFO - Filling up the DagBag from /home/airflow/.local/lib/python3.8/site-packages/airflow/example_dags/example_sensors.py
[2024-03-06T14:37:26.849+0000] {processor.py:840} INFO - DAG(s) 'example_sensors' retrieved from /home/airflow/.local/lib/python3.8/site-packages/airflow/example_dags/example_sensors.py
[2024-03-06T14:37:26.870+0000] {logging_mixin.py:188} INFO - [2024-03-06T14:37:26.870+0000] {dag.py:3047} INFO - Sync 1 DAGs
[2024-03-06T14:37:26.881+0000] {logging_mixin.py:188} INFO - [2024-03-06T14:37:26.881+0000] {dag.py:3834} INFO - Setting next_dagrun for example_sensors to None, run_after=None
[2024-03-06T14:37:26.898+0000] {processor.py:183} INFO - Processing /home/airflow/.local/lib/python3.8/site-packages/airflow/example_dags/example_sensors.py took 0.062 seconds
[2024-03-06T14:37:57.017+0000] {processor.py:161} INFO - Started process (PID=515) to work on /home/airflow/.local/lib/python3.8/site-packages/airflow/example_dags/example_sensors.py
[2024-03-06T14:37:57.019+0000] {processor.py:830} INFO - Processing file /home/airflow/.local/lib/python3.8/site-packages/airflow/example_dags/example_sensors.py for tasks to queue
[2024-03-06T14:37:57.020+0000] {logging_mixin.py:188} INFO - [2024-03-06T14:37:57.020+0000] {dagbag.py:540} INFO - Filling up the DagBag from /home/airflow/.local/lib/python3.8/site-packages/airflow/example_dags/example_sensors.py
[2024-03-06T14:37:57.028+0000] {processor.py:840} INFO - DAG(s) 'example_sensors' retrieved from /home/airflow/.local/lib/python3.8/site-packages/airflow/example_dags/example_sensors.py
[2024-03-06T14:37:57.051+0000] {logging_mixin.py:188} INFO - [2024-03-06T14:37:57.051+0000] {dag.py:3047} INFO - Sync 1 DAGs
[2024-03-06T14:37:57.062+0000] {logging_mixin.py:188} INFO - [2024-03-06T14:37:57.061+0000] {dag.py:3834} INFO - Setting next_dagrun for example_sensors to None, run_after=None
[2024-03-06T14:37:57.080+0000] {processor.py:183} INFO - Processing /home/airflow/.local/lib/python3.8/site-packages/airflow/example_dags/example_sensors.py took 0.065 seconds
[2024-03-06T14:38:27.606+0000] {processor.py:161} INFO - Started process (PID=570) to work on /home/airflow/.local/lib/python3.8/site-packages/airflow/example_dags/example_sensors.py
[2024-03-06T14:38:27.607+0000] {processor.py:830} INFO - Processing file /home/airflow/.local/lib/python3.8/site-packages/airflow/example_dags/example_sensors.py for tasks to queue
[2024-03-06T14:38:27.609+0000] {logging_mixin.py:188} INFO - [2024-03-06T14:38:27.608+0000] {dagbag.py:540} INFO - Filling up the DagBag from /home/airflow/.local/lib/python3.8/site-packages/airflow/example_dags/example_sensors.py
[2024-03-06T14:38:27.618+0000] {processor.py:840} INFO - DAG(s) 'example_sensors' retrieved from /home/airflow/.local/lib/python3.8/site-packages/airflow/example_dags/example_sensors.py
[2024-03-06T14:38:27.640+0000] {logging_mixin.py:188} INFO - [2024-03-06T14:38:27.640+0000] {dag.py:3047} INFO - Sync 1 DAGs
[2024-03-06T14:38:27.653+0000] {logging_mixin.py:188} INFO - [2024-03-06T14:38:27.653+0000] {dag.py:3834} INFO - Setting next_dagrun for example_sensors to None, run_after=None
[2024-03-06T14:38:27.672+0000] {processor.py:183} INFO - Processing /home/airflow/.local/lib/python3.8/site-packages/airflow/example_dags/example_sensors.py took 0.070 seconds
[2024-03-06T14:38:57.959+0000] {processor.py:161} INFO - Started process (PID=625) to work on /home/airflow/.local/lib/python3.8/site-packages/airflow/example_dags/example_sensors.py
[2024-03-06T14:38:57.960+0000] {processor.py:830} INFO - Processing file /home/airflow/.local/lib/python3.8/site-packages/airflow/example_dags/example_sensors.py for tasks to queue
[2024-03-06T14:38:57.962+0000] {logging_mixin.py:188} INFO - [2024-03-06T14:38:57.961+0000] {dagbag.py:540} INFO - Filling up the DagBag from /home/airflow/.local/lib/python3.8/site-packages/airflow/example_dags/example_sensors.py
[2024-03-06T14:38:57.969+0000] {processor.py:840} INFO - DAG(s) 'example_sensors' retrieved from /home/airflow/.local/lib/python3.8/site-packages/airflow/example_dags/example_sensors.py
[2024-03-06T14:38:57.980+0000] {logging_mixin.py:188} INFO - [2024-03-06T14:38:57.979+0000] {dag.py:3047} INFO - Sync 1 DAGs
[2024-03-06T14:38:57.992+0000] {logging_mixin.py:188} INFO - [2024-03-06T14:38:57.992+0000] {dag.py:3834} INFO - Setting next_dagrun for example_sensors to None, run_after=None
[2024-03-06T14:38:58.011+0000] {processor.py:183} INFO - Processing /home/airflow/.local/lib/python3.8/site-packages/airflow/example_dags/example_sensors.py took 0.055 seconds
[2024-03-06T14:39:29.095+0000] {processor.py:161} INFO - Started process (PID=680) to work on /home/airflow/.local/lib/python3.8/site-packages/airflow/example_dags/example_sensors.py
[2024-03-06T14:39:29.096+0000] {processor.py:830} INFO - Processing file /home/airflow/.local/lib/python3.8/site-packages/airflow/example_dags/example_sensors.py for tasks to queue
[2024-03-06T14:39:29.098+0000] {logging_mixin.py:188} INFO - [2024-03-06T14:39:29.098+0000] {dagbag.py:540} INFO - Filling up the DagBag from /home/airflow/.local/lib/python3.8/site-packages/airflow/example_dags/example_sensors.py
[2024-03-06T14:39:29.106+0000] {processor.py:840} INFO - DAG(s) 'example_sensors' retrieved from /home/airflow/.local/lib/python3.8/site-packages/airflow/example_dags/example_sensors.py
[2024-03-06T14:39:29.208+0000] {logging_mixin.py:188} INFO - [2024-03-06T14:39:29.208+0000] {dag.py:3047} INFO - Sync 1 DAGs
[2024-03-06T14:39:29.220+0000] {logging_mixin.py:188} INFO - [2024-03-06T14:39:29.220+0000] {dag.py:3834} INFO - Setting next_dagrun for example_sensors to None, run_after=None
[2024-03-06T14:39:29.242+0000] {processor.py:183} INFO - Processing /home/airflow/.local/lib/python3.8/site-packages/airflow/example_dags/example_sensors.py took 0.150 seconds
[2024-03-06T14:43:28.682+0000] {processor.py:161} INFO - Started process (PID=75) to work on /home/airflow/.local/lib/python3.8/site-packages/airflow/example_dags/example_sensors.py
[2024-03-06T14:43:28.684+0000] {processor.py:830} INFO - Processing file /home/airflow/.local/lib/python3.8/site-packages/airflow/example_dags/example_sensors.py for tasks to queue
[2024-03-06T14:43:28.686+0000] {logging_mixin.py:188} INFO - [2024-03-06T14:43:28.686+0000] {dagbag.py:540} INFO - Filling up the DagBag from /home/airflow/.local/lib/python3.8/site-packages/airflow/example_dags/example_sensors.py
[2024-03-06T14:43:28.696+0000] {processor.py:840} INFO - DAG(s) 'example_sensors' retrieved from /home/airflow/.local/lib/python3.8/site-packages/airflow/example_dags/example_sensors.py
[2024-03-06T14:43:28.822+0000] {logging_mixin.py:188} INFO - [2024-03-06T14:43:28.821+0000] {override.py:1769} INFO - Created Permission View: can delete on DAG:example_sensors
[2024-03-06T14:43:28.836+0000] {logging_mixin.py:188} INFO - [2024-03-06T14:43:28.835+0000] {override.py:1769} INFO - Created Permission View: can read on DAG:example_sensors
[2024-03-06T14:43:28.843+0000] {logging_mixin.py:188} INFO - [2024-03-06T14:43:28.843+0000] {override.py:1769} INFO - Created Permission View: can edit on DAG:example_sensors
[2024-03-06T14:43:28.844+0000] {logging_mixin.py:188} INFO - [2024-03-06T14:43:28.844+0000] {dag.py:3047} INFO - Sync 1 DAGs
[2024-03-06T14:43:28.859+0000] {logging_mixin.py:188} INFO - [2024-03-06T14:43:28.859+0000] {dag.py:3069} INFO - Creating ORM DAG for example_sensors
[2024-03-06T14:43:28.860+0000] {logging_mixin.py:188} INFO - [2024-03-06T14:43:28.860+0000] {dag.py:3834} INFO - Setting next_dagrun for example_sensors to None, run_after=None
[2024-03-06T14:43:28.880+0000] {processor.py:183} INFO - Processing /home/airflow/.local/lib/python3.8/site-packages/airflow/example_dags/example_sensors.py took 0.201 seconds
[2024-03-06T14:43:58.977+0000] {processor.py:161} INFO - Started process (PID=130) to work on /home/airflow/.local/lib/python3.8/site-packages/airflow/example_dags/example_sensors.py
[2024-03-06T14:43:58.983+0000] {processor.py:830} INFO - Processing file /home/airflow/.local/lib/python3.8/site-packages/airflow/example_dags/example_sensors.py for tasks to queue
[2024-03-06T14:43:58.989+0000] {logging_mixin.py:188} INFO - [2024-03-06T14:43:58.989+0000] {dagbag.py:540} INFO - Filling up the DagBag from /home/airflow/.local/lib/python3.8/site-packages/airflow/example_dags/example_sensors.py
[2024-03-06T14:43:59.012+0000] {processor.py:840} INFO - DAG(s) 'example_sensors' retrieved from /home/airflow/.local/lib/python3.8/site-packages/airflow/example_dags/example_sensors.py
[2024-03-06T14:43:59.061+0000] {logging_mixin.py:188} INFO - [2024-03-06T14:43:59.061+0000] {dag.py:3047} INFO - Sync 1 DAGs
[2024-03-06T14:43:59.084+0000] {logging_mixin.py:188} INFO - [2024-03-06T14:43:59.084+0000] {dag.py:3834} INFO - Setting next_dagrun for example_sensors to None, run_after=None
[2024-03-06T14:43:59.109+0000] {processor.py:183} INFO - Processing /home/airflow/.local/lib/python3.8/site-packages/airflow/example_dags/example_sensors.py took 0.136 seconds
[2024-03-06T14:44:29.856+0000] {processor.py:161} INFO - Started process (PID=185) to work on /home/airflow/.local/lib/python3.8/site-packages/airflow/example_dags/example_sensors.py
[2024-03-06T14:44:29.858+0000] {processor.py:830} INFO - Processing file /home/airflow/.local/lib/python3.8/site-packages/airflow/example_dags/example_sensors.py for tasks to queue
[2024-03-06T14:44:29.860+0000] {logging_mixin.py:188} INFO - [2024-03-06T14:44:29.860+0000] {dagbag.py:540} INFO - Filling up the DagBag from /home/airflow/.local/lib/python3.8/site-packages/airflow/example_dags/example_sensors.py
[2024-03-06T14:44:29.868+0000] {processor.py:840} INFO - DAG(s) 'example_sensors' retrieved from /home/airflow/.local/lib/python3.8/site-packages/airflow/example_dags/example_sensors.py
[2024-03-06T14:44:29.890+0000] {logging_mixin.py:188} INFO - [2024-03-06T14:44:29.890+0000] {dag.py:3047} INFO - Sync 1 DAGs
[2024-03-06T14:44:29.901+0000] {logging_mixin.py:188} INFO - [2024-03-06T14:44:29.901+0000] {dag.py:3834} INFO - Setting next_dagrun for example_sensors to None, run_after=None
[2024-03-06T14:44:29.918+0000] {processor.py:183} INFO - Processing /home/airflow/.local/lib/python3.8/site-packages/airflow/example_dags/example_sensors.py took 0.065 seconds
[2024-03-06T14:45:00.336+0000] {processor.py:161} INFO - Started process (PID=240) to work on /home/airflow/.local/lib/python3.8/site-packages/airflow/example_dags/example_sensors.py
[2024-03-06T14:45:00.338+0000] {processor.py:830} INFO - Processing file /home/airflow/.local/lib/python3.8/site-packages/airflow/example_dags/example_sensors.py for tasks to queue
[2024-03-06T14:45:00.339+0000] {logging_mixin.py:188} INFO - [2024-03-06T14:45:00.339+0000] {dagbag.py:540} INFO - Filling up the DagBag from /home/airflow/.local/lib/python3.8/site-packages/airflow/example_dags/example_sensors.py
[2024-03-06T14:45:00.347+0000] {processor.py:840} INFO - DAG(s) 'example_sensors' retrieved from /home/airflow/.local/lib/python3.8/site-packages/airflow/example_dags/example_sensors.py
[2024-03-06T14:45:00.370+0000] {logging_mixin.py:188} INFO - [2024-03-06T14:45:00.370+0000] {dag.py:3047} INFO - Sync 1 DAGs
[2024-03-06T14:45:00.382+0000] {logging_mixin.py:188} INFO - [2024-03-06T14:45:00.381+0000] {dag.py:3834} INFO - Setting next_dagrun for example_sensors to None, run_after=None
[2024-03-06T14:45:00.399+0000] {processor.py:183} INFO - Processing /home/airflow/.local/lib/python3.8/site-packages/airflow/example_dags/example_sensors.py took 0.067 seconds
[2024-03-06T14:45:30.902+0000] {processor.py:161} INFO - Started process (PID=295) to work on /home/airflow/.local/lib/python3.8/site-packages/airflow/example_dags/example_sensors.py
[2024-03-06T14:45:30.903+0000] {processor.py:830} INFO - Processing file /home/airflow/.local/lib/python3.8/site-packages/airflow/example_dags/example_sensors.py for tasks to queue
[2024-03-06T14:45:30.905+0000] {logging_mixin.py:188} INFO - [2024-03-06T14:45:30.904+0000] {dagbag.py:540} INFO - Filling up the DagBag from /home/airflow/.local/lib/python3.8/site-packages/airflow/example_dags/example_sensors.py
[2024-03-06T14:45:30.913+0000] {processor.py:840} INFO - DAG(s) 'example_sensors' retrieved from /home/airflow/.local/lib/python3.8/site-packages/airflow/example_dags/example_sensors.py
[2024-03-06T14:45:30.936+0000] {logging_mixin.py:188} INFO - [2024-03-06T14:45:30.936+0000] {dag.py:3047} INFO - Sync 1 DAGs
[2024-03-06T14:45:30.950+0000] {logging_mixin.py:188} INFO - [2024-03-06T14:45:30.950+0000] {dag.py:3834} INFO - Setting next_dagrun for example_sensors to None, run_after=None
[2024-03-06T14:45:30.973+0000] {processor.py:183} INFO - Processing /home/airflow/.local/lib/python3.8/site-packages/airflow/example_dags/example_sensors.py took 0.074 seconds
[2024-03-06T14:46:01.554+0000] {processor.py:161} INFO - Started process (PID=350) to work on /home/airflow/.local/lib/python3.8/site-packages/airflow/example_dags/example_sensors.py
[2024-03-06T14:46:01.555+0000] {processor.py:830} INFO - Processing file /home/airflow/.local/lib/python3.8/site-packages/airflow/example_dags/example_sensors.py for tasks to queue
[2024-03-06T14:46:01.557+0000] {logging_mixin.py:188} INFO - [2024-03-06T14:46:01.557+0000] {dagbag.py:540} INFO - Filling up the DagBag from /home/airflow/.local/lib/python3.8/site-packages/airflow/example_dags/example_sensors.py
[2024-03-06T14:46:01.565+0000] {processor.py:840} INFO - DAG(s) 'example_sensors' retrieved from /home/airflow/.local/lib/python3.8/site-packages/airflow/example_dags/example_sensors.py
[2024-03-06T14:46:01.576+0000] {logging_mixin.py:188} INFO - [2024-03-06T14:46:01.575+0000] {dag.py:3047} INFO - Sync 1 DAGs
[2024-03-06T14:46:01.588+0000] {logging_mixin.py:188} INFO - [2024-03-06T14:46:01.587+0000] {dag.py:3834} INFO - Setting next_dagrun for example_sensors to None, run_after=None
[2024-03-06T14:46:01.607+0000] {processor.py:183} INFO - Processing /home/airflow/.local/lib/python3.8/site-packages/airflow/example_dags/example_sensors.py took 0.055 seconds
