[2024-03-06T14:33:49.977+0000] {processor.py:161} INFO - Started process (PID=62) to work on /home/airflow/.local/lib/python3.8/site-packages/airflow/example_dags/example_setup_teardown.py
[2024-03-06T14:33:49.978+0000] {processor.py:830} INFO - Processing file /home/airflow/.local/lib/python3.8/site-packages/airflow/example_dags/example_setup_teardown.py for tasks to queue
[2024-03-06T14:33:49.980+0000] {logging_mixin.py:188} INFO - [2024-03-06T14:33:49.980+0000] {dagbag.py:540} INFO - Filling up the DagBag from /home/airflow/.local/lib/python3.8/site-packages/airflow/example_dags/example_setup_teardown.py
[2024-03-06T14:33:49.992+0000] {processor.py:840} INFO - DAG(s) 'example_setup_teardown' retrieved from /home/airflow/.local/lib/python3.8/site-packages/airflow/example_dags/example_setup_teardown.py
[2024-03-06T14:33:50.007+0000] {logging_mixin.py:188} INFO - [2024-03-06T14:33:50.007+0000] {dag.py:3047} INFO - Sync 1 DAGs
[2024-03-06T14:33:50.042+0000] {logging_mixin.py:188} INFO - [2024-03-06T14:33:50.042+0000] {dag.py:3834} INFO - Setting next_dagrun for example_setup_teardown to 2024-03-05 00:00:00+00:00, run_after=2024-03-06 00:00:00+00:00
[2024-03-06T14:33:50.070+0000] {processor.py:183} INFO - Processing /home/airflow/.local/lib/python3.8/site-packages/airflow/example_dags/example_setup_teardown.py took 0.096 seconds
[2024-03-06T14:34:21.585+0000] {processor.py:161} INFO - Started process (PID=117) to work on /home/airflow/.local/lib/python3.8/site-packages/airflow/example_dags/example_setup_teardown.py
[2024-03-06T14:34:21.586+0000] {processor.py:830} INFO - Processing file /home/airflow/.local/lib/python3.8/site-packages/airflow/example_dags/example_setup_teardown.py for tasks to queue
[2024-03-06T14:34:21.588+0000] {logging_mixin.py:188} INFO - [2024-03-06T14:34:21.587+0000] {dagbag.py:540} INFO - Filling up the DagBag from /home/airflow/.local/lib/python3.8/site-packages/airflow/example_dags/example_setup_teardown.py
[2024-03-06T14:34:21.593+0000] {processor.py:840} INFO - DAG(s) 'example_setup_teardown' retrieved from /home/airflow/.local/lib/python3.8/site-packages/airflow/example_dags/example_setup_teardown.py
[2024-03-06T14:34:21.753+0000] {logging_mixin.py:188} INFO - [2024-03-06T14:34:21.753+0000] {dag.py:3047} INFO - Sync 1 DAGs
[2024-03-06T14:34:21.791+0000] {logging_mixin.py:188} INFO - [2024-03-06T14:34:21.791+0000] {dag.py:3834} INFO - Setting next_dagrun for example_setup_teardown to 2024-03-05 00:00:00+00:00, run_after=2024-03-06 00:00:00+00:00
[2024-03-06T14:34:21.833+0000] {processor.py:183} INFO - Processing /home/airflow/.local/lib/python3.8/site-packages/airflow/example_dags/example_setup_teardown.py took 0.251 seconds
[2024-03-06T14:34:52.502+0000] {processor.py:161} INFO - Started process (PID=172) to work on /home/airflow/.local/lib/python3.8/site-packages/airflow/example_dags/example_setup_teardown.py
[2024-03-06T14:34:52.503+0000] {processor.py:830} INFO - Processing file /home/airflow/.local/lib/python3.8/site-packages/airflow/example_dags/example_setup_teardown.py for tasks to queue
[2024-03-06T14:34:52.506+0000] {logging_mixin.py:188} INFO - [2024-03-06T14:34:52.505+0000] {dagbag.py:540} INFO - Filling up the DagBag from /home/airflow/.local/lib/python3.8/site-packages/airflow/example_dags/example_setup_teardown.py
[2024-03-06T14:34:52.523+0000] {processor.py:840} INFO - DAG(s) 'example_setup_teardown' retrieved from /home/airflow/.local/lib/python3.8/site-packages/airflow/example_dags/example_setup_teardown.py
[2024-03-06T14:34:52.545+0000] {logging_mixin.py:188} INFO - [2024-03-06T14:34:52.544+0000] {dag.py:3047} INFO - Sync 1 DAGs
[2024-03-06T14:34:52.592+0000] {logging_mixin.py:188} INFO - [2024-03-06T14:34:52.591+0000] {dag.py:3834} INFO - Setting next_dagrun for example_setup_teardown to 2024-03-05 00:00:00+00:00, run_after=2024-03-06 00:00:00+00:00
[2024-03-06T14:34:52.632+0000] {processor.py:183} INFO - Processing /home/airflow/.local/lib/python3.8/site-packages/airflow/example_dags/example_setup_teardown.py took 0.134 seconds
[2024-03-06T14:35:23.250+0000] {processor.py:161} INFO - Started process (PID=227) to work on /home/airflow/.local/lib/python3.8/site-packages/airflow/example_dags/example_setup_teardown.py
[2024-03-06T14:35:23.251+0000] {processor.py:830} INFO - Processing file /home/airflow/.local/lib/python3.8/site-packages/airflow/example_dags/example_setup_teardown.py for tasks to queue
[2024-03-06T14:35:23.253+0000] {logging_mixin.py:188} INFO - [2024-03-06T14:35:23.253+0000] {dagbag.py:540} INFO - Filling up the DagBag from /home/airflow/.local/lib/python3.8/site-packages/airflow/example_dags/example_setup_teardown.py
[2024-03-06T14:35:23.259+0000] {processor.py:840} INFO - DAG(s) 'example_setup_teardown' retrieved from /home/airflow/.local/lib/python3.8/site-packages/airflow/example_dags/example_setup_teardown.py
[2024-03-06T14:35:23.357+0000] {logging_mixin.py:188} INFO - [2024-03-06T14:35:23.357+0000] {dag.py:3047} INFO - Sync 1 DAGs
[2024-03-06T14:35:23.378+0000] {logging_mixin.py:188} INFO - [2024-03-06T14:35:23.378+0000] {dag.py:3834} INFO - Setting next_dagrun for example_setup_teardown to 2024-03-05 00:00:00+00:00, run_after=2024-03-06 00:00:00+00:00
[2024-03-06T14:35:23.400+0000] {processor.py:183} INFO - Processing /home/airflow/.local/lib/python3.8/site-packages/airflow/example_dags/example_setup_teardown.py took 0.154 seconds
[2024-03-06T14:35:54.177+0000] {processor.py:161} INFO - Started process (PID=282) to work on /home/airflow/.local/lib/python3.8/site-packages/airflow/example_dags/example_setup_teardown.py
[2024-03-06T14:35:54.178+0000] {processor.py:830} INFO - Processing file /home/airflow/.local/lib/python3.8/site-packages/airflow/example_dags/example_setup_teardown.py for tasks to queue
[2024-03-06T14:35:54.180+0000] {logging_mixin.py:188} INFO - [2024-03-06T14:35:54.180+0000] {dagbag.py:540} INFO - Filling up the DagBag from /home/airflow/.local/lib/python3.8/site-packages/airflow/example_dags/example_setup_teardown.py
[2024-03-06T14:35:54.186+0000] {processor.py:840} INFO - DAG(s) 'example_setup_teardown' retrieved from /home/airflow/.local/lib/python3.8/site-packages/airflow/example_dags/example_setup_teardown.py
[2024-03-06T14:35:54.204+0000] {logging_mixin.py:188} INFO - [2024-03-06T14:35:54.204+0000] {dag.py:3047} INFO - Sync 1 DAGs
[2024-03-06T14:35:54.224+0000] {logging_mixin.py:188} INFO - [2024-03-06T14:35:54.224+0000] {dag.py:3834} INFO - Setting next_dagrun for example_setup_teardown to 2024-03-05 00:00:00+00:00, run_after=2024-03-06 00:00:00+00:00
[2024-03-06T14:35:54.241+0000] {processor.py:183} INFO - Processing /home/airflow/.local/lib/python3.8/site-packages/airflow/example_dags/example_setup_teardown.py took 0.067 seconds
[2024-03-06T14:36:24.940+0000] {processor.py:161} INFO - Started process (PID=337) to work on /home/airflow/.local/lib/python3.8/site-packages/airflow/example_dags/example_setup_teardown.py
[2024-03-06T14:36:24.942+0000] {processor.py:830} INFO - Processing file /home/airflow/.local/lib/python3.8/site-packages/airflow/example_dags/example_setup_teardown.py for tasks to queue
[2024-03-06T14:36:24.944+0000] {logging_mixin.py:188} INFO - [2024-03-06T14:36:24.943+0000] {dagbag.py:540} INFO - Filling up the DagBag from /home/airflow/.local/lib/python3.8/site-packages/airflow/example_dags/example_setup_teardown.py
[2024-03-06T14:36:24.950+0000] {processor.py:840} INFO - DAG(s) 'example_setup_teardown' retrieved from /home/airflow/.local/lib/python3.8/site-packages/airflow/example_dags/example_setup_teardown.py
[2024-03-06T14:36:24.968+0000] {logging_mixin.py:188} INFO - [2024-03-06T14:36:24.968+0000] {dag.py:3047} INFO - Sync 1 DAGs
[2024-03-06T14:36:24.990+0000] {logging_mixin.py:188} INFO - [2024-03-06T14:36:24.989+0000] {dag.py:3834} INFO - Setting next_dagrun for example_setup_teardown to 2024-03-05 00:00:00+00:00, run_after=2024-03-06 00:00:00+00:00
[2024-03-06T14:36:25.008+0000] {processor.py:183} INFO - Processing /home/airflow/.local/lib/python3.8/site-packages/airflow/example_dags/example_setup_teardown.py took 0.071 seconds
[2024-03-06T14:36:55.491+0000] {processor.py:161} INFO - Started process (PID=392) to work on /home/airflow/.local/lib/python3.8/site-packages/airflow/example_dags/example_setup_teardown.py
[2024-03-06T14:36:55.492+0000] {processor.py:830} INFO - Processing file /home/airflow/.local/lib/python3.8/site-packages/airflow/example_dags/example_setup_teardown.py for tasks to queue
[2024-03-06T14:36:55.494+0000] {logging_mixin.py:188} INFO - [2024-03-06T14:36:55.494+0000] {dagbag.py:540} INFO - Filling up the DagBag from /home/airflow/.local/lib/python3.8/site-packages/airflow/example_dags/example_setup_teardown.py
[2024-03-06T14:36:55.502+0000] {processor.py:840} INFO - DAG(s) 'example_setup_teardown' retrieved from /home/airflow/.local/lib/python3.8/site-packages/airflow/example_dags/example_setup_teardown.py
[2024-03-06T14:36:55.523+0000] {logging_mixin.py:188} INFO - [2024-03-06T14:36:55.522+0000] {dag.py:3047} INFO - Sync 1 DAGs
[2024-03-06T14:36:55.547+0000] {logging_mixin.py:188} INFO - [2024-03-06T14:36:55.547+0000] {dag.py:3834} INFO - Setting next_dagrun for example_setup_teardown to 2024-03-05 00:00:00+00:00, run_after=2024-03-06 00:00:00+00:00
[2024-03-06T14:36:55.568+0000] {processor.py:183} INFO - Processing /home/airflow/.local/lib/python3.8/site-packages/airflow/example_dags/example_setup_teardown.py took 0.081 seconds
[2024-03-06T14:37:26.277+0000] {processor.py:161} INFO - Started process (PID=447) to work on /home/airflow/.local/lib/python3.8/site-packages/airflow/example_dags/example_setup_teardown.py
[2024-03-06T14:37:26.278+0000] {processor.py:830} INFO - Processing file /home/airflow/.local/lib/python3.8/site-packages/airflow/example_dags/example_setup_teardown.py for tasks to queue
[2024-03-06T14:37:26.279+0000] {logging_mixin.py:188} INFO - [2024-03-06T14:37:26.279+0000] {dagbag.py:540} INFO - Filling up the DagBag from /home/airflow/.local/lib/python3.8/site-packages/airflow/example_dags/example_setup_teardown.py
[2024-03-06T14:37:26.286+0000] {processor.py:840} INFO - DAG(s) 'example_setup_teardown' retrieved from /home/airflow/.local/lib/python3.8/site-packages/airflow/example_dags/example_setup_teardown.py
[2024-03-06T14:37:26.305+0000] {logging_mixin.py:188} INFO - [2024-03-06T14:37:26.305+0000] {dag.py:3047} INFO - Sync 1 DAGs
[2024-03-06T14:37:26.326+0000] {logging_mixin.py:188} INFO - [2024-03-06T14:37:26.326+0000] {dag.py:3834} INFO - Setting next_dagrun for example_setup_teardown to 2024-03-05 00:00:00+00:00, run_after=2024-03-06 00:00:00+00:00
[2024-03-06T14:37:26.346+0000] {processor.py:183} INFO - Processing /home/airflow/.local/lib/python3.8/site-packages/airflow/example_dags/example_setup_teardown.py took 0.072 seconds
[2024-03-06T14:37:56.443+0000] {processor.py:161} INFO - Started process (PID=502) to work on /home/airflow/.local/lib/python3.8/site-packages/airflow/example_dags/example_setup_teardown.py
[2024-03-06T14:37:56.444+0000] {processor.py:830} INFO - Processing file /home/airflow/.local/lib/python3.8/site-packages/airflow/example_dags/example_setup_teardown.py for tasks to queue
[2024-03-06T14:37:56.446+0000] {logging_mixin.py:188} INFO - [2024-03-06T14:37:56.446+0000] {dagbag.py:540} INFO - Filling up the DagBag from /home/airflow/.local/lib/python3.8/site-packages/airflow/example_dags/example_setup_teardown.py
[2024-03-06T14:37:56.454+0000] {processor.py:840} INFO - DAG(s) 'example_setup_teardown' retrieved from /home/airflow/.local/lib/python3.8/site-packages/airflow/example_dags/example_setup_teardown.py
[2024-03-06T14:37:56.475+0000] {logging_mixin.py:188} INFO - [2024-03-06T14:37:56.475+0000] {dag.py:3047} INFO - Sync 1 DAGs
[2024-03-06T14:37:56.499+0000] {logging_mixin.py:188} INFO - [2024-03-06T14:37:56.499+0000] {dag.py:3834} INFO - Setting next_dagrun for example_setup_teardown to 2024-03-05 00:00:00+00:00, run_after=2024-03-06 00:00:00+00:00
[2024-03-06T14:37:56.519+0000] {processor.py:183} INFO - Processing /home/airflow/.local/lib/python3.8/site-packages/airflow/example_dags/example_setup_teardown.py took 0.080 seconds
[2024-03-06T14:38:27.036+0000] {processor.py:161} INFO - Started process (PID=557) to work on /home/airflow/.local/lib/python3.8/site-packages/airflow/example_dags/example_setup_teardown.py
[2024-03-06T14:38:27.037+0000] {processor.py:830} INFO - Processing file /home/airflow/.local/lib/python3.8/site-packages/airflow/example_dags/example_setup_teardown.py for tasks to queue
[2024-03-06T14:38:27.039+0000] {logging_mixin.py:188} INFO - [2024-03-06T14:38:27.039+0000] {dagbag.py:540} INFO - Filling up the DagBag from /home/airflow/.local/lib/python3.8/site-packages/airflow/example_dags/example_setup_teardown.py
[2024-03-06T14:38:27.045+0000] {processor.py:840} INFO - DAG(s) 'example_setup_teardown' retrieved from /home/airflow/.local/lib/python3.8/site-packages/airflow/example_dags/example_setup_teardown.py
[2024-03-06T14:38:27.063+0000] {logging_mixin.py:188} INFO - [2024-03-06T14:38:27.063+0000] {dag.py:3047} INFO - Sync 1 DAGs
[2024-03-06T14:38:27.083+0000] {logging_mixin.py:188} INFO - [2024-03-06T14:38:27.083+0000] {dag.py:3834} INFO - Setting next_dagrun for example_setup_teardown to 2024-03-05 00:00:00+00:00, run_after=2024-03-06 00:00:00+00:00
[2024-03-06T14:38:27.101+0000] {processor.py:183} INFO - Processing /home/airflow/.local/lib/python3.8/site-packages/airflow/example_dags/example_setup_teardown.py took 0.067 seconds
[2024-03-06T14:38:57.370+0000] {processor.py:161} INFO - Started process (PID=612) to work on /home/airflow/.local/lib/python3.8/site-packages/airflow/example_dags/example_setup_teardown.py
[2024-03-06T14:38:57.371+0000] {processor.py:830} INFO - Processing file /home/airflow/.local/lib/python3.8/site-packages/airflow/example_dags/example_setup_teardown.py for tasks to queue
[2024-03-06T14:38:57.372+0000] {logging_mixin.py:188} INFO - [2024-03-06T14:38:57.372+0000] {dagbag.py:540} INFO - Filling up the DagBag from /home/airflow/.local/lib/python3.8/site-packages/airflow/example_dags/example_setup_teardown.py
[2024-03-06T14:38:57.377+0000] {processor.py:840} INFO - DAG(s) 'example_setup_teardown' retrieved from /home/airflow/.local/lib/python3.8/site-packages/airflow/example_dags/example_setup_teardown.py
[2024-03-06T14:38:57.387+0000] {logging_mixin.py:188} INFO - [2024-03-06T14:38:57.387+0000] {dag.py:3047} INFO - Sync 1 DAGs
[2024-03-06T14:38:57.412+0000] {logging_mixin.py:188} INFO - [2024-03-06T14:38:57.411+0000] {dag.py:3834} INFO - Setting next_dagrun for example_setup_teardown to 2024-03-05 00:00:00+00:00, run_after=2024-03-06 00:00:00+00:00
[2024-03-06T14:38:57.429+0000] {processor.py:183} INFO - Processing /home/airflow/.local/lib/python3.8/site-packages/airflow/example_dags/example_setup_teardown.py took 0.062 seconds
[2024-03-06T14:39:27.935+0000] {processor.py:161} INFO - Started process (PID=667) to work on /home/airflow/.local/lib/python3.8/site-packages/airflow/example_dags/example_setup_teardown.py
[2024-03-06T14:39:27.936+0000] {processor.py:830} INFO - Processing file /home/airflow/.local/lib/python3.8/site-packages/airflow/example_dags/example_setup_teardown.py for tasks to queue
[2024-03-06T14:39:27.938+0000] {logging_mixin.py:188} INFO - [2024-03-06T14:39:27.937+0000] {dagbag.py:540} INFO - Filling up the DagBag from /home/airflow/.local/lib/python3.8/site-packages/airflow/example_dags/example_setup_teardown.py
[2024-03-06T14:39:27.944+0000] {processor.py:840} INFO - DAG(s) 'example_setup_teardown' retrieved from /home/airflow/.local/lib/python3.8/site-packages/airflow/example_dags/example_setup_teardown.py
[2024-03-06T14:39:28.036+0000] {logging_mixin.py:188} INFO - [2024-03-06T14:39:28.036+0000] {dag.py:3047} INFO - Sync 1 DAGs
[2024-03-06T14:39:28.054+0000] {logging_mixin.py:188} INFO - [2024-03-06T14:39:28.054+0000] {dag.py:3834} INFO - Setting next_dagrun for example_setup_teardown to 2024-03-05 00:00:00+00:00, run_after=2024-03-06 00:00:00+00:00
[2024-03-06T14:39:28.075+0000] {processor.py:183} INFO - Processing /home/airflow/.local/lib/python3.8/site-packages/airflow/example_dags/example_setup_teardown.py took 0.143 seconds
[2024-03-06T14:43:27.520+0000] {processor.py:161} INFO - Started process (PID=62) to work on /home/airflow/.local/lib/python3.8/site-packages/airflow/example_dags/example_setup_teardown.py
[2024-03-06T14:43:27.521+0000] {processor.py:830} INFO - Processing file /home/airflow/.local/lib/python3.8/site-packages/airflow/example_dags/example_setup_teardown.py for tasks to queue
[2024-03-06T14:43:27.522+0000] {logging_mixin.py:188} INFO - [2024-03-06T14:43:27.522+0000] {dagbag.py:540} INFO - Filling up the DagBag from /home/airflow/.local/lib/python3.8/site-packages/airflow/example_dags/example_setup_teardown.py
[2024-03-06T14:43:27.530+0000] {processor.py:840} INFO - DAG(s) 'example_setup_teardown' retrieved from /home/airflow/.local/lib/python3.8/site-packages/airflow/example_dags/example_setup_teardown.py
[2024-03-06T14:43:27.622+0000] {logging_mixin.py:188} INFO - [2024-03-06T14:43:27.621+0000] {override.py:1769} INFO - Created Permission View: can delete on DAG:example_setup_teardown
[2024-03-06T14:43:27.631+0000] {logging_mixin.py:188} INFO - [2024-03-06T14:43:27.631+0000] {override.py:1769} INFO - Created Permission View: can read on DAG:example_setup_teardown
[2024-03-06T14:43:27.638+0000] {logging_mixin.py:188} INFO - [2024-03-06T14:43:27.637+0000] {override.py:1769} INFO - Created Permission View: can edit on DAG:example_setup_teardown
[2024-03-06T14:43:27.638+0000] {logging_mixin.py:188} INFO - [2024-03-06T14:43:27.638+0000] {dag.py:3047} INFO - Sync 1 DAGs
[2024-03-06T14:43:27.647+0000] {logging_mixin.py:188} INFO - [2024-03-06T14:43:27.647+0000] {dag.py:3069} INFO - Creating ORM DAG for example_setup_teardown
[2024-03-06T14:43:27.658+0000] {logging_mixin.py:188} INFO - [2024-03-06T14:43:27.658+0000] {dag.py:3834} INFO - Setting next_dagrun for example_setup_teardown to 2024-03-05 00:00:00+00:00, run_after=2024-03-06 00:00:00+00:00
[2024-03-06T14:43:27.673+0000] {processor.py:183} INFO - Processing /home/airflow/.local/lib/python3.8/site-packages/airflow/example_dags/example_setup_teardown.py took 0.155 seconds
[2024-03-06T14:43:57.801+0000] {processor.py:161} INFO - Started process (PID=117) to work on /home/airflow/.local/lib/python3.8/site-packages/airflow/example_dags/example_setup_teardown.py
[2024-03-06T14:43:57.802+0000] {processor.py:830} INFO - Processing file /home/airflow/.local/lib/python3.8/site-packages/airflow/example_dags/example_setup_teardown.py for tasks to queue
[2024-03-06T14:43:57.804+0000] {logging_mixin.py:188} INFO - [2024-03-06T14:43:57.804+0000] {dagbag.py:540} INFO - Filling up the DagBag from /home/airflow/.local/lib/python3.8/site-packages/airflow/example_dags/example_setup_teardown.py
[2024-03-06T14:43:57.811+0000] {processor.py:840} INFO - DAG(s) 'example_setup_teardown' retrieved from /home/airflow/.local/lib/python3.8/site-packages/airflow/example_dags/example_setup_teardown.py
[2024-03-06T14:43:57.831+0000] {logging_mixin.py:188} INFO - [2024-03-06T14:43:57.831+0000] {dag.py:3047} INFO - Sync 1 DAGs
[2024-03-06T14:43:57.853+0000] {logging_mixin.py:188} INFO - [2024-03-06T14:43:57.852+0000] {dag.py:3834} INFO - Setting next_dagrun for example_setup_teardown to 2024-03-05 00:00:00+00:00, run_after=2024-03-06 00:00:00+00:00
[2024-03-06T14:43:57.877+0000] {processor.py:183} INFO - Processing /home/airflow/.local/lib/python3.8/site-packages/airflow/example_dags/example_setup_teardown.py took 0.080 seconds
[2024-03-06T14:44:28.238+0000] {processor.py:161} INFO - Started process (PID=172) to work on /home/airflow/.local/lib/python3.8/site-packages/airflow/example_dags/example_setup_teardown.py
[2024-03-06T14:44:28.239+0000] {processor.py:830} INFO - Processing file /home/airflow/.local/lib/python3.8/site-packages/airflow/example_dags/example_setup_teardown.py for tasks to queue
[2024-03-06T14:44:28.241+0000] {logging_mixin.py:188} INFO - [2024-03-06T14:44:28.240+0000] {dagbag.py:540} INFO - Filling up the DagBag from /home/airflow/.local/lib/python3.8/site-packages/airflow/example_dags/example_setup_teardown.py
[2024-03-06T14:44:28.247+0000] {processor.py:840} INFO - DAG(s) 'example_setup_teardown' retrieved from /home/airflow/.local/lib/python3.8/site-packages/airflow/example_dags/example_setup_teardown.py
[2024-03-06T14:44:28.265+0000] {logging_mixin.py:188} INFO - [2024-03-06T14:44:28.265+0000] {dag.py:3047} INFO - Sync 1 DAGs
[2024-03-06T14:44:28.285+0000] {logging_mixin.py:188} INFO - [2024-03-06T14:44:28.285+0000] {dag.py:3834} INFO - Setting next_dagrun for example_setup_teardown to 2024-03-05 00:00:00+00:00, run_after=2024-03-06 00:00:00+00:00
[2024-03-06T14:44:28.303+0000] {processor.py:183} INFO - Processing /home/airflow/.local/lib/python3.8/site-packages/airflow/example_dags/example_setup_teardown.py took 0.068 seconds
[2024-03-06T14:44:58.762+0000] {processor.py:161} INFO - Started process (PID=227) to work on /home/airflow/.local/lib/python3.8/site-packages/airflow/example_dags/example_setup_teardown.py
[2024-03-06T14:44:58.763+0000] {processor.py:830} INFO - Processing file /home/airflow/.local/lib/python3.8/site-packages/airflow/example_dags/example_setup_teardown.py for tasks to queue
[2024-03-06T14:44:58.764+0000] {logging_mixin.py:188} INFO - [2024-03-06T14:44:58.764+0000] {dagbag.py:540} INFO - Filling up the DagBag from /home/airflow/.local/lib/python3.8/site-packages/airflow/example_dags/example_setup_teardown.py
[2024-03-06T14:44:58.770+0000] {processor.py:840} INFO - DAG(s) 'example_setup_teardown' retrieved from /home/airflow/.local/lib/python3.8/site-packages/airflow/example_dags/example_setup_teardown.py
[2024-03-06T14:44:58.788+0000] {logging_mixin.py:188} INFO - [2024-03-06T14:44:58.788+0000] {dag.py:3047} INFO - Sync 1 DAGs
[2024-03-06T14:44:58.809+0000] {logging_mixin.py:188} INFO - [2024-03-06T14:44:58.808+0000] {dag.py:3834} INFO - Setting next_dagrun for example_setup_teardown to 2024-03-05 00:00:00+00:00, run_after=2024-03-06 00:00:00+00:00
[2024-03-06T14:44:58.826+0000] {processor.py:183} INFO - Processing /home/airflow/.local/lib/python3.8/site-packages/airflow/example_dags/example_setup_teardown.py took 0.067 seconds
[2024-03-06T14:45:29.319+0000] {processor.py:161} INFO - Started process (PID=282) to work on /home/airflow/.local/lib/python3.8/site-packages/airflow/example_dags/example_setup_teardown.py
[2024-03-06T14:45:29.320+0000] {processor.py:830} INFO - Processing file /home/airflow/.local/lib/python3.8/site-packages/airflow/example_dags/example_setup_teardown.py for tasks to queue
[2024-03-06T14:45:29.322+0000] {logging_mixin.py:188} INFO - [2024-03-06T14:45:29.321+0000] {dagbag.py:540} INFO - Filling up the DagBag from /home/airflow/.local/lib/python3.8/site-packages/airflow/example_dags/example_setup_teardown.py
[2024-03-06T14:45:29.328+0000] {processor.py:840} INFO - DAG(s) 'example_setup_teardown' retrieved from /home/airflow/.local/lib/python3.8/site-packages/airflow/example_dags/example_setup_teardown.py
[2024-03-06T14:45:29.346+0000] {logging_mixin.py:188} INFO - [2024-03-06T14:45:29.346+0000] {dag.py:3047} INFO - Sync 1 DAGs
[2024-03-06T14:45:29.367+0000] {logging_mixin.py:188} INFO - [2024-03-06T14:45:29.366+0000] {dag.py:3834} INFO - Setting next_dagrun for example_setup_teardown to 2024-03-05 00:00:00+00:00, run_after=2024-03-06 00:00:00+00:00
[2024-03-06T14:45:29.385+0000] {processor.py:183} INFO - Processing /home/airflow/.local/lib/python3.8/site-packages/airflow/example_dags/example_setup_teardown.py took 0.069 seconds
[2024-03-06T14:45:59.979+0000] {processor.py:161} INFO - Started process (PID=337) to work on /home/airflow/.local/lib/python3.8/site-packages/airflow/example_dags/example_setup_teardown.py
[2024-03-06T14:45:59.983+0000] {processor.py:830} INFO - Processing file /home/airflow/.local/lib/python3.8/site-packages/airflow/example_dags/example_setup_teardown.py for tasks to queue
[2024-03-06T14:45:59.985+0000] {logging_mixin.py:188} INFO - [2024-03-06T14:45:59.985+0000] {dagbag.py:540} INFO - Filling up the DagBag from /home/airflow/.local/lib/python3.8/site-packages/airflow/example_dags/example_setup_teardown.py
[2024-03-06T14:45:59.993+0000] {processor.py:840} INFO - DAG(s) 'example_setup_teardown' retrieved from /home/airflow/.local/lib/python3.8/site-packages/airflow/example_dags/example_setup_teardown.py
[2024-03-06T14:46:00.011+0000] {logging_mixin.py:188} INFO - [2024-03-06T14:46:00.011+0000] {dag.py:3047} INFO - Sync 1 DAGs
[2024-03-06T14:46:00.046+0000] {logging_mixin.py:188} INFO - [2024-03-06T14:46:00.046+0000] {dag.py:3834} INFO - Setting next_dagrun for example_setup_teardown to 2024-03-05 00:00:00+00:00, run_after=2024-03-06 00:00:00+00:00
[2024-03-06T14:46:00.075+0000] {processor.py:183} INFO - Processing /home/airflow/.local/lib/python3.8/site-packages/airflow/example_dags/example_setup_teardown.py took 0.099 seconds
