[2024-03-06T14:33:50.571+0000] {processor.py:161} INFO - Started process (PID=74) to work on /home/airflow/.local/lib/python3.8/site-packages/airflow/example_dags/example_complex.py
[2024-03-06T14:33:50.572+0000] {processor.py:830} INFO - Processing file /home/airflow/.local/lib/python3.8/site-packages/airflow/example_dags/example_complex.py for tasks to queue
[2024-03-06T14:33:50.574+0000] {logging_mixin.py:188} INFO - [2024-03-06T14:33:50.574+0000] {dagbag.py:540} INFO - Filling up the DagBag from /home/airflow/.local/lib/python3.8/site-packages/airflow/example_dags/example_complex.py
[2024-03-06T14:33:50.589+0000] {processor.py:840} INFO - DAG(s) 'example_complex' retrieved from /home/airflow/.local/lib/python3.8/site-packages/airflow/example_dags/example_complex.py
[2024-03-06T14:33:50.602+0000] {logging_mixin.py:188} INFO - [2024-03-06T14:33:50.602+0000] {dag.py:3047} INFO - Sync 1 DAGs
[2024-03-06T14:33:50.615+0000] {logging_mixin.py:188} INFO - [2024-03-06T14:33:50.615+0000] {dag.py:3834} INFO - Setting next_dagrun for example_complex to None, run_after=None
[2024-03-06T14:33:50.637+0000] {processor.py:183} INFO - Processing /home/airflow/.local/lib/python3.8/site-packages/airflow/example_dags/example_complex.py took 0.071 seconds
[2024-03-06T14:34:22.693+0000] {processor.py:161} INFO - Started process (PID=129) to work on /home/airflow/.local/lib/python3.8/site-packages/airflow/example_dags/example_complex.py
[2024-03-06T14:34:22.694+0000] {processor.py:830} INFO - Processing file /home/airflow/.local/lib/python3.8/site-packages/airflow/example_dags/example_complex.py for tasks to queue
[2024-03-06T14:34:22.695+0000] {logging_mixin.py:188} INFO - [2024-03-06T14:34:22.695+0000] {dagbag.py:540} INFO - Filling up the DagBag from /home/airflow/.local/lib/python3.8/site-packages/airflow/example_dags/example_complex.py
[2024-03-06T14:34:22.706+0000] {processor.py:840} INFO - DAG(s) 'example_complex' retrieved from /home/airflow/.local/lib/python3.8/site-packages/airflow/example_dags/example_complex.py
[2024-03-06T14:34:22.806+0000] {logging_mixin.py:188} INFO - [2024-03-06T14:34:22.805+0000] {dag.py:3047} INFO - Sync 1 DAGs
[2024-03-06T14:34:22.815+0000] {logging_mixin.py:188} INFO - [2024-03-06T14:34:22.815+0000] {dag.py:3834} INFO - Setting next_dagrun for example_complex to None, run_after=None
[2024-03-06T14:34:22.836+0000] {processor.py:183} INFO - Processing /home/airflow/.local/lib/python3.8/site-packages/airflow/example_dags/example_complex.py took 0.146 seconds
[2024-03-06T14:34:53.235+0000] {processor.py:161} INFO - Started process (PID=184) to work on /home/airflow/.local/lib/python3.8/site-packages/airflow/example_dags/example_complex.py
[2024-03-06T14:34:53.237+0000] {processor.py:830} INFO - Processing file /home/airflow/.local/lib/python3.8/site-packages/airflow/example_dags/example_complex.py for tasks to queue
[2024-03-06T14:34:53.241+0000] {logging_mixin.py:188} INFO - [2024-03-06T14:34:53.241+0000] {dagbag.py:540} INFO - Filling up the DagBag from /home/airflow/.local/lib/python3.8/site-packages/airflow/example_dags/example_complex.py
[2024-03-06T14:34:53.277+0000] {processor.py:840} INFO - DAG(s) 'example_complex' retrieved from /home/airflow/.local/lib/python3.8/site-packages/airflow/example_dags/example_complex.py
[2024-03-06T14:34:53.298+0000] {logging_mixin.py:188} INFO - [2024-03-06T14:34:53.297+0000] {dag.py:3047} INFO - Sync 1 DAGs
[2024-03-06T14:34:53.319+0000] {logging_mixin.py:188} INFO - [2024-03-06T14:34:53.318+0000] {dag.py:3834} INFO - Setting next_dagrun for example_complex to None, run_after=None
[2024-03-06T14:34:53.359+0000] {processor.py:183} INFO - Processing /home/airflow/.local/lib/python3.8/site-packages/airflow/example_dags/example_complex.py took 0.135 seconds
[2024-03-06T14:35:24.492+0000] {processor.py:161} INFO - Started process (PID=239) to work on /home/airflow/.local/lib/python3.8/site-packages/airflow/example_dags/example_complex.py
[2024-03-06T14:35:24.493+0000] {processor.py:830} INFO - Processing file /home/airflow/.local/lib/python3.8/site-packages/airflow/example_dags/example_complex.py for tasks to queue
[2024-03-06T14:35:24.494+0000] {logging_mixin.py:188} INFO - [2024-03-06T14:35:24.494+0000] {dagbag.py:540} INFO - Filling up the DagBag from /home/airflow/.local/lib/python3.8/site-packages/airflow/example_dags/example_complex.py
[2024-03-06T14:35:24.505+0000] {processor.py:840} INFO - DAG(s) 'example_complex' retrieved from /home/airflow/.local/lib/python3.8/site-packages/airflow/example_dags/example_complex.py
[2024-03-06T14:35:24.610+0000] {logging_mixin.py:188} INFO - [2024-03-06T14:35:24.609+0000] {dag.py:3047} INFO - Sync 1 DAGs
[2024-03-06T14:35:24.625+0000] {logging_mixin.py:188} INFO - [2024-03-06T14:35:24.625+0000] {dag.py:3834} INFO - Setting next_dagrun for example_complex to None, run_after=None
[2024-03-06T14:35:24.647+0000] {processor.py:183} INFO - Processing /home/airflow/.local/lib/python3.8/site-packages/airflow/example_dags/example_complex.py took 0.158 seconds
[2024-03-06T14:35:54.735+0000] {processor.py:161} INFO - Started process (PID=294) to work on /home/airflow/.local/lib/python3.8/site-packages/airflow/example_dags/example_complex.py
[2024-03-06T14:35:54.736+0000] {processor.py:830} INFO - Processing file /home/airflow/.local/lib/python3.8/site-packages/airflow/example_dags/example_complex.py for tasks to queue
[2024-03-06T14:35:54.738+0000] {logging_mixin.py:188} INFO - [2024-03-06T14:35:54.738+0000] {dagbag.py:540} INFO - Filling up the DagBag from /home/airflow/.local/lib/python3.8/site-packages/airflow/example_dags/example_complex.py
[2024-03-06T14:35:54.750+0000] {processor.py:840} INFO - DAG(s) 'example_complex' retrieved from /home/airflow/.local/lib/python3.8/site-packages/airflow/example_dags/example_complex.py
[2024-03-06T14:35:54.779+0000] {logging_mixin.py:188} INFO - [2024-03-06T14:35:54.778+0000] {dag.py:3047} INFO - Sync 1 DAGs
[2024-03-06T14:35:54.790+0000] {logging_mixin.py:188} INFO - [2024-03-06T14:35:54.790+0000] {dag.py:3834} INFO - Setting next_dagrun for example_complex to None, run_after=None
[2024-03-06T14:35:54.807+0000] {processor.py:183} INFO - Processing /home/airflow/.local/lib/python3.8/site-packages/airflow/example_dags/example_complex.py took 0.075 seconds
[2024-03-06T14:36:25.495+0000] {processor.py:161} INFO - Started process (PID=349) to work on /home/airflow/.local/lib/python3.8/site-packages/airflow/example_dags/example_complex.py
[2024-03-06T14:36:25.496+0000] {processor.py:830} INFO - Processing file /home/airflow/.local/lib/python3.8/site-packages/airflow/example_dags/example_complex.py for tasks to queue
[2024-03-06T14:36:25.498+0000] {logging_mixin.py:188} INFO - [2024-03-06T14:36:25.497+0000] {dagbag.py:540} INFO - Filling up the DagBag from /home/airflow/.local/lib/python3.8/site-packages/airflow/example_dags/example_complex.py
[2024-03-06T14:36:25.508+0000] {processor.py:840} INFO - DAG(s) 'example_complex' retrieved from /home/airflow/.local/lib/python3.8/site-packages/airflow/example_dags/example_complex.py
[2024-03-06T14:36:25.537+0000] {logging_mixin.py:188} INFO - [2024-03-06T14:36:25.537+0000] {dag.py:3047} INFO - Sync 1 DAGs
[2024-03-06T14:36:25.549+0000] {logging_mixin.py:188} INFO - [2024-03-06T14:36:25.549+0000] {dag.py:3834} INFO - Setting next_dagrun for example_complex to None, run_after=None
[2024-03-06T14:36:25.567+0000] {processor.py:183} INFO - Processing /home/airflow/.local/lib/python3.8/site-packages/airflow/example_dags/example_complex.py took 0.075 seconds
[2024-03-06T14:36:56.117+0000] {processor.py:161} INFO - Started process (PID=404) to work on /home/airflow/.local/lib/python3.8/site-packages/airflow/example_dags/example_complex.py
[2024-03-06T14:36:56.118+0000] {processor.py:830} INFO - Processing file /home/airflow/.local/lib/python3.8/site-packages/airflow/example_dags/example_complex.py for tasks to queue
[2024-03-06T14:36:56.120+0000] {logging_mixin.py:188} INFO - [2024-03-06T14:36:56.120+0000] {dagbag.py:540} INFO - Filling up the DagBag from /home/airflow/.local/lib/python3.8/site-packages/airflow/example_dags/example_complex.py
[2024-03-06T14:36:56.130+0000] {processor.py:840} INFO - DAG(s) 'example_complex' retrieved from /home/airflow/.local/lib/python3.8/site-packages/airflow/example_dags/example_complex.py
[2024-03-06T14:36:56.162+0000] {logging_mixin.py:188} INFO - [2024-03-06T14:36:56.161+0000] {dag.py:3047} INFO - Sync 1 DAGs
[2024-03-06T14:36:56.177+0000] {logging_mixin.py:188} INFO - [2024-03-06T14:36:56.177+0000] {dag.py:3834} INFO - Setting next_dagrun for example_complex to None, run_after=None
[2024-03-06T14:36:56.200+0000] {processor.py:183} INFO - Processing /home/airflow/.local/lib/python3.8/site-packages/airflow/example_dags/example_complex.py took 0.086 seconds
[2024-03-06T14:37:26.827+0000] {processor.py:161} INFO - Started process (PID=459) to work on /home/airflow/.local/lib/python3.8/site-packages/airflow/example_dags/example_complex.py
[2024-03-06T14:37:26.828+0000] {processor.py:830} INFO - Processing file /home/airflow/.local/lib/python3.8/site-packages/airflow/example_dags/example_complex.py for tasks to queue
[2024-03-06T14:37:26.829+0000] {logging_mixin.py:188} INFO - [2024-03-06T14:37:26.829+0000] {dagbag.py:540} INFO - Filling up the DagBag from /home/airflow/.local/lib/python3.8/site-packages/airflow/example_dags/example_complex.py
[2024-03-06T14:37:26.839+0000] {processor.py:840} INFO - DAG(s) 'example_complex' retrieved from /home/airflow/.local/lib/python3.8/site-packages/airflow/example_dags/example_complex.py
[2024-03-06T14:37:26.866+0000] {logging_mixin.py:188} INFO - [2024-03-06T14:37:26.866+0000] {dag.py:3047} INFO - Sync 1 DAGs
[2024-03-06T14:37:26.877+0000] {logging_mixin.py:188} INFO - [2024-03-06T14:37:26.877+0000] {dag.py:3834} INFO - Setting next_dagrun for example_complex to None, run_after=None
[2024-03-06T14:37:26.895+0000] {processor.py:183} INFO - Processing /home/airflow/.local/lib/python3.8/site-packages/airflow/example_dags/example_complex.py took 0.071 seconds
[2024-03-06T14:37:57.003+0000] {processor.py:161} INFO - Started process (PID=514) to work on /home/airflow/.local/lib/python3.8/site-packages/airflow/example_dags/example_complex.py
[2024-03-06T14:37:57.004+0000] {processor.py:830} INFO - Processing file /home/airflow/.local/lib/python3.8/site-packages/airflow/example_dags/example_complex.py for tasks to queue
[2024-03-06T14:37:57.006+0000] {logging_mixin.py:188} INFO - [2024-03-06T14:37:57.006+0000] {dagbag.py:540} INFO - Filling up the DagBag from /home/airflow/.local/lib/python3.8/site-packages/airflow/example_dags/example_complex.py
[2024-03-06T14:37:57.016+0000] {processor.py:840} INFO - DAG(s) 'example_complex' retrieved from /home/airflow/.local/lib/python3.8/site-packages/airflow/example_dags/example_complex.py
[2024-03-06T14:37:57.043+0000] {logging_mixin.py:188} INFO - [2024-03-06T14:37:57.043+0000] {dag.py:3047} INFO - Sync 1 DAGs
[2024-03-06T14:37:57.054+0000] {logging_mixin.py:188} INFO - [2024-03-06T14:37:57.054+0000] {dag.py:3834} INFO - Setting next_dagrun for example_complex to None, run_after=None
[2024-03-06T14:37:57.073+0000] {processor.py:183} INFO - Processing /home/airflow/.local/lib/python3.8/site-packages/airflow/example_dags/example_complex.py took 0.072 seconds
[2024-03-06T14:38:27.578+0000] {processor.py:161} INFO - Started process (PID=569) to work on /home/airflow/.local/lib/python3.8/site-packages/airflow/example_dags/example_complex.py
[2024-03-06T14:38:27.579+0000] {processor.py:830} INFO - Processing file /home/airflow/.local/lib/python3.8/site-packages/airflow/example_dags/example_complex.py for tasks to queue
[2024-03-06T14:38:27.580+0000] {logging_mixin.py:188} INFO - [2024-03-06T14:38:27.580+0000] {dagbag.py:540} INFO - Filling up the DagBag from /home/airflow/.local/lib/python3.8/site-packages/airflow/example_dags/example_complex.py
[2024-03-06T14:38:27.591+0000] {processor.py:840} INFO - DAG(s) 'example_complex' retrieved from /home/airflow/.local/lib/python3.8/site-packages/airflow/example_dags/example_complex.py
[2024-03-06T14:38:27.621+0000] {logging_mixin.py:188} INFO - [2024-03-06T14:38:27.621+0000] {dag.py:3047} INFO - Sync 1 DAGs
[2024-03-06T14:38:27.632+0000] {logging_mixin.py:188} INFO - [2024-03-06T14:38:27.632+0000] {dag.py:3834} INFO - Setting next_dagrun for example_complex to None, run_after=None
[2024-03-06T14:38:27.649+0000] {processor.py:183} INFO - Processing /home/airflow/.local/lib/python3.8/site-packages/airflow/example_dags/example_complex.py took 0.074 seconds
[2024-03-06T14:38:57.881+0000] {processor.py:161} INFO - Started process (PID=624) to work on /home/airflow/.local/lib/python3.8/site-packages/airflow/example_dags/example_complex.py
[2024-03-06T14:38:57.882+0000] {processor.py:830} INFO - Processing file /home/airflow/.local/lib/python3.8/site-packages/airflow/example_dags/example_complex.py for tasks to queue
[2024-03-06T14:38:57.884+0000] {logging_mixin.py:188} INFO - [2024-03-06T14:38:57.884+0000] {dagbag.py:540} INFO - Filling up the DagBag from /home/airflow/.local/lib/python3.8/site-packages/airflow/example_dags/example_complex.py
[2024-03-06T14:38:57.895+0000] {processor.py:840} INFO - DAG(s) 'example_complex' retrieved from /home/airflow/.local/lib/python3.8/site-packages/airflow/example_dags/example_complex.py
[2024-03-06T14:38:57.905+0000] {logging_mixin.py:188} INFO - [2024-03-06T14:38:57.904+0000] {dag.py:3047} INFO - Sync 1 DAGs
[2024-03-06T14:38:57.923+0000] {logging_mixin.py:188} INFO - [2024-03-06T14:38:57.923+0000] {dag.py:3834} INFO - Setting next_dagrun for example_complex to None, run_after=None
[2024-03-06T14:38:57.942+0000] {processor.py:183} INFO - Processing /home/airflow/.local/lib/python3.8/site-packages/airflow/example_dags/example_complex.py took 0.065 seconds
[2024-03-06T14:39:29.038+0000] {processor.py:161} INFO - Started process (PID=679) to work on /home/airflow/.local/lib/python3.8/site-packages/airflow/example_dags/example_complex.py
[2024-03-06T14:39:29.039+0000] {processor.py:830} INFO - Processing file /home/airflow/.local/lib/python3.8/site-packages/airflow/example_dags/example_complex.py for tasks to queue
[2024-03-06T14:39:29.041+0000] {logging_mixin.py:188} INFO - [2024-03-06T14:39:29.040+0000] {dagbag.py:540} INFO - Filling up the DagBag from /home/airflow/.local/lib/python3.8/site-packages/airflow/example_dags/example_complex.py
[2024-03-06T14:39:29.052+0000] {processor.py:840} INFO - DAG(s) 'example_complex' retrieved from /home/airflow/.local/lib/python3.8/site-packages/airflow/example_dags/example_complex.py
[2024-03-06T14:39:29.167+0000] {logging_mixin.py:188} INFO - [2024-03-06T14:39:29.167+0000] {dag.py:3047} INFO - Sync 1 DAGs
[2024-03-06T14:39:29.179+0000] {logging_mixin.py:188} INFO - [2024-03-06T14:39:29.179+0000] {dag.py:3834} INFO - Setting next_dagrun for example_complex to None, run_after=None
[2024-03-06T14:39:29.199+0000] {processor.py:183} INFO - Processing /home/airflow/.local/lib/python3.8/site-packages/airflow/example_dags/example_complex.py took 0.164 seconds
[2024-03-06T14:43:28.566+0000] {processor.py:161} INFO - Started process (PID=74) to work on /home/airflow/.local/lib/python3.8/site-packages/airflow/example_dags/example_complex.py
[2024-03-06T14:43:28.567+0000] {processor.py:830} INFO - Processing file /home/airflow/.local/lib/python3.8/site-packages/airflow/example_dags/example_complex.py for tasks to queue
[2024-03-06T14:43:28.568+0000] {logging_mixin.py:188} INFO - [2024-03-06T14:43:28.568+0000] {dagbag.py:540} INFO - Filling up the DagBag from /home/airflow/.local/lib/python3.8/site-packages/airflow/example_dags/example_complex.py
[2024-03-06T14:43:28.579+0000] {processor.py:840} INFO - DAG(s) 'example_complex' retrieved from /home/airflow/.local/lib/python3.8/site-packages/airflow/example_dags/example_complex.py
[2024-03-06T14:43:28.691+0000] {logging_mixin.py:188} INFO - [2024-03-06T14:43:28.690+0000] {override.py:1769} INFO - Created Permission View: can delete on DAG:example_complex
[2024-03-06T14:43:28.704+0000] {logging_mixin.py:188} INFO - [2024-03-06T14:43:28.703+0000] {override.py:1769} INFO - Created Permission View: can read on DAG:example_complex
[2024-03-06T14:43:28.713+0000] {logging_mixin.py:188} INFO - [2024-03-06T14:43:28.713+0000] {override.py:1769} INFO - Created Permission View: can edit on DAG:example_complex
[2024-03-06T14:43:28.714+0000] {logging_mixin.py:188} INFO - [2024-03-06T14:43:28.714+0000] {dag.py:3047} INFO - Sync 1 DAGs
[2024-03-06T14:43:28.729+0000] {logging_mixin.py:188} INFO - [2024-03-06T14:43:28.729+0000] {dag.py:3069} INFO - Creating ORM DAG for example_complex
[2024-03-06T14:43:28.730+0000] {logging_mixin.py:188} INFO - [2024-03-06T14:43:28.730+0000] {dag.py:3834} INFO - Setting next_dagrun for example_complex to None, run_after=None
[2024-03-06T14:43:28.752+0000] {processor.py:183} INFO - Processing /home/airflow/.local/lib/python3.8/site-packages/airflow/example_dags/example_complex.py took 0.189 seconds
[2024-03-06T14:43:58.808+0000] {processor.py:161} INFO - Started process (PID=129) to work on /home/airflow/.local/lib/python3.8/site-packages/airflow/example_dags/example_complex.py
[2024-03-06T14:43:58.815+0000] {processor.py:830} INFO - Processing file /home/airflow/.local/lib/python3.8/site-packages/airflow/example_dags/example_complex.py for tasks to queue
[2024-03-06T14:43:58.818+0000] {logging_mixin.py:188} INFO - [2024-03-06T14:43:58.817+0000] {dagbag.py:540} INFO - Filling up the DagBag from /home/airflow/.local/lib/python3.8/site-packages/airflow/example_dags/example_complex.py
[2024-03-06T14:43:58.846+0000] {processor.py:840} INFO - DAG(s) 'example_complex' retrieved from /home/airflow/.local/lib/python3.8/site-packages/airflow/example_dags/example_complex.py
[2024-03-06T14:43:58.908+0000] {logging_mixin.py:188} INFO - [2024-03-06T14:43:58.908+0000] {dag.py:3047} INFO - Sync 1 DAGs
[2024-03-06T14:43:58.926+0000] {logging_mixin.py:188} INFO - [2024-03-06T14:43:58.925+0000] {dag.py:3834} INFO - Setting next_dagrun for example_complex to None, run_after=None
[2024-03-06T14:43:58.957+0000] {processor.py:183} INFO - Processing /home/airflow/.local/lib/python3.8/site-packages/airflow/example_dags/example_complex.py took 0.153 seconds
[2024-03-06T14:44:29.783+0000] {processor.py:161} INFO - Started process (PID=184) to work on /home/airflow/.local/lib/python3.8/site-packages/airflow/example_dags/example_complex.py
[2024-03-06T14:44:29.784+0000] {processor.py:830} INFO - Processing file /home/airflow/.local/lib/python3.8/site-packages/airflow/example_dags/example_complex.py for tasks to queue
[2024-03-06T14:44:29.785+0000] {logging_mixin.py:188} INFO - [2024-03-06T14:44:29.785+0000] {dagbag.py:540} INFO - Filling up the DagBag from /home/airflow/.local/lib/python3.8/site-packages/airflow/example_dags/example_complex.py
[2024-03-06T14:44:29.797+0000] {processor.py:840} INFO - DAG(s) 'example_complex' retrieved from /home/airflow/.local/lib/python3.8/site-packages/airflow/example_dags/example_complex.py
[2024-03-06T14:44:29.824+0000] {logging_mixin.py:188} INFO - [2024-03-06T14:44:29.824+0000] {dag.py:3047} INFO - Sync 1 DAGs
[2024-03-06T14:44:29.836+0000] {logging_mixin.py:188} INFO - [2024-03-06T14:44:29.836+0000] {dag.py:3834} INFO - Setting next_dagrun for example_complex to None, run_after=None
[2024-03-06T14:44:29.855+0000] {processor.py:183} INFO - Processing /home/airflow/.local/lib/python3.8/site-packages/airflow/example_dags/example_complex.py took 0.075 seconds
[2024-03-06T14:45:00.261+0000] {processor.py:161} INFO - Started process (PID=239) to work on /home/airflow/.local/lib/python3.8/site-packages/airflow/example_dags/example_complex.py
[2024-03-06T14:45:00.262+0000] {processor.py:830} INFO - Processing file /home/airflow/.local/lib/python3.8/site-packages/airflow/example_dags/example_complex.py for tasks to queue
[2024-03-06T14:45:00.264+0000] {logging_mixin.py:188} INFO - [2024-03-06T14:45:00.264+0000] {dagbag.py:540} INFO - Filling up the DagBag from /home/airflow/.local/lib/python3.8/site-packages/airflow/example_dags/example_complex.py
[2024-03-06T14:45:00.274+0000] {processor.py:840} INFO - DAG(s) 'example_complex' retrieved from /home/airflow/.local/lib/python3.8/site-packages/airflow/example_dags/example_complex.py
[2024-03-06T14:45:00.304+0000] {logging_mixin.py:188} INFO - [2024-03-06T14:45:00.304+0000] {dag.py:3047} INFO - Sync 1 DAGs
[2024-03-06T14:45:00.315+0000] {logging_mixin.py:188} INFO - [2024-03-06T14:45:00.315+0000] {dag.py:3834} INFO - Setting next_dagrun for example_complex to None, run_after=None
[2024-03-06T14:45:00.336+0000] {processor.py:183} INFO - Processing /home/airflow/.local/lib/python3.8/site-packages/airflow/example_dags/example_complex.py took 0.078 seconds
[2024-03-06T14:45:30.809+0000] {processor.py:161} INFO - Started process (PID=294) to work on /home/airflow/.local/lib/python3.8/site-packages/airflow/example_dags/example_complex.py
[2024-03-06T14:45:30.810+0000] {processor.py:830} INFO - Processing file /home/airflow/.local/lib/python3.8/site-packages/airflow/example_dags/example_complex.py for tasks to queue
[2024-03-06T14:45:30.812+0000] {logging_mixin.py:188} INFO - [2024-03-06T14:45:30.812+0000] {dagbag.py:540} INFO - Filling up the DagBag from /home/airflow/.local/lib/python3.8/site-packages/airflow/example_dags/example_complex.py
[2024-03-06T14:45:30.823+0000] {processor.py:840} INFO - DAG(s) 'example_complex' retrieved from /home/airflow/.local/lib/python3.8/site-packages/airflow/example_dags/example_complex.py
[2024-03-06T14:45:30.854+0000] {logging_mixin.py:188} INFO - [2024-03-06T14:45:30.854+0000] {dag.py:3047} INFO - Sync 1 DAGs
[2024-03-06T14:45:30.868+0000] {logging_mixin.py:188} INFO - [2024-03-06T14:45:30.868+0000] {dag.py:3834} INFO - Setting next_dagrun for example_complex to None, run_after=None
[2024-03-06T14:45:30.891+0000] {processor.py:183} INFO - Processing /home/airflow/.local/lib/python3.8/site-packages/airflow/example_dags/example_complex.py took 0.086 seconds
[2024-03-06T14:46:01.481+0000] {processor.py:161} INFO - Started process (PID=349) to work on /home/airflow/.local/lib/python3.8/site-packages/airflow/example_dags/example_complex.py
[2024-03-06T14:46:01.482+0000] {processor.py:830} INFO - Processing file /home/airflow/.local/lib/python3.8/site-packages/airflow/example_dags/example_complex.py for tasks to queue
[2024-03-06T14:46:01.483+0000] {logging_mixin.py:188} INFO - [2024-03-06T14:46:01.483+0000] {dagbag.py:540} INFO - Filling up the DagBag from /home/airflow/.local/lib/python3.8/site-packages/airflow/example_dags/example_complex.py
[2024-03-06T14:46:01.494+0000] {processor.py:840} INFO - DAG(s) 'example_complex' retrieved from /home/airflow/.local/lib/python3.8/site-packages/airflow/example_dags/example_complex.py
[2024-03-06T14:46:01.506+0000] {logging_mixin.py:188} INFO - [2024-03-06T14:46:01.505+0000] {dag.py:3047} INFO - Sync 1 DAGs
[2024-03-06T14:46:01.520+0000] {logging_mixin.py:188} INFO - [2024-03-06T14:46:01.519+0000] {dag.py:3834} INFO - Setting next_dagrun for example_complex to None, run_after=None
[2024-03-06T14:46:01.541+0000] {processor.py:183} INFO - Processing /home/airflow/.local/lib/python3.8/site-packages/airflow/example_dags/example_complex.py took 0.064 seconds
