[2024-03-06T14:33:50.282+0000] {processor.py:161} INFO - Started process (PID=67) to work on /home/airflow/.local/lib/python3.8/site-packages/airflow/example_dags/example_task_group.py
[2024-03-06T14:33:50.283+0000] {processor.py:830} INFO - Processing file /home/airflow/.local/lib/python3.8/site-packages/airflow/example_dags/example_task_group.py for tasks to queue
[2024-03-06T14:33:50.285+0000] {logging_mixin.py:188} INFO - [2024-03-06T14:33:50.285+0000] {dagbag.py:540} INFO - Filling up the DagBag from /home/airflow/.local/lib/python3.8/site-packages/airflow/example_dags/example_task_group.py
[2024-03-06T14:33:50.294+0000] {processor.py:840} INFO - DAG(s) 'example_task_group' retrieved from /home/airflow/.local/lib/python3.8/site-packages/airflow/example_dags/example_task_group.py
[2024-03-06T14:33:50.305+0000] {logging_mixin.py:188} INFO - [2024-03-06T14:33:50.304+0000] {dag.py:3047} INFO - Sync 1 DAGs
[2024-03-06T14:33:50.334+0000] {logging_mixin.py:188} INFO - [2024-03-06T14:33:50.333+0000] {dag.py:3834} INFO - Setting next_dagrun for example_task_group to 2024-03-05 00:00:00+00:00, run_after=2024-03-06 00:00:00+00:00
[2024-03-06T14:33:50.357+0000] {processor.py:183} INFO - Processing /home/airflow/.local/lib/python3.8/site-packages/airflow/example_dags/example_task_group.py took 0.078 seconds
[2024-03-06T14:34:22.067+0000] {processor.py:161} INFO - Started process (PID=122) to work on /home/airflow/.local/lib/python3.8/site-packages/airflow/example_dags/example_task_group.py
[2024-03-06T14:34:22.068+0000] {processor.py:830} INFO - Processing file /home/airflow/.local/lib/python3.8/site-packages/airflow/example_dags/example_task_group.py for tasks to queue
[2024-03-06T14:34:22.070+0000] {logging_mixin.py:188} INFO - [2024-03-06T14:34:22.070+0000] {dagbag.py:540} INFO - Filling up the DagBag from /home/airflow/.local/lib/python3.8/site-packages/airflow/example_dags/example_task_group.py
[2024-03-06T14:34:22.077+0000] {processor.py:840} INFO - DAG(s) 'example_task_group' retrieved from /home/airflow/.local/lib/python3.8/site-packages/airflow/example_dags/example_task_group.py
[2024-03-06T14:34:22.180+0000] {logging_mixin.py:188} INFO - [2024-03-06T14:34:22.180+0000] {dag.py:3047} INFO - Sync 1 DAGs
[2024-03-06T14:34:22.199+0000] {logging_mixin.py:188} INFO - [2024-03-06T14:34:22.198+0000] {dag.py:3834} INFO - Setting next_dagrun for example_task_group to 2024-03-05 00:00:00+00:00, run_after=2024-03-06 00:00:00+00:00
[2024-03-06T14:34:22.218+0000] {processor.py:183} INFO - Processing /home/airflow/.local/lib/python3.8/site-packages/airflow/example_dags/example_task_group.py took 0.154 seconds
[2024-03-06T14:34:52.826+0000] {processor.py:161} INFO - Started process (PID=177) to work on /home/airflow/.local/lib/python3.8/site-packages/airflow/example_dags/example_task_group.py
[2024-03-06T14:34:52.828+0000] {processor.py:830} INFO - Processing file /home/airflow/.local/lib/python3.8/site-packages/airflow/example_dags/example_task_group.py for tasks to queue
[2024-03-06T14:34:52.830+0000] {logging_mixin.py:188} INFO - [2024-03-06T14:34:52.829+0000] {dagbag.py:540} INFO - Filling up the DagBag from /home/airflow/.local/lib/python3.8/site-packages/airflow/example_dags/example_task_group.py
[2024-03-06T14:34:52.838+0000] {processor.py:840} INFO - DAG(s) 'example_task_group' retrieved from /home/airflow/.local/lib/python3.8/site-packages/airflow/example_dags/example_task_group.py
[2024-03-06T14:34:52.849+0000] {logging_mixin.py:188} INFO - [2024-03-06T14:34:52.849+0000] {dag.py:3047} INFO - Sync 1 DAGs
[2024-03-06T14:34:52.873+0000] {logging_mixin.py:188} INFO - [2024-03-06T14:34:52.872+0000] {dag.py:3834} INFO - Setting next_dagrun for example_task_group to 2024-03-05 00:00:00+00:00, run_after=2024-03-06 00:00:00+00:00
[2024-03-06T14:34:52.893+0000] {processor.py:183} INFO - Processing /home/airflow/.local/lib/python3.8/site-packages/airflow/example_dags/example_task_group.py took 0.072 seconds
[2024-03-06T14:35:23.697+0000] {processor.py:161} INFO - Started process (PID=232) to work on /home/airflow/.local/lib/python3.8/site-packages/airflow/example_dags/example_task_group.py
[2024-03-06T14:35:23.698+0000] {processor.py:830} INFO - Processing file /home/airflow/.local/lib/python3.8/site-packages/airflow/example_dags/example_task_group.py for tasks to queue
[2024-03-06T14:35:23.701+0000] {logging_mixin.py:188} INFO - [2024-03-06T14:35:23.700+0000] {dagbag.py:540} INFO - Filling up the DagBag from /home/airflow/.local/lib/python3.8/site-packages/airflow/example_dags/example_task_group.py
[2024-03-06T14:35:23.708+0000] {processor.py:840} INFO - DAG(s) 'example_task_group' retrieved from /home/airflow/.local/lib/python3.8/site-packages/airflow/example_dags/example_task_group.py
[2024-03-06T14:35:23.817+0000] {logging_mixin.py:188} INFO - [2024-03-06T14:35:23.816+0000] {dag.py:3047} INFO - Sync 1 DAGs
[2024-03-06T14:35:23.835+0000] {logging_mixin.py:188} INFO - [2024-03-06T14:35:23.835+0000] {dag.py:3834} INFO - Setting next_dagrun for example_task_group to 2024-03-05 00:00:00+00:00, run_after=2024-03-06 00:00:00+00:00
[2024-03-06T14:35:23.862+0000] {processor.py:183} INFO - Processing /home/airflow/.local/lib/python3.8/site-packages/airflow/example_dags/example_task_group.py took 0.170 seconds
[2024-03-06T14:35:54.389+0000] {processor.py:161} INFO - Started process (PID=287) to work on /home/airflow/.local/lib/python3.8/site-packages/airflow/example_dags/example_task_group.py
[2024-03-06T14:35:54.390+0000] {processor.py:830} INFO - Processing file /home/airflow/.local/lib/python3.8/site-packages/airflow/example_dags/example_task_group.py for tasks to queue
[2024-03-06T14:35:54.391+0000] {logging_mixin.py:188} INFO - [2024-03-06T14:35:54.391+0000] {dagbag.py:540} INFO - Filling up the DagBag from /home/airflow/.local/lib/python3.8/site-packages/airflow/example_dags/example_task_group.py
[2024-03-06T14:35:54.397+0000] {processor.py:840} INFO - DAG(s) 'example_task_group' retrieved from /home/airflow/.local/lib/python3.8/site-packages/airflow/example_dags/example_task_group.py
[2024-03-06T14:35:54.417+0000] {logging_mixin.py:188} INFO - [2024-03-06T14:35:54.417+0000] {dag.py:3047} INFO - Sync 1 DAGs
[2024-03-06T14:35:54.437+0000] {logging_mixin.py:188} INFO - [2024-03-06T14:35:54.437+0000] {dag.py:3834} INFO - Setting next_dagrun for example_task_group to 2024-03-05 00:00:00+00:00, run_after=2024-03-06 00:00:00+00:00
[2024-03-06T14:35:54.456+0000] {processor.py:183} INFO - Processing /home/airflow/.local/lib/python3.8/site-packages/airflow/example_dags/example_task_group.py took 0.070 seconds
[2024-03-06T14:36:25.158+0000] {processor.py:161} INFO - Started process (PID=342) to work on /home/airflow/.local/lib/python3.8/site-packages/airflow/example_dags/example_task_group.py
[2024-03-06T14:36:25.159+0000] {processor.py:830} INFO - Processing file /home/airflow/.local/lib/python3.8/site-packages/airflow/example_dags/example_task_group.py for tasks to queue
[2024-03-06T14:36:25.161+0000] {logging_mixin.py:188} INFO - [2024-03-06T14:36:25.161+0000] {dagbag.py:540} INFO - Filling up the DagBag from /home/airflow/.local/lib/python3.8/site-packages/airflow/example_dags/example_task_group.py
[2024-03-06T14:36:25.167+0000] {processor.py:840} INFO - DAG(s) 'example_task_group' retrieved from /home/airflow/.local/lib/python3.8/site-packages/airflow/example_dags/example_task_group.py
[2024-03-06T14:36:25.187+0000] {logging_mixin.py:188} INFO - [2024-03-06T14:36:25.187+0000] {dag.py:3047} INFO - Sync 1 DAGs
[2024-03-06T14:36:25.208+0000] {logging_mixin.py:188} INFO - [2024-03-06T14:36:25.208+0000] {dag.py:3834} INFO - Setting next_dagrun for example_task_group to 2024-03-05 00:00:00+00:00, run_after=2024-03-06 00:00:00+00:00
[2024-03-06T14:36:25.228+0000] {processor.py:183} INFO - Processing /home/airflow/.local/lib/python3.8/site-packages/airflow/example_dags/example_task_group.py took 0.074 seconds
[2024-03-06T14:36:55.728+0000] {processor.py:161} INFO - Started process (PID=397) to work on /home/airflow/.local/lib/python3.8/site-packages/airflow/example_dags/example_task_group.py
[2024-03-06T14:36:55.729+0000] {processor.py:830} INFO - Processing file /home/airflow/.local/lib/python3.8/site-packages/airflow/example_dags/example_task_group.py for tasks to queue
[2024-03-06T14:36:55.731+0000] {logging_mixin.py:188} INFO - [2024-03-06T14:36:55.730+0000] {dagbag.py:540} INFO - Filling up the DagBag from /home/airflow/.local/lib/python3.8/site-packages/airflow/example_dags/example_task_group.py
[2024-03-06T14:36:55.738+0000] {processor.py:840} INFO - DAG(s) 'example_task_group' retrieved from /home/airflow/.local/lib/python3.8/site-packages/airflow/example_dags/example_task_group.py
[2024-03-06T14:36:55.760+0000] {logging_mixin.py:188} INFO - [2024-03-06T14:36:55.760+0000] {dag.py:3047} INFO - Sync 1 DAGs
[2024-03-06T14:36:55.785+0000] {logging_mixin.py:188} INFO - [2024-03-06T14:36:55.785+0000] {dag.py:3834} INFO - Setting next_dagrun for example_task_group to 2024-03-05 00:00:00+00:00, run_after=2024-03-06 00:00:00+00:00
[2024-03-06T14:36:55.810+0000] {processor.py:183} INFO - Processing /home/airflow/.local/lib/python3.8/site-packages/airflow/example_dags/example_task_group.py took 0.086 seconds
[2024-03-06T14:37:26.505+0000] {processor.py:161} INFO - Started process (PID=452) to work on /home/airflow/.local/lib/python3.8/site-packages/airflow/example_dags/example_task_group.py
[2024-03-06T14:37:26.506+0000] {processor.py:830} INFO - Processing file /home/airflow/.local/lib/python3.8/site-packages/airflow/example_dags/example_task_group.py for tasks to queue
[2024-03-06T14:37:26.507+0000] {logging_mixin.py:188} INFO - [2024-03-06T14:37:26.507+0000] {dagbag.py:540} INFO - Filling up the DagBag from /home/airflow/.local/lib/python3.8/site-packages/airflow/example_dags/example_task_group.py
[2024-03-06T14:37:26.514+0000] {processor.py:840} INFO - DAG(s) 'example_task_group' retrieved from /home/airflow/.local/lib/python3.8/site-packages/airflow/example_dags/example_task_group.py
[2024-03-06T14:37:26.534+0000] {logging_mixin.py:188} INFO - [2024-03-06T14:37:26.534+0000] {dag.py:3047} INFO - Sync 1 DAGs
[2024-03-06T14:37:26.555+0000] {logging_mixin.py:188} INFO - [2024-03-06T14:37:26.555+0000] {dag.py:3834} INFO - Setting next_dagrun for example_task_group to 2024-03-05 00:00:00+00:00, run_after=2024-03-06 00:00:00+00:00
[2024-03-06T14:37:26.576+0000] {processor.py:183} INFO - Processing /home/airflow/.local/lib/python3.8/site-packages/airflow/example_dags/example_task_group.py took 0.074 seconds
[2024-03-06T14:37:56.676+0000] {processor.py:161} INFO - Started process (PID=507) to work on /home/airflow/.local/lib/python3.8/site-packages/airflow/example_dags/example_task_group.py
[2024-03-06T14:37:56.677+0000] {processor.py:830} INFO - Processing file /home/airflow/.local/lib/python3.8/site-packages/airflow/example_dags/example_task_group.py for tasks to queue
[2024-03-06T14:37:56.679+0000] {logging_mixin.py:188} INFO - [2024-03-06T14:37:56.679+0000] {dagbag.py:540} INFO - Filling up the DagBag from /home/airflow/.local/lib/python3.8/site-packages/airflow/example_dags/example_task_group.py
[2024-03-06T14:37:56.685+0000] {processor.py:840} INFO - DAG(s) 'example_task_group' retrieved from /home/airflow/.local/lib/python3.8/site-packages/airflow/example_dags/example_task_group.py
[2024-03-06T14:37:56.706+0000] {logging_mixin.py:188} INFO - [2024-03-06T14:37:56.706+0000] {dag.py:3047} INFO - Sync 1 DAGs
[2024-03-06T14:37:56.726+0000] {logging_mixin.py:188} INFO - [2024-03-06T14:37:56.726+0000] {dag.py:3834} INFO - Setting next_dagrun for example_task_group to 2024-03-05 00:00:00+00:00, run_after=2024-03-06 00:00:00+00:00
[2024-03-06T14:37:56.747+0000] {processor.py:183} INFO - Processing /home/airflow/.local/lib/python3.8/site-packages/airflow/example_dags/example_task_group.py took 0.073 seconds
[2024-03-06T14:38:27.248+0000] {processor.py:161} INFO - Started process (PID=562) to work on /home/airflow/.local/lib/python3.8/site-packages/airflow/example_dags/example_task_group.py
[2024-03-06T14:38:27.249+0000] {processor.py:830} INFO - Processing file /home/airflow/.local/lib/python3.8/site-packages/airflow/example_dags/example_task_group.py for tasks to queue
[2024-03-06T14:38:27.250+0000] {logging_mixin.py:188} INFO - [2024-03-06T14:38:27.250+0000] {dagbag.py:540} INFO - Filling up the DagBag from /home/airflow/.local/lib/python3.8/site-packages/airflow/example_dags/example_task_group.py
[2024-03-06T14:38:27.257+0000] {processor.py:840} INFO - DAG(s) 'example_task_group' retrieved from /home/airflow/.local/lib/python3.8/site-packages/airflow/example_dags/example_task_group.py
[2024-03-06T14:38:27.276+0000] {logging_mixin.py:188} INFO - [2024-03-06T14:38:27.276+0000] {dag.py:3047} INFO - Sync 1 DAGs
[2024-03-06T14:38:27.300+0000] {logging_mixin.py:188} INFO - [2024-03-06T14:38:27.300+0000] {dag.py:3834} INFO - Setting next_dagrun for example_task_group to 2024-03-05 00:00:00+00:00, run_after=2024-03-06 00:00:00+00:00
[2024-03-06T14:38:27.322+0000] {processor.py:183} INFO - Processing /home/airflow/.local/lib/python3.8/site-packages/airflow/example_dags/example_task_group.py took 0.077 seconds
[2024-03-06T14:38:57.555+0000] {processor.py:161} INFO - Started process (PID=617) to work on /home/airflow/.local/lib/python3.8/site-packages/airflow/example_dags/example_task_group.py
[2024-03-06T14:38:57.556+0000] {processor.py:830} INFO - Processing file /home/airflow/.local/lib/python3.8/site-packages/airflow/example_dags/example_task_group.py for tasks to queue
[2024-03-06T14:38:57.559+0000] {logging_mixin.py:188} INFO - [2024-03-06T14:38:57.558+0000] {dagbag.py:540} INFO - Filling up the DagBag from /home/airflow/.local/lib/python3.8/site-packages/airflow/example_dags/example_task_group.py
[2024-03-06T14:38:57.567+0000] {processor.py:840} INFO - DAG(s) 'example_task_group' retrieved from /home/airflow/.local/lib/python3.8/site-packages/airflow/example_dags/example_task_group.py
[2024-03-06T14:38:57.579+0000] {logging_mixin.py:188} INFO - [2024-03-06T14:38:57.579+0000] {dag.py:3047} INFO - Sync 1 DAGs
[2024-03-06T14:38:57.607+0000] {logging_mixin.py:188} INFO - [2024-03-06T14:38:57.607+0000] {dag.py:3834} INFO - Setting next_dagrun for example_task_group to 2024-03-05 00:00:00+00:00, run_after=2024-03-06 00:00:00+00:00
[2024-03-06T14:38:57.626+0000] {processor.py:183} INFO - Processing /home/airflow/.local/lib/python3.8/site-packages/airflow/example_dags/example_task_group.py took 0.075 seconds
[2024-03-06T14:39:28.348+0000] {processor.py:161} INFO - Started process (PID=672) to work on /home/airflow/.local/lib/python3.8/site-packages/airflow/example_dags/example_task_group.py
[2024-03-06T14:39:28.349+0000] {processor.py:830} INFO - Processing file /home/airflow/.local/lib/python3.8/site-packages/airflow/example_dags/example_task_group.py for tasks to queue
[2024-03-06T14:39:28.351+0000] {logging_mixin.py:188} INFO - [2024-03-06T14:39:28.351+0000] {dagbag.py:540} INFO - Filling up the DagBag from /home/airflow/.local/lib/python3.8/site-packages/airflow/example_dags/example_task_group.py
[2024-03-06T14:39:28.357+0000] {processor.py:840} INFO - DAG(s) 'example_task_group' retrieved from /home/airflow/.local/lib/python3.8/site-packages/airflow/example_dags/example_task_group.py
[2024-03-06T14:39:28.475+0000] {logging_mixin.py:188} INFO - [2024-03-06T14:39:28.475+0000] {dag.py:3047} INFO - Sync 1 DAGs
[2024-03-06T14:39:28.497+0000] {logging_mixin.py:188} INFO - [2024-03-06T14:39:28.497+0000] {dag.py:3834} INFO - Setting next_dagrun for example_task_group to 2024-03-05 00:00:00+00:00, run_after=2024-03-06 00:00:00+00:00
[2024-03-06T14:39:28.519+0000] {processor.py:183} INFO - Processing /home/airflow/.local/lib/python3.8/site-packages/airflow/example_dags/example_task_group.py took 0.173 seconds
[2024-03-06T14:43:27.980+0000] {processor.py:161} INFO - Started process (PID=67) to work on /home/airflow/.local/lib/python3.8/site-packages/airflow/example_dags/example_task_group.py
[2024-03-06T14:43:27.981+0000] {processor.py:830} INFO - Processing file /home/airflow/.local/lib/python3.8/site-packages/airflow/example_dags/example_task_group.py for tasks to queue
[2024-03-06T14:43:27.983+0000] {logging_mixin.py:188} INFO - [2024-03-06T14:43:27.983+0000] {dagbag.py:540} INFO - Filling up the DagBag from /home/airflow/.local/lib/python3.8/site-packages/airflow/example_dags/example_task_group.py
[2024-03-06T14:43:27.990+0000] {processor.py:840} INFO - DAG(s) 'example_task_group' retrieved from /home/airflow/.local/lib/python3.8/site-packages/airflow/example_dags/example_task_group.py
[2024-03-06T14:43:28.083+0000] {logging_mixin.py:188} INFO - [2024-03-06T14:43:28.082+0000] {override.py:1769} INFO - Created Permission View: can delete on DAG:example_task_group
[2024-03-06T14:43:28.092+0000] {logging_mixin.py:188} INFO - [2024-03-06T14:43:28.092+0000] {override.py:1769} INFO - Created Permission View: can read on DAG:example_task_group
[2024-03-06T14:43:28.099+0000] {logging_mixin.py:188} INFO - [2024-03-06T14:43:28.099+0000] {override.py:1769} INFO - Created Permission View: can edit on DAG:example_task_group
[2024-03-06T14:43:28.100+0000] {logging_mixin.py:188} INFO - [2024-03-06T14:43:28.100+0000] {dag.py:3047} INFO - Sync 1 DAGs
[2024-03-06T14:43:28.110+0000] {logging_mixin.py:188} INFO - [2024-03-06T14:43:28.109+0000] {dag.py:3069} INFO - Creating ORM DAG for example_task_group
[2024-03-06T14:43:28.118+0000] {logging_mixin.py:188} INFO - [2024-03-06T14:43:28.118+0000] {dag.py:3834} INFO - Setting next_dagrun for example_task_group to 2024-03-05 00:00:00+00:00, run_after=2024-03-06 00:00:00+00:00
[2024-03-06T14:43:28.134+0000] {processor.py:183} INFO - Processing /home/airflow/.local/lib/python3.8/site-packages/airflow/example_dags/example_task_group.py took 0.156 seconds
[2024-03-06T14:43:58.205+0000] {processor.py:161} INFO - Started process (PID=122) to work on /home/airflow/.local/lib/python3.8/site-packages/airflow/example_dags/example_task_group.py
[2024-03-06T14:43:58.206+0000] {processor.py:830} INFO - Processing file /home/airflow/.local/lib/python3.8/site-packages/airflow/example_dags/example_task_group.py for tasks to queue
[2024-03-06T14:43:58.208+0000] {logging_mixin.py:188} INFO - [2024-03-06T14:43:58.208+0000] {dagbag.py:540} INFO - Filling up the DagBag from /home/airflow/.local/lib/python3.8/site-packages/airflow/example_dags/example_task_group.py
[2024-03-06T14:43:58.215+0000] {processor.py:840} INFO - DAG(s) 'example_task_group' retrieved from /home/airflow/.local/lib/python3.8/site-packages/airflow/example_dags/example_task_group.py
[2024-03-06T14:43:58.237+0000] {logging_mixin.py:188} INFO - [2024-03-06T14:43:58.237+0000] {dag.py:3047} INFO - Sync 1 DAGs
[2024-03-06T14:43:58.266+0000] {logging_mixin.py:188} INFO - [2024-03-06T14:43:58.265+0000] {dag.py:3834} INFO - Setting next_dagrun for example_task_group to 2024-03-05 00:00:00+00:00, run_after=2024-03-06 00:00:00+00:00
[2024-03-06T14:43:58.283+0000] {processor.py:183} INFO - Processing /home/airflow/.local/lib/python3.8/site-packages/airflow/example_dags/example_task_group.py took 0.082 seconds
[2024-03-06T14:44:28.493+0000] {processor.py:161} INFO - Started process (PID=177) to work on /home/airflow/.local/lib/python3.8/site-packages/airflow/example_dags/example_task_group.py
[2024-03-06T14:44:28.495+0000] {processor.py:830} INFO - Processing file /home/airflow/.local/lib/python3.8/site-packages/airflow/example_dags/example_task_group.py for tasks to queue
[2024-03-06T14:44:28.496+0000] {logging_mixin.py:188} INFO - [2024-03-06T14:44:28.496+0000] {dagbag.py:540} INFO - Filling up the DagBag from /home/airflow/.local/lib/python3.8/site-packages/airflow/example_dags/example_task_group.py
[2024-03-06T14:44:28.503+0000] {processor.py:840} INFO - DAG(s) 'example_task_group' retrieved from /home/airflow/.local/lib/python3.8/site-packages/airflow/example_dags/example_task_group.py
[2024-03-06T14:44:28.524+0000] {logging_mixin.py:188} INFO - [2024-03-06T14:44:28.524+0000] {dag.py:3047} INFO - Sync 1 DAGs
[2024-03-06T14:44:28.547+0000] {logging_mixin.py:188} INFO - [2024-03-06T14:44:28.547+0000] {dag.py:3834} INFO - Setting next_dagrun for example_task_group to 2024-03-05 00:00:00+00:00, run_after=2024-03-06 00:00:00+00:00
[2024-03-06T14:44:28.569+0000] {processor.py:183} INFO - Processing /home/airflow/.local/lib/python3.8/site-packages/airflow/example_dags/example_task_group.py took 0.079 seconds
[2024-03-06T14:44:58.985+0000] {processor.py:161} INFO - Started process (PID=232) to work on /home/airflow/.local/lib/python3.8/site-packages/airflow/example_dags/example_task_group.py
[2024-03-06T14:44:58.986+0000] {processor.py:830} INFO - Processing file /home/airflow/.local/lib/python3.8/site-packages/airflow/example_dags/example_task_group.py for tasks to queue
[2024-03-06T14:44:58.988+0000] {logging_mixin.py:188} INFO - [2024-03-06T14:44:58.988+0000] {dagbag.py:540} INFO - Filling up the DagBag from /home/airflow/.local/lib/python3.8/site-packages/airflow/example_dags/example_task_group.py
[2024-03-06T14:44:58.994+0000] {processor.py:840} INFO - DAG(s) 'example_task_group' retrieved from /home/airflow/.local/lib/python3.8/site-packages/airflow/example_dags/example_task_group.py
[2024-03-06T14:44:59.014+0000] {logging_mixin.py:188} INFO - [2024-03-06T14:44:59.014+0000] {dag.py:3047} INFO - Sync 1 DAGs
[2024-03-06T14:44:59.034+0000] {logging_mixin.py:188} INFO - [2024-03-06T14:44:59.034+0000] {dag.py:3834} INFO - Setting next_dagrun for example_task_group to 2024-03-05 00:00:00+00:00, run_after=2024-03-06 00:00:00+00:00
[2024-03-06T14:44:59.053+0000] {processor.py:183} INFO - Processing /home/airflow/.local/lib/python3.8/site-packages/airflow/example_dags/example_task_group.py took 0.071 seconds
[2024-03-06T14:45:29.537+0000] {processor.py:161} INFO - Started process (PID=287) to work on /home/airflow/.local/lib/python3.8/site-packages/airflow/example_dags/example_task_group.py
[2024-03-06T14:45:29.538+0000] {processor.py:830} INFO - Processing file /home/airflow/.local/lib/python3.8/site-packages/airflow/example_dags/example_task_group.py for tasks to queue
[2024-03-06T14:45:29.540+0000] {logging_mixin.py:188} INFO - [2024-03-06T14:45:29.539+0000] {dagbag.py:540} INFO - Filling up the DagBag from /home/airflow/.local/lib/python3.8/site-packages/airflow/example_dags/example_task_group.py
[2024-03-06T14:45:29.546+0000] {processor.py:840} INFO - DAG(s) 'example_task_group' retrieved from /home/airflow/.local/lib/python3.8/site-packages/airflow/example_dags/example_task_group.py
[2024-03-06T14:45:29.566+0000] {logging_mixin.py:188} INFO - [2024-03-06T14:45:29.566+0000] {dag.py:3047} INFO - Sync 1 DAGs
[2024-03-06T14:45:29.588+0000] {logging_mixin.py:188} INFO - [2024-03-06T14:45:29.587+0000] {dag.py:3834} INFO - Setting next_dagrun for example_task_group to 2024-03-05 00:00:00+00:00, run_after=2024-03-06 00:00:00+00:00
[2024-03-06T14:45:29.609+0000] {processor.py:183} INFO - Processing /home/airflow/.local/lib/python3.8/site-packages/airflow/example_dags/example_task_group.py took 0.075 seconds
[2024-03-06T14:46:00.233+0000] {processor.py:161} INFO - Started process (PID=342) to work on /home/airflow/.local/lib/python3.8/site-packages/airflow/example_dags/example_task_group.py
[2024-03-06T14:46:00.234+0000] {processor.py:830} INFO - Processing file /home/airflow/.local/lib/python3.8/site-packages/airflow/example_dags/example_task_group.py for tasks to queue
[2024-03-06T14:46:00.236+0000] {logging_mixin.py:188} INFO - [2024-03-06T14:46:00.235+0000] {dagbag.py:540} INFO - Filling up the DagBag from /home/airflow/.local/lib/python3.8/site-packages/airflow/example_dags/example_task_group.py
[2024-03-06T14:46:00.244+0000] {processor.py:840} INFO - DAG(s) 'example_task_group' retrieved from /home/airflow/.local/lib/python3.8/site-packages/airflow/example_dags/example_task_group.py
[2024-03-06T14:46:00.256+0000] {logging_mixin.py:188} INFO - [2024-03-06T14:46:00.256+0000] {dag.py:3047} INFO - Sync 1 DAGs
[2024-03-06T14:46:00.283+0000] {logging_mixin.py:188} INFO - [2024-03-06T14:46:00.283+0000] {dag.py:3834} INFO - Setting next_dagrun for example_task_group to 2024-03-05 00:00:00+00:00, run_after=2024-03-06 00:00:00+00:00
[2024-03-06T14:46:00.303+0000] {processor.py:183} INFO - Processing /home/airflow/.local/lib/python3.8/site-packages/airflow/example_dags/example_task_group.py took 0.074 seconds
