[2024-03-06T14:33:47.995+0000] {processor.py:161} INFO - Started process (PID=35) to work on /home/airflow/.local/lib/python3.8/site-packages/airflow/example_dags/example_trigger_controller_dag.py
[2024-03-06T14:33:47.996+0000] {processor.py:830} INFO - Processing file /home/airflow/.local/lib/python3.8/site-packages/airflow/example_dags/example_trigger_controller_dag.py for tasks to queue
[2024-03-06T14:33:48.000+0000] {logging_mixin.py:188} INFO - [2024-03-06T14:33:47.998+0000] {dagbag.py:540} INFO - Filling up the DagBag from /home/airflow/.local/lib/python3.8/site-packages/airflow/example_dags/example_trigger_controller_dag.py
[2024-03-06T14:33:48.016+0000] {processor.py:840} INFO - DAG(s) 'example_trigger_controller_dag' retrieved from /home/airflow/.local/lib/python3.8/site-packages/airflow/example_dags/example_trigger_controller_dag.py
[2024-03-06T14:33:48.094+0000] {logging_mixin.py:188} INFO - [2024-03-06T14:33:48.093+0000] {dag.py:3047} INFO - Sync 1 DAGs
[2024-03-06T14:33:48.196+0000] {logging_mixin.py:188} INFO - [2024-03-06T14:33:48.195+0000] {dag.py:3834} INFO - Setting next_dagrun for example_trigger_controller_dag to 2021-01-01 00:00:00+00:00, run_after=2021-01-01 00:00:00+00:00
[2024-03-06T14:33:48.264+0000] {processor.py:183} INFO - Processing /home/airflow/.local/lib/python3.8/site-packages/airflow/example_dags/example_trigger_controller_dag.py took 0.272 seconds
[2024-03-06T14:34:19.221+0000] {processor.py:161} INFO - Started process (PID=90) to work on /home/airflow/.local/lib/python3.8/site-packages/airflow/example_dags/example_trigger_controller_dag.py
[2024-03-06T14:34:19.222+0000] {processor.py:830} INFO - Processing file /home/airflow/.local/lib/python3.8/site-packages/airflow/example_dags/example_trigger_controller_dag.py for tasks to queue
[2024-03-06T14:34:19.225+0000] {logging_mixin.py:188} INFO - [2024-03-06T14:34:19.224+0000] {dagbag.py:540} INFO - Filling up the DagBag from /home/airflow/.local/lib/python3.8/site-packages/airflow/example_dags/example_trigger_controller_dag.py
[2024-03-06T14:34:19.230+0000] {processor.py:840} INFO - DAG(s) 'example_trigger_controller_dag' retrieved from /home/airflow/.local/lib/python3.8/site-packages/airflow/example_dags/example_trigger_controller_dag.py
[2024-03-06T14:34:19.404+0000] {logging_mixin.py:188} INFO - [2024-03-06T14:34:19.404+0000] {dag.py:3047} INFO - Sync 1 DAGs
[2024-03-06T14:34:19.427+0000] {logging_mixin.py:188} INFO - [2024-03-06T14:34:19.426+0000] {dag.py:3834} INFO - Setting next_dagrun for example_trigger_controller_dag to 2021-01-01 00:00:00+00:00, run_after=2021-01-01 00:00:00+00:00
[2024-03-06T14:34:19.448+0000] {processor.py:183} INFO - Processing /home/airflow/.local/lib/python3.8/site-packages/airflow/example_dags/example_trigger_controller_dag.py took 0.231 seconds
[2024-03-06T14:34:49.702+0000] {processor.py:161} INFO - Started process (PID=145) to work on /home/airflow/.local/lib/python3.8/site-packages/airflow/example_dags/example_trigger_controller_dag.py
[2024-03-06T14:34:49.703+0000] {processor.py:830} INFO - Processing file /home/airflow/.local/lib/python3.8/site-packages/airflow/example_dags/example_trigger_controller_dag.py for tasks to queue
[2024-03-06T14:34:49.705+0000] {logging_mixin.py:188} INFO - [2024-03-06T14:34:49.705+0000] {dagbag.py:540} INFO - Filling up the DagBag from /home/airflow/.local/lib/python3.8/site-packages/airflow/example_dags/example_trigger_controller_dag.py
[2024-03-06T14:34:49.709+0000] {processor.py:840} INFO - DAG(s) 'example_trigger_controller_dag' retrieved from /home/airflow/.local/lib/python3.8/site-packages/airflow/example_dags/example_trigger_controller_dag.py
[2024-03-06T14:34:49.721+0000] {logging_mixin.py:188} INFO - [2024-03-06T14:34:49.721+0000] {dag.py:3047} INFO - Sync 1 DAGs
[2024-03-06T14:34:49.743+0000] {logging_mixin.py:188} INFO - [2024-03-06T14:34:49.743+0000] {dag.py:3834} INFO - Setting next_dagrun for example_trigger_controller_dag to 2021-01-01 00:00:00+00:00, run_after=2021-01-01 00:00:00+00:00
[2024-03-06T14:34:49.763+0000] {processor.py:183} INFO - Processing /home/airflow/.local/lib/python3.8/site-packages/airflow/example_dags/example_trigger_controller_dag.py took 0.064 seconds
[2024-03-06T14:35:19.850+0000] {processor.py:161} INFO - Started process (PID=200) to work on /home/airflow/.local/lib/python3.8/site-packages/airflow/example_dags/example_trigger_controller_dag.py
[2024-03-06T14:35:19.854+0000] {processor.py:830} INFO - Processing file /home/airflow/.local/lib/python3.8/site-packages/airflow/example_dags/example_trigger_controller_dag.py for tasks to queue
[2024-03-06T14:35:19.861+0000] {logging_mixin.py:188} INFO - [2024-03-06T14:35:19.860+0000] {dagbag.py:540} INFO - Filling up the DagBag from /home/airflow/.local/lib/python3.8/site-packages/airflow/example_dags/example_trigger_controller_dag.py
[2024-03-06T14:35:19.885+0000] {processor.py:840} INFO - DAG(s) 'example_trigger_controller_dag' retrieved from /home/airflow/.local/lib/python3.8/site-packages/airflow/example_dags/example_trigger_controller_dag.py
[2024-03-06T14:35:20.051+0000] {logging_mixin.py:188} INFO - [2024-03-06T14:35:20.051+0000] {dag.py:3047} INFO - Sync 1 DAGs
[2024-03-06T14:35:20.082+0000] {logging_mixin.py:188} INFO - [2024-03-06T14:35:20.082+0000] {dag.py:3834} INFO - Setting next_dagrun for example_trigger_controller_dag to 2021-01-01 00:00:00+00:00, run_after=2021-01-01 00:00:00+00:00
[2024-03-06T14:35:20.120+0000] {processor.py:183} INFO - Processing /home/airflow/.local/lib/python3.8/site-packages/airflow/example_dags/example_trigger_controller_dag.py took 0.292 seconds
[2024-03-06T14:35:50.651+0000] {processor.py:161} INFO - Started process (PID=255) to work on /home/airflow/.local/lib/python3.8/site-packages/airflow/example_dags/example_trigger_controller_dag.py
[2024-03-06T14:35:50.653+0000] {processor.py:830} INFO - Processing file /home/airflow/.local/lib/python3.8/site-packages/airflow/example_dags/example_trigger_controller_dag.py for tasks to queue
[2024-03-06T14:35:50.656+0000] {logging_mixin.py:188} INFO - [2024-03-06T14:35:50.655+0000] {dagbag.py:540} INFO - Filling up the DagBag from /home/airflow/.local/lib/python3.8/site-packages/airflow/example_dags/example_trigger_controller_dag.py
[2024-03-06T14:35:50.661+0000] {processor.py:840} INFO - DAG(s) 'example_trigger_controller_dag' retrieved from /home/airflow/.local/lib/python3.8/site-packages/airflow/example_dags/example_trigger_controller_dag.py
[2024-03-06T14:35:50.686+0000] {logging_mixin.py:188} INFO - [2024-03-06T14:35:50.683+0000] {dag.py:3047} INFO - Sync 1 DAGs
[2024-03-06T14:35:50.709+0000] {logging_mixin.py:188} INFO - [2024-03-06T14:35:50.709+0000] {dag.py:3834} INFO - Setting next_dagrun for example_trigger_controller_dag to 2021-01-01 00:00:00+00:00, run_after=2021-01-01 00:00:00+00:00
[2024-03-06T14:35:50.729+0000] {processor.py:183} INFO - Processing /home/airflow/.local/lib/python3.8/site-packages/airflow/example_dags/example_trigger_controller_dag.py took 0.081 seconds
[2024-03-06T14:36:21.506+0000] {processor.py:161} INFO - Started process (PID=310) to work on /home/airflow/.local/lib/python3.8/site-packages/airflow/example_dags/example_trigger_controller_dag.py
[2024-03-06T14:36:21.507+0000] {processor.py:830} INFO - Processing file /home/airflow/.local/lib/python3.8/site-packages/airflow/example_dags/example_trigger_controller_dag.py for tasks to queue
[2024-03-06T14:36:21.509+0000] {logging_mixin.py:188} INFO - [2024-03-06T14:36:21.509+0000] {dagbag.py:540} INFO - Filling up the DagBag from /home/airflow/.local/lib/python3.8/site-packages/airflow/example_dags/example_trigger_controller_dag.py
[2024-03-06T14:36:21.513+0000] {processor.py:840} INFO - DAG(s) 'example_trigger_controller_dag' retrieved from /home/airflow/.local/lib/python3.8/site-packages/airflow/example_dags/example_trigger_controller_dag.py
[2024-03-06T14:36:21.533+0000] {logging_mixin.py:188} INFO - [2024-03-06T14:36:21.532+0000] {dag.py:3047} INFO - Sync 1 DAGs
[2024-03-06T14:36:21.553+0000] {logging_mixin.py:188} INFO - [2024-03-06T14:36:21.553+0000] {dag.py:3834} INFO - Setting next_dagrun for example_trigger_controller_dag to 2021-01-01 00:00:00+00:00, run_after=2021-01-01 00:00:00+00:00
[2024-03-06T14:36:21.574+0000] {processor.py:183} INFO - Processing /home/airflow/.local/lib/python3.8/site-packages/airflow/example_dags/example_trigger_controller_dag.py took 0.071 seconds
[2024-03-06T14:36:52.024+0000] {processor.py:161} INFO - Started process (PID=365) to work on /home/airflow/.local/lib/python3.8/site-packages/airflow/example_dags/example_trigger_controller_dag.py
[2024-03-06T14:36:52.025+0000] {processor.py:830} INFO - Processing file /home/airflow/.local/lib/python3.8/site-packages/airflow/example_dags/example_trigger_controller_dag.py for tasks to queue
[2024-03-06T14:36:52.027+0000] {logging_mixin.py:188} INFO - [2024-03-06T14:36:52.027+0000] {dagbag.py:540} INFO - Filling up the DagBag from /home/airflow/.local/lib/python3.8/site-packages/airflow/example_dags/example_trigger_controller_dag.py
[2024-03-06T14:36:52.031+0000] {processor.py:840} INFO - DAG(s) 'example_trigger_controller_dag' retrieved from /home/airflow/.local/lib/python3.8/site-packages/airflow/example_dags/example_trigger_controller_dag.py
[2024-03-06T14:36:52.050+0000] {logging_mixin.py:188} INFO - [2024-03-06T14:36:52.050+0000] {dag.py:3047} INFO - Sync 1 DAGs
[2024-03-06T14:36:52.071+0000] {logging_mixin.py:188} INFO - [2024-03-06T14:36:52.070+0000] {dag.py:3834} INFO - Setting next_dagrun for example_trigger_controller_dag to 2021-01-01 00:00:00+00:00, run_after=2021-01-01 00:00:00+00:00
[2024-03-06T14:36:52.094+0000] {processor.py:183} INFO - Processing /home/airflow/.local/lib/python3.8/site-packages/airflow/example_dags/example_trigger_controller_dag.py took 0.073 seconds
[2024-03-06T14:37:22.636+0000] {processor.py:161} INFO - Started process (PID=420) to work on /home/airflow/.local/lib/python3.8/site-packages/airflow/example_dags/example_trigger_controller_dag.py
[2024-03-06T14:37:22.637+0000] {processor.py:830} INFO - Processing file /home/airflow/.local/lib/python3.8/site-packages/airflow/example_dags/example_trigger_controller_dag.py for tasks to queue
[2024-03-06T14:37:22.639+0000] {logging_mixin.py:188} INFO - [2024-03-06T14:37:22.639+0000] {dagbag.py:540} INFO - Filling up the DagBag from /home/airflow/.local/lib/python3.8/site-packages/airflow/example_dags/example_trigger_controller_dag.py
[2024-03-06T14:37:22.643+0000] {processor.py:840} INFO - DAG(s) 'example_trigger_controller_dag' retrieved from /home/airflow/.local/lib/python3.8/site-packages/airflow/example_dags/example_trigger_controller_dag.py
[2024-03-06T14:37:22.661+0000] {logging_mixin.py:188} INFO - [2024-03-06T14:37:22.661+0000] {dag.py:3047} INFO - Sync 1 DAGs
[2024-03-06T14:37:22.682+0000] {logging_mixin.py:188} INFO - [2024-03-06T14:37:22.681+0000] {dag.py:3834} INFO - Setting next_dagrun for example_trigger_controller_dag to 2021-01-01 00:00:00+00:00, run_after=2021-01-01 00:00:00+00:00
[2024-03-06T14:37:22.701+0000] {processor.py:183} INFO - Processing /home/airflow/.local/lib/python3.8/site-packages/airflow/example_dags/example_trigger_controller_dag.py took 0.068 seconds
[2024-03-06T14:37:52.721+0000] {processor.py:161} INFO - Started process (PID=475) to work on /home/airflow/.local/lib/python3.8/site-packages/airflow/example_dags/example_trigger_controller_dag.py
[2024-03-06T14:37:52.723+0000] {processor.py:830} INFO - Processing file /home/airflow/.local/lib/python3.8/site-packages/airflow/example_dags/example_trigger_controller_dag.py for tasks to queue
[2024-03-06T14:37:52.725+0000] {logging_mixin.py:188} INFO - [2024-03-06T14:37:52.725+0000] {dagbag.py:540} INFO - Filling up the DagBag from /home/airflow/.local/lib/python3.8/site-packages/airflow/example_dags/example_trigger_controller_dag.py
[2024-03-06T14:37:52.730+0000] {processor.py:840} INFO - DAG(s) 'example_trigger_controller_dag' retrieved from /home/airflow/.local/lib/python3.8/site-packages/airflow/example_dags/example_trigger_controller_dag.py
[2024-03-06T14:37:52.751+0000] {logging_mixin.py:188} INFO - [2024-03-06T14:37:52.750+0000] {dag.py:3047} INFO - Sync 1 DAGs
[2024-03-06T14:37:52.770+0000] {logging_mixin.py:188} INFO - [2024-03-06T14:37:52.770+0000] {dag.py:3834} INFO - Setting next_dagrun for example_trigger_controller_dag to 2021-01-01 00:00:00+00:00, run_after=2021-01-01 00:00:00+00:00
[2024-03-06T14:37:52.791+0000] {processor.py:183} INFO - Processing /home/airflow/.local/lib/python3.8/site-packages/airflow/example_dags/example_trigger_controller_dag.py took 0.072 seconds
[2024-03-06T14:38:23.537+0000] {processor.py:161} INFO - Started process (PID=530) to work on /home/airflow/.local/lib/python3.8/site-packages/airflow/example_dags/example_trigger_controller_dag.py
[2024-03-06T14:38:23.538+0000] {processor.py:830} INFO - Processing file /home/airflow/.local/lib/python3.8/site-packages/airflow/example_dags/example_trigger_controller_dag.py for tasks to queue
[2024-03-06T14:38:23.540+0000] {logging_mixin.py:188} INFO - [2024-03-06T14:38:23.540+0000] {dagbag.py:540} INFO - Filling up the DagBag from /home/airflow/.local/lib/python3.8/site-packages/airflow/example_dags/example_trigger_controller_dag.py
[2024-03-06T14:38:23.545+0000] {processor.py:840} INFO - DAG(s) 'example_trigger_controller_dag' retrieved from /home/airflow/.local/lib/python3.8/site-packages/airflow/example_dags/example_trigger_controller_dag.py
[2024-03-06T14:38:23.569+0000] {logging_mixin.py:188} INFO - [2024-03-06T14:38:23.569+0000] {dag.py:3047} INFO - Sync 1 DAGs
[2024-03-06T14:38:23.592+0000] {logging_mixin.py:188} INFO - [2024-03-06T14:38:23.592+0000] {dag.py:3834} INFO - Setting next_dagrun for example_trigger_controller_dag to 2021-01-01 00:00:00+00:00, run_after=2021-01-01 00:00:00+00:00
[2024-03-06T14:38:23.610+0000] {processor.py:183} INFO - Processing /home/airflow/.local/lib/python3.8/site-packages/airflow/example_dags/example_trigger_controller_dag.py took 0.076 seconds
[2024-03-06T14:38:54.107+0000] {processor.py:161} INFO - Started process (PID=585) to work on /home/airflow/.local/lib/python3.8/site-packages/airflow/example_dags/example_trigger_controller_dag.py
[2024-03-06T14:38:54.108+0000] {processor.py:830} INFO - Processing file /home/airflow/.local/lib/python3.8/site-packages/airflow/example_dags/example_trigger_controller_dag.py for tasks to queue
[2024-03-06T14:38:54.110+0000] {logging_mixin.py:188} INFO - [2024-03-06T14:38:54.109+0000] {dagbag.py:540} INFO - Filling up the DagBag from /home/airflow/.local/lib/python3.8/site-packages/airflow/example_dags/example_trigger_controller_dag.py
[2024-03-06T14:38:54.114+0000] {processor.py:840} INFO - DAG(s) 'example_trigger_controller_dag' retrieved from /home/airflow/.local/lib/python3.8/site-packages/airflow/example_dags/example_trigger_controller_dag.py
[2024-03-06T14:38:54.124+0000] {logging_mixin.py:188} INFO - [2024-03-06T14:38:54.124+0000] {dag.py:3047} INFO - Sync 1 DAGs
[2024-03-06T14:38:54.144+0000] {logging_mixin.py:188} INFO - [2024-03-06T14:38:54.144+0000] {dag.py:3834} INFO - Setting next_dagrun for example_trigger_controller_dag to 2021-01-01 00:00:00+00:00, run_after=2021-01-01 00:00:00+00:00
[2024-03-06T14:38:54.162+0000] {processor.py:183} INFO - Processing /home/airflow/.local/lib/python3.8/site-packages/airflow/example_dags/example_trigger_controller_dag.py took 0.058 seconds
[2024-03-06T14:39:24.455+0000] {processor.py:161} INFO - Started process (PID=640) to work on /home/airflow/.local/lib/python3.8/site-packages/airflow/example_dags/example_trigger_controller_dag.py
[2024-03-06T14:39:24.456+0000] {processor.py:830} INFO - Processing file /home/airflow/.local/lib/python3.8/site-packages/airflow/example_dags/example_trigger_controller_dag.py for tasks to queue
[2024-03-06T14:39:24.458+0000] {logging_mixin.py:188} INFO - [2024-03-06T14:39:24.458+0000] {dagbag.py:540} INFO - Filling up the DagBag from /home/airflow/.local/lib/python3.8/site-packages/airflow/example_dags/example_trigger_controller_dag.py
[2024-03-06T14:39:24.461+0000] {processor.py:840} INFO - DAG(s) 'example_trigger_controller_dag' retrieved from /home/airflow/.local/lib/python3.8/site-packages/airflow/example_dags/example_trigger_controller_dag.py
[2024-03-06T14:39:24.558+0000] {logging_mixin.py:188} INFO - [2024-03-06T14:39:24.558+0000] {dag.py:3047} INFO - Sync 1 DAGs
[2024-03-06T14:39:24.577+0000] {logging_mixin.py:188} INFO - [2024-03-06T14:39:24.577+0000] {dag.py:3834} INFO - Setting next_dagrun for example_trigger_controller_dag to 2021-01-01 00:00:00+00:00, run_after=2021-01-01 00:00:00+00:00
[2024-03-06T14:39:24.597+0000] {processor.py:183} INFO - Processing /home/airflow/.local/lib/python3.8/site-packages/airflow/example_dags/example_trigger_controller_dag.py took 0.146 seconds
[2024-03-06T14:43:24.497+0000] {processor.py:161} INFO - Started process (PID=35) to work on /home/airflow/.local/lib/python3.8/site-packages/airflow/example_dags/example_trigger_controller_dag.py
[2024-03-06T14:43:24.499+0000] {processor.py:830} INFO - Processing file /home/airflow/.local/lib/python3.8/site-packages/airflow/example_dags/example_trigger_controller_dag.py for tasks to queue
[2024-03-06T14:43:24.500+0000] {logging_mixin.py:188} INFO - [2024-03-06T14:43:24.500+0000] {dagbag.py:540} INFO - Filling up the DagBag from /home/airflow/.local/lib/python3.8/site-packages/airflow/example_dags/example_trigger_controller_dag.py
[2024-03-06T14:43:24.512+0000] {processor.py:840} INFO - DAG(s) 'example_trigger_controller_dag' retrieved from /home/airflow/.local/lib/python3.8/site-packages/airflow/example_dags/example_trigger_controller_dag.py
[2024-03-06T14:43:24.709+0000] {logging_mixin.py:188} INFO - [2024-03-06T14:43:24.708+0000] {override.py:1769} INFO - Created Permission View: can delete on DAG:example_trigger_controller_dag
[2024-03-06T14:43:24.718+0000] {logging_mixin.py:188} INFO - [2024-03-06T14:43:24.718+0000] {override.py:1769} INFO - Created Permission View: can read on DAG:example_trigger_controller_dag
[2024-03-06T14:43:24.726+0000] {logging_mixin.py:188} INFO - [2024-03-06T14:43:24.726+0000] {override.py:1769} INFO - Created Permission View: can edit on DAG:example_trigger_controller_dag
[2024-03-06T14:43:24.727+0000] {logging_mixin.py:188} INFO - [2024-03-06T14:43:24.726+0000] {dag.py:3047} INFO - Sync 1 DAGs
[2024-03-06T14:43:24.741+0000] {logging_mixin.py:188} INFO - [2024-03-06T14:43:24.741+0000] {dag.py:3069} INFO - Creating ORM DAG for example_trigger_controller_dag
[2024-03-06T14:43:24.750+0000] {logging_mixin.py:188} INFO - [2024-03-06T14:43:24.750+0000] {dag.py:3834} INFO - Setting next_dagrun for example_trigger_controller_dag to 2021-01-01 00:00:00+00:00, run_after=2021-01-01 00:00:00+00:00
[2024-03-06T14:43:24.767+0000] {processor.py:183} INFO - Processing /home/airflow/.local/lib/python3.8/site-packages/airflow/example_dags/example_trigger_controller_dag.py took 0.273 seconds
[2024-03-06T14:43:55.103+0000] {processor.py:161} INFO - Started process (PID=90) to work on /home/airflow/.local/lib/python3.8/site-packages/airflow/example_dags/example_trigger_controller_dag.py
[2024-03-06T14:43:55.110+0000] {processor.py:830} INFO - Processing file /home/airflow/.local/lib/python3.8/site-packages/airflow/example_dags/example_trigger_controller_dag.py for tasks to queue
[2024-03-06T14:43:55.112+0000] {logging_mixin.py:188} INFO - [2024-03-06T14:43:55.111+0000] {dagbag.py:540} INFO - Filling up the DagBag from /home/airflow/.local/lib/python3.8/site-packages/airflow/example_dags/example_trigger_controller_dag.py
[2024-03-06T14:43:55.116+0000] {processor.py:840} INFO - DAG(s) 'example_trigger_controller_dag' retrieved from /home/airflow/.local/lib/python3.8/site-packages/airflow/example_dags/example_trigger_controller_dag.py
[2024-03-06T14:43:55.134+0000] {logging_mixin.py:188} INFO - [2024-03-06T14:43:55.133+0000] {dag.py:3047} INFO - Sync 1 DAGs
[2024-03-06T14:43:55.155+0000] {logging_mixin.py:188} INFO - [2024-03-06T14:43:55.154+0000] {dag.py:3834} INFO - Setting next_dagrun for example_trigger_controller_dag to 2021-01-01 00:00:00+00:00, run_after=2021-01-01 00:00:00+00:00
[2024-03-06T14:43:55.175+0000] {processor.py:183} INFO - Processing /home/airflow/.local/lib/python3.8/site-packages/airflow/example_dags/example_trigger_controller_dag.py took 0.075 seconds
[2024-03-06T14:44:25.769+0000] {processor.py:161} INFO - Started process (PID=145) to work on /home/airflow/.local/lib/python3.8/site-packages/airflow/example_dags/example_trigger_controller_dag.py
[2024-03-06T14:44:25.776+0000] {processor.py:830} INFO - Processing file /home/airflow/.local/lib/python3.8/site-packages/airflow/example_dags/example_trigger_controller_dag.py for tasks to queue
[2024-03-06T14:44:25.777+0000] {logging_mixin.py:188} INFO - [2024-03-06T14:44:25.777+0000] {dagbag.py:540} INFO - Filling up the DagBag from /home/airflow/.local/lib/python3.8/site-packages/airflow/example_dags/example_trigger_controller_dag.py
[2024-03-06T14:44:25.781+0000] {processor.py:840} INFO - DAG(s) 'example_trigger_controller_dag' retrieved from /home/airflow/.local/lib/python3.8/site-packages/airflow/example_dags/example_trigger_controller_dag.py
[2024-03-06T14:44:25.799+0000] {logging_mixin.py:188} INFO - [2024-03-06T14:44:25.799+0000] {dag.py:3047} INFO - Sync 1 DAGs
[2024-03-06T14:44:25.817+0000] {logging_mixin.py:188} INFO - [2024-03-06T14:44:25.817+0000] {dag.py:3834} INFO - Setting next_dagrun for example_trigger_controller_dag to 2021-01-01 00:00:00+00:00, run_after=2021-01-01 00:00:00+00:00
[2024-03-06T14:44:25.836+0000] {processor.py:183} INFO - Processing /home/airflow/.local/lib/python3.8/site-packages/airflow/example_dags/example_trigger_controller_dag.py took 0.069 seconds
[2024-03-06T14:44:56.327+0000] {processor.py:161} INFO - Started process (PID=200) to work on /home/airflow/.local/lib/python3.8/site-packages/airflow/example_dags/example_trigger_controller_dag.py
[2024-03-06T14:44:56.329+0000] {processor.py:830} INFO - Processing file /home/airflow/.local/lib/python3.8/site-packages/airflow/example_dags/example_trigger_controller_dag.py for tasks to queue
[2024-03-06T14:44:56.331+0000] {logging_mixin.py:188} INFO - [2024-03-06T14:44:56.330+0000] {dagbag.py:540} INFO - Filling up the DagBag from /home/airflow/.local/lib/python3.8/site-packages/airflow/example_dags/example_trigger_controller_dag.py
[2024-03-06T14:44:56.335+0000] {processor.py:840} INFO - DAG(s) 'example_trigger_controller_dag' retrieved from /home/airflow/.local/lib/python3.8/site-packages/airflow/example_dags/example_trigger_controller_dag.py
[2024-03-06T14:44:56.361+0000] {logging_mixin.py:188} INFO - [2024-03-06T14:44:56.361+0000] {dag.py:3047} INFO - Sync 1 DAGs
[2024-03-06T14:44:56.381+0000] {logging_mixin.py:188} INFO - [2024-03-06T14:44:56.380+0000] {dag.py:3834} INFO - Setting next_dagrun for example_trigger_controller_dag to 2021-01-01 00:00:00+00:00, run_after=2021-01-01 00:00:00+00:00
[2024-03-06T14:44:56.401+0000] {processor.py:183} INFO - Processing /home/airflow/.local/lib/python3.8/site-packages/airflow/example_dags/example_trigger_controller_dag.py took 0.077 seconds
[2024-03-06T14:45:26.804+0000] {processor.py:161} INFO - Started process (PID=255) to work on /home/airflow/.local/lib/python3.8/site-packages/airflow/example_dags/example_trigger_controller_dag.py
[2024-03-06T14:45:26.811+0000] {processor.py:830} INFO - Processing file /home/airflow/.local/lib/python3.8/site-packages/airflow/example_dags/example_trigger_controller_dag.py for tasks to queue
[2024-03-06T14:45:26.812+0000] {logging_mixin.py:188} INFO - [2024-03-06T14:45:26.812+0000] {dagbag.py:540} INFO - Filling up the DagBag from /home/airflow/.local/lib/python3.8/site-packages/airflow/example_dags/example_trigger_controller_dag.py
[2024-03-06T14:45:26.816+0000] {processor.py:840} INFO - DAG(s) 'example_trigger_controller_dag' retrieved from /home/airflow/.local/lib/python3.8/site-packages/airflow/example_dags/example_trigger_controller_dag.py
[2024-03-06T14:45:26.834+0000] {logging_mixin.py:188} INFO - [2024-03-06T14:45:26.833+0000] {dag.py:3047} INFO - Sync 1 DAGs
[2024-03-06T14:45:26.852+0000] {logging_mixin.py:188} INFO - [2024-03-06T14:45:26.852+0000] {dag.py:3834} INFO - Setting next_dagrun for example_trigger_controller_dag to 2021-01-01 00:00:00+00:00, run_after=2021-01-01 00:00:00+00:00
[2024-03-06T14:45:26.871+0000] {processor.py:183} INFO - Processing /home/airflow/.local/lib/python3.8/site-packages/airflow/example_dags/example_trigger_controller_dag.py took 0.071 seconds
[2024-03-06T14:45:57.405+0000] {processor.py:161} INFO - Started process (PID=310) to work on /home/airflow/.local/lib/python3.8/site-packages/airflow/example_dags/example_trigger_controller_dag.py
[2024-03-06T14:45:57.407+0000] {processor.py:830} INFO - Processing file /home/airflow/.local/lib/python3.8/site-packages/airflow/example_dags/example_trigger_controller_dag.py for tasks to queue
[2024-03-06T14:45:57.410+0000] {logging_mixin.py:188} INFO - [2024-03-06T14:45:57.410+0000] {dagbag.py:540} INFO - Filling up the DagBag from /home/airflow/.local/lib/python3.8/site-packages/airflow/example_dags/example_trigger_controller_dag.py
[2024-03-06T14:45:57.416+0000] {processor.py:840} INFO - DAG(s) 'example_trigger_controller_dag' retrieved from /home/airflow/.local/lib/python3.8/site-packages/airflow/example_dags/example_trigger_controller_dag.py
[2024-03-06T14:45:57.435+0000] {logging_mixin.py:188} INFO - [2024-03-06T14:45:57.435+0000] {dag.py:3047} INFO - Sync 1 DAGs
[2024-03-06T14:45:57.469+0000] {logging_mixin.py:188} INFO - [2024-03-06T14:45:57.469+0000] {dag.py:3834} INFO - Setting next_dagrun for example_trigger_controller_dag to 2021-01-01 00:00:00+00:00, run_after=2021-01-01 00:00:00+00:00
[2024-03-06T14:45:57.496+0000] {processor.py:183} INFO - Processing /home/airflow/.local/lib/python3.8/site-packages/airflow/example_dags/example_trigger_controller_dag.py took 0.096 seconds
[2024-03-06T14:46:28.099+0000] {processor.py:161} INFO - Started process (PID=365) to work on /home/airflow/.local/lib/python3.8/site-packages/airflow/example_dags/example_trigger_controller_dag.py
[2024-03-06T14:46:28.106+0000] {processor.py:830} INFO - Processing file /home/airflow/.local/lib/python3.8/site-packages/airflow/example_dags/example_trigger_controller_dag.py for tasks to queue
[2024-03-06T14:46:28.107+0000] {logging_mixin.py:188} INFO - [2024-03-06T14:46:28.107+0000] {dagbag.py:540} INFO - Filling up the DagBag from /home/airflow/.local/lib/python3.8/site-packages/airflow/example_dags/example_trigger_controller_dag.py
[2024-03-06T14:46:28.111+0000] {processor.py:840} INFO - DAG(s) 'example_trigger_controller_dag' retrieved from /home/airflow/.local/lib/python3.8/site-packages/airflow/example_dags/example_trigger_controller_dag.py
[2024-03-06T14:46:28.203+0000] {logging_mixin.py:188} INFO - [2024-03-06T14:46:28.203+0000] {dag.py:3047} INFO - Sync 1 DAGs
[2024-03-06T14:46:28.224+0000] {logging_mixin.py:188} INFO - [2024-03-06T14:46:28.223+0000] {dag.py:3834} INFO - Setting next_dagrun for example_trigger_controller_dag to 2021-01-01 00:00:00+00:00, run_after=2021-01-01 00:00:00+00:00
[2024-03-06T14:46:28.242+0000] {processor.py:183} INFO - Processing /home/airflow/.local/lib/python3.8/site-packages/airflow/example_dags/example_trigger_controller_dag.py took 0.147 seconds
