[2024-03-06T14:33:49.574+0000] {processor.py:161} INFO - Started process (PID=55) to work on /home/airflow/.local/lib/python3.8/site-packages/airflow/example_dags/example_nested_branch_dag.py
[2024-03-06T14:33:49.575+0000] {processor.py:830} INFO - Processing file /home/airflow/.local/lib/python3.8/site-packages/airflow/example_dags/example_nested_branch_dag.py for tasks to queue
[2024-03-06T14:33:49.578+0000] {logging_mixin.py:188} INFO - [2024-03-06T14:33:49.577+0000] {dagbag.py:540} INFO - Filling up the DagBag from /home/airflow/.local/lib/python3.8/site-packages/airflow/example_dags/example_nested_branch_dag.py
[2024-03-06T14:33:49.596+0000] {processor.py:840} INFO - DAG(s) 'example_nested_branch_dag' retrieved from /home/airflow/.local/lib/python3.8/site-packages/airflow/example_dags/example_nested_branch_dag.py
[2024-03-06T14:33:49.609+0000] {logging_mixin.py:188} INFO - [2024-03-06T14:33:49.608+0000] {dag.py:3047} INFO - Sync 1 DAGs
[2024-03-06T14:33:49.633+0000] {logging_mixin.py:188} INFO - [2024-03-06T14:33:49.632+0000] {dag.py:3834} INFO - Setting next_dagrun for example_nested_branch_dag to 2024-03-05 00:00:00+00:00, run_after=2024-03-06 00:00:00+00:00
[2024-03-06T14:33:49.652+0000] {processor.py:183} INFO - Processing /home/airflow/.local/lib/python3.8/site-packages/airflow/example_dags/example_nested_branch_dag.py took 0.082 seconds
[2024-03-06T14:34:20.926+0000] {processor.py:161} INFO - Started process (PID=110) to work on /home/airflow/.local/lib/python3.8/site-packages/airflow/example_dags/example_nested_branch_dag.py
[2024-03-06T14:34:20.928+0000] {processor.py:830} INFO - Processing file /home/airflow/.local/lib/python3.8/site-packages/airflow/example_dags/example_nested_branch_dag.py for tasks to queue
[2024-03-06T14:34:20.929+0000] {logging_mixin.py:188} INFO - [2024-03-06T14:34:20.929+0000] {dagbag.py:540} INFO - Filling up the DagBag from /home/airflow/.local/lib/python3.8/site-packages/airflow/example_dags/example_nested_branch_dag.py
[2024-03-06T14:34:20.937+0000] {processor.py:840} INFO - DAG(s) 'example_nested_branch_dag' retrieved from /home/airflow/.local/lib/python3.8/site-packages/airflow/example_dags/example_nested_branch_dag.py
[2024-03-06T14:34:21.032+0000] {logging_mixin.py:188} INFO - [2024-03-06T14:34:21.032+0000] {dag.py:3047} INFO - Sync 1 DAGs
[2024-03-06T14:34:21.054+0000] {logging_mixin.py:188} INFO - [2024-03-06T14:34:21.054+0000] {dag.py:3834} INFO - Setting next_dagrun for example_nested_branch_dag to 2024-03-05 00:00:00+00:00, run_after=2024-03-06 00:00:00+00:00
[2024-03-06T14:34:21.077+0000] {processor.py:183} INFO - Processing /home/airflow/.local/lib/python3.8/site-packages/airflow/example_dags/example_nested_branch_dag.py took 0.153 seconds
[2024-03-06T14:34:51.220+0000] {processor.py:161} INFO - Started process (PID=165) to work on /home/airflow/.local/lib/python3.8/site-packages/airflow/example_dags/example_nested_branch_dag.py
[2024-03-06T14:34:51.222+0000] {processor.py:830} INFO - Processing file /home/airflow/.local/lib/python3.8/site-packages/airflow/example_dags/example_nested_branch_dag.py for tasks to queue
[2024-03-06T14:34:51.223+0000] {logging_mixin.py:188} INFO - [2024-03-06T14:34:51.223+0000] {dagbag.py:540} INFO - Filling up the DagBag from /home/airflow/.local/lib/python3.8/site-packages/airflow/example_dags/example_nested_branch_dag.py
[2024-03-06T14:34:51.232+0000] {processor.py:840} INFO - DAG(s) 'example_nested_branch_dag' retrieved from /home/airflow/.local/lib/python3.8/site-packages/airflow/example_dags/example_nested_branch_dag.py
[2024-03-06T14:34:51.244+0000] {logging_mixin.py:188} INFO - [2024-03-06T14:34:51.243+0000] {dag.py:3047} INFO - Sync 1 DAGs
[2024-03-06T14:34:51.267+0000] {logging_mixin.py:188} INFO - [2024-03-06T14:34:51.267+0000] {dag.py:3834} INFO - Setting next_dagrun for example_nested_branch_dag to 2024-03-05 00:00:00+00:00, run_after=2024-03-06 00:00:00+00:00
[2024-03-06T14:34:51.289+0000] {processor.py:183} INFO - Processing /home/airflow/.local/lib/python3.8/site-packages/airflow/example_dags/example_nested_branch_dag.py took 0.072 seconds
[2024-03-06T14:35:22.298+0000] {processor.py:161} INFO - Started process (PID=220) to work on /home/airflow/.local/lib/python3.8/site-packages/airflow/example_dags/example_nested_branch_dag.py
[2024-03-06T14:35:22.299+0000] {processor.py:830} INFO - Processing file /home/airflow/.local/lib/python3.8/site-packages/airflow/example_dags/example_nested_branch_dag.py for tasks to queue
[2024-03-06T14:35:22.300+0000] {logging_mixin.py:188} INFO - [2024-03-06T14:35:22.300+0000] {dagbag.py:540} INFO - Filling up the DagBag from /home/airflow/.local/lib/python3.8/site-packages/airflow/example_dags/example_nested_branch_dag.py
[2024-03-06T14:35:22.309+0000] {processor.py:840} INFO - DAG(s) 'example_nested_branch_dag' retrieved from /home/airflow/.local/lib/python3.8/site-packages/airflow/example_dags/example_nested_branch_dag.py
[2024-03-06T14:35:22.455+0000] {logging_mixin.py:188} INFO - [2024-03-06T14:35:22.454+0000] {dag.py:3047} INFO - Sync 1 DAGs
[2024-03-06T14:35:22.485+0000] {logging_mixin.py:188} INFO - [2024-03-06T14:35:22.484+0000] {dag.py:3834} INFO - Setting next_dagrun for example_nested_branch_dag to 2024-03-05 00:00:00+00:00, run_after=2024-03-06 00:00:00+00:00
[2024-03-06T14:35:22.519+0000] {processor.py:183} INFO - Processing /home/airflow/.local/lib/python3.8/site-packages/airflow/example_dags/example_nested_branch_dag.py took 0.224 seconds
[2024-03-06T14:35:52.808+0000] {processor.py:161} INFO - Started process (PID=275) to work on /home/airflow/.local/lib/python3.8/site-packages/airflow/example_dags/example_nested_branch_dag.py
[2024-03-06T14:35:52.809+0000] {processor.py:830} INFO - Processing file /home/airflow/.local/lib/python3.8/site-packages/airflow/example_dags/example_nested_branch_dag.py for tasks to queue
[2024-03-06T14:35:52.811+0000] {logging_mixin.py:188} INFO - [2024-03-06T14:35:52.810+0000] {dagbag.py:540} INFO - Filling up the DagBag from /home/airflow/.local/lib/python3.8/site-packages/airflow/example_dags/example_nested_branch_dag.py
[2024-03-06T14:35:52.819+0000] {processor.py:840} INFO - DAG(s) 'example_nested_branch_dag' retrieved from /home/airflow/.local/lib/python3.8/site-packages/airflow/example_dags/example_nested_branch_dag.py
[2024-03-06T14:35:52.841+0000] {logging_mixin.py:188} INFO - [2024-03-06T14:35:52.841+0000] {dag.py:3047} INFO - Sync 1 DAGs
[2024-03-06T14:35:52.862+0000] {logging_mixin.py:188} INFO - [2024-03-06T14:35:52.862+0000] {dag.py:3834} INFO - Setting next_dagrun for example_nested_branch_dag to 2024-03-05 00:00:00+00:00, run_after=2024-03-06 00:00:00+00:00
[2024-03-06T14:35:52.883+0000] {processor.py:183} INFO - Processing /home/airflow/.local/lib/python3.8/site-packages/airflow/example_dags/example_nested_branch_dag.py took 0.078 seconds
[2024-03-06T14:36:23.564+0000] {processor.py:161} INFO - Started process (PID=330) to work on /home/airflow/.local/lib/python3.8/site-packages/airflow/example_dags/example_nested_branch_dag.py
[2024-03-06T14:36:23.565+0000] {processor.py:830} INFO - Processing file /home/airflow/.local/lib/python3.8/site-packages/airflow/example_dags/example_nested_branch_dag.py for tasks to queue
[2024-03-06T14:36:23.567+0000] {logging_mixin.py:188} INFO - [2024-03-06T14:36:23.567+0000] {dagbag.py:540} INFO - Filling up the DagBag from /home/airflow/.local/lib/python3.8/site-packages/airflow/example_dags/example_nested_branch_dag.py
[2024-03-06T14:36:23.577+0000] {processor.py:840} INFO - DAG(s) 'example_nested_branch_dag' retrieved from /home/airflow/.local/lib/python3.8/site-packages/airflow/example_dags/example_nested_branch_dag.py
[2024-03-06T14:36:23.600+0000] {logging_mixin.py:188} INFO - [2024-03-06T14:36:23.600+0000] {dag.py:3047} INFO - Sync 1 DAGs
[2024-03-06T14:36:23.629+0000] {logging_mixin.py:188} INFO - [2024-03-06T14:36:23.628+0000] {dag.py:3834} INFO - Setting next_dagrun for example_nested_branch_dag to 2024-03-05 00:00:00+00:00, run_after=2024-03-06 00:00:00+00:00
[2024-03-06T14:36:23.651+0000] {processor.py:183} INFO - Processing /home/airflow/.local/lib/python3.8/site-packages/airflow/example_dags/example_nested_branch_dag.py took 0.090 seconds
[2024-03-06T14:36:54.153+0000] {processor.py:161} INFO - Started process (PID=385) to work on /home/airflow/.local/lib/python3.8/site-packages/airflow/example_dags/example_nested_branch_dag.py
[2024-03-06T14:36:54.154+0000] {processor.py:830} INFO - Processing file /home/airflow/.local/lib/python3.8/site-packages/airflow/example_dags/example_nested_branch_dag.py for tasks to queue
[2024-03-06T14:36:54.156+0000] {logging_mixin.py:188} INFO - [2024-03-06T14:36:54.156+0000] {dagbag.py:540} INFO - Filling up the DagBag from /home/airflow/.local/lib/python3.8/site-packages/airflow/example_dags/example_nested_branch_dag.py
[2024-03-06T14:36:54.166+0000] {processor.py:840} INFO - DAG(s) 'example_nested_branch_dag' retrieved from /home/airflow/.local/lib/python3.8/site-packages/airflow/example_dags/example_nested_branch_dag.py
[2024-03-06T14:36:54.193+0000] {logging_mixin.py:188} INFO - [2024-03-06T14:36:54.192+0000] {dag.py:3047} INFO - Sync 1 DAGs
[2024-03-06T14:36:54.219+0000] {logging_mixin.py:188} INFO - [2024-03-06T14:36:54.219+0000] {dag.py:3834} INFO - Setting next_dagrun for example_nested_branch_dag to 2024-03-05 00:00:00+00:00, run_after=2024-03-06 00:00:00+00:00
[2024-03-06T14:36:54.240+0000] {processor.py:183} INFO - Processing /home/airflow/.local/lib/python3.8/site-packages/airflow/example_dags/example_nested_branch_dag.py took 0.091 seconds
[2024-03-06T14:37:24.942+0000] {processor.py:161} INFO - Started process (PID=440) to work on /home/airflow/.local/lib/python3.8/site-packages/airflow/example_dags/example_nested_branch_dag.py
[2024-03-06T14:37:24.943+0000] {processor.py:830} INFO - Processing file /home/airflow/.local/lib/python3.8/site-packages/airflow/example_dags/example_nested_branch_dag.py for tasks to queue
[2024-03-06T14:37:24.945+0000] {logging_mixin.py:188} INFO - [2024-03-06T14:37:24.945+0000] {dagbag.py:540} INFO - Filling up the DagBag from /home/airflow/.local/lib/python3.8/site-packages/airflow/example_dags/example_nested_branch_dag.py
[2024-03-06T14:37:24.957+0000] {processor.py:840} INFO - DAG(s) 'example_nested_branch_dag' retrieved from /home/airflow/.local/lib/python3.8/site-packages/airflow/example_dags/example_nested_branch_dag.py
[2024-03-06T14:37:24.976+0000] {logging_mixin.py:188} INFO - [2024-03-06T14:37:24.976+0000] {dag.py:3047} INFO - Sync 1 DAGs
[2024-03-06T14:37:25.011+0000] {logging_mixin.py:188} INFO - [2024-03-06T14:37:25.010+0000] {dag.py:3834} INFO - Setting next_dagrun for example_nested_branch_dag to 2024-03-05 00:00:00+00:00, run_after=2024-03-06 00:00:00+00:00
[2024-03-06T14:37:25.050+0000] {processor.py:183} INFO - Processing /home/airflow/.local/lib/python3.8/site-packages/airflow/example_dags/example_nested_branch_dag.py took 0.112 seconds
[2024-03-06T14:37:55.136+0000] {processor.py:161} INFO - Started process (PID=495) to work on /home/airflow/.local/lib/python3.8/site-packages/airflow/example_dags/example_nested_branch_dag.py
[2024-03-06T14:37:55.137+0000] {processor.py:830} INFO - Processing file /home/airflow/.local/lib/python3.8/site-packages/airflow/example_dags/example_nested_branch_dag.py for tasks to queue
[2024-03-06T14:37:55.139+0000] {logging_mixin.py:188} INFO - [2024-03-06T14:37:55.139+0000] {dagbag.py:540} INFO - Filling up the DagBag from /home/airflow/.local/lib/python3.8/site-packages/airflow/example_dags/example_nested_branch_dag.py
[2024-03-06T14:37:55.148+0000] {processor.py:840} INFO - DAG(s) 'example_nested_branch_dag' retrieved from /home/airflow/.local/lib/python3.8/site-packages/airflow/example_dags/example_nested_branch_dag.py
[2024-03-06T14:37:55.172+0000] {logging_mixin.py:188} INFO - [2024-03-06T14:37:55.172+0000] {dag.py:3047} INFO - Sync 1 DAGs
[2024-03-06T14:37:55.203+0000] {logging_mixin.py:188} INFO - [2024-03-06T14:37:55.203+0000] {dag.py:3834} INFO - Setting next_dagrun for example_nested_branch_dag to 2024-03-05 00:00:00+00:00, run_after=2024-03-06 00:00:00+00:00
[2024-03-06T14:37:55.225+0000] {processor.py:183} INFO - Processing /home/airflow/.local/lib/python3.8/site-packages/airflow/example_dags/example_nested_branch_dag.py took 0.092 seconds
[2024-03-06T14:38:25.662+0000] {processor.py:161} INFO - Started process (PID=550) to work on /home/airflow/.local/lib/python3.8/site-packages/airflow/example_dags/example_nested_branch_dag.py
[2024-03-06T14:38:25.663+0000] {processor.py:830} INFO - Processing file /home/airflow/.local/lib/python3.8/site-packages/airflow/example_dags/example_nested_branch_dag.py for tasks to queue
[2024-03-06T14:38:25.666+0000] {logging_mixin.py:188} INFO - [2024-03-06T14:38:25.665+0000] {dagbag.py:540} INFO - Filling up the DagBag from /home/airflow/.local/lib/python3.8/site-packages/airflow/example_dags/example_nested_branch_dag.py
[2024-03-06T14:38:25.677+0000] {processor.py:840} INFO - DAG(s) 'example_nested_branch_dag' retrieved from /home/airflow/.local/lib/python3.8/site-packages/airflow/example_dags/example_nested_branch_dag.py
[2024-03-06T14:38:25.704+0000] {logging_mixin.py:188} INFO - [2024-03-06T14:38:25.703+0000] {dag.py:3047} INFO - Sync 1 DAGs
[2024-03-06T14:38:25.734+0000] {logging_mixin.py:188} INFO - [2024-03-06T14:38:25.733+0000] {dag.py:3834} INFO - Setting next_dagrun for example_nested_branch_dag to 2024-03-05 00:00:00+00:00, run_after=2024-03-06 00:00:00+00:00
[2024-03-06T14:38:25.758+0000] {processor.py:183} INFO - Processing /home/airflow/.local/lib/python3.8/site-packages/airflow/example_dags/example_nested_branch_dag.py took 0.100 seconds
[2024-03-06T14:38:56.093+0000] {processor.py:161} INFO - Started process (PID=605) to work on /home/airflow/.local/lib/python3.8/site-packages/airflow/example_dags/example_nested_branch_dag.py
[2024-03-06T14:38:56.094+0000] {processor.py:830} INFO - Processing file /home/airflow/.local/lib/python3.8/site-packages/airflow/example_dags/example_nested_branch_dag.py for tasks to queue
[2024-03-06T14:38:56.097+0000] {logging_mixin.py:188} INFO - [2024-03-06T14:38:56.096+0000] {dagbag.py:540} INFO - Filling up the DagBag from /home/airflow/.local/lib/python3.8/site-packages/airflow/example_dags/example_nested_branch_dag.py
[2024-03-06T14:38:56.107+0000] {processor.py:840} INFO - DAG(s) 'example_nested_branch_dag' retrieved from /home/airflow/.local/lib/python3.8/site-packages/airflow/example_dags/example_nested_branch_dag.py
[2024-03-06T14:38:56.119+0000] {logging_mixin.py:188} INFO - [2024-03-06T14:38:56.119+0000] {dag.py:3047} INFO - Sync 1 DAGs
[2024-03-06T14:38:56.146+0000] {logging_mixin.py:188} INFO - [2024-03-06T14:38:56.146+0000] {dag.py:3834} INFO - Setting next_dagrun for example_nested_branch_dag to 2024-03-05 00:00:00+00:00, run_after=2024-03-06 00:00:00+00:00
[2024-03-06T14:38:56.171+0000] {processor.py:183} INFO - Processing /home/airflow/.local/lib/python3.8/site-packages/airflow/example_dags/example_nested_branch_dag.py took 0.082 seconds
[2024-03-06T14:39:27.213+0000] {processor.py:161} INFO - Started process (PID=660) to work on /home/airflow/.local/lib/python3.8/site-packages/airflow/example_dags/example_nested_branch_dag.py
[2024-03-06T14:39:27.215+0000] {processor.py:830} INFO - Processing file /home/airflow/.local/lib/python3.8/site-packages/airflow/example_dags/example_nested_branch_dag.py for tasks to queue
[2024-03-06T14:39:27.217+0000] {logging_mixin.py:188} INFO - [2024-03-06T14:39:27.216+0000] {dagbag.py:540} INFO - Filling up the DagBag from /home/airflow/.local/lib/python3.8/site-packages/airflow/example_dags/example_nested_branch_dag.py
[2024-03-06T14:39:27.229+0000] {processor.py:840} INFO - DAG(s) 'example_nested_branch_dag' retrieved from /home/airflow/.local/lib/python3.8/site-packages/airflow/example_dags/example_nested_branch_dag.py
[2024-03-06T14:39:27.341+0000] {logging_mixin.py:188} INFO - [2024-03-06T14:39:27.341+0000] {dag.py:3047} INFO - Sync 1 DAGs
[2024-03-06T14:39:27.368+0000] {logging_mixin.py:188} INFO - [2024-03-06T14:39:27.367+0000] {dag.py:3834} INFO - Setting next_dagrun for example_nested_branch_dag to 2024-03-05 00:00:00+00:00, run_after=2024-03-06 00:00:00+00:00
[2024-03-06T14:39:27.392+0000] {processor.py:183} INFO - Processing /home/airflow/.local/lib/python3.8/site-packages/airflow/example_dags/example_nested_branch_dag.py took 0.183 seconds
[2024-03-06T14:43:26.738+0000] {processor.py:161} INFO - Started process (PID=55) to work on /home/airflow/.local/lib/python3.8/site-packages/airflow/example_dags/example_nested_branch_dag.py
[2024-03-06T14:43:26.740+0000] {processor.py:830} INFO - Processing file /home/airflow/.local/lib/python3.8/site-packages/airflow/example_dags/example_nested_branch_dag.py for tasks to queue
[2024-03-06T14:43:26.742+0000] {logging_mixin.py:188} INFO - [2024-03-06T14:43:26.742+0000] {dagbag.py:540} INFO - Filling up the DagBag from /home/airflow/.local/lib/python3.8/site-packages/airflow/example_dags/example_nested_branch_dag.py
[2024-03-06T14:43:26.755+0000] {processor.py:840} INFO - DAG(s) 'example_nested_branch_dag' retrieved from /home/airflow/.local/lib/python3.8/site-packages/airflow/example_dags/example_nested_branch_dag.py
[2024-03-06T14:43:26.880+0000] {logging_mixin.py:188} INFO - [2024-03-06T14:43:26.880+0000] {override.py:1769} INFO - Created Permission View: can delete on DAG:example_nested_branch_dag
[2024-03-06T14:43:26.894+0000] {logging_mixin.py:188} INFO - [2024-03-06T14:43:26.894+0000] {override.py:1769} INFO - Created Permission View: can read on DAG:example_nested_branch_dag
[2024-03-06T14:43:26.902+0000] {logging_mixin.py:188} INFO - [2024-03-06T14:43:26.902+0000] {override.py:1769} INFO - Created Permission View: can edit on DAG:example_nested_branch_dag
[2024-03-06T14:43:26.903+0000] {logging_mixin.py:188} INFO - [2024-03-06T14:43:26.903+0000] {dag.py:3047} INFO - Sync 1 DAGs
[2024-03-06T14:43:26.917+0000] {logging_mixin.py:188} INFO - [2024-03-06T14:43:26.916+0000] {dag.py:3069} INFO - Creating ORM DAG for example_nested_branch_dag
[2024-03-06T14:43:26.931+0000] {logging_mixin.py:188} INFO - [2024-03-06T14:43:26.931+0000] {dag.py:3834} INFO - Setting next_dagrun for example_nested_branch_dag to 2024-03-05 00:00:00+00:00, run_after=2024-03-06 00:00:00+00:00
[2024-03-06T14:43:26.949+0000] {processor.py:183} INFO - Processing /home/airflow/.local/lib/python3.8/site-packages/airflow/example_dags/example_nested_branch_dag.py took 0.215 seconds
[2024-03-06T14:43:57.436+0000] {processor.py:161} INFO - Started process (PID=110) to work on /home/airflow/.local/lib/python3.8/site-packages/airflow/example_dags/example_nested_branch_dag.py
[2024-03-06T14:43:57.437+0000] {processor.py:830} INFO - Processing file /home/airflow/.local/lib/python3.8/site-packages/airflow/example_dags/example_nested_branch_dag.py for tasks to queue
[2024-03-06T14:43:57.439+0000] {logging_mixin.py:188} INFO - [2024-03-06T14:43:57.439+0000] {dagbag.py:540} INFO - Filling up the DagBag from /home/airflow/.local/lib/python3.8/site-packages/airflow/example_dags/example_nested_branch_dag.py
[2024-03-06T14:43:57.448+0000] {processor.py:840} INFO - DAG(s) 'example_nested_branch_dag' retrieved from /home/airflow/.local/lib/python3.8/site-packages/airflow/example_dags/example_nested_branch_dag.py
[2024-03-06T14:43:57.468+0000] {logging_mixin.py:188} INFO - [2024-03-06T14:43:57.467+0000] {dag.py:3047} INFO - Sync 1 DAGs
[2024-03-06T14:43:57.491+0000] {logging_mixin.py:188} INFO - [2024-03-06T14:43:57.491+0000] {dag.py:3834} INFO - Setting next_dagrun for example_nested_branch_dag to 2024-03-05 00:00:00+00:00, run_after=2024-03-06 00:00:00+00:00
[2024-03-06T14:43:57.512+0000] {processor.py:183} INFO - Processing /home/airflow/.local/lib/python3.8/site-packages/airflow/example_dags/example_nested_branch_dag.py took 0.078 seconds
[2024-03-06T14:44:27.887+0000] {processor.py:161} INFO - Started process (PID=165) to work on /home/airflow/.local/lib/python3.8/site-packages/airflow/example_dags/example_nested_branch_dag.py
[2024-03-06T14:44:27.888+0000] {processor.py:830} INFO - Processing file /home/airflow/.local/lib/python3.8/site-packages/airflow/example_dags/example_nested_branch_dag.py for tasks to queue
[2024-03-06T14:44:27.889+0000] {logging_mixin.py:188} INFO - [2024-03-06T14:44:27.889+0000] {dagbag.py:540} INFO - Filling up the DagBag from /home/airflow/.local/lib/python3.8/site-packages/airflow/example_dags/example_nested_branch_dag.py
[2024-03-06T14:44:27.898+0000] {processor.py:840} INFO - DAG(s) 'example_nested_branch_dag' retrieved from /home/airflow/.local/lib/python3.8/site-packages/airflow/example_dags/example_nested_branch_dag.py
[2024-03-06T14:44:27.917+0000] {logging_mixin.py:188} INFO - [2024-03-06T14:44:27.917+0000] {dag.py:3047} INFO - Sync 1 DAGs
[2024-03-06T14:44:27.937+0000] {logging_mixin.py:188} INFO - [2024-03-06T14:44:27.937+0000] {dag.py:3834} INFO - Setting next_dagrun for example_nested_branch_dag to 2024-03-05 00:00:00+00:00, run_after=2024-03-06 00:00:00+00:00
[2024-03-06T14:44:27.955+0000] {processor.py:183} INFO - Processing /home/airflow/.local/lib/python3.8/site-packages/airflow/example_dags/example_nested_branch_dag.py took 0.071 seconds
[2024-03-06T14:44:58.358+0000] {processor.py:161} INFO - Started process (PID=220) to work on /home/airflow/.local/lib/python3.8/site-packages/airflow/example_dags/example_nested_branch_dag.py
[2024-03-06T14:44:58.360+0000] {processor.py:830} INFO - Processing file /home/airflow/.local/lib/python3.8/site-packages/airflow/example_dags/example_nested_branch_dag.py for tasks to queue
[2024-03-06T14:44:58.362+0000] {logging_mixin.py:188} INFO - [2024-03-06T14:44:58.361+0000] {dagbag.py:540} INFO - Filling up the DagBag from /home/airflow/.local/lib/python3.8/site-packages/airflow/example_dags/example_nested_branch_dag.py
[2024-03-06T14:44:58.371+0000] {processor.py:840} INFO - DAG(s) 'example_nested_branch_dag' retrieved from /home/airflow/.local/lib/python3.8/site-packages/airflow/example_dags/example_nested_branch_dag.py
[2024-03-06T14:44:58.393+0000] {logging_mixin.py:188} INFO - [2024-03-06T14:44:58.392+0000] {dag.py:3047} INFO - Sync 1 DAGs
[2024-03-06T14:44:58.420+0000] {logging_mixin.py:188} INFO - [2024-03-06T14:44:58.420+0000] {dag.py:3834} INFO - Setting next_dagrun for example_nested_branch_dag to 2024-03-05 00:00:00+00:00, run_after=2024-03-06 00:00:00+00:00
[2024-03-06T14:44:58.444+0000] {processor.py:183} INFO - Processing /home/airflow/.local/lib/python3.8/site-packages/airflow/example_dags/example_nested_branch_dag.py took 0.089 seconds
[2024-03-06T14:45:28.922+0000] {processor.py:161} INFO - Started process (PID=275) to work on /home/airflow/.local/lib/python3.8/site-packages/airflow/example_dags/example_nested_branch_dag.py
[2024-03-06T14:45:28.923+0000] {processor.py:830} INFO - Processing file /home/airflow/.local/lib/python3.8/site-packages/airflow/example_dags/example_nested_branch_dag.py for tasks to queue
[2024-03-06T14:45:28.925+0000] {logging_mixin.py:188} INFO - [2024-03-06T14:45:28.925+0000] {dagbag.py:540} INFO - Filling up the DagBag from /home/airflow/.local/lib/python3.8/site-packages/airflow/example_dags/example_nested_branch_dag.py
[2024-03-06T14:45:28.935+0000] {processor.py:840} INFO - DAG(s) 'example_nested_branch_dag' retrieved from /home/airflow/.local/lib/python3.8/site-packages/airflow/example_dags/example_nested_branch_dag.py
[2024-03-06T14:45:28.955+0000] {logging_mixin.py:188} INFO - [2024-03-06T14:45:28.955+0000] {dag.py:3047} INFO - Sync 1 DAGs
[2024-03-06T14:45:28.978+0000] {logging_mixin.py:188} INFO - [2024-03-06T14:45:28.977+0000] {dag.py:3834} INFO - Setting next_dagrun for example_nested_branch_dag to 2024-03-05 00:00:00+00:00, run_after=2024-03-06 00:00:00+00:00
[2024-03-06T14:45:28.997+0000] {processor.py:183} INFO - Processing /home/airflow/.local/lib/python3.8/site-packages/airflow/example_dags/example_nested_branch_dag.py took 0.079 seconds
[2024-03-06T14:45:59.601+0000] {processor.py:161} INFO - Started process (PID=330) to work on /home/airflow/.local/lib/python3.8/site-packages/airflow/example_dags/example_nested_branch_dag.py
[2024-03-06T14:45:59.602+0000] {processor.py:830} INFO - Processing file /home/airflow/.local/lib/python3.8/site-packages/airflow/example_dags/example_nested_branch_dag.py for tasks to queue
[2024-03-06T14:45:59.604+0000] {logging_mixin.py:188} INFO - [2024-03-06T14:45:59.604+0000] {dagbag.py:540} INFO - Filling up the DagBag from /home/airflow/.local/lib/python3.8/site-packages/airflow/example_dags/example_nested_branch_dag.py
[2024-03-06T14:45:59.614+0000] {processor.py:840} INFO - DAG(s) 'example_nested_branch_dag' retrieved from /home/airflow/.local/lib/python3.8/site-packages/airflow/example_dags/example_nested_branch_dag.py
[2024-03-06T14:45:59.624+0000] {logging_mixin.py:188} INFO - [2024-03-06T14:45:59.624+0000] {dag.py:3047} INFO - Sync 1 DAGs
[2024-03-06T14:45:59.650+0000] {logging_mixin.py:188} INFO - [2024-03-06T14:45:59.650+0000] {dag.py:3834} INFO - Setting next_dagrun for example_nested_branch_dag to 2024-03-05 00:00:00+00:00, run_after=2024-03-06 00:00:00+00:00
[2024-03-06T14:45:59.679+0000] {processor.py:183} INFO - Processing /home/airflow/.local/lib/python3.8/site-packages/airflow/example_dags/example_nested_branch_dag.py took 0.081 seconds
[2024-03-06T14:46:30.795+0000] {processor.py:161} INFO - Started process (PID=385) to work on /home/airflow/.local/lib/python3.8/site-packages/airflow/example_dags/example_nested_branch_dag.py
[2024-03-06T14:46:30.796+0000] {processor.py:830} INFO - Processing file /home/airflow/.local/lib/python3.8/site-packages/airflow/example_dags/example_nested_branch_dag.py for tasks to queue
[2024-03-06T14:46:30.798+0000] {logging_mixin.py:188} INFO - [2024-03-06T14:46:30.798+0000] {dagbag.py:540} INFO - Filling up the DagBag from /home/airflow/.local/lib/python3.8/site-packages/airflow/example_dags/example_nested_branch_dag.py
[2024-03-06T14:46:30.807+0000] {processor.py:840} INFO - DAG(s) 'example_nested_branch_dag' retrieved from /home/airflow/.local/lib/python3.8/site-packages/airflow/example_dags/example_nested_branch_dag.py
[2024-03-06T14:46:30.927+0000] {logging_mixin.py:188} INFO - [2024-03-06T14:46:30.927+0000] {dag.py:3047} INFO - Sync 1 DAGs
[2024-03-06T14:46:30.954+0000] {logging_mixin.py:188} INFO - [2024-03-06T14:46:30.954+0000] {dag.py:3834} INFO - Setting next_dagrun for example_nested_branch_dag to 2024-03-05 00:00:00+00:00, run_after=2024-03-06 00:00:00+00:00
[2024-03-06T14:46:30.976+0000] {processor.py:183} INFO - Processing /home/airflow/.local/lib/python3.8/site-packages/airflow/example_dags/example_nested_branch_dag.py took 0.184 seconds
