[2024-03-06T14:33:49.120+0000] {processor.py:161} INFO - Started process (PID=45) to work on /home/airflow/.local/lib/python3.8/site-packages/airflow/example_dags/example_sla_dag.py
[2024-03-06T14:33:49.122+0000] {processor.py:830} INFO - Processing file /home/airflow/.local/lib/python3.8/site-packages/airflow/example_dags/example_sla_dag.py for tasks to queue
[2024-03-06T14:33:49.124+0000] {logging_mixin.py:188} INFO - [2024-03-06T14:33:49.123+0000] {dagbag.py:540} INFO - Filling up the DagBag from /home/airflow/.local/lib/python3.8/site-packages/airflow/example_dags/example_sla_dag.py
[2024-03-06T14:33:49.139+0000] {processor.py:840} INFO - DAG(s) 'example_sla_dag' retrieved from /home/airflow/.local/lib/python3.8/site-packages/airflow/example_dags/example_sla_dag.py
[2024-03-06T14:33:49.149+0000] {logging_mixin.py:188} INFO - [2024-03-06T14:33:49.149+0000] {dag.py:3047} INFO - Sync 1 DAGs
[2024-03-06T14:33:49.174+0000] {logging_mixin.py:188} INFO - [2024-03-06T14:33:49.174+0000] {dag.py:3834} INFO - Setting next_dagrun for example_sla_dag to 2024-03-06 14:30:00+00:00, run_after=2024-03-06 14:32:00+00:00
[2024-03-06T14:33:49.197+0000] {processor.py:183} INFO - Processing /home/airflow/.local/lib/python3.8/site-packages/airflow/example_dags/example_sla_dag.py took 0.081 seconds
[2024-03-06T14:34:20.097+0000] {processor.py:161} INFO - Started process (PID=100) to work on /home/airflow/.local/lib/python3.8/site-packages/airflow/example_dags/example_sla_dag.py
[2024-03-06T14:34:20.099+0000] {processor.py:830} INFO - Processing file /home/airflow/.local/lib/python3.8/site-packages/airflow/example_dags/example_sla_dag.py for tasks to queue
[2024-03-06T14:34:20.100+0000] {logging_mixin.py:188} INFO - [2024-03-06T14:34:20.100+0000] {dagbag.py:540} INFO - Filling up the DagBag from /home/airflow/.local/lib/python3.8/site-packages/airflow/example_dags/example_sla_dag.py
[2024-03-06T14:34:20.107+0000] {processor.py:840} INFO - DAG(s) 'example_sla_dag' retrieved from /home/airflow/.local/lib/python3.8/site-packages/airflow/example_dags/example_sla_dag.py
[2024-03-06T14:34:20.193+0000] {logging_mixin.py:188} INFO - [2024-03-06T14:34:20.193+0000] {dag.py:3047} INFO - Sync 1 DAGs
[2024-03-06T14:34:20.214+0000] {logging_mixin.py:188} INFO - [2024-03-06T14:34:20.214+0000] {dag.py:3834} INFO - Setting next_dagrun for example_sla_dag to 2024-03-06 14:32:00+00:00, run_after=2024-03-06 14:34:00+00:00
[2024-03-06T14:34:20.231+0000] {processor.py:183} INFO - Processing /home/airflow/.local/lib/python3.8/site-packages/airflow/example_dags/example_sla_dag.py took 0.136 seconds
[2024-03-06T14:34:50.294+0000] {processor.py:161} INFO - Started process (PID=155) to work on /home/airflow/.local/lib/python3.8/site-packages/airflow/example_dags/example_sla_dag.py
[2024-03-06T14:34:50.295+0000] {processor.py:830} INFO - Processing file /home/airflow/.local/lib/python3.8/site-packages/airflow/example_dags/example_sla_dag.py for tasks to queue
[2024-03-06T14:34:50.297+0000] {logging_mixin.py:188} INFO - [2024-03-06T14:34:50.297+0000] {dagbag.py:540} INFO - Filling up the DagBag from /home/airflow/.local/lib/python3.8/site-packages/airflow/example_dags/example_sla_dag.py
[2024-03-06T14:34:50.305+0000] {processor.py:840} INFO - DAG(s) 'example_sla_dag' retrieved from /home/airflow/.local/lib/python3.8/site-packages/airflow/example_dags/example_sla_dag.py
[2024-03-06T14:34:50.315+0000] {logging_mixin.py:188} INFO - [2024-03-06T14:34:50.315+0000] {dag.py:3047} INFO - Sync 1 DAGs
[2024-03-06T14:34:50.342+0000] {logging_mixin.py:188} INFO - [2024-03-06T14:34:50.342+0000] {dag.py:3834} INFO - Setting next_dagrun for example_sla_dag to 2024-03-06 14:32:00+00:00, run_after=2024-03-06 14:34:00+00:00
[2024-03-06T14:34:50.361+0000] {processor.py:183} INFO - Processing /home/airflow/.local/lib/python3.8/site-packages/airflow/example_dags/example_sla_dag.py took 0.070 seconds
[2024-03-06T14:35:21.084+0000] {processor.py:161} INFO - Started process (PID=210) to work on /home/airflow/.local/lib/python3.8/site-packages/airflow/example_dags/example_sla_dag.py
[2024-03-06T14:35:21.085+0000] {processor.py:830} INFO - Processing file /home/airflow/.local/lib/python3.8/site-packages/airflow/example_dags/example_sla_dag.py for tasks to queue
[2024-03-06T14:35:21.086+0000] {logging_mixin.py:188} INFO - [2024-03-06T14:35:21.086+0000] {dagbag.py:540} INFO - Filling up the DagBag from /home/airflow/.local/lib/python3.8/site-packages/airflow/example_dags/example_sla_dag.py
[2024-03-06T14:35:21.094+0000] {processor.py:840} INFO - DAG(s) 'example_sla_dag' retrieved from /home/airflow/.local/lib/python3.8/site-packages/airflow/example_dags/example_sla_dag.py
[2024-03-06T14:35:21.231+0000] {logging_mixin.py:188} INFO - [2024-03-06T14:35:21.231+0000] {dag.py:3047} INFO - Sync 1 DAGs
[2024-03-06T14:35:21.256+0000] {logging_mixin.py:188} INFO - [2024-03-06T14:35:21.256+0000] {dag.py:3834} INFO - Setting next_dagrun for example_sla_dag to 2024-03-06 14:32:00+00:00, run_after=2024-03-06 14:34:00+00:00
[2024-03-06T14:35:21.281+0000] {processor.py:183} INFO - Processing /home/airflow/.local/lib/python3.8/site-packages/airflow/example_dags/example_sla_dag.py took 0.199 seconds
[2024-03-06T14:35:52.242+0000] {processor.py:161} INFO - Started process (PID=265) to work on /home/airflow/.local/lib/python3.8/site-packages/airflow/example_dags/example_sla_dag.py
[2024-03-06T14:35:52.243+0000] {processor.py:830} INFO - Processing file /home/airflow/.local/lib/python3.8/site-packages/airflow/example_dags/example_sla_dag.py for tasks to queue
[2024-03-06T14:35:52.245+0000] {logging_mixin.py:188} INFO - [2024-03-06T14:35:52.244+0000] {dagbag.py:540} INFO - Filling up the DagBag from /home/airflow/.local/lib/python3.8/site-packages/airflow/example_dags/example_sla_dag.py
[2024-03-06T14:35:52.252+0000] {processor.py:840} INFO - DAG(s) 'example_sla_dag' retrieved from /home/airflow/.local/lib/python3.8/site-packages/airflow/example_dags/example_sla_dag.py
[2024-03-06T14:35:52.272+0000] {logging_mixin.py:188} INFO - [2024-03-06T14:35:52.272+0000] {dag.py:3047} INFO - Sync 1 DAGs
[2024-03-06T14:35:52.295+0000] {logging_mixin.py:188} INFO - [2024-03-06T14:35:52.295+0000] {dag.py:3834} INFO - Setting next_dagrun for example_sla_dag to 2024-03-06 14:32:00+00:00, run_after=2024-03-06 14:34:00+00:00
[2024-03-06T14:35:52.313+0000] {processor.py:183} INFO - Processing /home/airflow/.local/lib/python3.8/site-packages/airflow/example_dags/example_sla_dag.py took 0.074 seconds
[2024-03-06T14:36:23.029+0000] {processor.py:161} INFO - Started process (PID=320) to work on /home/airflow/.local/lib/python3.8/site-packages/airflow/example_dags/example_sla_dag.py
[2024-03-06T14:36:23.030+0000] {processor.py:830} INFO - Processing file /home/airflow/.local/lib/python3.8/site-packages/airflow/example_dags/example_sla_dag.py for tasks to queue
[2024-03-06T14:36:23.032+0000] {logging_mixin.py:188} INFO - [2024-03-06T14:36:23.031+0000] {dagbag.py:540} INFO - Filling up the DagBag from /home/airflow/.local/lib/python3.8/site-packages/airflow/example_dags/example_sla_dag.py
[2024-03-06T14:36:23.041+0000] {processor.py:840} INFO - DAG(s) 'example_sla_dag' retrieved from /home/airflow/.local/lib/python3.8/site-packages/airflow/example_dags/example_sla_dag.py
[2024-03-06T14:36:23.059+0000] {logging_mixin.py:188} INFO - [2024-03-06T14:36:23.058+0000] {dag.py:3047} INFO - Sync 1 DAGs
[2024-03-06T14:36:23.080+0000] {logging_mixin.py:188} INFO - [2024-03-06T14:36:23.080+0000] {dag.py:3834} INFO - Setting next_dagrun for example_sla_dag to 2024-03-06 14:34:00+00:00, run_after=2024-03-06 14:36:00+00:00
[2024-03-06T14:36:23.098+0000] {processor.py:183} INFO - Processing /home/airflow/.local/lib/python3.8/site-packages/airflow/example_dags/example_sla_dag.py took 0.072 seconds
[2024-03-06T14:36:53.622+0000] {processor.py:161} INFO - Started process (PID=375) to work on /home/airflow/.local/lib/python3.8/site-packages/airflow/example_dags/example_sla_dag.py
[2024-03-06T14:36:53.624+0000] {processor.py:830} INFO - Processing file /home/airflow/.local/lib/python3.8/site-packages/airflow/example_dags/example_sla_dag.py for tasks to queue
[2024-03-06T14:36:53.625+0000] {logging_mixin.py:188} INFO - [2024-03-06T14:36:53.625+0000] {dagbag.py:540} INFO - Filling up the DagBag from /home/airflow/.local/lib/python3.8/site-packages/airflow/example_dags/example_sla_dag.py
[2024-03-06T14:36:53.634+0000] {processor.py:840} INFO - DAG(s) 'example_sla_dag' retrieved from /home/airflow/.local/lib/python3.8/site-packages/airflow/example_dags/example_sla_dag.py
[2024-03-06T14:36:53.653+0000] {logging_mixin.py:188} INFO - [2024-03-06T14:36:53.653+0000] {dag.py:3047} INFO - Sync 1 DAGs
[2024-03-06T14:36:53.677+0000] {logging_mixin.py:188} INFO - [2024-03-06T14:36:53.677+0000] {dag.py:3834} INFO - Setting next_dagrun for example_sla_dag to 2024-03-06 14:34:00+00:00, run_after=2024-03-06 14:36:00+00:00
[2024-03-06T14:36:53.702+0000] {processor.py:183} INFO - Processing /home/airflow/.local/lib/python3.8/site-packages/airflow/example_dags/example_sla_dag.py took 0.083 seconds
[2024-03-06T14:37:24.223+0000] {processor.py:161} INFO - Started process (PID=430) to work on /home/airflow/.local/lib/python3.8/site-packages/airflow/example_dags/example_sla_dag.py
[2024-03-06T14:37:24.224+0000] {processor.py:830} INFO - Processing file /home/airflow/.local/lib/python3.8/site-packages/airflow/example_dags/example_sla_dag.py for tasks to queue
[2024-03-06T14:37:24.226+0000] {logging_mixin.py:188} INFO - [2024-03-06T14:37:24.226+0000] {dagbag.py:540} INFO - Filling up the DagBag from /home/airflow/.local/lib/python3.8/site-packages/airflow/example_dags/example_sla_dag.py
[2024-03-06T14:37:24.234+0000] {processor.py:840} INFO - DAG(s) 'example_sla_dag' retrieved from /home/airflow/.local/lib/python3.8/site-packages/airflow/example_dags/example_sla_dag.py
[2024-03-06T14:37:24.252+0000] {logging_mixin.py:188} INFO - [2024-03-06T14:37:24.252+0000] {dag.py:3047} INFO - Sync 1 DAGs
[2024-03-06T14:37:24.281+0000] {logging_mixin.py:188} INFO - [2024-03-06T14:37:24.281+0000] {dag.py:3834} INFO - Setting next_dagrun for example_sla_dag to 2024-03-06 14:34:00+00:00, run_after=2024-03-06 14:36:00+00:00
[2024-03-06T14:37:24.307+0000] {processor.py:183} INFO - Processing /home/airflow/.local/lib/python3.8/site-packages/airflow/example_dags/example_sla_dag.py took 0.087 seconds
[2024-03-06T14:37:54.447+0000] {processor.py:161} INFO - Started process (PID=485) to work on /home/airflow/.local/lib/python3.8/site-packages/airflow/example_dags/example_sla_dag.py
[2024-03-06T14:37:54.448+0000] {processor.py:830} INFO - Processing file /home/airflow/.local/lib/python3.8/site-packages/airflow/example_dags/example_sla_dag.py for tasks to queue
[2024-03-06T14:37:54.450+0000] {logging_mixin.py:188} INFO - [2024-03-06T14:37:54.450+0000] {dagbag.py:540} INFO - Filling up the DagBag from /home/airflow/.local/lib/python3.8/site-packages/airflow/example_dags/example_sla_dag.py
[2024-03-06T14:37:54.458+0000] {processor.py:840} INFO - DAG(s) 'example_sla_dag' retrieved from /home/airflow/.local/lib/python3.8/site-packages/airflow/example_dags/example_sla_dag.py
[2024-03-06T14:37:54.479+0000] {logging_mixin.py:188} INFO - [2024-03-06T14:37:54.479+0000] {dag.py:3047} INFO - Sync 1 DAGs
[2024-03-06T14:37:54.514+0000] {logging_mixin.py:188} INFO - [2024-03-06T14:37:54.514+0000] {dag.py:3834} INFO - Setting next_dagrun for example_sla_dag to 2024-03-06 14:34:00+00:00, run_after=2024-03-06 14:36:00+00:00
[2024-03-06T14:37:54.544+0000] {processor.py:183} INFO - Processing /home/airflow/.local/lib/python3.8/site-packages/airflow/example_dags/example_sla_dag.py took 0.100 seconds
[2024-03-06T14:38:25.128+0000] {processor.py:161} INFO - Started process (PID=540) to work on /home/airflow/.local/lib/python3.8/site-packages/airflow/example_dags/example_sla_dag.py
[2024-03-06T14:38:25.129+0000] {processor.py:830} INFO - Processing file /home/airflow/.local/lib/python3.8/site-packages/airflow/example_dags/example_sla_dag.py for tasks to queue
[2024-03-06T14:38:25.130+0000] {logging_mixin.py:188} INFO - [2024-03-06T14:38:25.130+0000] {dagbag.py:540} INFO - Filling up the DagBag from /home/airflow/.local/lib/python3.8/site-packages/airflow/example_dags/example_sla_dag.py
[2024-03-06T14:38:25.140+0000] {processor.py:840} INFO - DAG(s) 'example_sla_dag' retrieved from /home/airflow/.local/lib/python3.8/site-packages/airflow/example_dags/example_sla_dag.py
[2024-03-06T14:38:25.162+0000] {logging_mixin.py:188} INFO - [2024-03-06T14:38:25.162+0000] {dag.py:3047} INFO - Sync 1 DAGs
[2024-03-06T14:38:25.191+0000] {logging_mixin.py:188} INFO - [2024-03-06T14:38:25.191+0000] {dag.py:3834} INFO - Setting next_dagrun for example_sla_dag to 2024-03-06 14:36:00+00:00, run_after=2024-03-06 14:38:00+00:00
[2024-03-06T14:38:25.217+0000] {processor.py:183} INFO - Processing /home/airflow/.local/lib/python3.8/site-packages/airflow/example_dags/example_sla_dag.py took 0.092 seconds
[2024-03-06T14:38:55.578+0000] {processor.py:161} INFO - Started process (PID=595) to work on /home/airflow/.local/lib/python3.8/site-packages/airflow/example_dags/example_sla_dag.py
[2024-03-06T14:38:55.584+0000] {processor.py:830} INFO - Processing file /home/airflow/.local/lib/python3.8/site-packages/airflow/example_dags/example_sla_dag.py for tasks to queue
[2024-03-06T14:38:55.587+0000] {logging_mixin.py:188} INFO - [2024-03-06T14:38:55.586+0000] {dagbag.py:540} INFO - Filling up the DagBag from /home/airflow/.local/lib/python3.8/site-packages/airflow/example_dags/example_sla_dag.py
[2024-03-06T14:38:55.596+0000] {processor.py:840} INFO - DAG(s) 'example_sla_dag' retrieved from /home/airflow/.local/lib/python3.8/site-packages/airflow/example_dags/example_sla_dag.py
[2024-03-06T14:38:55.609+0000] {logging_mixin.py:188} INFO - [2024-03-06T14:38:55.609+0000] {dag.py:3047} INFO - Sync 1 DAGs
[2024-03-06T14:38:55.634+0000] {logging_mixin.py:188} INFO - [2024-03-06T14:38:55.634+0000] {dag.py:3834} INFO - Setting next_dagrun for example_sla_dag to 2024-03-06 14:36:00+00:00, run_after=2024-03-06 14:38:00+00:00
[2024-03-06T14:38:55.653+0000] {processor.py:183} INFO - Processing /home/airflow/.local/lib/python3.8/site-packages/airflow/example_dags/example_sla_dag.py took 0.079 seconds
[2024-03-06T14:39:26.318+0000] {processor.py:161} INFO - Started process (PID=650) to work on /home/airflow/.local/lib/python3.8/site-packages/airflow/example_dags/example_sla_dag.py
[2024-03-06T14:39:26.320+0000] {processor.py:830} INFO - Processing file /home/airflow/.local/lib/python3.8/site-packages/airflow/example_dags/example_sla_dag.py for tasks to queue
[2024-03-06T14:39:26.322+0000] {logging_mixin.py:188} INFO - [2024-03-06T14:39:26.322+0000] {dagbag.py:540} INFO - Filling up the DagBag from /home/airflow/.local/lib/python3.8/site-packages/airflow/example_dags/example_sla_dag.py
[2024-03-06T14:39:26.330+0000] {processor.py:840} INFO - DAG(s) 'example_sla_dag' retrieved from /home/airflow/.local/lib/python3.8/site-packages/airflow/example_dags/example_sla_dag.py
[2024-03-06T14:39:26.421+0000] {logging_mixin.py:188} INFO - [2024-03-06T14:39:26.421+0000] {dag.py:3047} INFO - Sync 1 DAGs
[2024-03-06T14:39:26.442+0000] {logging_mixin.py:188} INFO - [2024-03-06T14:39:26.442+0000] {dag.py:3834} INFO - Setting next_dagrun for example_sla_dag to 2024-03-06 14:36:00+00:00, run_after=2024-03-06 14:38:00+00:00
[2024-03-06T14:39:26.462+0000] {processor.py:183} INFO - Processing /home/airflow/.local/lib/python3.8/site-packages/airflow/example_dags/example_sla_dag.py took 0.146 seconds
[2024-03-06T14:43:25.644+0000] {processor.py:161} INFO - Started process (PID=45) to work on /home/airflow/.local/lib/python3.8/site-packages/airflow/example_dags/example_sla_dag.py
[2024-03-06T14:43:25.646+0000] {processor.py:830} INFO - Processing file /home/airflow/.local/lib/python3.8/site-packages/airflow/example_dags/example_sla_dag.py for tasks to queue
[2024-03-06T14:43:25.648+0000] {logging_mixin.py:188} INFO - [2024-03-06T14:43:25.647+0000] {dagbag.py:540} INFO - Filling up the DagBag from /home/airflow/.local/lib/python3.8/site-packages/airflow/example_dags/example_sla_dag.py
[2024-03-06T14:43:25.658+0000] {processor.py:840} INFO - DAG(s) 'example_sla_dag' retrieved from /home/airflow/.local/lib/python3.8/site-packages/airflow/example_dags/example_sla_dag.py
[2024-03-06T14:43:25.757+0000] {logging_mixin.py:188} INFO - [2024-03-06T14:43:25.756+0000] {override.py:1769} INFO - Created Permission View: can delete on DAG:example_sla_dag
[2024-03-06T14:43:25.767+0000] {logging_mixin.py:188} INFO - [2024-03-06T14:43:25.767+0000] {override.py:1769} INFO - Created Permission View: can read on DAG:example_sla_dag
[2024-03-06T14:43:25.774+0000] {logging_mixin.py:188} INFO - [2024-03-06T14:43:25.773+0000] {override.py:1769} INFO - Created Permission View: can edit on DAG:example_sla_dag
[2024-03-06T14:43:25.774+0000] {logging_mixin.py:188} INFO - [2024-03-06T14:43:25.774+0000] {dag.py:3047} INFO - Sync 1 DAGs
[2024-03-06T14:43:25.785+0000] {logging_mixin.py:188} INFO - [2024-03-06T14:43:25.784+0000] {dag.py:3069} INFO - Creating ORM DAG for example_sla_dag
[2024-03-06T14:43:25.797+0000] {logging_mixin.py:188} INFO - [2024-03-06T14:43:25.797+0000] {dag.py:3834} INFO - Setting next_dagrun for example_sla_dag to 2024-03-06 14:40:00+00:00, run_after=2024-03-06 14:42:00+00:00
[2024-03-06T14:43:25.811+0000] {processor.py:183} INFO - Processing /home/airflow/.local/lib/python3.8/site-packages/airflow/example_dags/example_sla_dag.py took 0.170 seconds
[2024-03-06T14:43:55.878+0000] {processor.py:161} INFO - Started process (PID=100) to work on /home/airflow/.local/lib/python3.8/site-packages/airflow/example_dags/example_sla_dag.py
[2024-03-06T14:43:55.882+0000] {processor.py:830} INFO - Processing file /home/airflow/.local/lib/python3.8/site-packages/airflow/example_dags/example_sla_dag.py for tasks to queue
[2024-03-06T14:43:55.884+0000] {logging_mixin.py:188} INFO - [2024-03-06T14:43:55.884+0000] {dagbag.py:540} INFO - Filling up the DagBag from /home/airflow/.local/lib/python3.8/site-packages/airflow/example_dags/example_sla_dag.py
[2024-03-06T14:43:55.893+0000] {processor.py:840} INFO - DAG(s) 'example_sla_dag' retrieved from /home/airflow/.local/lib/python3.8/site-packages/airflow/example_dags/example_sla_dag.py
[2024-03-06T14:43:55.916+0000] {logging_mixin.py:188} INFO - [2024-03-06T14:43:55.916+0000] {dag.py:3047} INFO - Sync 1 DAGs
[2024-03-06T14:43:55.949+0000] {logging_mixin.py:188} INFO - [2024-03-06T14:43:55.948+0000] {dag.py:3834} INFO - Setting next_dagrun for example_sla_dag to 2024-03-06 14:40:00+00:00, run_after=2024-03-06 14:42:00+00:00
[2024-03-06T14:43:55.972+0000] {processor.py:183} INFO - Processing /home/airflow/.local/lib/python3.8/site-packages/airflow/example_dags/example_sla_dag.py took 0.098 seconds
[2024-03-06T14:44:26.334+0000] {processor.py:161} INFO - Started process (PID=155) to work on /home/airflow/.local/lib/python3.8/site-packages/airflow/example_dags/example_sla_dag.py
[2024-03-06T14:44:26.335+0000] {processor.py:830} INFO - Processing file /home/airflow/.local/lib/python3.8/site-packages/airflow/example_dags/example_sla_dag.py for tasks to queue
[2024-03-06T14:44:26.337+0000] {logging_mixin.py:188} INFO - [2024-03-06T14:44:26.337+0000] {dagbag.py:540} INFO - Filling up the DagBag from /home/airflow/.local/lib/python3.8/site-packages/airflow/example_dags/example_sla_dag.py
[2024-03-06T14:44:26.345+0000] {processor.py:840} INFO - DAG(s) 'example_sla_dag' retrieved from /home/airflow/.local/lib/python3.8/site-packages/airflow/example_dags/example_sla_dag.py
[2024-03-06T14:44:26.367+0000] {logging_mixin.py:188} INFO - [2024-03-06T14:44:26.366+0000] {dag.py:3047} INFO - Sync 1 DAGs
[2024-03-06T14:44:26.421+0000] {logging_mixin.py:188} INFO - [2024-03-06T14:44:26.421+0000] {dag.py:3834} INFO - Setting next_dagrun for example_sla_dag to 2024-03-06 14:42:00+00:00, run_after=2024-03-06 14:44:00+00:00
[2024-03-06T14:44:26.457+0000] {processor.py:183} INFO - Processing /home/airflow/.local/lib/python3.8/site-packages/airflow/example_dags/example_sla_dag.py took 0.127 seconds
[2024-03-06T14:44:56.871+0000] {processor.py:161} INFO - Started process (PID=210) to work on /home/airflow/.local/lib/python3.8/site-packages/airflow/example_dags/example_sla_dag.py
[2024-03-06T14:44:56.873+0000] {processor.py:830} INFO - Processing file /home/airflow/.local/lib/python3.8/site-packages/airflow/example_dags/example_sla_dag.py for tasks to queue
[2024-03-06T14:44:56.874+0000] {logging_mixin.py:188} INFO - [2024-03-06T14:44:56.874+0000] {dagbag.py:540} INFO - Filling up the DagBag from /home/airflow/.local/lib/python3.8/site-packages/airflow/example_dags/example_sla_dag.py
[2024-03-06T14:44:56.882+0000] {processor.py:840} INFO - DAG(s) 'example_sla_dag' retrieved from /home/airflow/.local/lib/python3.8/site-packages/airflow/example_dags/example_sla_dag.py
[2024-03-06T14:44:56.900+0000] {logging_mixin.py:188} INFO - [2024-03-06T14:44:56.900+0000] {dag.py:3047} INFO - Sync 1 DAGs
[2024-03-06T14:44:56.923+0000] {logging_mixin.py:188} INFO - [2024-03-06T14:44:56.923+0000] {dag.py:3834} INFO - Setting next_dagrun for example_sla_dag to 2024-03-06 14:42:00+00:00, run_after=2024-03-06 14:44:00+00:00
[2024-03-06T14:44:56.942+0000] {processor.py:183} INFO - Processing /home/airflow/.local/lib/python3.8/site-packages/airflow/example_dags/example_sla_dag.py took 0.074 seconds
[2024-03-06T14:45:27.396+0000] {processor.py:161} INFO - Started process (PID=265) to work on /home/airflow/.local/lib/python3.8/site-packages/airflow/example_dags/example_sla_dag.py
[2024-03-06T14:45:27.398+0000] {processor.py:830} INFO - Processing file /home/airflow/.local/lib/python3.8/site-packages/airflow/example_dags/example_sla_dag.py for tasks to queue
[2024-03-06T14:45:27.399+0000] {logging_mixin.py:188} INFO - [2024-03-06T14:45:27.399+0000] {dagbag.py:540} INFO - Filling up the DagBag from /home/airflow/.local/lib/python3.8/site-packages/airflow/example_dags/example_sla_dag.py
[2024-03-06T14:45:27.407+0000] {processor.py:840} INFO - DAG(s) 'example_sla_dag' retrieved from /home/airflow/.local/lib/python3.8/site-packages/airflow/example_dags/example_sla_dag.py
[2024-03-06T14:45:27.425+0000] {logging_mixin.py:188} INFO - [2024-03-06T14:45:27.425+0000] {dag.py:3047} INFO - Sync 1 DAGs
[2024-03-06T14:45:27.447+0000] {logging_mixin.py:188} INFO - [2024-03-06T14:45:27.447+0000] {dag.py:3834} INFO - Setting next_dagrun for example_sla_dag to 2024-03-06 14:42:00+00:00, run_after=2024-03-06 14:44:00+00:00
[2024-03-06T14:45:27.465+0000] {processor.py:183} INFO - Processing /home/airflow/.local/lib/python3.8/site-packages/airflow/example_dags/example_sla_dag.py took 0.071 seconds
[2024-03-06T14:45:58.031+0000] {processor.py:161} INFO - Started process (PID=320) to work on /home/airflow/.local/lib/python3.8/site-packages/airflow/example_dags/example_sla_dag.py
[2024-03-06T14:45:58.032+0000] {processor.py:830} INFO - Processing file /home/airflow/.local/lib/python3.8/site-packages/airflow/example_dags/example_sla_dag.py for tasks to queue
[2024-03-06T14:45:58.035+0000] {logging_mixin.py:188} INFO - [2024-03-06T14:45:58.034+0000] {dagbag.py:540} INFO - Filling up the DagBag from /home/airflow/.local/lib/python3.8/site-packages/airflow/example_dags/example_sla_dag.py
[2024-03-06T14:45:58.045+0000] {processor.py:840} INFO - DAG(s) 'example_sla_dag' retrieved from /home/airflow/.local/lib/python3.8/site-packages/airflow/example_dags/example_sla_dag.py
[2024-03-06T14:45:58.058+0000] {logging_mixin.py:188} INFO - [2024-03-06T14:45:58.058+0000] {dag.py:3047} INFO - Sync 1 DAGs
[2024-03-06T14:45:58.091+0000] {logging_mixin.py:188} INFO - [2024-03-06T14:45:58.090+0000] {dag.py:3834} INFO - Setting next_dagrun for example_sla_dag to 2024-03-06 14:42:00+00:00, run_after=2024-03-06 14:44:00+00:00
[2024-03-06T14:45:58.112+0000] {processor.py:183} INFO - Processing /home/airflow/.local/lib/python3.8/site-packages/airflow/example_dags/example_sla_dag.py took 0.084 seconds
[2024-03-06T14:46:28.915+0000] {processor.py:161} INFO - Started process (PID=375) to work on /home/airflow/.local/lib/python3.8/site-packages/airflow/example_dags/example_sla_dag.py
[2024-03-06T14:46:28.916+0000] {processor.py:830} INFO - Processing file /home/airflow/.local/lib/python3.8/site-packages/airflow/example_dags/example_sla_dag.py for tasks to queue
[2024-03-06T14:46:28.918+0000] {logging_mixin.py:188} INFO - [2024-03-06T14:46:28.918+0000] {dagbag.py:540} INFO - Filling up the DagBag from /home/airflow/.local/lib/python3.8/site-packages/airflow/example_dags/example_sla_dag.py
[2024-03-06T14:46:28.926+0000] {processor.py:840} INFO - DAG(s) 'example_sla_dag' retrieved from /home/airflow/.local/lib/python3.8/site-packages/airflow/example_dags/example_sla_dag.py
[2024-03-06T14:46:29.019+0000] {logging_mixin.py:188} INFO - [2024-03-06T14:46:29.019+0000] {dag.py:3047} INFO - Sync 1 DAGs
[2024-03-06T14:46:29.042+0000] {logging_mixin.py:188} INFO - [2024-03-06T14:46:29.042+0000] {dag.py:3834} INFO - Setting next_dagrun for example_sla_dag to 2024-03-06 14:44:00+00:00, run_after=2024-03-06 14:46:00+00:00
[2024-03-06T14:46:29.060+0000] {processor.py:183} INFO - Processing /home/airflow/.local/lib/python3.8/site-packages/airflow/example_dags/example_sla_dag.py took 0.148 seconds
