[2024-03-06T14:33:50.201+0000] {processor.py:161} INFO - Started process (PID=65) to work on /home/airflow/.local/lib/python3.8/site-packages/airflow/example_dags/example_sensor_decorator.py
[2024-03-06T14:33:50.203+0000] {processor.py:830} INFO - Processing file /home/airflow/.local/lib/python3.8/site-packages/airflow/example_dags/example_sensor_decorator.py for tasks to queue
[2024-03-06T14:33:50.206+0000] {logging_mixin.py:188} INFO - [2024-03-06T14:33:50.205+0000] {dagbag.py:540} INFO - Filling up the DagBag from /home/airflow/.local/lib/python3.8/site-packages/airflow/example_dags/example_sensor_decorator.py
[2024-03-06T14:33:50.216+0000] {processor.py:840} INFO - DAG(s) 'example_sensor_decorator' retrieved from /home/airflow/.local/lib/python3.8/site-packages/airflow/example_dags/example_sensor_decorator.py
[2024-03-06T14:33:50.227+0000] {logging_mixin.py:188} INFO - [2024-03-06T14:33:50.227+0000] {dag.py:3047} INFO - Sync 1 DAGs
[2024-03-06T14:33:50.241+0000] {logging_mixin.py:188} INFO - [2024-03-06T14:33:50.240+0000] {dag.py:3834} INFO - Setting next_dagrun for example_sensor_decorator to None, run_after=None
[2024-03-06T14:33:50.262+0000] {processor.py:183} INFO - Processing /home/airflow/.local/lib/python3.8/site-packages/airflow/example_dags/example_sensor_decorator.py took 0.066 seconds
[2024-03-06T14:34:21.907+0000] {processor.py:161} INFO - Started process (PID=120) to work on /home/airflow/.local/lib/python3.8/site-packages/airflow/example_dags/example_sensor_decorator.py
[2024-03-06T14:34:21.908+0000] {processor.py:830} INFO - Processing file /home/airflow/.local/lib/python3.8/site-packages/airflow/example_dags/example_sensor_decorator.py for tasks to queue
[2024-03-06T14:34:21.910+0000] {logging_mixin.py:188} INFO - [2024-03-06T14:34:21.909+0000] {dagbag.py:540} INFO - Filling up the DagBag from /home/airflow/.local/lib/python3.8/site-packages/airflow/example_dags/example_sensor_decorator.py
[2024-03-06T14:34:21.915+0000] {processor.py:840} INFO - DAG(s) 'example_sensor_decorator' retrieved from /home/airflow/.local/lib/python3.8/site-packages/airflow/example_dags/example_sensor_decorator.py
[2024-03-06T14:34:22.015+0000] {logging_mixin.py:188} INFO - [2024-03-06T14:34:22.015+0000] {dag.py:3047} INFO - Sync 1 DAGs
[2024-03-06T14:34:22.026+0000] {logging_mixin.py:188} INFO - [2024-03-06T14:34:22.026+0000] {dag.py:3834} INFO - Setting next_dagrun for example_sensor_decorator to None, run_after=None
[2024-03-06T14:34:22.048+0000] {processor.py:183} INFO - Processing /home/airflow/.local/lib/python3.8/site-packages/airflow/example_dags/example_sensor_decorator.py took 0.144 seconds
[2024-03-06T14:34:52.684+0000] {processor.py:161} INFO - Started process (PID=175) to work on /home/airflow/.local/lib/python3.8/site-packages/airflow/example_dags/example_sensor_decorator.py
[2024-03-06T14:34:52.686+0000] {processor.py:830} INFO - Processing file /home/airflow/.local/lib/python3.8/site-packages/airflow/example_dags/example_sensor_decorator.py for tasks to queue
[2024-03-06T14:34:52.688+0000] {logging_mixin.py:188} INFO - [2024-03-06T14:34:52.687+0000] {dagbag.py:540} INFO - Filling up the DagBag from /home/airflow/.local/lib/python3.8/site-packages/airflow/example_dags/example_sensor_decorator.py
[2024-03-06T14:34:52.697+0000] {processor.py:840} INFO - DAG(s) 'example_sensor_decorator' retrieved from /home/airflow/.local/lib/python3.8/site-packages/airflow/example_dags/example_sensor_decorator.py
[2024-03-06T14:34:52.714+0000] {logging_mixin.py:188} INFO - [2024-03-06T14:34:52.714+0000] {dag.py:3047} INFO - Sync 1 DAGs
[2024-03-06T14:34:52.733+0000] {logging_mixin.py:188} INFO - [2024-03-06T14:34:52.733+0000] {dag.py:3834} INFO - Setting next_dagrun for example_sensor_decorator to None, run_after=None
[2024-03-06T14:34:52.766+0000] {processor.py:183} INFO - Processing /home/airflow/.local/lib/python3.8/site-packages/airflow/example_dags/example_sensor_decorator.py took 0.087 seconds
[2024-03-06T14:35:23.492+0000] {processor.py:161} INFO - Started process (PID=230) to work on /home/airflow/.local/lib/python3.8/site-packages/airflow/example_dags/example_sensor_decorator.py
[2024-03-06T14:35:23.493+0000] {processor.py:830} INFO - Processing file /home/airflow/.local/lib/python3.8/site-packages/airflow/example_dags/example_sensor_decorator.py for tasks to queue
[2024-03-06T14:35:23.495+0000] {logging_mixin.py:188} INFO - [2024-03-06T14:35:23.495+0000] {dagbag.py:540} INFO - Filling up the DagBag from /home/airflow/.local/lib/python3.8/site-packages/airflow/example_dags/example_sensor_decorator.py
[2024-03-06T14:35:23.501+0000] {processor.py:840} INFO - DAG(s) 'example_sensor_decorator' retrieved from /home/airflow/.local/lib/python3.8/site-packages/airflow/example_dags/example_sensor_decorator.py
[2024-03-06T14:35:23.621+0000] {logging_mixin.py:188} INFO - [2024-03-06T14:35:23.621+0000] {dag.py:3047} INFO - Sync 1 DAGs
[2024-03-06T14:35:23.638+0000] {logging_mixin.py:188} INFO - [2024-03-06T14:35:23.637+0000] {dag.py:3834} INFO - Setting next_dagrun for example_sensor_decorator to None, run_after=None
[2024-03-06T14:35:23.667+0000] {processor.py:183} INFO - Processing /home/airflow/.local/lib/python3.8/site-packages/airflow/example_dags/example_sensor_decorator.py took 0.178 seconds
[2024-03-06T14:35:54.312+0000] {processor.py:161} INFO - Started process (PID=285) to work on /home/airflow/.local/lib/python3.8/site-packages/airflow/example_dags/example_sensor_decorator.py
[2024-03-06T14:35:54.313+0000] {processor.py:830} INFO - Processing file /home/airflow/.local/lib/python3.8/site-packages/airflow/example_dags/example_sensor_decorator.py for tasks to queue
[2024-03-06T14:35:54.315+0000] {logging_mixin.py:188} INFO - [2024-03-06T14:35:54.314+0000] {dagbag.py:540} INFO - Filling up the DagBag from /home/airflow/.local/lib/python3.8/site-packages/airflow/example_dags/example_sensor_decorator.py
[2024-03-06T14:35:54.321+0000] {processor.py:840} INFO - DAG(s) 'example_sensor_decorator' retrieved from /home/airflow/.local/lib/python3.8/site-packages/airflow/example_dags/example_sensor_decorator.py
[2024-03-06T14:35:54.340+0000] {logging_mixin.py:188} INFO - [2024-03-06T14:35:54.339+0000] {dag.py:3047} INFO - Sync 1 DAGs
[2024-03-06T14:35:54.351+0000] {logging_mixin.py:188} INFO - [2024-03-06T14:35:54.351+0000] {dag.py:3834} INFO - Setting next_dagrun for example_sensor_decorator to None, run_after=None
[2024-03-06T14:35:54.372+0000] {processor.py:183} INFO - Processing /home/airflow/.local/lib/python3.8/site-packages/airflow/example_dags/example_sensor_decorator.py took 0.063 seconds
[2024-03-06T14:36:25.080+0000] {processor.py:161} INFO - Started process (PID=340) to work on /home/airflow/.local/lib/python3.8/site-packages/airflow/example_dags/example_sensor_decorator.py
[2024-03-06T14:36:25.081+0000] {processor.py:830} INFO - Processing file /home/airflow/.local/lib/python3.8/site-packages/airflow/example_dags/example_sensor_decorator.py for tasks to queue
[2024-03-06T14:36:25.083+0000] {logging_mixin.py:188} INFO - [2024-03-06T14:36:25.083+0000] {dagbag.py:540} INFO - Filling up the DagBag from /home/airflow/.local/lib/python3.8/site-packages/airflow/example_dags/example_sensor_decorator.py
[2024-03-06T14:36:25.089+0000] {processor.py:840} INFO - DAG(s) 'example_sensor_decorator' retrieved from /home/airflow/.local/lib/python3.8/site-packages/airflow/example_dags/example_sensor_decorator.py
[2024-03-06T14:36:25.107+0000] {logging_mixin.py:188} INFO - [2024-03-06T14:36:25.107+0000] {dag.py:3047} INFO - Sync 1 DAGs
[2024-03-06T14:36:25.118+0000] {logging_mixin.py:188} INFO - [2024-03-06T14:36:25.118+0000] {dag.py:3834} INFO - Setting next_dagrun for example_sensor_decorator to None, run_after=None
[2024-03-06T14:36:25.139+0000] {processor.py:183} INFO - Processing /home/airflow/.local/lib/python3.8/site-packages/airflow/example_dags/example_sensor_decorator.py took 0.062 seconds
[2024-03-06T14:36:55.647+0000] {processor.py:161} INFO - Started process (PID=395) to work on /home/airflow/.local/lib/python3.8/site-packages/airflow/example_dags/example_sensor_decorator.py
[2024-03-06T14:36:55.649+0000] {processor.py:830} INFO - Processing file /home/airflow/.local/lib/python3.8/site-packages/airflow/example_dags/example_sensor_decorator.py for tasks to queue
[2024-03-06T14:36:55.650+0000] {logging_mixin.py:188} INFO - [2024-03-06T14:36:55.650+0000] {dagbag.py:540} INFO - Filling up the DagBag from /home/airflow/.local/lib/python3.8/site-packages/airflow/example_dags/example_sensor_decorator.py
[2024-03-06T14:36:55.655+0000] {processor.py:840} INFO - DAG(s) 'example_sensor_decorator' retrieved from /home/airflow/.local/lib/python3.8/site-packages/airflow/example_dags/example_sensor_decorator.py
[2024-03-06T14:36:55.673+0000] {logging_mixin.py:188} INFO - [2024-03-06T14:36:55.673+0000] {dag.py:3047} INFO - Sync 1 DAGs
[2024-03-06T14:36:55.686+0000] {logging_mixin.py:188} INFO - [2024-03-06T14:36:55.686+0000] {dag.py:3834} INFO - Setting next_dagrun for example_sensor_decorator to None, run_after=None
[2024-03-06T14:36:55.708+0000] {processor.py:183} INFO - Processing /home/airflow/.local/lib/python3.8/site-packages/airflow/example_dags/example_sensor_decorator.py took 0.064 seconds
[2024-03-06T14:37:26.422+0000] {processor.py:161} INFO - Started process (PID=450) to work on /home/airflow/.local/lib/python3.8/site-packages/airflow/example_dags/example_sensor_decorator.py
[2024-03-06T14:37:26.423+0000] {processor.py:830} INFO - Processing file /home/airflow/.local/lib/python3.8/site-packages/airflow/example_dags/example_sensor_decorator.py for tasks to queue
[2024-03-06T14:37:26.425+0000] {logging_mixin.py:188} INFO - [2024-03-06T14:37:26.424+0000] {dagbag.py:540} INFO - Filling up the DagBag from /home/airflow/.local/lib/python3.8/site-packages/airflow/example_dags/example_sensor_decorator.py
[2024-03-06T14:37:26.430+0000] {processor.py:840} INFO - DAG(s) 'example_sensor_decorator' retrieved from /home/airflow/.local/lib/python3.8/site-packages/airflow/example_dags/example_sensor_decorator.py
[2024-03-06T14:37:26.449+0000] {logging_mixin.py:188} INFO - [2024-03-06T14:37:26.449+0000] {dag.py:3047} INFO - Sync 1 DAGs
[2024-03-06T14:37:26.462+0000] {logging_mixin.py:188} INFO - [2024-03-06T14:37:26.461+0000] {dag.py:3834} INFO - Setting next_dagrun for example_sensor_decorator to None, run_after=None
[2024-03-06T14:37:26.484+0000] {processor.py:183} INFO - Processing /home/airflow/.local/lib/python3.8/site-packages/airflow/example_dags/example_sensor_decorator.py took 0.065 seconds
[2024-03-06T14:37:56.599+0000] {processor.py:161} INFO - Started process (PID=505) to work on /home/airflow/.local/lib/python3.8/site-packages/airflow/example_dags/example_sensor_decorator.py
[2024-03-06T14:37:56.600+0000] {processor.py:830} INFO - Processing file /home/airflow/.local/lib/python3.8/site-packages/airflow/example_dags/example_sensor_decorator.py for tasks to queue
[2024-03-06T14:37:56.602+0000] {logging_mixin.py:188} INFO - [2024-03-06T14:37:56.601+0000] {dagbag.py:540} INFO - Filling up the DagBag from /home/airflow/.local/lib/python3.8/site-packages/airflow/example_dags/example_sensor_decorator.py
[2024-03-06T14:37:56.607+0000] {processor.py:840} INFO - DAG(s) 'example_sensor_decorator' retrieved from /home/airflow/.local/lib/python3.8/site-packages/airflow/example_dags/example_sensor_decorator.py
[2024-03-06T14:37:56.624+0000] {logging_mixin.py:188} INFO - [2024-03-06T14:37:56.624+0000] {dag.py:3047} INFO - Sync 1 DAGs
[2024-03-06T14:37:56.636+0000] {logging_mixin.py:188} INFO - [2024-03-06T14:37:56.636+0000] {dag.py:3834} INFO - Setting next_dagrun for example_sensor_decorator to None, run_after=None
[2024-03-06T14:37:56.657+0000] {processor.py:183} INFO - Processing /home/airflow/.local/lib/python3.8/site-packages/airflow/example_dags/example_sensor_decorator.py took 0.061 seconds
[2024-03-06T14:38:27.175+0000] {processor.py:161} INFO - Started process (PID=560) to work on /home/airflow/.local/lib/python3.8/site-packages/airflow/example_dags/example_sensor_decorator.py
[2024-03-06T14:38:27.176+0000] {processor.py:830} INFO - Processing file /home/airflow/.local/lib/python3.8/site-packages/airflow/example_dags/example_sensor_decorator.py for tasks to queue
[2024-03-06T14:38:27.178+0000] {logging_mixin.py:188} INFO - [2024-03-06T14:38:27.177+0000] {dagbag.py:540} INFO - Filling up the DagBag from /home/airflow/.local/lib/python3.8/site-packages/airflow/example_dags/example_sensor_decorator.py
[2024-03-06T14:38:27.183+0000] {processor.py:840} INFO - DAG(s) 'example_sensor_decorator' retrieved from /home/airflow/.local/lib/python3.8/site-packages/airflow/example_dags/example_sensor_decorator.py
[2024-03-06T14:38:27.201+0000] {logging_mixin.py:188} INFO - [2024-03-06T14:38:27.200+0000] {dag.py:3047} INFO - Sync 1 DAGs
[2024-03-06T14:38:27.212+0000] {logging_mixin.py:188} INFO - [2024-03-06T14:38:27.212+0000] {dag.py:3834} INFO - Setting next_dagrun for example_sensor_decorator to None, run_after=None
[2024-03-06T14:38:27.231+0000] {processor.py:183} INFO - Processing /home/airflow/.local/lib/python3.8/site-packages/airflow/example_dags/example_sensor_decorator.py took 0.059 seconds
[2024-03-06T14:38:57.464+0000] {processor.py:161} INFO - Started process (PID=615) to work on /home/airflow/.local/lib/python3.8/site-packages/airflow/example_dags/example_sensor_decorator.py
[2024-03-06T14:38:57.464+0000] {processor.py:830} INFO - Processing file /home/airflow/.local/lib/python3.8/site-packages/airflow/example_dags/example_sensor_decorator.py for tasks to queue
[2024-03-06T14:38:57.466+0000] {logging_mixin.py:188} INFO - [2024-03-06T14:38:57.466+0000] {dagbag.py:540} INFO - Filling up the DagBag from /home/airflow/.local/lib/python3.8/site-packages/airflow/example_dags/example_sensor_decorator.py
[2024-03-06T14:38:57.471+0000] {processor.py:840} INFO - DAG(s) 'example_sensor_decorator' retrieved from /home/airflow/.local/lib/python3.8/site-packages/airflow/example_dags/example_sensor_decorator.py
[2024-03-06T14:38:57.482+0000] {logging_mixin.py:188} INFO - [2024-03-06T14:38:57.481+0000] {dag.py:3047} INFO - Sync 1 DAGs
[2024-03-06T14:38:57.493+0000] {logging_mixin.py:188} INFO - [2024-03-06T14:38:57.493+0000] {dag.py:3834} INFO - Setting next_dagrun for example_sensor_decorator to None, run_after=None
[2024-03-06T14:38:57.518+0000] {processor.py:183} INFO - Processing /home/airflow/.local/lib/python3.8/site-packages/airflow/example_dags/example_sensor_decorator.py took 0.058 seconds
[2024-03-06T14:39:28.179+0000] {processor.py:161} INFO - Started process (PID=670) to work on /home/airflow/.local/lib/python3.8/site-packages/airflow/example_dags/example_sensor_decorator.py
[2024-03-06T14:39:28.180+0000] {processor.py:830} INFO - Processing file /home/airflow/.local/lib/python3.8/site-packages/airflow/example_dags/example_sensor_decorator.py for tasks to queue
[2024-03-06T14:39:28.182+0000] {logging_mixin.py:188} INFO - [2024-03-06T14:39:28.182+0000] {dagbag.py:540} INFO - Filling up the DagBag from /home/airflow/.local/lib/python3.8/site-packages/airflow/example_dags/example_sensor_decorator.py
[2024-03-06T14:39:28.187+0000] {processor.py:840} INFO - DAG(s) 'example_sensor_decorator' retrieved from /home/airflow/.local/lib/python3.8/site-packages/airflow/example_dags/example_sensor_decorator.py
[2024-03-06T14:39:28.301+0000] {logging_mixin.py:188} INFO - [2024-03-06T14:39:28.300+0000] {dag.py:3047} INFO - Sync 1 DAGs
[2024-03-06T14:39:28.311+0000] {logging_mixin.py:188} INFO - [2024-03-06T14:39:28.311+0000] {dag.py:3834} INFO - Setting next_dagrun for example_sensor_decorator to None, run_after=None
[2024-03-06T14:39:28.329+0000] {processor.py:183} INFO - Processing /home/airflow/.local/lib/python3.8/site-packages/airflow/example_dags/example_sensor_decorator.py took 0.153 seconds
[2024-03-06T14:43:27.820+0000] {processor.py:161} INFO - Started process (PID=65) to work on /home/airflow/.local/lib/python3.8/site-packages/airflow/example_dags/example_sensor_decorator.py
[2024-03-06T14:43:27.822+0000] {processor.py:830} INFO - Processing file /home/airflow/.local/lib/python3.8/site-packages/airflow/example_dags/example_sensor_decorator.py for tasks to queue
[2024-03-06T14:43:27.823+0000] {logging_mixin.py:188} INFO - [2024-03-06T14:43:27.823+0000] {dagbag.py:540} INFO - Filling up the DagBag from /home/airflow/.local/lib/python3.8/site-packages/airflow/example_dags/example_sensor_decorator.py
[2024-03-06T14:43:27.830+0000] {processor.py:840} INFO - DAG(s) 'example_sensor_decorator' retrieved from /home/airflow/.local/lib/python3.8/site-packages/airflow/example_dags/example_sensor_decorator.py
[2024-03-06T14:43:27.921+0000] {logging_mixin.py:188} INFO - [2024-03-06T14:43:27.921+0000] {override.py:1769} INFO - Created Permission View: can delete on DAG:example_sensor_decorator
[2024-03-06T14:43:27.931+0000] {logging_mixin.py:188} INFO - [2024-03-06T14:43:27.930+0000] {override.py:1769} INFO - Created Permission View: can read on DAG:example_sensor_decorator
[2024-03-06T14:43:27.938+0000] {logging_mixin.py:188} INFO - [2024-03-06T14:43:27.938+0000] {override.py:1769} INFO - Created Permission View: can edit on DAG:example_sensor_decorator
[2024-03-06T14:43:27.938+0000] {logging_mixin.py:188} INFO - [2024-03-06T14:43:27.938+0000] {dag.py:3047} INFO - Sync 1 DAGs
[2024-03-06T14:43:27.948+0000] {logging_mixin.py:188} INFO - [2024-03-06T14:43:27.948+0000] {dag.py:3069} INFO - Creating ORM DAG for example_sensor_decorator
[2024-03-06T14:43:27.948+0000] {logging_mixin.py:188} INFO - [2024-03-06T14:43:27.948+0000] {dag.py:3834} INFO - Setting next_dagrun for example_sensor_decorator to None, run_after=None
[2024-03-06T14:43:27.964+0000] {processor.py:183} INFO - Processing /home/airflow/.local/lib/python3.8/site-packages/airflow/example_dags/example_sensor_decorator.py took 0.146 seconds
[2024-03-06T14:43:57.991+0000] {processor.py:161} INFO - Started process (PID=120) to work on /home/airflow/.local/lib/python3.8/site-packages/airflow/example_dags/example_sensor_decorator.py
[2024-03-06T14:43:57.992+0000] {processor.py:830} INFO - Processing file /home/airflow/.local/lib/python3.8/site-packages/airflow/example_dags/example_sensor_decorator.py for tasks to queue
[2024-03-06T14:43:57.994+0000] {logging_mixin.py:188} INFO - [2024-03-06T14:43:57.994+0000] {dagbag.py:540} INFO - Filling up the DagBag from /home/airflow/.local/lib/python3.8/site-packages/airflow/example_dags/example_sensor_decorator.py
[2024-03-06T14:43:58.001+0000] {processor.py:840} INFO - DAG(s) 'example_sensor_decorator' retrieved from /home/airflow/.local/lib/python3.8/site-packages/airflow/example_dags/example_sensor_decorator.py
[2024-03-06T14:43:58.022+0000] {logging_mixin.py:188} INFO - [2024-03-06T14:43:58.021+0000] {dag.py:3047} INFO - Sync 1 DAGs
[2024-03-06T14:43:58.036+0000] {logging_mixin.py:188} INFO - [2024-03-06T14:43:58.036+0000] {dag.py:3834} INFO - Setting next_dagrun for example_sensor_decorator to None, run_after=None
[2024-03-06T14:43:58.059+0000] {processor.py:183} INFO - Processing /home/airflow/.local/lib/python3.8/site-packages/airflow/example_dags/example_sensor_decorator.py took 0.072 seconds
[2024-03-06T14:44:28.422+0000] {processor.py:161} INFO - Started process (PID=175) to work on /home/airflow/.local/lib/python3.8/site-packages/airflow/example_dags/example_sensor_decorator.py
[2024-03-06T14:44:28.423+0000] {processor.py:830} INFO - Processing file /home/airflow/.local/lib/python3.8/site-packages/airflow/example_dags/example_sensor_decorator.py for tasks to queue
[2024-03-06T14:44:28.424+0000] {logging_mixin.py:188} INFO - [2024-03-06T14:44:28.424+0000] {dagbag.py:540} INFO - Filling up the DagBag from /home/airflow/.local/lib/python3.8/site-packages/airflow/example_dags/example_sensor_decorator.py
[2024-03-06T14:44:28.429+0000] {processor.py:840} INFO - DAG(s) 'example_sensor_decorator' retrieved from /home/airflow/.local/lib/python3.8/site-packages/airflow/example_dags/example_sensor_decorator.py
[2024-03-06T14:44:28.448+0000] {logging_mixin.py:188} INFO - [2024-03-06T14:44:28.447+0000] {dag.py:3047} INFO - Sync 1 DAGs
[2024-03-06T14:44:28.458+0000] {logging_mixin.py:188} INFO - [2024-03-06T14:44:28.458+0000] {dag.py:3834} INFO - Setting next_dagrun for example_sensor_decorator to None, run_after=None
[2024-03-06T14:44:28.476+0000] {processor.py:183} INFO - Processing /home/airflow/.local/lib/python3.8/site-packages/airflow/example_dags/example_sensor_decorator.py took 0.057 seconds
[2024-03-06T14:44:58.911+0000] {processor.py:161} INFO - Started process (PID=230) to work on /home/airflow/.local/lib/python3.8/site-packages/airflow/example_dags/example_sensor_decorator.py
[2024-03-06T14:44:58.912+0000] {processor.py:830} INFO - Processing file /home/airflow/.local/lib/python3.8/site-packages/airflow/example_dags/example_sensor_decorator.py for tasks to queue
[2024-03-06T14:44:58.914+0000] {logging_mixin.py:188} INFO - [2024-03-06T14:44:58.914+0000] {dagbag.py:540} INFO - Filling up the DagBag from /home/airflow/.local/lib/python3.8/site-packages/airflow/example_dags/example_sensor_decorator.py
[2024-03-06T14:44:58.920+0000] {processor.py:840} INFO - DAG(s) 'example_sensor_decorator' retrieved from /home/airflow/.local/lib/python3.8/site-packages/airflow/example_dags/example_sensor_decorator.py
[2024-03-06T14:44:58.938+0000] {logging_mixin.py:188} INFO - [2024-03-06T14:44:58.937+0000] {dag.py:3047} INFO - Sync 1 DAGs
[2024-03-06T14:44:58.950+0000] {logging_mixin.py:188} INFO - [2024-03-06T14:44:58.949+0000] {dag.py:3834} INFO - Setting next_dagrun for example_sensor_decorator to None, run_after=None
[2024-03-06T14:44:58.969+0000] {processor.py:183} INFO - Processing /home/airflow/.local/lib/python3.8/site-packages/airflow/example_dags/example_sensor_decorator.py took 0.061 seconds
[2024-03-06T14:45:29.464+0000] {processor.py:161} INFO - Started process (PID=285) to work on /home/airflow/.local/lib/python3.8/site-packages/airflow/example_dags/example_sensor_decorator.py
[2024-03-06T14:45:29.465+0000] {processor.py:830} INFO - Processing file /home/airflow/.local/lib/python3.8/site-packages/airflow/example_dags/example_sensor_decorator.py for tasks to queue
[2024-03-06T14:45:29.466+0000] {logging_mixin.py:188} INFO - [2024-03-06T14:45:29.466+0000] {dagbag.py:540} INFO - Filling up the DagBag from /home/airflow/.local/lib/python3.8/site-packages/airflow/example_dags/example_sensor_decorator.py
[2024-03-06T14:45:29.471+0000] {processor.py:840} INFO - DAG(s) 'example_sensor_decorator' retrieved from /home/airflow/.local/lib/python3.8/site-packages/airflow/example_dags/example_sensor_decorator.py
[2024-03-06T14:45:29.489+0000] {logging_mixin.py:188} INFO - [2024-03-06T14:45:29.489+0000] {dag.py:3047} INFO - Sync 1 DAGs
[2024-03-06T14:45:29.501+0000] {logging_mixin.py:188} INFO - [2024-03-06T14:45:29.501+0000] {dag.py:3834} INFO - Setting next_dagrun for example_sensor_decorator to None, run_after=None
[2024-03-06T14:45:29.520+0000] {processor.py:183} INFO - Processing /home/airflow/.local/lib/python3.8/site-packages/airflow/example_dags/example_sensor_decorator.py took 0.059 seconds
[2024-03-06T14:46:00.120+0000] {processor.py:161} INFO - Started process (PID=340) to work on /home/airflow/.local/lib/python3.8/site-packages/airflow/example_dags/example_sensor_decorator.py
[2024-03-06T14:46:00.122+0000] {processor.py:830} INFO - Processing file /home/airflow/.local/lib/python3.8/site-packages/airflow/example_dags/example_sensor_decorator.py for tasks to queue
[2024-03-06T14:46:00.124+0000] {logging_mixin.py:188} INFO - [2024-03-06T14:46:00.124+0000] {dagbag.py:540} INFO - Filling up the DagBag from /home/airflow/.local/lib/python3.8/site-packages/airflow/example_dags/example_sensor_decorator.py
[2024-03-06T14:46:00.131+0000] {processor.py:840} INFO - DAG(s) 'example_sensor_decorator' retrieved from /home/airflow/.local/lib/python3.8/site-packages/airflow/example_dags/example_sensor_decorator.py
[2024-03-06T14:46:00.142+0000] {logging_mixin.py:188} INFO - [2024-03-06T14:46:00.142+0000] {dag.py:3047} INFO - Sync 1 DAGs
[2024-03-06T14:46:00.156+0000] {logging_mixin.py:188} INFO - [2024-03-06T14:46:00.156+0000] {dag.py:3834} INFO - Setting next_dagrun for example_sensor_decorator to None, run_after=None
[2024-03-06T14:46:00.180+0000] {processor.py:183} INFO - Processing /home/airflow/.local/lib/python3.8/site-packages/airflow/example_dags/example_sensor_decorator.py took 0.063 seconds
