[2024-03-06T14:33:50.475+0000] {processor.py:161} INFO - Started process (PID=72) to work on /home/airflow/.local/lib/python3.8/site-packages/airflow/example_dags/example_python_decorator.py
[2024-03-06T14:33:50.477+0000] {processor.py:830} INFO - Processing file /home/airflow/.local/lib/python3.8/site-packages/airflow/example_dags/example_python_decorator.py for tasks to queue
[2024-03-06T14:33:50.479+0000] {logging_mixin.py:188} INFO - [2024-03-06T14:33:50.479+0000] {dagbag.py:540} INFO - Filling up the DagBag from /home/airflow/.local/lib/python3.8/site-packages/airflow/example_dags/example_python_decorator.py
[2024-03-06T14:33:50.496+0000] {processor.py:840} INFO - DAG(s) 'example_python_decorator' retrieved from /home/airflow/.local/lib/python3.8/site-packages/airflow/example_dags/example_python_decorator.py
[2024-03-06T14:33:50.510+0000] {logging_mixin.py:188} INFO - [2024-03-06T14:33:50.510+0000] {dag.py:3047} INFO - Sync 1 DAGs
[2024-03-06T14:33:50.523+0000] {logging_mixin.py:188} INFO - [2024-03-06T14:33:50.523+0000] {dag.py:3834} INFO - Setting next_dagrun for example_python_decorator to None, run_after=None
[2024-03-06T14:33:50.546+0000] {processor.py:183} INFO - Processing /home/airflow/.local/lib/python3.8/site-packages/airflow/example_dags/example_python_decorator.py took 0.074 seconds
[2024-03-06T14:34:22.538+0000] {processor.py:161} INFO - Started process (PID=127) to work on /home/airflow/.local/lib/python3.8/site-packages/airflow/example_dags/example_python_decorator.py
[2024-03-06T14:34:22.539+0000] {processor.py:830} INFO - Processing file /home/airflow/.local/lib/python3.8/site-packages/airflow/example_dags/example_python_decorator.py for tasks to queue
[2024-03-06T14:34:22.541+0000] {logging_mixin.py:188} INFO - [2024-03-06T14:34:22.541+0000] {dagbag.py:540} INFO - Filling up the DagBag from /home/airflow/.local/lib/python3.8/site-packages/airflow/example_dags/example_python_decorator.py
[2024-03-06T14:34:22.552+0000] {processor.py:840} INFO - DAG(s) 'example_python_decorator' retrieved from /home/airflow/.local/lib/python3.8/site-packages/airflow/example_dags/example_python_decorator.py
[2024-03-06T14:34:22.639+0000] {logging_mixin.py:188} INFO - [2024-03-06T14:34:22.639+0000] {dag.py:3047} INFO - Sync 1 DAGs
[2024-03-06T14:34:22.648+0000] {logging_mixin.py:188} INFO - [2024-03-06T14:34:22.648+0000] {dag.py:3834} INFO - Setting next_dagrun for example_python_decorator to None, run_after=None
[2024-03-06T14:34:22.669+0000] {processor.py:183} INFO - Processing /home/airflow/.local/lib/python3.8/site-packages/airflow/example_dags/example_python_decorator.py took 0.134 seconds
[2024-03-06T14:34:53.125+0000] {processor.py:161} INFO - Started process (PID=182) to work on /home/airflow/.local/lib/python3.8/site-packages/airflow/example_dags/example_python_decorator.py
[2024-03-06T14:34:53.126+0000] {processor.py:830} INFO - Processing file /home/airflow/.local/lib/python3.8/site-packages/airflow/example_dags/example_python_decorator.py for tasks to queue
[2024-03-06T14:34:53.128+0000] {logging_mixin.py:188} INFO - [2024-03-06T14:34:53.127+0000] {dagbag.py:540} INFO - Filling up the DagBag from /home/airflow/.local/lib/python3.8/site-packages/airflow/example_dags/example_python_decorator.py
[2024-03-06T14:34:53.142+0000] {processor.py:840} INFO - DAG(s) 'example_python_decorator' retrieved from /home/airflow/.local/lib/python3.8/site-packages/airflow/example_dags/example_python_decorator.py
[2024-03-06T14:34:53.152+0000] {logging_mixin.py:188} INFO - [2024-03-06T14:34:53.152+0000] {dag.py:3047} INFO - Sync 1 DAGs
[2024-03-06T14:34:53.170+0000] {logging_mixin.py:188} INFO - [2024-03-06T14:34:53.170+0000] {dag.py:3834} INFO - Setting next_dagrun for example_python_decorator to None, run_after=None
[2024-03-06T14:34:53.191+0000] {processor.py:183} INFO - Processing /home/airflow/.local/lib/python3.8/site-packages/airflow/example_dags/example_python_decorator.py took 0.069 seconds
[2024-03-06T14:35:24.343+0000] {processor.py:161} INFO - Started process (PID=237) to work on /home/airflow/.local/lib/python3.8/site-packages/airflow/example_dags/example_python_decorator.py
[2024-03-06T14:35:24.344+0000] {processor.py:830} INFO - Processing file /home/airflow/.local/lib/python3.8/site-packages/airflow/example_dags/example_python_decorator.py for tasks to queue
[2024-03-06T14:35:24.345+0000] {logging_mixin.py:188} INFO - [2024-03-06T14:35:24.345+0000] {dagbag.py:540} INFO - Filling up the DagBag from /home/airflow/.local/lib/python3.8/site-packages/airflow/example_dags/example_python_decorator.py
[2024-03-06T14:35:24.356+0000] {processor.py:840} INFO - DAG(s) 'example_python_decorator' retrieved from /home/airflow/.local/lib/python3.8/site-packages/airflow/example_dags/example_python_decorator.py
[2024-03-06T14:35:24.443+0000] {logging_mixin.py:188} INFO - [2024-03-06T14:35:24.443+0000] {dag.py:3047} INFO - Sync 1 DAGs
[2024-03-06T14:35:24.452+0000] {logging_mixin.py:188} INFO - [2024-03-06T14:35:24.452+0000] {dag.py:3834} INFO - Setting next_dagrun for example_python_decorator to None, run_after=None
[2024-03-06T14:35:24.469+0000] {processor.py:183} INFO - Processing /home/airflow/.local/lib/python3.8/site-packages/airflow/example_dags/example_python_decorator.py took 0.128 seconds
[2024-03-06T14:35:54.639+0000] {processor.py:161} INFO - Started process (PID=292) to work on /home/airflow/.local/lib/python3.8/site-packages/airflow/example_dags/example_python_decorator.py
[2024-03-06T14:35:54.640+0000] {processor.py:830} INFO - Processing file /home/airflow/.local/lib/python3.8/site-packages/airflow/example_dags/example_python_decorator.py for tasks to queue
[2024-03-06T14:35:54.642+0000] {logging_mixin.py:188} INFO - [2024-03-06T14:35:54.642+0000] {dagbag.py:540} INFO - Filling up the DagBag from /home/airflow/.local/lib/python3.8/site-packages/airflow/example_dags/example_python_decorator.py
[2024-03-06T14:35:54.654+0000] {processor.py:840} INFO - DAG(s) 'example_python_decorator' retrieved from /home/airflow/.local/lib/python3.8/site-packages/airflow/example_dags/example_python_decorator.py
[2024-03-06T14:35:54.679+0000] {logging_mixin.py:188} INFO - [2024-03-06T14:35:54.679+0000] {dag.py:3047} INFO - Sync 1 DAGs
[2024-03-06T14:35:54.694+0000] {logging_mixin.py:188} INFO - [2024-03-06T14:35:54.694+0000] {dag.py:3834} INFO - Setting next_dagrun for example_python_decorator to None, run_after=None
[2024-03-06T14:35:54.714+0000] {processor.py:183} INFO - Processing /home/airflow/.local/lib/python3.8/site-packages/airflow/example_dags/example_python_decorator.py took 0.078 seconds
[2024-03-06T14:36:25.411+0000] {processor.py:161} INFO - Started process (PID=347) to work on /home/airflow/.local/lib/python3.8/site-packages/airflow/example_dags/example_python_decorator.py
[2024-03-06T14:36:25.412+0000] {processor.py:830} INFO - Processing file /home/airflow/.local/lib/python3.8/site-packages/airflow/example_dags/example_python_decorator.py for tasks to queue
[2024-03-06T14:36:25.414+0000] {logging_mixin.py:188} INFO - [2024-03-06T14:36:25.414+0000] {dagbag.py:540} INFO - Filling up the DagBag from /home/airflow/.local/lib/python3.8/site-packages/airflow/example_dags/example_python_decorator.py
[2024-03-06T14:36:25.425+0000] {processor.py:840} INFO - DAG(s) 'example_python_decorator' retrieved from /home/airflow/.local/lib/python3.8/site-packages/airflow/example_dags/example_python_decorator.py
[2024-03-06T14:36:25.445+0000] {logging_mixin.py:188} INFO - [2024-03-06T14:36:25.445+0000] {dag.py:3047} INFO - Sync 1 DAGs
[2024-03-06T14:36:25.456+0000] {logging_mixin.py:188} INFO - [2024-03-06T14:36:25.456+0000] {dag.py:3834} INFO - Setting next_dagrun for example_python_decorator to None, run_after=None
[2024-03-06T14:36:25.475+0000] {processor.py:183} INFO - Processing /home/airflow/.local/lib/python3.8/site-packages/airflow/example_dags/example_python_decorator.py took 0.066 seconds
[2024-03-06T14:36:56.009+0000] {processor.py:161} INFO - Started process (PID=402) to work on /home/airflow/.local/lib/python3.8/site-packages/airflow/example_dags/example_python_decorator.py
[2024-03-06T14:36:56.010+0000] {processor.py:830} INFO - Processing file /home/airflow/.local/lib/python3.8/site-packages/airflow/example_dags/example_python_decorator.py for tasks to queue
[2024-03-06T14:36:56.012+0000] {logging_mixin.py:188} INFO - [2024-03-06T14:36:56.012+0000] {dagbag.py:540} INFO - Filling up the DagBag from /home/airflow/.local/lib/python3.8/site-packages/airflow/example_dags/example_python_decorator.py
[2024-03-06T14:36:56.028+0000] {processor.py:840} INFO - DAG(s) 'example_python_decorator' retrieved from /home/airflow/.local/lib/python3.8/site-packages/airflow/example_dags/example_python_decorator.py
[2024-03-06T14:36:56.054+0000] {logging_mixin.py:188} INFO - [2024-03-06T14:36:56.053+0000] {dag.py:3047} INFO - Sync 1 DAGs
[2024-03-06T14:36:56.068+0000] {logging_mixin.py:188} INFO - [2024-03-06T14:36:56.068+0000] {dag.py:3834} INFO - Setting next_dagrun for example_python_decorator to None, run_after=None
[2024-03-06T14:36:56.095+0000] {processor.py:183} INFO - Processing /home/airflow/.local/lib/python3.8/site-packages/airflow/example_dags/example_python_decorator.py took 0.090 seconds
[2024-03-06T14:37:26.749+0000] {processor.py:161} INFO - Started process (PID=457) to work on /home/airflow/.local/lib/python3.8/site-packages/airflow/example_dags/example_python_decorator.py
[2024-03-06T14:37:26.750+0000] {processor.py:830} INFO - Processing file /home/airflow/.local/lib/python3.8/site-packages/airflow/example_dags/example_python_decorator.py for tasks to queue
[2024-03-06T14:37:26.751+0000] {logging_mixin.py:188} INFO - [2024-03-06T14:37:26.751+0000] {dagbag.py:540} INFO - Filling up the DagBag from /home/airflow/.local/lib/python3.8/site-packages/airflow/example_dags/example_python_decorator.py
[2024-03-06T14:37:26.763+0000] {processor.py:840} INFO - DAG(s) 'example_python_decorator' retrieved from /home/airflow/.local/lib/python3.8/site-packages/airflow/example_dags/example_python_decorator.py
[2024-03-06T14:37:26.782+0000] {logging_mixin.py:188} INFO - [2024-03-06T14:37:26.782+0000] {dag.py:3047} INFO - Sync 1 DAGs
[2024-03-06T14:37:26.793+0000] {logging_mixin.py:188} INFO - [2024-03-06T14:37:26.792+0000] {dag.py:3834} INFO - Setting next_dagrun for example_python_decorator to None, run_after=None
[2024-03-06T14:37:26.809+0000] {processor.py:183} INFO - Processing /home/airflow/.local/lib/python3.8/site-packages/airflow/example_dags/example_python_decorator.py took 0.062 seconds
[2024-03-06T14:37:56.919+0000] {processor.py:161} INFO - Started process (PID=512) to work on /home/airflow/.local/lib/python3.8/site-packages/airflow/example_dags/example_python_decorator.py
[2024-03-06T14:37:56.920+0000] {processor.py:830} INFO - Processing file /home/airflow/.local/lib/python3.8/site-packages/airflow/example_dags/example_python_decorator.py for tasks to queue
[2024-03-06T14:37:56.922+0000] {logging_mixin.py:188} INFO - [2024-03-06T14:37:56.921+0000] {dagbag.py:540} INFO - Filling up the DagBag from /home/airflow/.local/lib/python3.8/site-packages/airflow/example_dags/example_python_decorator.py
[2024-03-06T14:37:56.936+0000] {processor.py:840} INFO - DAG(s) 'example_python_decorator' retrieved from /home/airflow/.local/lib/python3.8/site-packages/airflow/example_dags/example_python_decorator.py
[2024-03-06T14:37:56.956+0000] {logging_mixin.py:188} INFO - [2024-03-06T14:37:56.956+0000] {dag.py:3047} INFO - Sync 1 DAGs
[2024-03-06T14:37:56.967+0000] {logging_mixin.py:188} INFO - [2024-03-06T14:37:56.967+0000] {dag.py:3834} INFO - Setting next_dagrun for example_python_decorator to None, run_after=None
[2024-03-06T14:37:56.983+0000] {processor.py:183} INFO - Processing /home/airflow/.local/lib/python3.8/site-packages/airflow/example_dags/example_python_decorator.py took 0.068 seconds
[2024-03-06T14:38:27.497+0000] {processor.py:161} INFO - Started process (PID=567) to work on /home/airflow/.local/lib/python3.8/site-packages/airflow/example_dags/example_python_decorator.py
[2024-03-06T14:38:27.498+0000] {processor.py:830} INFO - Processing file /home/airflow/.local/lib/python3.8/site-packages/airflow/example_dags/example_python_decorator.py for tasks to queue
[2024-03-06T14:38:27.500+0000] {logging_mixin.py:188} INFO - [2024-03-06T14:38:27.499+0000] {dagbag.py:540} INFO - Filling up the DagBag from /home/airflow/.local/lib/python3.8/site-packages/airflow/example_dags/example_python_decorator.py
[2024-03-06T14:38:27.511+0000] {processor.py:840} INFO - DAG(s) 'example_python_decorator' retrieved from /home/airflow/.local/lib/python3.8/site-packages/airflow/example_dags/example_python_decorator.py
[2024-03-06T14:38:27.532+0000] {logging_mixin.py:188} INFO - [2024-03-06T14:38:27.532+0000] {dag.py:3047} INFO - Sync 1 DAGs
[2024-03-06T14:38:27.543+0000] {logging_mixin.py:188} INFO - [2024-03-06T14:38:27.543+0000] {dag.py:3834} INFO - Setting next_dagrun for example_python_decorator to None, run_after=None
[2024-03-06T14:38:27.560+0000] {processor.py:183} INFO - Processing /home/airflow/.local/lib/python3.8/site-packages/airflow/example_dags/example_python_decorator.py took 0.066 seconds
[2024-03-06T14:38:57.796+0000] {processor.py:161} INFO - Started process (PID=622) to work on /home/airflow/.local/lib/python3.8/site-packages/airflow/example_dags/example_python_decorator.py
[2024-03-06T14:38:57.797+0000] {processor.py:830} INFO - Processing file /home/airflow/.local/lib/python3.8/site-packages/airflow/example_dags/example_python_decorator.py for tasks to queue
[2024-03-06T14:38:57.799+0000] {logging_mixin.py:188} INFO - [2024-03-06T14:38:57.798+0000] {dagbag.py:540} INFO - Filling up the DagBag from /home/airflow/.local/lib/python3.8/site-packages/airflow/example_dags/example_python_decorator.py
[2024-03-06T14:38:57.814+0000] {processor.py:840} INFO - DAG(s) 'example_python_decorator' retrieved from /home/airflow/.local/lib/python3.8/site-packages/airflow/example_dags/example_python_decorator.py
[2024-03-06T14:38:57.825+0000] {logging_mixin.py:188} INFO - [2024-03-06T14:38:57.825+0000] {dag.py:3047} INFO - Sync 1 DAGs
[2024-03-06T14:38:57.841+0000] {logging_mixin.py:188} INFO - [2024-03-06T14:38:57.840+0000] {dag.py:3834} INFO - Setting next_dagrun for example_python_decorator to None, run_after=None
[2024-03-06T14:38:57.861+0000] {processor.py:183} INFO - Processing /home/airflow/.local/lib/python3.8/site-packages/airflow/example_dags/example_python_decorator.py took 0.069 seconds
[2024-03-06T14:39:28.854+0000] {processor.py:161} INFO - Started process (PID=677) to work on /home/airflow/.local/lib/python3.8/site-packages/airflow/example_dags/example_python_decorator.py
[2024-03-06T14:39:28.856+0000] {processor.py:830} INFO - Processing file /home/airflow/.local/lib/python3.8/site-packages/airflow/example_dags/example_python_decorator.py for tasks to queue
[2024-03-06T14:39:28.859+0000] {logging_mixin.py:188} INFO - [2024-03-06T14:39:28.858+0000] {dagbag.py:540} INFO - Filling up the DagBag from /home/airflow/.local/lib/python3.8/site-packages/airflow/example_dags/example_python_decorator.py
[2024-03-06T14:39:28.874+0000] {processor.py:840} INFO - DAG(s) 'example_python_decorator' retrieved from /home/airflow/.local/lib/python3.8/site-packages/airflow/example_dags/example_python_decorator.py
[2024-03-06T14:39:28.989+0000] {logging_mixin.py:188} INFO - [2024-03-06T14:39:28.989+0000] {dag.py:3047} INFO - Sync 1 DAGs
[2024-03-06T14:39:28.999+0000] {logging_mixin.py:188} INFO - [2024-03-06T14:39:28.999+0000] {dag.py:3834} INFO - Setting next_dagrun for example_python_decorator to None, run_after=None
[2024-03-06T14:39:29.020+0000] {processor.py:183} INFO - Processing /home/airflow/.local/lib/python3.8/site-packages/airflow/example_dags/example_python_decorator.py took 0.169 seconds
[2024-03-06T14:43:28.399+0000] {processor.py:161} INFO - Started process (PID=72) to work on /home/airflow/.local/lib/python3.8/site-packages/airflow/example_dags/example_python_decorator.py
[2024-03-06T14:43:28.400+0000] {processor.py:830} INFO - Processing file /home/airflow/.local/lib/python3.8/site-packages/airflow/example_dags/example_python_decorator.py for tasks to queue
[2024-03-06T14:43:28.402+0000] {logging_mixin.py:188} INFO - [2024-03-06T14:43:28.402+0000] {dagbag.py:540} INFO - Filling up the DagBag from /home/airflow/.local/lib/python3.8/site-packages/airflow/example_dags/example_python_decorator.py
[2024-03-06T14:43:28.414+0000] {processor.py:840} INFO - DAG(s) 'example_python_decorator' retrieved from /home/airflow/.local/lib/python3.8/site-packages/airflow/example_dags/example_python_decorator.py
[2024-03-06T14:43:28.505+0000] {logging_mixin.py:188} INFO - [2024-03-06T14:43:28.505+0000] {override.py:1769} INFO - Created Permission View: can delete on DAG:example_python_decorator
[2024-03-06T14:43:28.516+0000] {logging_mixin.py:188} INFO - [2024-03-06T14:43:28.516+0000] {override.py:1769} INFO - Created Permission View: can read on DAG:example_python_decorator
[2024-03-06T14:43:28.522+0000] {logging_mixin.py:188} INFO - [2024-03-06T14:43:28.522+0000] {override.py:1769} INFO - Created Permission View: can edit on DAG:example_python_decorator
[2024-03-06T14:43:28.523+0000] {logging_mixin.py:188} INFO - [2024-03-06T14:43:28.522+0000] {dag.py:3047} INFO - Sync 1 DAGs
[2024-03-06T14:43:28.532+0000] {logging_mixin.py:188} INFO - [2024-03-06T14:43:28.532+0000] {dag.py:3069} INFO - Creating ORM DAG for example_python_decorator
[2024-03-06T14:43:28.533+0000] {logging_mixin.py:188} INFO - [2024-03-06T14:43:28.533+0000] {dag.py:3834} INFO - Setting next_dagrun for example_python_decorator to None, run_after=None
[2024-03-06T14:43:28.548+0000] {processor.py:183} INFO - Processing /home/airflow/.local/lib/python3.8/site-packages/airflow/example_dags/example_python_decorator.py took 0.151 seconds
[2024-03-06T14:43:58.597+0000] {processor.py:161} INFO - Started process (PID=127) to work on /home/airflow/.local/lib/python3.8/site-packages/airflow/example_dags/example_python_decorator.py
[2024-03-06T14:43:58.599+0000] {processor.py:830} INFO - Processing file /home/airflow/.local/lib/python3.8/site-packages/airflow/example_dags/example_python_decorator.py for tasks to queue
[2024-03-06T14:43:58.601+0000] {logging_mixin.py:188} INFO - [2024-03-06T14:43:58.600+0000] {dagbag.py:540} INFO - Filling up the DagBag from /home/airflow/.local/lib/python3.8/site-packages/airflow/example_dags/example_python_decorator.py
[2024-03-06T14:43:58.614+0000] {processor.py:840} INFO - DAG(s) 'example_python_decorator' retrieved from /home/airflow/.local/lib/python3.8/site-packages/airflow/example_dags/example_python_decorator.py
[2024-03-06T14:43:58.636+0000] {logging_mixin.py:188} INFO - [2024-03-06T14:43:58.636+0000] {dag.py:3047} INFO - Sync 1 DAGs
[2024-03-06T14:43:58.649+0000] {logging_mixin.py:188} INFO - [2024-03-06T14:43:58.649+0000] {dag.py:3834} INFO - Setting next_dagrun for example_python_decorator to None, run_after=None
[2024-03-06T14:43:58.672+0000] {processor.py:183} INFO - Processing /home/airflow/.local/lib/python3.8/site-packages/airflow/example_dags/example_python_decorator.py took 0.078 seconds
[2024-03-06T14:44:28.700+0000] {processor.py:161} INFO - Started process (PID=182) to work on /home/airflow/.local/lib/python3.8/site-packages/airflow/example_dags/example_python_decorator.py
[2024-03-06T14:44:28.701+0000] {processor.py:830} INFO - Processing file /home/airflow/.local/lib/python3.8/site-packages/airflow/example_dags/example_python_decorator.py for tasks to queue
[2024-03-06T14:44:28.703+0000] {logging_mixin.py:188} INFO - [2024-03-06T14:44:28.703+0000] {dagbag.py:540} INFO - Filling up the DagBag from /home/airflow/.local/lib/python3.8/site-packages/airflow/example_dags/example_python_decorator.py
[2024-03-06T14:44:28.716+0000] {processor.py:840} INFO - DAG(s) 'example_python_decorator' retrieved from /home/airflow/.local/lib/python3.8/site-packages/airflow/example_dags/example_python_decorator.py
[2024-03-06T14:44:28.738+0000] {logging_mixin.py:188} INFO - [2024-03-06T14:44:28.738+0000] {dag.py:3047} INFO - Sync 1 DAGs
[2024-03-06T14:44:28.750+0000] {logging_mixin.py:188} INFO - [2024-03-06T14:44:28.749+0000] {dag.py:3834} INFO - Setting next_dagrun for example_python_decorator to None, run_after=None
[2024-03-06T14:44:28.765+0000] {processor.py:183} INFO - Processing /home/airflow/.local/lib/python3.8/site-packages/airflow/example_dags/example_python_decorator.py took 0.068 seconds
[2024-03-06T14:44:59.210+0000] {processor.py:161} INFO - Started process (PID=237) to work on /home/airflow/.local/lib/python3.8/site-packages/airflow/example_dags/example_python_decorator.py
[2024-03-06T14:44:59.211+0000] {processor.py:830} INFO - Processing file /home/airflow/.local/lib/python3.8/site-packages/airflow/example_dags/example_python_decorator.py for tasks to queue
[2024-03-06T14:44:59.214+0000] {logging_mixin.py:188} INFO - [2024-03-06T14:44:59.213+0000] {dagbag.py:540} INFO - Filling up the DagBag from /home/airflow/.local/lib/python3.8/site-packages/airflow/example_dags/example_python_decorator.py
[2024-03-06T14:44:59.231+0000] {processor.py:840} INFO - DAG(s) 'example_python_decorator' retrieved from /home/airflow/.local/lib/python3.8/site-packages/airflow/example_dags/example_python_decorator.py
[2024-03-06T14:44:59.254+0000] {logging_mixin.py:188} INFO - [2024-03-06T14:44:59.254+0000] {dag.py:3047} INFO - Sync 1 DAGs
[2024-03-06T14:44:59.268+0000] {logging_mixin.py:188} INFO - [2024-03-06T14:44:59.267+0000] {dag.py:3834} INFO - Setting next_dagrun for example_python_decorator to None, run_after=None
[2024-03-06T14:44:59.289+0000] {processor.py:183} INFO - Processing /home/airflow/.local/lib/python3.8/site-packages/airflow/example_dags/example_python_decorator.py took 0.083 seconds
[2024-03-06T14:45:29.774+0000] {processor.py:161} INFO - Started process (PID=292) to work on /home/airflow/.local/lib/python3.8/site-packages/airflow/example_dags/example_python_decorator.py
[2024-03-06T14:45:29.776+0000] {processor.py:830} INFO - Processing file /home/airflow/.local/lib/python3.8/site-packages/airflow/example_dags/example_python_decorator.py for tasks to queue
[2024-03-06T14:45:29.777+0000] {logging_mixin.py:188} INFO - [2024-03-06T14:45:29.777+0000] {dagbag.py:540} INFO - Filling up the DagBag from /home/airflow/.local/lib/python3.8/site-packages/airflow/example_dags/example_python_decorator.py
[2024-03-06T14:45:29.788+0000] {processor.py:840} INFO - DAG(s) 'example_python_decorator' retrieved from /home/airflow/.local/lib/python3.8/site-packages/airflow/example_dags/example_python_decorator.py
[2024-03-06T14:45:29.807+0000] {logging_mixin.py:188} INFO - [2024-03-06T14:45:29.807+0000] {dag.py:3047} INFO - Sync 1 DAGs
[2024-03-06T14:45:29.818+0000] {logging_mixin.py:188} INFO - [2024-03-06T14:45:29.818+0000] {dag.py:3834} INFO - Setting next_dagrun for example_python_decorator to None, run_after=None
[2024-03-06T14:45:29.835+0000] {processor.py:183} INFO - Processing /home/airflow/.local/lib/python3.8/site-packages/airflow/example_dags/example_python_decorator.py took 0.063 seconds
[2024-03-06T14:46:00.445+0000] {processor.py:161} INFO - Started process (PID=347) to work on /home/airflow/.local/lib/python3.8/site-packages/airflow/example_dags/example_python_decorator.py
[2024-03-06T14:46:00.446+0000] {processor.py:830} INFO - Processing file /home/airflow/.local/lib/python3.8/site-packages/airflow/example_dags/example_python_decorator.py for tasks to queue
[2024-03-06T14:46:00.448+0000] {logging_mixin.py:188} INFO - [2024-03-06T14:46:00.448+0000] {dagbag.py:540} INFO - Filling up the DagBag from /home/airflow/.local/lib/python3.8/site-packages/airflow/example_dags/example_python_decorator.py
[2024-03-06T14:46:00.460+0000] {processor.py:840} INFO - DAG(s) 'example_python_decorator' retrieved from /home/airflow/.local/lib/python3.8/site-packages/airflow/example_dags/example_python_decorator.py
[2024-03-06T14:46:00.469+0000] {logging_mixin.py:188} INFO - [2024-03-06T14:46:00.469+0000] {dag.py:3047} INFO - Sync 1 DAGs
[2024-03-06T14:46:00.481+0000] {logging_mixin.py:188} INFO - [2024-03-06T14:46:00.480+0000] {dag.py:3834} INFO - Setting next_dagrun for example_python_decorator to None, run_after=None
[2024-03-06T14:46:00.498+0000] {processor.py:183} INFO - Processing /home/airflow/.local/lib/python3.8/site-packages/airflow/example_dags/example_python_decorator.py took 0.056 seconds
