[2024-03-06T14:33:50.208+0000] {processor.py:161} INFO - Started process (PID=66) to work on /home/airflow/.local/lib/python3.8/site-packages/airflow/example_dags/example_bash_operator.py
[2024-03-06T14:33:50.209+0000] {processor.py:830} INFO - Processing file /home/airflow/.local/lib/python3.8/site-packages/airflow/example_dags/example_bash_operator.py for tasks to queue
[2024-03-06T14:33:50.212+0000] {logging_mixin.py:188} INFO - [2024-03-06T14:33:50.211+0000] {dagbag.py:540} INFO - Filling up the DagBag from /home/airflow/.local/lib/python3.8/site-packages/airflow/example_dags/example_bash_operator.py
[2024-03-06T14:33:50.228+0000] {processor.py:840} INFO - DAG(s) 'example_bash_operator' retrieved from /home/airflow/.local/lib/python3.8/site-packages/airflow/example_dags/example_bash_operator.py
[2024-03-06T14:33:50.240+0000] {logging_mixin.py:188} INFO - [2024-03-06T14:33:50.240+0000] {dag.py:3047} INFO - Sync 1 DAGs
[2024-03-06T14:33:50.265+0000] {logging_mixin.py:188} INFO - [2024-03-06T14:33:50.265+0000] {dag.py:3834} INFO - Setting next_dagrun for example_bash_operator to 2024-03-05 00:00:00+00:00, run_after=2024-03-06 00:00:00+00:00
[2024-03-06T14:33:50.287+0000] {processor.py:183} INFO - Processing /home/airflow/.local/lib/python3.8/site-packages/airflow/example_dags/example_bash_operator.py took 0.084 seconds
[2024-03-06T14:34:22.049+0000] {processor.py:161} INFO - Started process (PID=121) to work on /home/airflow/.local/lib/python3.8/site-packages/airflow/example_dags/example_bash_operator.py
[2024-03-06T14:34:22.051+0000] {processor.py:830} INFO - Processing file /home/airflow/.local/lib/python3.8/site-packages/airflow/example_dags/example_bash_operator.py for tasks to queue
[2024-03-06T14:34:22.053+0000] {logging_mixin.py:188} INFO - [2024-03-06T14:34:22.052+0000] {dagbag.py:540} INFO - Filling up the DagBag from /home/airflow/.local/lib/python3.8/site-packages/airflow/example_dags/example_bash_operator.py
[2024-03-06T14:34:22.064+0000] {processor.py:840} INFO - DAG(s) 'example_bash_operator' retrieved from /home/airflow/.local/lib/python3.8/site-packages/airflow/example_dags/example_bash_operator.py
[2024-03-06T14:34:22.178+0000] {logging_mixin.py:188} INFO - [2024-03-06T14:34:22.178+0000] {dag.py:3047} INFO - Sync 1 DAGs
[2024-03-06T14:34:22.198+0000] {logging_mixin.py:188} INFO - [2024-03-06T14:34:22.198+0000] {dag.py:3834} INFO - Setting next_dagrun for example_bash_operator to 2024-03-05 00:00:00+00:00, run_after=2024-03-06 00:00:00+00:00
[2024-03-06T14:34:22.218+0000] {processor.py:183} INFO - Processing /home/airflow/.local/lib/python3.8/site-packages/airflow/example_dags/example_bash_operator.py took 0.172 seconds
[2024-03-06T14:34:52.796+0000] {processor.py:161} INFO - Started process (PID=176) to work on /home/airflow/.local/lib/python3.8/site-packages/airflow/example_dags/example_bash_operator.py
[2024-03-06T14:34:52.800+0000] {processor.py:830} INFO - Processing file /home/airflow/.local/lib/python3.8/site-packages/airflow/example_dags/example_bash_operator.py for tasks to queue
[2024-03-06T14:34:52.804+0000] {logging_mixin.py:188} INFO - [2024-03-06T14:34:52.803+0000] {dagbag.py:540} INFO - Filling up the DagBag from /home/airflow/.local/lib/python3.8/site-packages/airflow/example_dags/example_bash_operator.py
[2024-03-06T14:34:52.819+0000] {processor.py:840} INFO - DAG(s) 'example_bash_operator' retrieved from /home/airflow/.local/lib/python3.8/site-packages/airflow/example_dags/example_bash_operator.py
[2024-03-06T14:34:52.831+0000] {logging_mixin.py:188} INFO - [2024-03-06T14:34:52.831+0000] {dag.py:3047} INFO - Sync 1 DAGs
[2024-03-06T14:34:52.856+0000] {logging_mixin.py:188} INFO - [2024-03-06T14:34:52.856+0000] {dag.py:3834} INFO - Setting next_dagrun for example_bash_operator to 2024-03-05 00:00:00+00:00, run_after=2024-03-06 00:00:00+00:00
[2024-03-06T14:34:52.874+0000] {processor.py:183} INFO - Processing /home/airflow/.local/lib/python3.8/site-packages/airflow/example_dags/example_bash_operator.py took 0.084 seconds
[2024-03-06T14:35:23.664+0000] {processor.py:161} INFO - Started process (PID=231) to work on /home/airflow/.local/lib/python3.8/site-packages/airflow/example_dags/example_bash_operator.py
[2024-03-06T14:35:23.666+0000] {processor.py:830} INFO - Processing file /home/airflow/.local/lib/python3.8/site-packages/airflow/example_dags/example_bash_operator.py for tasks to queue
[2024-03-06T14:35:23.671+0000] {logging_mixin.py:188} INFO - [2024-03-06T14:35:23.670+0000] {dagbag.py:540} INFO - Filling up the DagBag from /home/airflow/.local/lib/python3.8/site-packages/airflow/example_dags/example_bash_operator.py
[2024-03-06T14:35:23.689+0000] {processor.py:840} INFO - DAG(s) 'example_bash_operator' retrieved from /home/airflow/.local/lib/python3.8/site-packages/airflow/example_dags/example_bash_operator.py
[2024-03-06T14:35:23.810+0000] {logging_mixin.py:188} INFO - [2024-03-06T14:35:23.810+0000] {dag.py:3047} INFO - Sync 1 DAGs
[2024-03-06T14:35:23.831+0000] {logging_mixin.py:188} INFO - [2024-03-06T14:35:23.831+0000] {dag.py:3834} INFO - Setting next_dagrun for example_bash_operator to 2024-03-05 00:00:00+00:00, run_after=2024-03-06 00:00:00+00:00
[2024-03-06T14:35:23.856+0000] {processor.py:183} INFO - Processing /home/airflow/.local/lib/python3.8/site-packages/airflow/example_dags/example_bash_operator.py took 0.196 seconds
[2024-03-06T14:35:54.365+0000] {processor.py:161} INFO - Started process (PID=286) to work on /home/airflow/.local/lib/python3.8/site-packages/airflow/example_dags/example_bash_operator.py
[2024-03-06T14:35:54.366+0000] {processor.py:830} INFO - Processing file /home/airflow/.local/lib/python3.8/site-packages/airflow/example_dags/example_bash_operator.py for tasks to queue
[2024-03-06T14:35:54.368+0000] {logging_mixin.py:188} INFO - [2024-03-06T14:35:54.367+0000] {dagbag.py:540} INFO - Filling up the DagBag from /home/airflow/.local/lib/python3.8/site-packages/airflow/example_dags/example_bash_operator.py
[2024-03-06T14:35:54.378+0000] {processor.py:840} INFO - DAG(s) 'example_bash_operator' retrieved from /home/airflow/.local/lib/python3.8/site-packages/airflow/example_dags/example_bash_operator.py
[2024-03-06T14:35:54.407+0000] {logging_mixin.py:188} INFO - [2024-03-06T14:35:54.407+0000] {dag.py:3047} INFO - Sync 1 DAGs
[2024-03-06T14:35:54.428+0000] {logging_mixin.py:188} INFO - [2024-03-06T14:35:54.428+0000] {dag.py:3834} INFO - Setting next_dagrun for example_bash_operator to 2024-03-05 00:00:00+00:00, run_after=2024-03-06 00:00:00+00:00
[2024-03-06T14:35:54.446+0000] {processor.py:183} INFO - Processing /home/airflow/.local/lib/python3.8/site-packages/airflow/example_dags/example_bash_operator.py took 0.084 seconds
[2024-03-06T14:36:25.136+0000] {processor.py:161} INFO - Started process (PID=341) to work on /home/airflow/.local/lib/python3.8/site-packages/airflow/example_dags/example_bash_operator.py
[2024-03-06T14:36:25.138+0000] {processor.py:830} INFO - Processing file /home/airflow/.local/lib/python3.8/site-packages/airflow/example_dags/example_bash_operator.py for tasks to queue
[2024-03-06T14:36:25.139+0000] {logging_mixin.py:188} INFO - [2024-03-06T14:36:25.139+0000] {dagbag.py:540} INFO - Filling up the DagBag from /home/airflow/.local/lib/python3.8/site-packages/airflow/example_dags/example_bash_operator.py
[2024-03-06T14:36:25.150+0000] {processor.py:840} INFO - DAG(s) 'example_bash_operator' retrieved from /home/airflow/.local/lib/python3.8/site-packages/airflow/example_dags/example_bash_operator.py
[2024-03-06T14:36:25.179+0000] {logging_mixin.py:188} INFO - [2024-03-06T14:36:25.178+0000] {dag.py:3047} INFO - Sync 1 DAGs
[2024-03-06T14:36:25.201+0000] {logging_mixin.py:188} INFO - [2024-03-06T14:36:25.201+0000] {dag.py:3834} INFO - Setting next_dagrun for example_bash_operator to 2024-03-05 00:00:00+00:00, run_after=2024-03-06 00:00:00+00:00
[2024-03-06T14:36:25.218+0000] {processor.py:183} INFO - Processing /home/airflow/.local/lib/python3.8/site-packages/airflow/example_dags/example_bash_operator.py took 0.085 seconds
[2024-03-06T14:36:55.698+0000] {processor.py:161} INFO - Started process (PID=396) to work on /home/airflow/.local/lib/python3.8/site-packages/airflow/example_dags/example_bash_operator.py
[2024-03-06T14:36:55.700+0000] {processor.py:830} INFO - Processing file /home/airflow/.local/lib/python3.8/site-packages/airflow/example_dags/example_bash_operator.py for tasks to queue
[2024-03-06T14:36:55.702+0000] {logging_mixin.py:188} INFO - [2024-03-06T14:36:55.701+0000] {dagbag.py:540} INFO - Filling up the DagBag from /home/airflow/.local/lib/python3.8/site-packages/airflow/example_dags/example_bash_operator.py
[2024-03-06T14:36:55.714+0000] {processor.py:840} INFO - DAG(s) 'example_bash_operator' retrieved from /home/airflow/.local/lib/python3.8/site-packages/airflow/example_dags/example_bash_operator.py
[2024-03-06T14:36:55.746+0000] {logging_mixin.py:188} INFO - [2024-03-06T14:36:55.746+0000] {dag.py:3047} INFO - Sync 1 DAGs
[2024-03-06T14:36:55.770+0000] {logging_mixin.py:188} INFO - [2024-03-06T14:36:55.769+0000] {dag.py:3834} INFO - Setting next_dagrun for example_bash_operator to 2024-03-05 00:00:00+00:00, run_after=2024-03-06 00:00:00+00:00
[2024-03-06T14:36:55.793+0000] {processor.py:183} INFO - Processing /home/airflow/.local/lib/python3.8/site-packages/airflow/example_dags/example_bash_operator.py took 0.100 seconds
[2024-03-06T14:37:26.473+0000] {processor.py:161} INFO - Started process (PID=451) to work on /home/airflow/.local/lib/python3.8/site-packages/airflow/example_dags/example_bash_operator.py
[2024-03-06T14:37:26.474+0000] {processor.py:830} INFO - Processing file /home/airflow/.local/lib/python3.8/site-packages/airflow/example_dags/example_bash_operator.py for tasks to queue
[2024-03-06T14:37:26.475+0000] {logging_mixin.py:188} INFO - [2024-03-06T14:37:26.475+0000] {dagbag.py:540} INFO - Filling up the DagBag from /home/airflow/.local/lib/python3.8/site-packages/airflow/example_dags/example_bash_operator.py
[2024-03-06T14:37:26.490+0000] {processor.py:840} INFO - DAG(s) 'example_bash_operator' retrieved from /home/airflow/.local/lib/python3.8/site-packages/airflow/example_dags/example_bash_operator.py
[2024-03-06T14:37:26.521+0000] {logging_mixin.py:188} INFO - [2024-03-06T14:37:26.521+0000] {dag.py:3047} INFO - Sync 1 DAGs
[2024-03-06T14:37:26.544+0000] {logging_mixin.py:188} INFO - [2024-03-06T14:37:26.544+0000] {dag.py:3834} INFO - Setting next_dagrun for example_bash_operator to 2024-03-05 00:00:00+00:00, run_after=2024-03-06 00:00:00+00:00
[2024-03-06T14:37:26.564+0000] {processor.py:183} INFO - Processing /home/airflow/.local/lib/python3.8/site-packages/airflow/example_dags/example_bash_operator.py took 0.095 seconds
[2024-03-06T14:37:56.644+0000] {processor.py:161} INFO - Started process (PID=506) to work on /home/airflow/.local/lib/python3.8/site-packages/airflow/example_dags/example_bash_operator.py
[2024-03-06T14:37:56.646+0000] {processor.py:830} INFO - Processing file /home/airflow/.local/lib/python3.8/site-packages/airflow/example_dags/example_bash_operator.py for tasks to queue
[2024-03-06T14:37:56.648+0000] {logging_mixin.py:188} INFO - [2024-03-06T14:37:56.647+0000] {dagbag.py:540} INFO - Filling up the DagBag from /home/airflow/.local/lib/python3.8/site-packages/airflow/example_dags/example_bash_operator.py
[2024-03-06T14:37:56.660+0000] {processor.py:840} INFO - DAG(s) 'example_bash_operator' retrieved from /home/airflow/.local/lib/python3.8/site-packages/airflow/example_dags/example_bash_operator.py
[2024-03-06T14:37:56.689+0000] {logging_mixin.py:188} INFO - [2024-03-06T14:37:56.689+0000] {dag.py:3047} INFO - Sync 1 DAGs
[2024-03-06T14:37:56.713+0000] {logging_mixin.py:188} INFO - [2024-03-06T14:37:56.712+0000] {dag.py:3834} INFO - Setting next_dagrun for example_bash_operator to 2024-03-05 00:00:00+00:00, run_after=2024-03-06 00:00:00+00:00
[2024-03-06T14:37:56.731+0000] {processor.py:183} INFO - Processing /home/airflow/.local/lib/python3.8/site-packages/airflow/example_dags/example_bash_operator.py took 0.090 seconds
[2024-03-06T14:38:27.219+0000] {processor.py:161} INFO - Started process (PID=561) to work on /home/airflow/.local/lib/python3.8/site-packages/airflow/example_dags/example_bash_operator.py
[2024-03-06T14:38:27.220+0000] {processor.py:830} INFO - Processing file /home/airflow/.local/lib/python3.8/site-packages/airflow/example_dags/example_bash_operator.py for tasks to queue
[2024-03-06T14:38:27.221+0000] {logging_mixin.py:188} INFO - [2024-03-06T14:38:27.221+0000] {dagbag.py:540} INFO - Filling up the DagBag from /home/airflow/.local/lib/python3.8/site-packages/airflow/example_dags/example_bash_operator.py
[2024-03-06T14:38:27.231+0000] {processor.py:840} INFO - DAG(s) 'example_bash_operator' retrieved from /home/airflow/.local/lib/python3.8/site-packages/airflow/example_dags/example_bash_operator.py
[2024-03-06T14:38:27.259+0000] {logging_mixin.py:188} INFO - [2024-03-06T14:38:27.258+0000] {dag.py:3047} INFO - Sync 1 DAGs
[2024-03-06T14:38:27.280+0000] {logging_mixin.py:188} INFO - [2024-03-06T14:38:27.280+0000] {dag.py:3834} INFO - Setting next_dagrun for example_bash_operator to 2024-03-05 00:00:00+00:00, run_after=2024-03-06 00:00:00+00:00
[2024-03-06T14:38:27.301+0000] {processor.py:183} INFO - Processing /home/airflow/.local/lib/python3.8/site-packages/airflow/example_dags/example_bash_operator.py took 0.085 seconds
[2024-03-06T14:38:57.539+0000] {processor.py:161} INFO - Started process (PID=616) to work on /home/airflow/.local/lib/python3.8/site-packages/airflow/example_dags/example_bash_operator.py
[2024-03-06T14:38:57.540+0000] {processor.py:830} INFO - Processing file /home/airflow/.local/lib/python3.8/site-packages/airflow/example_dags/example_bash_operator.py for tasks to queue
[2024-03-06T14:38:57.542+0000] {logging_mixin.py:188} INFO - [2024-03-06T14:38:57.542+0000] {dagbag.py:540} INFO - Filling up the DagBag from /home/airflow/.local/lib/python3.8/site-packages/airflow/example_dags/example_bash_operator.py
[2024-03-06T14:38:57.555+0000] {processor.py:840} INFO - DAG(s) 'example_bash_operator' retrieved from /home/airflow/.local/lib/python3.8/site-packages/airflow/example_dags/example_bash_operator.py
[2024-03-06T14:38:57.568+0000] {logging_mixin.py:188} INFO - [2024-03-06T14:38:57.567+0000] {dag.py:3047} INFO - Sync 1 DAGs
[2024-03-06T14:38:57.592+0000] {logging_mixin.py:188} INFO - [2024-03-06T14:38:57.592+0000] {dag.py:3834} INFO - Setting next_dagrun for example_bash_operator to 2024-03-05 00:00:00+00:00, run_after=2024-03-06 00:00:00+00:00
[2024-03-06T14:38:57.614+0000] {processor.py:183} INFO - Processing /home/airflow/.local/lib/python3.8/site-packages/airflow/example_dags/example_bash_operator.py took 0.079 seconds
[2024-03-06T14:39:28.312+0000] {processor.py:161} INFO - Started process (PID=671) to work on /home/airflow/.local/lib/python3.8/site-packages/airflow/example_dags/example_bash_operator.py
[2024-03-06T14:39:28.313+0000] {processor.py:830} INFO - Processing file /home/airflow/.local/lib/python3.8/site-packages/airflow/example_dags/example_bash_operator.py for tasks to queue
[2024-03-06T14:39:28.315+0000] {logging_mixin.py:188} INFO - [2024-03-06T14:39:28.315+0000] {dagbag.py:540} INFO - Filling up the DagBag from /home/airflow/.local/lib/python3.8/site-packages/airflow/example_dags/example_bash_operator.py
[2024-03-06T14:39:28.330+0000] {processor.py:840} INFO - DAG(s) 'example_bash_operator' retrieved from /home/airflow/.local/lib/python3.8/site-packages/airflow/example_dags/example_bash_operator.py
[2024-03-06T14:39:28.447+0000] {logging_mixin.py:188} INFO - [2024-03-06T14:39:28.447+0000] {dag.py:3047} INFO - Sync 1 DAGs
[2024-03-06T14:39:28.471+0000] {logging_mixin.py:188} INFO - [2024-03-06T14:39:28.471+0000] {dag.py:3834} INFO - Setting next_dagrun for example_bash_operator to 2024-03-05 00:00:00+00:00, run_after=2024-03-06 00:00:00+00:00
[2024-03-06T14:39:28.491+0000] {processor.py:183} INFO - Processing /home/airflow/.local/lib/python3.8/site-packages/airflow/example_dags/example_bash_operator.py took 0.183 seconds
[2024-03-06T14:43:27.886+0000] {processor.py:161} INFO - Started process (PID=66) to work on /home/airflow/.local/lib/python3.8/site-packages/airflow/example_dags/example_bash_operator.py
[2024-03-06T14:43:27.887+0000] {processor.py:830} INFO - Processing file /home/airflow/.local/lib/python3.8/site-packages/airflow/example_dags/example_bash_operator.py for tasks to queue
[2024-03-06T14:43:27.889+0000] {logging_mixin.py:188} INFO - [2024-03-06T14:43:27.889+0000] {dagbag.py:540} INFO - Filling up the DagBag from /home/airflow/.local/lib/python3.8/site-packages/airflow/example_dags/example_bash_operator.py
[2024-03-06T14:43:27.900+0000] {processor.py:840} INFO - DAG(s) 'example_bash_operator' retrieved from /home/airflow/.local/lib/python3.8/site-packages/airflow/example_dags/example_bash_operator.py
[2024-03-06T14:43:28.002+0000] {logging_mixin.py:188} INFO - [2024-03-06T14:43:28.001+0000] {override.py:1769} INFO - Created Permission View: can delete on DAG:example_bash_operator
[2024-03-06T14:43:28.010+0000] {logging_mixin.py:188} INFO - [2024-03-06T14:43:28.010+0000] {override.py:1769} INFO - Created Permission View: can read on DAG:example_bash_operator
[2024-03-06T14:43:28.017+0000] {logging_mixin.py:188} INFO - [2024-03-06T14:43:28.017+0000] {override.py:1769} INFO - Created Permission View: can edit on DAG:example_bash_operator
[2024-03-06T14:43:28.018+0000] {logging_mixin.py:188} INFO - [2024-03-06T14:43:28.017+0000] {dag.py:3047} INFO - Sync 1 DAGs
[2024-03-06T14:43:28.027+0000] {logging_mixin.py:188} INFO - [2024-03-06T14:43:28.027+0000] {dag.py:3069} INFO - Creating ORM DAG for example_bash_operator
[2024-03-06T14:43:28.038+0000] {logging_mixin.py:188} INFO - [2024-03-06T14:43:28.037+0000] {dag.py:3834} INFO - Setting next_dagrun for example_bash_operator to 2024-03-05 00:00:00+00:00, run_after=2024-03-06 00:00:00+00:00
[2024-03-06T14:43:28.054+0000] {processor.py:183} INFO - Processing /home/airflow/.local/lib/python3.8/site-packages/airflow/example_dags/example_bash_operator.py took 0.171 seconds
[2024-03-06T14:43:58.075+0000] {processor.py:161} INFO - Started process (PID=121) to work on /home/airflow/.local/lib/python3.8/site-packages/airflow/example_dags/example_bash_operator.py
[2024-03-06T14:43:58.077+0000] {processor.py:830} INFO - Processing file /home/airflow/.local/lib/python3.8/site-packages/airflow/example_dags/example_bash_operator.py for tasks to queue
[2024-03-06T14:43:58.080+0000] {logging_mixin.py:188} INFO - [2024-03-06T14:43:58.080+0000] {dagbag.py:540} INFO - Filling up the DagBag from /home/airflow/.local/lib/python3.8/site-packages/airflow/example_dags/example_bash_operator.py
[2024-03-06T14:43:58.091+0000] {processor.py:840} INFO - DAG(s) 'example_bash_operator' retrieved from /home/airflow/.local/lib/python3.8/site-packages/airflow/example_dags/example_bash_operator.py
[2024-03-06T14:43:58.128+0000] {logging_mixin.py:188} INFO - [2024-03-06T14:43:58.127+0000] {dag.py:3047} INFO - Sync 1 DAGs
[2024-03-06T14:43:58.158+0000] {logging_mixin.py:188} INFO - [2024-03-06T14:43:58.157+0000] {dag.py:3834} INFO - Setting next_dagrun for example_bash_operator to 2024-03-05 00:00:00+00:00, run_after=2024-03-06 00:00:00+00:00
[2024-03-06T14:43:58.182+0000] {processor.py:183} INFO - Processing /home/airflow/.local/lib/python3.8/site-packages/airflow/example_dags/example_bash_operator.py took 0.110 seconds
[2024-03-06T14:44:28.426+0000] {processor.py:161} INFO - Started process (PID=176) to work on /home/airflow/.local/lib/python3.8/site-packages/airflow/example_dags/example_bash_operator.py
[2024-03-06T14:44:28.428+0000] {processor.py:830} INFO - Processing file /home/airflow/.local/lib/python3.8/site-packages/airflow/example_dags/example_bash_operator.py for tasks to queue
[2024-03-06T14:44:28.429+0000] {logging_mixin.py:188} INFO - [2024-03-06T14:44:28.429+0000] {dagbag.py:540} INFO - Filling up the DagBag from /home/airflow/.local/lib/python3.8/site-packages/airflow/example_dags/example_bash_operator.py
[2024-03-06T14:44:28.440+0000] {processor.py:840} INFO - DAG(s) 'example_bash_operator' retrieved from /home/airflow/.local/lib/python3.8/site-packages/airflow/example_dags/example_bash_operator.py
[2024-03-06T14:44:28.467+0000] {logging_mixin.py:188} INFO - [2024-03-06T14:44:28.466+0000] {dag.py:3047} INFO - Sync 1 DAGs
[2024-03-06T14:44:28.487+0000] {logging_mixin.py:188} INFO - [2024-03-06T14:44:28.487+0000] {dag.py:3834} INFO - Setting next_dagrun for example_bash_operator to 2024-03-05 00:00:00+00:00, run_after=2024-03-06 00:00:00+00:00
[2024-03-06T14:44:28.507+0000] {processor.py:183} INFO - Processing /home/airflow/.local/lib/python3.8/site-packages/airflow/example_dags/example_bash_operator.py took 0.084 seconds
[2024-03-06T14:44:58.950+0000] {processor.py:161} INFO - Started process (PID=231) to work on /home/airflow/.local/lib/python3.8/site-packages/airflow/example_dags/example_bash_operator.py
[2024-03-06T14:44:58.951+0000] {processor.py:830} INFO - Processing file /home/airflow/.local/lib/python3.8/site-packages/airflow/example_dags/example_bash_operator.py for tasks to queue
[2024-03-06T14:44:58.953+0000] {logging_mixin.py:188} INFO - [2024-03-06T14:44:58.953+0000] {dagbag.py:540} INFO - Filling up the DagBag from /home/airflow/.local/lib/python3.8/site-packages/airflow/example_dags/example_bash_operator.py
[2024-03-06T14:44:58.964+0000] {processor.py:840} INFO - DAG(s) 'example_bash_operator' retrieved from /home/airflow/.local/lib/python3.8/site-packages/airflow/example_dags/example_bash_operator.py
[2024-03-06T14:44:58.991+0000] {logging_mixin.py:188} INFO - [2024-03-06T14:44:58.991+0000] {dag.py:3047} INFO - Sync 1 DAGs
[2024-03-06T14:44:59.012+0000] {logging_mixin.py:188} INFO - [2024-03-06T14:44:59.012+0000] {dag.py:3834} INFO - Setting next_dagrun for example_bash_operator to 2024-03-05 00:00:00+00:00, run_after=2024-03-06 00:00:00+00:00
[2024-03-06T14:44:59.030+0000] {processor.py:183} INFO - Processing /home/airflow/.local/lib/python3.8/site-packages/airflow/example_dags/example_bash_operator.py took 0.082 seconds
[2024-03-06T14:45:29.509+0000] {processor.py:161} INFO - Started process (PID=286) to work on /home/airflow/.local/lib/python3.8/site-packages/airflow/example_dags/example_bash_operator.py
[2024-03-06T14:45:29.511+0000] {processor.py:830} INFO - Processing file /home/airflow/.local/lib/python3.8/site-packages/airflow/example_dags/example_bash_operator.py for tasks to queue
[2024-03-06T14:45:29.512+0000] {logging_mixin.py:188} INFO - [2024-03-06T14:45:29.512+0000] {dagbag.py:540} INFO - Filling up the DagBag from /home/airflow/.local/lib/python3.8/site-packages/airflow/example_dags/example_bash_operator.py
[2024-03-06T14:45:29.523+0000] {processor.py:840} INFO - DAG(s) 'example_bash_operator' retrieved from /home/airflow/.local/lib/python3.8/site-packages/airflow/example_dags/example_bash_operator.py
[2024-03-06T14:45:29.550+0000] {logging_mixin.py:188} INFO - [2024-03-06T14:45:29.550+0000] {dag.py:3047} INFO - Sync 1 DAGs
[2024-03-06T14:45:29.573+0000] {logging_mixin.py:188} INFO - [2024-03-06T14:45:29.573+0000] {dag.py:3834} INFO - Setting next_dagrun for example_bash_operator to 2024-03-05 00:00:00+00:00, run_after=2024-03-06 00:00:00+00:00
[2024-03-06T14:45:29.593+0000] {processor.py:183} INFO - Processing /home/airflow/.local/lib/python3.8/site-packages/airflow/example_dags/example_bash_operator.py took 0.087 seconds
[2024-03-06T14:46:00.200+0000] {processor.py:161} INFO - Started process (PID=341) to work on /home/airflow/.local/lib/python3.8/site-packages/airflow/example_dags/example_bash_operator.py
[2024-03-06T14:46:00.202+0000] {processor.py:830} INFO - Processing file /home/airflow/.local/lib/python3.8/site-packages/airflow/example_dags/example_bash_operator.py for tasks to queue
[2024-03-06T14:46:00.204+0000] {logging_mixin.py:188} INFO - [2024-03-06T14:46:00.203+0000] {dagbag.py:540} INFO - Filling up the DagBag from /home/airflow/.local/lib/python3.8/site-packages/airflow/example_dags/example_bash_operator.py
[2024-03-06T14:46:00.218+0000] {processor.py:840} INFO - DAG(s) 'example_bash_operator' retrieved from /home/airflow/.local/lib/python3.8/site-packages/airflow/example_dags/example_bash_operator.py
[2024-03-06T14:46:00.231+0000] {logging_mixin.py:188} INFO - [2024-03-06T14:46:00.231+0000] {dag.py:3047} INFO - Sync 1 DAGs
[2024-03-06T14:46:00.261+0000] {logging_mixin.py:188} INFO - [2024-03-06T14:46:00.261+0000] {dag.py:3834} INFO - Setting next_dagrun for example_bash_operator to 2024-03-05 00:00:00+00:00, run_after=2024-03-06 00:00:00+00:00
[2024-03-06T14:46:00.283+0000] {processor.py:183} INFO - Processing /home/airflow/.local/lib/python3.8/site-packages/airflow/example_dags/example_bash_operator.py took 0.086 seconds
