[2024-03-06T14:33:50.375+0000] {processor.py:161} INFO - Started process (PID=69) to work on /home/airflow/.local/lib/python3.8/site-packages/airflow/example_dags/example_skip_dag.py
[2024-03-06T14:33:50.376+0000] {processor.py:830} INFO - Processing file /home/airflow/.local/lib/python3.8/site-packages/airflow/example_dags/example_skip_dag.py for tasks to queue
[2024-03-06T14:33:50.377+0000] {logging_mixin.py:188} INFO - [2024-03-06T14:33:50.377+0000] {dagbag.py:540} INFO - Filling up the DagBag from /home/airflow/.local/lib/python3.8/site-packages/airflow/example_dags/example_skip_dag.py
[2024-03-06T14:33:50.385+0000] {processor.py:840} INFO - DAG(s) 'example_skip_dag' retrieved from /home/airflow/.local/lib/python3.8/site-packages/airflow/example_dags/example_skip_dag.py
[2024-03-06T14:33:50.394+0000] {logging_mixin.py:188} INFO - [2024-03-06T14:33:50.394+0000] {dag.py:3047} INFO - Sync 1 DAGs
[2024-03-06T14:33:50.419+0000] {logging_mixin.py:188} INFO - [2024-03-06T14:33:50.419+0000] {dag.py:3834} INFO - Setting next_dagrun for example_skip_dag to 2024-03-05 00:00:00+00:00, run_after=2024-03-06 00:00:00+00:00
[2024-03-06T14:33:50.438+0000] {processor.py:183} INFO - Processing /home/airflow/.local/lib/python3.8/site-packages/airflow/example_dags/example_skip_dag.py took 0.066 seconds
[2024-03-06T14:34:22.241+0000] {processor.py:161} INFO - Started process (PID=124) to work on /home/airflow/.local/lib/python3.8/site-packages/airflow/example_dags/example_skip_dag.py
[2024-03-06T14:34:22.242+0000] {processor.py:830} INFO - Processing file /home/airflow/.local/lib/python3.8/site-packages/airflow/example_dags/example_skip_dag.py for tasks to queue
[2024-03-06T14:34:22.243+0000] {logging_mixin.py:188} INFO - [2024-03-06T14:34:22.243+0000] {dagbag.py:540} INFO - Filling up the DagBag from /home/airflow/.local/lib/python3.8/site-packages/airflow/example_dags/example_skip_dag.py
[2024-03-06T14:34:22.249+0000] {processor.py:840} INFO - DAG(s) 'example_skip_dag' retrieved from /home/airflow/.local/lib/python3.8/site-packages/airflow/example_dags/example_skip_dag.py
[2024-03-06T14:34:22.345+0000] {logging_mixin.py:188} INFO - [2024-03-06T14:34:22.345+0000] {dag.py:3047} INFO - Sync 1 DAGs
[2024-03-06T14:34:22.362+0000] {logging_mixin.py:188} INFO - [2024-03-06T14:34:22.362+0000] {dag.py:3834} INFO - Setting next_dagrun for example_skip_dag to 2024-03-05 00:00:00+00:00, run_after=2024-03-06 00:00:00+00:00
[2024-03-06T14:34:22.381+0000] {processor.py:183} INFO - Processing /home/airflow/.local/lib/python3.8/site-packages/airflow/example_dags/example_skip_dag.py took 0.144 seconds
[2024-03-06T14:34:52.918+0000] {processor.py:161} INFO - Started process (PID=179) to work on /home/airflow/.local/lib/python3.8/site-packages/airflow/example_dags/example_skip_dag.py
[2024-03-06T14:34:52.920+0000] {processor.py:830} INFO - Processing file /home/airflow/.local/lib/python3.8/site-packages/airflow/example_dags/example_skip_dag.py for tasks to queue
[2024-03-06T14:34:52.922+0000] {logging_mixin.py:188} INFO - [2024-03-06T14:34:52.922+0000] {dagbag.py:540} INFO - Filling up the DagBag from /home/airflow/.local/lib/python3.8/site-packages/airflow/example_dags/example_skip_dag.py
[2024-03-06T14:34:52.930+0000] {processor.py:840} INFO - DAG(s) 'example_skip_dag' retrieved from /home/airflow/.local/lib/python3.8/site-packages/airflow/example_dags/example_skip_dag.py
[2024-03-06T14:34:52.945+0000] {logging_mixin.py:188} INFO - [2024-03-06T14:34:52.945+0000] {dag.py:3047} INFO - Sync 1 DAGs
[2024-03-06T14:34:52.997+0000] {logging_mixin.py:188} INFO - [2024-03-06T14:34:52.997+0000] {dag.py:3834} INFO - Setting next_dagrun for example_skip_dag to 2024-03-05 00:00:00+00:00, run_after=2024-03-06 00:00:00+00:00
[2024-03-06T14:34:53.027+0000] {processor.py:183} INFO - Processing /home/airflow/.local/lib/python3.8/site-packages/airflow/example_dags/example_skip_dag.py took 0.113 seconds
[2024-03-06T14:35:24.028+0000] {processor.py:161} INFO - Started process (PID=234) to work on /home/airflow/.local/lib/python3.8/site-packages/airflow/example_dags/example_skip_dag.py
[2024-03-06T14:35:24.029+0000] {processor.py:830} INFO - Processing file /home/airflow/.local/lib/python3.8/site-packages/airflow/example_dags/example_skip_dag.py for tasks to queue
[2024-03-06T14:35:24.030+0000] {logging_mixin.py:188} INFO - [2024-03-06T14:35:24.030+0000] {dagbag.py:540} INFO - Filling up the DagBag from /home/airflow/.local/lib/python3.8/site-packages/airflow/example_dags/example_skip_dag.py
[2024-03-06T14:35:24.036+0000] {processor.py:840} INFO - DAG(s) 'example_skip_dag' retrieved from /home/airflow/.local/lib/python3.8/site-packages/airflow/example_dags/example_skip_dag.py
[2024-03-06T14:35:24.126+0000] {logging_mixin.py:188} INFO - [2024-03-06T14:35:24.126+0000] {dag.py:3047} INFO - Sync 1 DAGs
[2024-03-06T14:35:24.145+0000] {logging_mixin.py:188} INFO - [2024-03-06T14:35:24.145+0000] {dag.py:3834} INFO - Setting next_dagrun for example_skip_dag to 2024-03-05 00:00:00+00:00, run_after=2024-03-06 00:00:00+00:00
[2024-03-06T14:35:24.164+0000] {processor.py:183} INFO - Processing /home/airflow/.local/lib/python3.8/site-packages/airflow/example_dags/example_skip_dag.py took 0.139 seconds
[2024-03-06T14:35:54.478+0000] {processor.py:161} INFO - Started process (PID=289) to work on /home/airflow/.local/lib/python3.8/site-packages/airflow/example_dags/example_skip_dag.py
[2024-03-06T14:35:54.479+0000] {processor.py:830} INFO - Processing file /home/airflow/.local/lib/python3.8/site-packages/airflow/example_dags/example_skip_dag.py for tasks to queue
[2024-03-06T14:35:54.481+0000] {logging_mixin.py:188} INFO - [2024-03-06T14:35:54.481+0000] {dagbag.py:540} INFO - Filling up the DagBag from /home/airflow/.local/lib/python3.8/site-packages/airflow/example_dags/example_skip_dag.py
[2024-03-06T14:35:54.487+0000] {processor.py:840} INFO - DAG(s) 'example_skip_dag' retrieved from /home/airflow/.local/lib/python3.8/site-packages/airflow/example_dags/example_skip_dag.py
[2024-03-06T14:35:54.508+0000] {logging_mixin.py:188} INFO - [2024-03-06T14:35:54.508+0000] {dag.py:3047} INFO - Sync 1 DAGs
[2024-03-06T14:35:54.531+0000] {logging_mixin.py:188} INFO - [2024-03-06T14:35:54.531+0000] {dag.py:3834} INFO - Setting next_dagrun for example_skip_dag to 2024-03-05 00:00:00+00:00, run_after=2024-03-06 00:00:00+00:00
[2024-03-06T14:35:54.551+0000] {processor.py:183} INFO - Processing /home/airflow/.local/lib/python3.8/site-packages/airflow/example_dags/example_skip_dag.py took 0.076 seconds
[2024-03-06T14:36:25.246+0000] {processor.py:161} INFO - Started process (PID=344) to work on /home/airflow/.local/lib/python3.8/site-packages/airflow/example_dags/example_skip_dag.py
[2024-03-06T14:36:25.247+0000] {processor.py:830} INFO - Processing file /home/airflow/.local/lib/python3.8/site-packages/airflow/example_dags/example_skip_dag.py for tasks to queue
[2024-03-06T14:36:25.249+0000] {logging_mixin.py:188} INFO - [2024-03-06T14:36:25.249+0000] {dagbag.py:540} INFO - Filling up the DagBag from /home/airflow/.local/lib/python3.8/site-packages/airflow/example_dags/example_skip_dag.py
[2024-03-06T14:36:25.255+0000] {processor.py:840} INFO - DAG(s) 'example_skip_dag' retrieved from /home/airflow/.local/lib/python3.8/site-packages/airflow/example_dags/example_skip_dag.py
[2024-03-06T14:36:25.277+0000] {logging_mixin.py:188} INFO - [2024-03-06T14:36:25.277+0000] {dag.py:3047} INFO - Sync 1 DAGs
[2024-03-06T14:36:25.300+0000] {logging_mixin.py:188} INFO - [2024-03-06T14:36:25.300+0000] {dag.py:3834} INFO - Setting next_dagrun for example_skip_dag to 2024-03-05 00:00:00+00:00, run_after=2024-03-06 00:00:00+00:00
[2024-03-06T14:36:25.320+0000] {processor.py:183} INFO - Processing /home/airflow/.local/lib/python3.8/site-packages/airflow/example_dags/example_skip_dag.py took 0.076 seconds
[2024-03-06T14:36:55.834+0000] {processor.py:161} INFO - Started process (PID=399) to work on /home/airflow/.local/lib/python3.8/site-packages/airflow/example_dags/example_skip_dag.py
[2024-03-06T14:36:55.835+0000] {processor.py:830} INFO - Processing file /home/airflow/.local/lib/python3.8/site-packages/airflow/example_dags/example_skip_dag.py for tasks to queue
[2024-03-06T14:36:55.838+0000] {logging_mixin.py:188} INFO - [2024-03-06T14:36:55.837+0000] {dagbag.py:540} INFO - Filling up the DagBag from /home/airflow/.local/lib/python3.8/site-packages/airflow/example_dags/example_skip_dag.py
[2024-03-06T14:36:55.845+0000] {processor.py:840} INFO - DAG(s) 'example_skip_dag' retrieved from /home/airflow/.local/lib/python3.8/site-packages/airflow/example_dags/example_skip_dag.py
[2024-03-06T14:36:55.866+0000] {logging_mixin.py:188} INFO - [2024-03-06T14:36:55.866+0000] {dag.py:3047} INFO - Sync 1 DAGs
[2024-03-06T14:36:55.893+0000] {logging_mixin.py:188} INFO - [2024-03-06T14:36:55.893+0000] {dag.py:3834} INFO - Setting next_dagrun for example_skip_dag to 2024-03-05 00:00:00+00:00, run_after=2024-03-06 00:00:00+00:00
[2024-03-06T14:36:55.918+0000] {processor.py:183} INFO - Processing /home/airflow/.local/lib/python3.8/site-packages/airflow/example_dags/example_skip_dag.py took 0.087 seconds
[2024-03-06T14:37:26.599+0000] {processor.py:161} INFO - Started process (PID=454) to work on /home/airflow/.local/lib/python3.8/site-packages/airflow/example_dags/example_skip_dag.py
[2024-03-06T14:37:26.599+0000] {processor.py:830} INFO - Processing file /home/airflow/.local/lib/python3.8/site-packages/airflow/example_dags/example_skip_dag.py for tasks to queue
[2024-03-06T14:37:26.602+0000] {logging_mixin.py:188} INFO - [2024-03-06T14:37:26.601+0000] {dagbag.py:540} INFO - Filling up the DagBag from /home/airflow/.local/lib/python3.8/site-packages/airflow/example_dags/example_skip_dag.py
[2024-03-06T14:37:26.608+0000] {processor.py:840} INFO - DAG(s) 'example_skip_dag' retrieved from /home/airflow/.local/lib/python3.8/site-packages/airflow/example_dags/example_skip_dag.py
[2024-03-06T14:37:26.630+0000] {logging_mixin.py:188} INFO - [2024-03-06T14:37:26.630+0000] {dag.py:3047} INFO - Sync 1 DAGs
[2024-03-06T14:37:26.650+0000] {logging_mixin.py:188} INFO - [2024-03-06T14:37:26.650+0000] {dag.py:3834} INFO - Setting next_dagrun for example_skip_dag to 2024-03-05 00:00:00+00:00, run_after=2024-03-06 00:00:00+00:00
[2024-03-06T14:37:26.669+0000] {processor.py:183} INFO - Processing /home/airflow/.local/lib/python3.8/site-packages/airflow/example_dags/example_skip_dag.py took 0.074 seconds
[2024-03-06T14:37:56.768+0000] {processor.py:161} INFO - Started process (PID=509) to work on /home/airflow/.local/lib/python3.8/site-packages/airflow/example_dags/example_skip_dag.py
[2024-03-06T14:37:56.770+0000] {processor.py:830} INFO - Processing file /home/airflow/.local/lib/python3.8/site-packages/airflow/example_dags/example_skip_dag.py for tasks to queue
[2024-03-06T14:37:56.772+0000] {logging_mixin.py:188} INFO - [2024-03-06T14:37:56.772+0000] {dagbag.py:540} INFO - Filling up the DagBag from /home/airflow/.local/lib/python3.8/site-packages/airflow/example_dags/example_skip_dag.py
[2024-03-06T14:37:56.779+0000] {processor.py:840} INFO - DAG(s) 'example_skip_dag' retrieved from /home/airflow/.local/lib/python3.8/site-packages/airflow/example_dags/example_skip_dag.py
[2024-03-06T14:37:56.801+0000] {logging_mixin.py:188} INFO - [2024-03-06T14:37:56.801+0000] {dag.py:3047} INFO - Sync 1 DAGs
[2024-03-06T14:37:56.823+0000] {logging_mixin.py:188} INFO - [2024-03-06T14:37:56.822+0000] {dag.py:3834} INFO - Setting next_dagrun for example_skip_dag to 2024-03-05 00:00:00+00:00, run_after=2024-03-06 00:00:00+00:00
[2024-03-06T14:37:56.842+0000] {processor.py:183} INFO - Processing /home/airflow/.local/lib/python3.8/site-packages/airflow/example_dags/example_skip_dag.py took 0.078 seconds
[2024-03-06T14:38:27.343+0000] {processor.py:161} INFO - Started process (PID=564) to work on /home/airflow/.local/lib/python3.8/site-packages/airflow/example_dags/example_skip_dag.py
[2024-03-06T14:38:27.344+0000] {processor.py:830} INFO - Processing file /home/airflow/.local/lib/python3.8/site-packages/airflow/example_dags/example_skip_dag.py for tasks to queue
[2024-03-06T14:38:27.346+0000] {logging_mixin.py:188} INFO - [2024-03-06T14:38:27.346+0000] {dagbag.py:540} INFO - Filling up the DagBag from /home/airflow/.local/lib/python3.8/site-packages/airflow/example_dags/example_skip_dag.py
[2024-03-06T14:38:27.352+0000] {processor.py:840} INFO - DAG(s) 'example_skip_dag' retrieved from /home/airflow/.local/lib/python3.8/site-packages/airflow/example_dags/example_skip_dag.py
[2024-03-06T14:38:27.373+0000] {logging_mixin.py:188} INFO - [2024-03-06T14:38:27.373+0000] {dag.py:3047} INFO - Sync 1 DAGs
[2024-03-06T14:38:27.396+0000] {logging_mixin.py:188} INFO - [2024-03-06T14:38:27.396+0000] {dag.py:3834} INFO - Setting next_dagrun for example_skip_dag to 2024-03-05 00:00:00+00:00, run_after=2024-03-06 00:00:00+00:00
[2024-03-06T14:38:27.420+0000] {processor.py:183} INFO - Processing /home/airflow/.local/lib/python3.8/site-packages/airflow/example_dags/example_skip_dag.py took 0.080 seconds
[2024-03-06T14:38:57.646+0000] {processor.py:161} INFO - Started process (PID=619) to work on /home/airflow/.local/lib/python3.8/site-packages/airflow/example_dags/example_skip_dag.py
[2024-03-06T14:38:57.647+0000] {processor.py:830} INFO - Processing file /home/airflow/.local/lib/python3.8/site-packages/airflow/example_dags/example_skip_dag.py for tasks to queue
[2024-03-06T14:38:57.649+0000] {logging_mixin.py:188} INFO - [2024-03-06T14:38:57.648+0000] {dagbag.py:540} INFO - Filling up the DagBag from /home/airflow/.local/lib/python3.8/site-packages/airflow/example_dags/example_skip_dag.py
[2024-03-06T14:38:57.655+0000] {processor.py:840} INFO - DAG(s) 'example_skip_dag' retrieved from /home/airflow/.local/lib/python3.8/site-packages/airflow/example_dags/example_skip_dag.py
[2024-03-06T14:38:57.665+0000] {logging_mixin.py:188} INFO - [2024-03-06T14:38:57.665+0000] {dag.py:3047} INFO - Sync 1 DAGs
[2024-03-06T14:38:57.687+0000] {logging_mixin.py:188} INFO - [2024-03-06T14:38:57.687+0000] {dag.py:3834} INFO - Setting next_dagrun for example_skip_dag to 2024-03-05 00:00:00+00:00, run_after=2024-03-06 00:00:00+00:00
[2024-03-06T14:38:57.707+0000] {processor.py:183} INFO - Processing /home/airflow/.local/lib/python3.8/site-packages/airflow/example_dags/example_skip_dag.py took 0.064 seconds
[2024-03-06T14:39:28.537+0000] {processor.py:161} INFO - Started process (PID=674) to work on /home/airflow/.local/lib/python3.8/site-packages/airflow/example_dags/example_skip_dag.py
[2024-03-06T14:39:28.538+0000] {processor.py:830} INFO - Processing file /home/airflow/.local/lib/python3.8/site-packages/airflow/example_dags/example_skip_dag.py for tasks to queue
[2024-03-06T14:39:28.539+0000] {logging_mixin.py:188} INFO - [2024-03-06T14:39:28.539+0000] {dagbag.py:540} INFO - Filling up the DagBag from /home/airflow/.local/lib/python3.8/site-packages/airflow/example_dags/example_skip_dag.py
[2024-03-06T14:39:28.545+0000] {processor.py:840} INFO - DAG(s) 'example_skip_dag' retrieved from /home/airflow/.local/lib/python3.8/site-packages/airflow/example_dags/example_skip_dag.py
[2024-03-06T14:39:28.664+0000] {logging_mixin.py:188} INFO - [2024-03-06T14:39:28.664+0000] {dag.py:3047} INFO - Sync 1 DAGs
[2024-03-06T14:39:28.687+0000] {logging_mixin.py:188} INFO - [2024-03-06T14:39:28.686+0000] {dag.py:3834} INFO - Setting next_dagrun for example_skip_dag to 2024-03-05 00:00:00+00:00, run_after=2024-03-06 00:00:00+00:00
[2024-03-06T14:39:28.708+0000] {processor.py:183} INFO - Processing /home/airflow/.local/lib/python3.8/site-packages/airflow/example_dags/example_skip_dag.py took 0.174 seconds
[2024-03-06T14:43:28.149+0000] {processor.py:161} INFO - Started process (PID=69) to work on /home/airflow/.local/lib/python3.8/site-packages/airflow/example_dags/example_skip_dag.py
[2024-03-06T14:43:28.150+0000] {processor.py:830} INFO - Processing file /home/airflow/.local/lib/python3.8/site-packages/airflow/example_dags/example_skip_dag.py for tasks to queue
[2024-03-06T14:43:28.152+0000] {logging_mixin.py:188} INFO - [2024-03-06T14:43:28.152+0000] {dagbag.py:540} INFO - Filling up the DagBag from /home/airflow/.local/lib/python3.8/site-packages/airflow/example_dags/example_skip_dag.py
[2024-03-06T14:43:28.158+0000] {processor.py:840} INFO - DAG(s) 'example_skip_dag' retrieved from /home/airflow/.local/lib/python3.8/site-packages/airflow/example_dags/example_skip_dag.py
[2024-03-06T14:43:28.253+0000] {logging_mixin.py:188} INFO - [2024-03-06T14:43:28.252+0000] {override.py:1769} INFO - Created Permission View: can delete on DAG:example_skip_dag
[2024-03-06T14:43:28.264+0000] {logging_mixin.py:188} INFO - [2024-03-06T14:43:28.263+0000] {override.py:1769} INFO - Created Permission View: can read on DAG:example_skip_dag
[2024-03-06T14:43:28.271+0000] {logging_mixin.py:188} INFO - [2024-03-06T14:43:28.271+0000] {override.py:1769} INFO - Created Permission View: can edit on DAG:example_skip_dag
[2024-03-06T14:43:28.271+0000] {logging_mixin.py:188} INFO - [2024-03-06T14:43:28.271+0000] {dag.py:3047} INFO - Sync 1 DAGs
[2024-03-06T14:43:28.281+0000] {logging_mixin.py:188} INFO - [2024-03-06T14:43:28.281+0000] {dag.py:3069} INFO - Creating ORM DAG for example_skip_dag
[2024-03-06T14:43:28.289+0000] {logging_mixin.py:188} INFO - [2024-03-06T14:43:28.289+0000] {dag.py:3834} INFO - Setting next_dagrun for example_skip_dag to 2024-03-05 00:00:00+00:00, run_after=2024-03-06 00:00:00+00:00
[2024-03-06T14:43:28.304+0000] {processor.py:183} INFO - Processing /home/airflow/.local/lib/python3.8/site-packages/airflow/example_dags/example_skip_dag.py took 0.157 seconds
[2024-03-06T14:43:58.386+0000] {processor.py:161} INFO - Started process (PID=124) to work on /home/airflow/.local/lib/python3.8/site-packages/airflow/example_dags/example_skip_dag.py
[2024-03-06T14:43:58.388+0000] {processor.py:830} INFO - Processing file /home/airflow/.local/lib/python3.8/site-packages/airflow/example_dags/example_skip_dag.py for tasks to queue
[2024-03-06T14:43:58.389+0000] {logging_mixin.py:188} INFO - [2024-03-06T14:43:58.389+0000] {dagbag.py:540} INFO - Filling up the DagBag from /home/airflow/.local/lib/python3.8/site-packages/airflow/example_dags/example_skip_dag.py
[2024-03-06T14:43:58.395+0000] {processor.py:840} INFO - DAG(s) 'example_skip_dag' retrieved from /home/airflow/.local/lib/python3.8/site-packages/airflow/example_dags/example_skip_dag.py
[2024-03-06T14:43:58.419+0000] {logging_mixin.py:188} INFO - [2024-03-06T14:43:58.419+0000] {dag.py:3047} INFO - Sync 1 DAGs
[2024-03-06T14:43:58.446+0000] {logging_mixin.py:188} INFO - [2024-03-06T14:43:58.446+0000] {dag.py:3834} INFO - Setting next_dagrun for example_skip_dag to 2024-03-05 00:00:00+00:00, run_after=2024-03-06 00:00:00+00:00
[2024-03-06T14:43:58.472+0000] {processor.py:183} INFO - Processing /home/airflow/.local/lib/python3.8/site-packages/airflow/example_dags/example_skip_dag.py took 0.090 seconds
[2024-03-06T14:44:28.586+0000] {processor.py:161} INFO - Started process (PID=179) to work on /home/airflow/.local/lib/python3.8/site-packages/airflow/example_dags/example_skip_dag.py
[2024-03-06T14:44:28.588+0000] {processor.py:830} INFO - Processing file /home/airflow/.local/lib/python3.8/site-packages/airflow/example_dags/example_skip_dag.py for tasks to queue
[2024-03-06T14:44:28.589+0000] {logging_mixin.py:188} INFO - [2024-03-06T14:44:28.589+0000] {dagbag.py:540} INFO - Filling up the DagBag from /home/airflow/.local/lib/python3.8/site-packages/airflow/example_dags/example_skip_dag.py
[2024-03-06T14:44:28.596+0000] {processor.py:840} INFO - DAG(s) 'example_skip_dag' retrieved from /home/airflow/.local/lib/python3.8/site-packages/airflow/example_dags/example_skip_dag.py
[2024-03-06T14:44:28.617+0000] {logging_mixin.py:188} INFO - [2024-03-06T14:44:28.616+0000] {dag.py:3047} INFO - Sync 1 DAGs
[2024-03-06T14:44:28.640+0000] {logging_mixin.py:188} INFO - [2024-03-06T14:44:28.640+0000] {dag.py:3834} INFO - Setting next_dagrun for example_skip_dag to 2024-03-05 00:00:00+00:00, run_after=2024-03-06 00:00:00+00:00
[2024-03-06T14:44:28.660+0000] {processor.py:183} INFO - Processing /home/airflow/.local/lib/python3.8/site-packages/airflow/example_dags/example_skip_dag.py took 0.076 seconds
[2024-03-06T14:44:59.069+0000] {processor.py:161} INFO - Started process (PID=234) to work on /home/airflow/.local/lib/python3.8/site-packages/airflow/example_dags/example_skip_dag.py
[2024-03-06T14:44:59.070+0000] {processor.py:830} INFO - Processing file /home/airflow/.local/lib/python3.8/site-packages/airflow/example_dags/example_skip_dag.py for tasks to queue
[2024-03-06T14:44:59.072+0000] {logging_mixin.py:188} INFO - [2024-03-06T14:44:59.072+0000] {dagbag.py:540} INFO - Filling up the DagBag from /home/airflow/.local/lib/python3.8/site-packages/airflow/example_dags/example_skip_dag.py
[2024-03-06T14:44:59.077+0000] {processor.py:840} INFO - DAG(s) 'example_skip_dag' retrieved from /home/airflow/.local/lib/python3.8/site-packages/airflow/example_dags/example_skip_dag.py
[2024-03-06T14:44:59.097+0000] {logging_mixin.py:188} INFO - [2024-03-06T14:44:59.096+0000] {dag.py:3047} INFO - Sync 1 DAGs
[2024-03-06T14:44:59.119+0000] {logging_mixin.py:188} INFO - [2024-03-06T14:44:59.119+0000] {dag.py:3834} INFO - Setting next_dagrun for example_skip_dag to 2024-03-05 00:00:00+00:00, run_after=2024-03-06 00:00:00+00:00
[2024-03-06T14:44:59.139+0000] {processor.py:183} INFO - Processing /home/airflow/.local/lib/python3.8/site-packages/airflow/example_dags/example_skip_dag.py took 0.073 seconds
[2024-03-06T14:45:29.628+0000] {processor.py:161} INFO - Started process (PID=289) to work on /home/airflow/.local/lib/python3.8/site-packages/airflow/example_dags/example_skip_dag.py
[2024-03-06T14:45:29.630+0000] {processor.py:830} INFO - Processing file /home/airflow/.local/lib/python3.8/site-packages/airflow/example_dags/example_skip_dag.py for tasks to queue
[2024-03-06T14:45:29.632+0000] {logging_mixin.py:188} INFO - [2024-03-06T14:45:29.631+0000] {dagbag.py:540} INFO - Filling up the DagBag from /home/airflow/.local/lib/python3.8/site-packages/airflow/example_dags/example_skip_dag.py
[2024-03-06T14:45:29.637+0000] {processor.py:840} INFO - DAG(s) 'example_skip_dag' retrieved from /home/airflow/.local/lib/python3.8/site-packages/airflow/example_dags/example_skip_dag.py
[2024-03-06T14:45:29.658+0000] {logging_mixin.py:188} INFO - [2024-03-06T14:45:29.657+0000] {dag.py:3047} INFO - Sync 1 DAGs
[2024-03-06T14:45:29.680+0000] {logging_mixin.py:188} INFO - [2024-03-06T14:45:29.679+0000] {dag.py:3834} INFO - Setting next_dagrun for example_skip_dag to 2024-03-05 00:00:00+00:00, run_after=2024-03-06 00:00:00+00:00
[2024-03-06T14:45:29.702+0000] {processor.py:183} INFO - Processing /home/airflow/.local/lib/python3.8/site-packages/airflow/example_dags/example_skip_dag.py took 0.077 seconds
[2024-03-06T14:46:00.321+0000] {processor.py:161} INFO - Started process (PID=344) to work on /home/airflow/.local/lib/python3.8/site-packages/airflow/example_dags/example_skip_dag.py
[2024-03-06T14:46:00.322+0000] {processor.py:830} INFO - Processing file /home/airflow/.local/lib/python3.8/site-packages/airflow/example_dags/example_skip_dag.py for tasks to queue
[2024-03-06T14:46:00.324+0000] {logging_mixin.py:188} INFO - [2024-03-06T14:46:00.323+0000] {dagbag.py:540} INFO - Filling up the DagBag from /home/airflow/.local/lib/python3.8/site-packages/airflow/example_dags/example_skip_dag.py
[2024-03-06T14:46:00.329+0000] {processor.py:840} INFO - DAG(s) 'example_skip_dag' retrieved from /home/airflow/.local/lib/python3.8/site-packages/airflow/example_dags/example_skip_dag.py
[2024-03-06T14:46:00.339+0000] {logging_mixin.py:188} INFO - [2024-03-06T14:46:00.339+0000] {dag.py:3047} INFO - Sync 1 DAGs
[2024-03-06T14:46:00.361+0000] {logging_mixin.py:188} INFO - [2024-03-06T14:46:00.361+0000] {dag.py:3834} INFO - Setting next_dagrun for example_skip_dag to 2024-03-05 00:00:00+00:00, run_after=2024-03-06 00:00:00+00:00
[2024-03-06T14:46:00.379+0000] {processor.py:183} INFO - Processing /home/airflow/.local/lib/python3.8/site-packages/airflow/example_dags/example_skip_dag.py took 0.061 seconds
