[2024-03-06T14:33:50.556+0000] {processor.py:161} INFO - Started process (PID=73) to work on /home/airflow/.local/lib/python3.8/site-packages/airflow/example_dags/example_external_task_marker_dag.py
[2024-03-06T14:33:50.557+0000] {processor.py:830} INFO - Processing file /home/airflow/.local/lib/python3.8/site-packages/airflow/example_dags/example_external_task_marker_dag.py for tasks to queue
[2024-03-06T14:33:50.559+0000] {logging_mixin.py:188} INFO - [2024-03-06T14:33:50.559+0000] {dagbag.py:540} INFO - Filling up the DagBag from /home/airflow/.local/lib/python3.8/site-packages/airflow/example_dags/example_external_task_marker_dag.py
[2024-03-06T14:33:50.566+0000] {processor.py:840} INFO - DAG(s) 'example_external_task_marker_parent', 'example_external_task_marker_child' retrieved from /home/airflow/.local/lib/python3.8/site-packages/airflow/example_dags/example_external_task_marker_dag.py
[2024-03-06T14:33:50.582+0000] {logging_mixin.py:188} INFO - [2024-03-06T14:33:50.582+0000] {dag.py:3047} INFO - Sync 2 DAGs
[2024-03-06T14:33:50.600+0000] {logging_mixin.py:188} INFO - [2024-03-06T14:33:50.600+0000] {dag.py:3834} INFO - Setting next_dagrun for example_external_task_marker_child to None, run_after=None
[2024-03-06T14:33:50.605+0000] {logging_mixin.py:188} INFO - [2024-03-06T14:33:50.604+0000] {dag.py:3834} INFO - Setting next_dagrun for example_external_task_marker_parent to None, run_after=None
[2024-03-06T14:33:50.625+0000] {processor.py:183} INFO - Processing /home/airflow/.local/lib/python3.8/site-packages/airflow/example_dags/example_external_task_marker_dag.py took 0.072 seconds
[2024-03-06T14:34:22.686+0000] {processor.py:161} INFO - Started process (PID=128) to work on /home/airflow/.local/lib/python3.8/site-packages/airflow/example_dags/example_external_task_marker_dag.py
[2024-03-06T14:34:22.687+0000] {processor.py:830} INFO - Processing file /home/airflow/.local/lib/python3.8/site-packages/airflow/example_dags/example_external_task_marker_dag.py for tasks to queue
[2024-03-06T14:34:22.689+0000] {logging_mixin.py:188} INFO - [2024-03-06T14:34:22.689+0000] {dagbag.py:540} INFO - Filling up the DagBag from /home/airflow/.local/lib/python3.8/site-packages/airflow/example_dags/example_external_task_marker_dag.py
[2024-03-06T14:34:22.695+0000] {processor.py:840} INFO - DAG(s) 'example_external_task_marker_parent', 'example_external_task_marker_child' retrieved from /home/airflow/.local/lib/python3.8/site-packages/airflow/example_dags/example_external_task_marker_dag.py
[2024-03-06T14:34:22.796+0000] {logging_mixin.py:188} INFO - [2024-03-06T14:34:22.795+0000] {dag.py:3047} INFO - Sync 2 DAGs
[2024-03-06T14:34:22.805+0000] {logging_mixin.py:188} INFO - [2024-03-06T14:34:22.805+0000] {dag.py:3834} INFO - Setting next_dagrun for example_external_task_marker_child to None, run_after=None
[2024-03-06T14:34:22.808+0000] {logging_mixin.py:188} INFO - [2024-03-06T14:34:22.808+0000] {dag.py:3834} INFO - Setting next_dagrun for example_external_task_marker_parent to None, run_after=None
[2024-03-06T14:34:22.825+0000] {processor.py:183} INFO - Processing /home/airflow/.local/lib/python3.8/site-packages/airflow/example_dags/example_external_task_marker_dag.py took 0.143 seconds
[2024-03-06T14:34:53.217+0000] {processor.py:161} INFO - Started process (PID=183) to work on /home/airflow/.local/lib/python3.8/site-packages/airflow/example_dags/example_external_task_marker_dag.py
[2024-03-06T14:34:53.221+0000] {processor.py:830} INFO - Processing file /home/airflow/.local/lib/python3.8/site-packages/airflow/example_dags/example_external_task_marker_dag.py for tasks to queue
[2024-03-06T14:34:53.226+0000] {logging_mixin.py:188} INFO - [2024-03-06T14:34:53.225+0000] {dagbag.py:540} INFO - Filling up the DagBag from /home/airflow/.local/lib/python3.8/site-packages/airflow/example_dags/example_external_task_marker_dag.py
[2024-03-06T14:34:53.235+0000] {processor.py:840} INFO - DAG(s) 'example_external_task_marker_child', 'example_external_task_marker_parent' retrieved from /home/airflow/.local/lib/python3.8/site-packages/airflow/example_dags/example_external_task_marker_dag.py
[2024-03-06T14:34:53.265+0000] {logging_mixin.py:188} INFO - [2024-03-06T14:34:53.264+0000] {dag.py:3047} INFO - Sync 2 DAGs
[2024-03-06T14:34:53.293+0000] {logging_mixin.py:188} INFO - [2024-03-06T14:34:53.293+0000] {dag.py:3834} INFO - Setting next_dagrun for example_external_task_marker_child to None, run_after=None
[2024-03-06T14:34:53.299+0000] {logging_mixin.py:188} INFO - [2024-03-06T14:34:53.299+0000] {dag.py:3834} INFO - Setting next_dagrun for example_external_task_marker_parent to None, run_after=None
[2024-03-06T14:34:53.329+0000] {processor.py:183} INFO - Processing /home/airflow/.local/lib/python3.8/site-packages/airflow/example_dags/example_external_task_marker_dag.py took 0.117 seconds
[2024-03-06T14:35:24.485+0000] {processor.py:161} INFO - Started process (PID=238) to work on /home/airflow/.local/lib/python3.8/site-packages/airflow/example_dags/example_external_task_marker_dag.py
[2024-03-06T14:35:24.487+0000] {processor.py:830} INFO - Processing file /home/airflow/.local/lib/python3.8/site-packages/airflow/example_dags/example_external_task_marker_dag.py for tasks to queue
[2024-03-06T14:35:24.488+0000] {logging_mixin.py:188} INFO - [2024-03-06T14:35:24.488+0000] {dagbag.py:540} INFO - Filling up the DagBag from /home/airflow/.local/lib/python3.8/site-packages/airflow/example_dags/example_external_task_marker_dag.py
[2024-03-06T14:35:24.494+0000] {processor.py:840} INFO - DAG(s) 'example_external_task_marker_parent', 'example_external_task_marker_child' retrieved from /home/airflow/.local/lib/python3.8/site-packages/airflow/example_dags/example_external_task_marker_dag.py
[2024-03-06T14:35:24.601+0000] {logging_mixin.py:188} INFO - [2024-03-06T14:35:24.601+0000] {dag.py:3047} INFO - Sync 2 DAGs
[2024-03-06T14:35:24.611+0000] {logging_mixin.py:188} INFO - [2024-03-06T14:35:24.611+0000] {dag.py:3834} INFO - Setting next_dagrun for example_external_task_marker_child to None, run_after=None
[2024-03-06T14:35:24.615+0000] {logging_mixin.py:188} INFO - [2024-03-06T14:35:24.615+0000] {dag.py:3834} INFO - Setting next_dagrun for example_external_task_marker_parent to None, run_after=None
[2024-03-06T14:35:24.639+0000] {processor.py:183} INFO - Processing /home/airflow/.local/lib/python3.8/site-packages/airflow/example_dags/example_external_task_marker_dag.py took 0.157 seconds
[2024-03-06T14:35:54.656+0000] {processor.py:161} INFO - Started process (PID=293) to work on /home/airflow/.local/lib/python3.8/site-packages/airflow/example_dags/example_external_task_marker_dag.py
[2024-03-06T14:35:54.658+0000] {processor.py:830} INFO - Processing file /home/airflow/.local/lib/python3.8/site-packages/airflow/example_dags/example_external_task_marker_dag.py for tasks to queue
[2024-03-06T14:35:54.660+0000] {logging_mixin.py:188} INFO - [2024-03-06T14:35:54.660+0000] {dagbag.py:540} INFO - Filling up the DagBag from /home/airflow/.local/lib/python3.8/site-packages/airflow/example_dags/example_external_task_marker_dag.py
[2024-03-06T14:35:54.668+0000] {processor.py:840} INFO - DAG(s) 'example_external_task_marker_parent', 'example_external_task_marker_child' retrieved from /home/airflow/.local/lib/python3.8/site-packages/airflow/example_dags/example_external_task_marker_dag.py
[2024-03-06T14:35:54.690+0000] {logging_mixin.py:188} INFO - [2024-03-06T14:35:54.690+0000] {dag.py:3047} INFO - Sync 2 DAGs
[2024-03-06T14:35:54.703+0000] {logging_mixin.py:188} INFO - [2024-03-06T14:35:54.703+0000] {dag.py:3834} INFO - Setting next_dagrun for example_external_task_marker_child to None, run_after=None
[2024-03-06T14:35:54.708+0000] {logging_mixin.py:188} INFO - [2024-03-06T14:35:54.707+0000] {dag.py:3834} INFO - Setting next_dagrun for example_external_task_marker_parent to None, run_after=None
[2024-03-06T14:35:54.728+0000] {processor.py:183} INFO - Processing /home/airflow/.local/lib/python3.8/site-packages/airflow/example_dags/example_external_task_marker_dag.py took 0.076 seconds
[2024-03-06T14:36:25.425+0000] {processor.py:161} INFO - Started process (PID=348) to work on /home/airflow/.local/lib/python3.8/site-packages/airflow/example_dags/example_external_task_marker_dag.py
[2024-03-06T14:36:25.426+0000] {processor.py:830} INFO - Processing file /home/airflow/.local/lib/python3.8/site-packages/airflow/example_dags/example_external_task_marker_dag.py for tasks to queue
[2024-03-06T14:36:25.428+0000] {logging_mixin.py:188} INFO - [2024-03-06T14:36:25.427+0000] {dagbag.py:540} INFO - Filling up the DagBag from /home/airflow/.local/lib/python3.8/site-packages/airflow/example_dags/example_external_task_marker_dag.py
[2024-03-06T14:36:25.433+0000] {processor.py:840} INFO - DAG(s) 'example_external_task_marker_child', 'example_external_task_marker_parent' retrieved from /home/airflow/.local/lib/python3.8/site-packages/airflow/example_dags/example_external_task_marker_dag.py
[2024-03-06T14:36:25.456+0000] {logging_mixin.py:188} INFO - [2024-03-06T14:36:25.456+0000] {dag.py:3047} INFO - Sync 2 DAGs
[2024-03-06T14:36:25.468+0000] {logging_mixin.py:188} INFO - [2024-03-06T14:36:25.467+0000] {dag.py:3834} INFO - Setting next_dagrun for example_external_task_marker_child to None, run_after=None
[2024-03-06T14:36:25.471+0000] {logging_mixin.py:188} INFO - [2024-03-06T14:36:25.471+0000] {dag.py:3834} INFO - Setting next_dagrun for example_external_task_marker_parent to None, run_after=None
[2024-03-06T14:36:25.491+0000] {processor.py:183} INFO - Processing /home/airflow/.local/lib/python3.8/site-packages/airflow/example_dags/example_external_task_marker_dag.py took 0.069 seconds
[2024-03-06T14:36:56.033+0000] {processor.py:161} INFO - Started process (PID=403) to work on /home/airflow/.local/lib/python3.8/site-packages/airflow/example_dags/example_external_task_marker_dag.py
[2024-03-06T14:36:56.035+0000] {processor.py:830} INFO - Processing file /home/airflow/.local/lib/python3.8/site-packages/airflow/example_dags/example_external_task_marker_dag.py for tasks to queue
[2024-03-06T14:36:56.037+0000] {logging_mixin.py:188} INFO - [2024-03-06T14:36:56.037+0000] {dagbag.py:540} INFO - Filling up the DagBag from /home/airflow/.local/lib/python3.8/site-packages/airflow/example_dags/example_external_task_marker_dag.py
[2024-03-06T14:36:56.045+0000] {processor.py:840} INFO - DAG(s) 'example_external_task_marker_child', 'example_external_task_marker_parent' retrieved from /home/airflow/.local/lib/python3.8/site-packages/airflow/example_dags/example_external_task_marker_dag.py
[2024-03-06T14:36:56.076+0000] {logging_mixin.py:188} INFO - [2024-03-06T14:36:56.075+0000] {dag.py:3047} INFO - Sync 2 DAGs
[2024-03-06T14:36:56.090+0000] {logging_mixin.py:188} INFO - [2024-03-06T14:36:56.089+0000] {dag.py:3834} INFO - Setting next_dagrun for example_external_task_marker_child to None, run_after=None
[2024-03-06T14:36:56.095+0000] {logging_mixin.py:188} INFO - [2024-03-06T14:36:56.094+0000] {dag.py:3834} INFO - Setting next_dagrun for example_external_task_marker_parent to None, run_after=None
[2024-03-06T14:36:56.115+0000] {processor.py:183} INFO - Processing /home/airflow/.local/lib/python3.8/site-packages/airflow/example_dags/example_external_task_marker_dag.py took 0.086 seconds
[2024-03-06T14:37:26.762+0000] {processor.py:161} INFO - Started process (PID=458) to work on /home/airflow/.local/lib/python3.8/site-packages/airflow/example_dags/example_external_task_marker_dag.py
[2024-03-06T14:37:26.763+0000] {processor.py:830} INFO - Processing file /home/airflow/.local/lib/python3.8/site-packages/airflow/example_dags/example_external_task_marker_dag.py for tasks to queue
[2024-03-06T14:37:26.764+0000] {logging_mixin.py:188} INFO - [2024-03-06T14:37:26.764+0000] {dagbag.py:540} INFO - Filling up the DagBag from /home/airflow/.local/lib/python3.8/site-packages/airflow/example_dags/example_external_task_marker_dag.py
[2024-03-06T14:37:26.769+0000] {processor.py:840} INFO - DAG(s) 'example_external_task_marker_parent', 'example_external_task_marker_child' retrieved from /home/airflow/.local/lib/python3.8/site-packages/airflow/example_dags/example_external_task_marker_dag.py
[2024-03-06T14:37:26.790+0000] {logging_mixin.py:188} INFO - [2024-03-06T14:37:26.790+0000] {dag.py:3047} INFO - Sync 2 DAGs
[2024-03-06T14:37:26.801+0000] {logging_mixin.py:188} INFO - [2024-03-06T14:37:26.801+0000] {dag.py:3834} INFO - Setting next_dagrun for example_external_task_marker_child to None, run_after=None
[2024-03-06T14:37:26.804+0000] {logging_mixin.py:188} INFO - [2024-03-06T14:37:26.804+0000] {dag.py:3834} INFO - Setting next_dagrun for example_external_task_marker_parent to None, run_after=None
[2024-03-06T14:37:26.821+0000] {processor.py:183} INFO - Processing /home/airflow/.local/lib/python3.8/site-packages/airflow/example_dags/example_external_task_marker_dag.py took 0.061 seconds
[2024-03-06T14:37:56.938+0000] {processor.py:161} INFO - Started process (PID=513) to work on /home/airflow/.local/lib/python3.8/site-packages/airflow/example_dags/example_external_task_marker_dag.py
[2024-03-06T14:37:56.939+0000] {processor.py:830} INFO - Processing file /home/airflow/.local/lib/python3.8/site-packages/airflow/example_dags/example_external_task_marker_dag.py for tasks to queue
[2024-03-06T14:37:56.941+0000] {logging_mixin.py:188} INFO - [2024-03-06T14:37:56.940+0000] {dagbag.py:540} INFO - Filling up the DagBag from /home/airflow/.local/lib/python3.8/site-packages/airflow/example_dags/example_external_task_marker_dag.py
[2024-03-06T14:37:56.946+0000] {processor.py:840} INFO - DAG(s) 'example_external_task_marker_parent', 'example_external_task_marker_child' retrieved from /home/airflow/.local/lib/python3.8/site-packages/airflow/example_dags/example_external_task_marker_dag.py
[2024-03-06T14:37:56.967+0000] {logging_mixin.py:188} INFO - [2024-03-06T14:37:56.967+0000] {dag.py:3047} INFO - Sync 2 DAGs
[2024-03-06T14:37:56.978+0000] {logging_mixin.py:188} INFO - [2024-03-06T14:37:56.978+0000] {dag.py:3834} INFO - Setting next_dagrun for example_external_task_marker_child to None, run_after=None
[2024-03-06T14:37:56.982+0000] {logging_mixin.py:188} INFO - [2024-03-06T14:37:56.981+0000] {dag.py:3834} INFO - Setting next_dagrun for example_external_task_marker_parent to None, run_after=None
[2024-03-06T14:37:57.000+0000] {processor.py:183} INFO - Processing /home/airflow/.local/lib/python3.8/site-packages/airflow/example_dags/example_external_task_marker_dag.py took 0.065 seconds
[2024-03-06T14:38:27.525+0000] {processor.py:161} INFO - Started process (PID=568) to work on /home/airflow/.local/lib/python3.8/site-packages/airflow/example_dags/example_external_task_marker_dag.py
[2024-03-06T14:38:27.526+0000] {processor.py:830} INFO - Processing file /home/airflow/.local/lib/python3.8/site-packages/airflow/example_dags/example_external_task_marker_dag.py for tasks to queue
[2024-03-06T14:38:27.528+0000] {logging_mixin.py:188} INFO - [2024-03-06T14:38:27.527+0000] {dagbag.py:540} INFO - Filling up the DagBag from /home/airflow/.local/lib/python3.8/site-packages/airflow/example_dags/example_external_task_marker_dag.py
[2024-03-06T14:38:27.533+0000] {processor.py:840} INFO - DAG(s) 'example_external_task_marker_parent', 'example_external_task_marker_child' retrieved from /home/airflow/.local/lib/python3.8/site-packages/airflow/example_dags/example_external_task_marker_dag.py
[2024-03-06T14:38:27.554+0000] {logging_mixin.py:188} INFO - [2024-03-06T14:38:27.554+0000] {dag.py:3047} INFO - Sync 2 DAGs
[2024-03-06T14:38:27.566+0000] {logging_mixin.py:188} INFO - [2024-03-06T14:38:27.566+0000] {dag.py:3834} INFO - Setting next_dagrun for example_external_task_marker_child to None, run_after=None
[2024-03-06T14:38:27.570+0000] {logging_mixin.py:188} INFO - [2024-03-06T14:38:27.570+0000] {dag.py:3834} INFO - Setting next_dagrun for example_external_task_marker_parent to None, run_after=None
[2024-03-06T14:38:27.587+0000] {processor.py:183} INFO - Processing /home/airflow/.local/lib/python3.8/site-packages/airflow/example_dags/example_external_task_marker_dag.py took 0.064 seconds
[2024-03-06T14:38:57.810+0000] {processor.py:161} INFO - Started process (PID=623) to work on /home/airflow/.local/lib/python3.8/site-packages/airflow/example_dags/example_external_task_marker_dag.py
[2024-03-06T14:38:57.811+0000] {processor.py:830} INFO - Processing file /home/airflow/.local/lib/python3.8/site-packages/airflow/example_dags/example_external_task_marker_dag.py for tasks to queue
[2024-03-06T14:38:57.813+0000] {logging_mixin.py:188} INFO - [2024-03-06T14:38:57.813+0000] {dagbag.py:540} INFO - Filling up the DagBag from /home/airflow/.local/lib/python3.8/site-packages/airflow/example_dags/example_external_task_marker_dag.py
[2024-03-06T14:38:57.819+0000] {processor.py:840} INFO - DAG(s) 'example_external_task_marker_child', 'example_external_task_marker_parent' retrieved from /home/airflow/.local/lib/python3.8/site-packages/airflow/example_dags/example_external_task_marker_dag.py
[2024-03-06T14:38:57.834+0000] {logging_mixin.py:188} INFO - [2024-03-06T14:38:57.834+0000] {dag.py:3047} INFO - Sync 2 DAGs
[2024-03-06T14:38:57.848+0000] {logging_mixin.py:188} INFO - [2024-03-06T14:38:57.848+0000] {dag.py:3834} INFO - Setting next_dagrun for example_external_task_marker_child to None, run_after=None
[2024-03-06T14:38:57.852+0000] {logging_mixin.py:188} INFO - [2024-03-06T14:38:57.851+0000] {dag.py:3834} INFO - Setting next_dagrun for example_external_task_marker_parent to None, run_after=None
[2024-03-06T14:38:57.870+0000] {processor.py:183} INFO - Processing /home/airflow/.local/lib/python3.8/site-packages/airflow/example_dags/example_external_task_marker_dag.py took 0.062 seconds
[2024-03-06T14:39:28.911+0000] {processor.py:161} INFO - Started process (PID=678) to work on /home/airflow/.local/lib/python3.8/site-packages/airflow/example_dags/example_external_task_marker_dag.py
[2024-03-06T14:39:28.912+0000] {processor.py:830} INFO - Processing file /home/airflow/.local/lib/python3.8/site-packages/airflow/example_dags/example_external_task_marker_dag.py for tasks to queue
[2024-03-06T14:39:28.914+0000] {logging_mixin.py:188} INFO - [2024-03-06T14:39:28.914+0000] {dagbag.py:540} INFO - Filling up the DagBag from /home/airflow/.local/lib/python3.8/site-packages/airflow/example_dags/example_external_task_marker_dag.py
[2024-03-06T14:39:28.919+0000] {processor.py:840} INFO - DAG(s) 'example_external_task_marker_parent', 'example_external_task_marker_child' retrieved from /home/airflow/.local/lib/python3.8/site-packages/airflow/example_dags/example_external_task_marker_dag.py
[2024-03-06T14:39:29.042+0000] {logging_mixin.py:188} INFO - [2024-03-06T14:39:29.042+0000] {dag.py:3047} INFO - Sync 2 DAGs
[2024-03-06T14:39:29.054+0000] {logging_mixin.py:188} INFO - [2024-03-06T14:39:29.054+0000] {dag.py:3834} INFO - Setting next_dagrun for example_external_task_marker_child to None, run_after=None
[2024-03-06T14:39:29.058+0000] {logging_mixin.py:188} INFO - [2024-03-06T14:39:29.058+0000] {dag.py:3834} INFO - Setting next_dagrun for example_external_task_marker_parent to None, run_after=None
[2024-03-06T14:39:29.077+0000] {processor.py:183} INFO - Processing /home/airflow/.local/lib/python3.8/site-packages/airflow/example_dags/example_external_task_marker_dag.py took 0.169 seconds
[2024-03-06T14:43:28.481+0000] {processor.py:161} INFO - Started process (PID=73) to work on /home/airflow/.local/lib/python3.8/site-packages/airflow/example_dags/example_external_task_marker_dag.py
[2024-03-06T14:43:28.483+0000] {processor.py:830} INFO - Processing file /home/airflow/.local/lib/python3.8/site-packages/airflow/example_dags/example_external_task_marker_dag.py for tasks to queue
[2024-03-06T14:43:28.484+0000] {logging_mixin.py:188} INFO - [2024-03-06T14:43:28.484+0000] {dagbag.py:540} INFO - Filling up the DagBag from /home/airflow/.local/lib/python3.8/site-packages/airflow/example_dags/example_external_task_marker_dag.py
[2024-03-06T14:43:28.490+0000] {processor.py:840} INFO - DAG(s) 'example_external_task_marker_child', 'example_external_task_marker_parent' retrieved from /home/airflow/.local/lib/python3.8/site-packages/airflow/example_dags/example_external_task_marker_dag.py
[2024-03-06T14:43:28.581+0000] {logging_mixin.py:188} INFO - [2024-03-06T14:43:28.581+0000] {override.py:1769} INFO - Created Permission View: can delete on DAG:example_external_task_marker_child
[2024-03-06T14:43:28.591+0000] {logging_mixin.py:188} INFO - [2024-03-06T14:43:28.591+0000] {override.py:1769} INFO - Created Permission View: can read on DAG:example_external_task_marker_child
[2024-03-06T14:43:28.597+0000] {logging_mixin.py:188} INFO - [2024-03-06T14:43:28.597+0000] {override.py:1769} INFO - Created Permission View: can edit on DAG:example_external_task_marker_child
[2024-03-06T14:43:28.609+0000] {logging_mixin.py:188} INFO - [2024-03-06T14:43:28.609+0000] {override.py:1769} INFO - Created Permission View: can delete on DAG:example_external_task_marker_parent
[2024-03-06T14:43:28.617+0000] {logging_mixin.py:188} INFO - [2024-03-06T14:43:28.617+0000] {override.py:1769} INFO - Created Permission View: can read on DAG:example_external_task_marker_parent
[2024-03-06T14:43:28.625+0000] {logging_mixin.py:188} INFO - [2024-03-06T14:43:28.625+0000] {override.py:1769} INFO - Created Permission View: can edit on DAG:example_external_task_marker_parent
[2024-03-06T14:43:28.625+0000] {logging_mixin.py:188} INFO - [2024-03-06T14:43:28.625+0000] {dag.py:3047} INFO - Sync 2 DAGs
[2024-03-06T14:43:28.635+0000] {logging_mixin.py:188} INFO - [2024-03-06T14:43:28.635+0000] {dag.py:3069} INFO - Creating ORM DAG for example_external_task_marker_parent
[2024-03-06T14:43:28.636+0000] {logging_mixin.py:188} INFO - [2024-03-06T14:43:28.636+0000] {dag.py:3069} INFO - Creating ORM DAG for example_external_task_marker_child
[2024-03-06T14:43:28.637+0000] {logging_mixin.py:188} INFO - [2024-03-06T14:43:28.636+0000] {dag.py:3834} INFO - Setting next_dagrun for example_external_task_marker_child to None, run_after=None
[2024-03-06T14:43:28.637+0000] {logging_mixin.py:188} INFO - [2024-03-06T14:43:28.637+0000] {dag.py:3834} INFO - Setting next_dagrun for example_external_task_marker_parent to None, run_after=None
[2024-03-06T14:43:28.656+0000] {processor.py:183} INFO - Processing /home/airflow/.local/lib/python3.8/site-packages/airflow/example_dags/example_external_task_marker_dag.py took 0.177 seconds
[2024-03-06T14:43:58.693+0000] {processor.py:161} INFO - Started process (PID=128) to work on /home/airflow/.local/lib/python3.8/site-packages/airflow/example_dags/example_external_task_marker_dag.py
[2024-03-06T14:43:58.694+0000] {processor.py:830} INFO - Processing file /home/airflow/.local/lib/python3.8/site-packages/airflow/example_dags/example_external_task_marker_dag.py for tasks to queue
[2024-03-06T14:43:58.696+0000] {logging_mixin.py:188} INFO - [2024-03-06T14:43:58.696+0000] {dagbag.py:540} INFO - Filling up the DagBag from /home/airflow/.local/lib/python3.8/site-packages/airflow/example_dags/example_external_task_marker_dag.py
[2024-03-06T14:43:58.701+0000] {processor.py:840} INFO - DAG(s) 'example_external_task_marker_parent', 'example_external_task_marker_child' retrieved from /home/airflow/.local/lib/python3.8/site-packages/airflow/example_dags/example_external_task_marker_dag.py
[2024-03-06T14:43:58.726+0000] {logging_mixin.py:188} INFO - [2024-03-06T14:43:58.726+0000] {dag.py:3047} INFO - Sync 2 DAGs
[2024-03-06T14:43:58.740+0000] {logging_mixin.py:188} INFO - [2024-03-06T14:43:58.740+0000] {dag.py:3834} INFO - Setting next_dagrun for example_external_task_marker_child to None, run_after=None
[2024-03-06T14:43:58.743+0000] {logging_mixin.py:188} INFO - [2024-03-06T14:43:58.743+0000] {dag.py:3834} INFO - Setting next_dagrun for example_external_task_marker_parent to None, run_after=None
[2024-03-06T14:43:58.773+0000] {processor.py:183} INFO - Processing /home/airflow/.local/lib/python3.8/site-packages/airflow/example_dags/example_external_task_marker_dag.py took 0.084 seconds
[2024-03-06T14:44:29.777+0000] {processor.py:161} INFO - Started process (PID=183) to work on /home/airflow/.local/lib/python3.8/site-packages/airflow/example_dags/example_external_task_marker_dag.py
[2024-03-06T14:44:29.779+0000] {processor.py:830} INFO - Processing file /home/airflow/.local/lib/python3.8/site-packages/airflow/example_dags/example_external_task_marker_dag.py for tasks to queue
[2024-03-06T14:44:29.780+0000] {logging_mixin.py:188} INFO - [2024-03-06T14:44:29.780+0000] {dagbag.py:540} INFO - Filling up the DagBag from /home/airflow/.local/lib/python3.8/site-packages/airflow/example_dags/example_external_task_marker_dag.py
[2024-03-06T14:44:29.786+0000] {processor.py:840} INFO - DAG(s) 'example_external_task_marker_child', 'example_external_task_marker_parent' retrieved from /home/airflow/.local/lib/python3.8/site-packages/airflow/example_dags/example_external_task_marker_dag.py
[2024-03-06T14:44:29.809+0000] {logging_mixin.py:188} INFO - [2024-03-06T14:44:29.809+0000] {dag.py:3047} INFO - Sync 2 DAGs
[2024-03-06T14:44:29.820+0000] {logging_mixin.py:188} INFO - [2024-03-06T14:44:29.820+0000] {dag.py:3834} INFO - Setting next_dagrun for example_external_task_marker_child to None, run_after=None
[2024-03-06T14:44:29.823+0000] {logging_mixin.py:188} INFO - [2024-03-06T14:44:29.823+0000] {dag.py:3834} INFO - Setting next_dagrun for example_external_task_marker_parent to None, run_after=None
[2024-03-06T14:44:29.840+0000] {processor.py:183} INFO - Processing /home/airflow/.local/lib/python3.8/site-packages/airflow/example_dags/example_external_task_marker_dag.py took 0.066 seconds
[2024-03-06T14:45:00.254+0000] {processor.py:161} INFO - Started process (PID=238) to work on /home/airflow/.local/lib/python3.8/site-packages/airflow/example_dags/example_external_task_marker_dag.py
[2024-03-06T14:45:00.256+0000] {processor.py:830} INFO - Processing file /home/airflow/.local/lib/python3.8/site-packages/airflow/example_dags/example_external_task_marker_dag.py for tasks to queue
[2024-03-06T14:45:00.258+0000] {logging_mixin.py:188} INFO - [2024-03-06T14:45:00.258+0000] {dagbag.py:540} INFO - Filling up the DagBag from /home/airflow/.local/lib/python3.8/site-packages/airflow/example_dags/example_external_task_marker_dag.py
[2024-03-06T14:45:00.264+0000] {processor.py:840} INFO - DAG(s) 'example_external_task_marker_child', 'example_external_task_marker_parent' retrieved from /home/airflow/.local/lib/python3.8/site-packages/airflow/example_dags/example_external_task_marker_dag.py
[2024-03-06T14:45:00.285+0000] {logging_mixin.py:188} INFO - [2024-03-06T14:45:00.285+0000] {dag.py:3047} INFO - Sync 2 DAGs
[2024-03-06T14:45:00.298+0000] {logging_mixin.py:188} INFO - [2024-03-06T14:45:00.298+0000] {dag.py:3834} INFO - Setting next_dagrun for example_external_task_marker_child to None, run_after=None
[2024-03-06T14:45:00.302+0000] {logging_mixin.py:188} INFO - [2024-03-06T14:45:00.302+0000] {dag.py:3834} INFO - Setting next_dagrun for example_external_task_marker_parent to None, run_after=None
[2024-03-06T14:45:00.318+0000] {processor.py:183} INFO - Processing /home/airflow/.local/lib/python3.8/site-packages/airflow/example_dags/example_external_task_marker_dag.py took 0.068 seconds
[2024-03-06T14:45:30.802+0000] {processor.py:161} INFO - Started process (PID=293) to work on /home/airflow/.local/lib/python3.8/site-packages/airflow/example_dags/example_external_task_marker_dag.py
[2024-03-06T14:45:30.809+0000] {processor.py:830} INFO - Processing file /home/airflow/.local/lib/python3.8/site-packages/airflow/example_dags/example_external_task_marker_dag.py for tasks to queue
[2024-03-06T14:45:30.810+0000] {logging_mixin.py:188} INFO - [2024-03-06T14:45:30.810+0000] {dagbag.py:540} INFO - Filling up the DagBag from /home/airflow/.local/lib/python3.8/site-packages/airflow/example_dags/example_external_task_marker_dag.py
[2024-03-06T14:45:30.816+0000] {processor.py:840} INFO - DAG(s) 'example_external_task_marker_child', 'example_external_task_marker_parent' retrieved from /home/airflow/.local/lib/python3.8/site-packages/airflow/example_dags/example_external_task_marker_dag.py
[2024-03-06T14:45:30.844+0000] {logging_mixin.py:188} INFO - [2024-03-06T14:45:30.844+0000] {dag.py:3047} INFO - Sync 2 DAGs
[2024-03-06T14:45:30.858+0000] {logging_mixin.py:188} INFO - [2024-03-06T14:45:30.858+0000] {dag.py:3834} INFO - Setting next_dagrun for example_external_task_marker_child to None, run_after=None
[2024-03-06T14:45:30.864+0000] {logging_mixin.py:188} INFO - [2024-03-06T14:45:30.863+0000] {dag.py:3834} INFO - Setting next_dagrun for example_external_task_marker_parent to None, run_after=None
[2024-03-06T14:45:30.883+0000] {processor.py:183} INFO - Processing /home/airflow/.local/lib/python3.8/site-packages/airflow/example_dags/example_external_task_marker_dag.py took 0.084 seconds
[2024-03-06T14:46:01.473+0000] {processor.py:161} INFO - Started process (PID=348) to work on /home/airflow/.local/lib/python3.8/site-packages/airflow/example_dags/example_external_task_marker_dag.py
[2024-03-06T14:46:01.480+0000] {processor.py:830} INFO - Processing file /home/airflow/.local/lib/python3.8/site-packages/airflow/example_dags/example_external_task_marker_dag.py for tasks to queue
[2024-03-06T14:46:01.482+0000] {logging_mixin.py:188} INFO - [2024-03-06T14:46:01.482+0000] {dagbag.py:540} INFO - Filling up the DagBag from /home/airflow/.local/lib/python3.8/site-packages/airflow/example_dags/example_external_task_marker_dag.py
[2024-03-06T14:46:01.488+0000] {processor.py:840} INFO - DAG(s) 'example_external_task_marker_child', 'example_external_task_marker_parent' retrieved from /home/airflow/.local/lib/python3.8/site-packages/airflow/example_dags/example_external_task_marker_dag.py
[2024-03-06T14:46:01.499+0000] {logging_mixin.py:188} INFO - [2024-03-06T14:46:01.499+0000] {dag.py:3047} INFO - Sync 2 DAGs
[2024-03-06T14:46:01.514+0000] {logging_mixin.py:188} INFO - [2024-03-06T14:46:01.514+0000] {dag.py:3834} INFO - Setting next_dagrun for example_external_task_marker_child to None, run_after=None
[2024-03-06T14:46:01.518+0000] {logging_mixin.py:188} INFO - [2024-03-06T14:46:01.518+0000] {dag.py:3834} INFO - Setting next_dagrun for example_external_task_marker_parent to None, run_after=None
[2024-03-06T14:46:01.537+0000] {processor.py:183} INFO - Processing /home/airflow/.local/lib/python3.8/site-packages/airflow/example_dags/example_external_task_marker_dag.py took 0.067 seconds
