[2024-03-06T14:33:48.036+0000] {processor.py:161} INFO - Started process (PID=36) to work on /home/airflow/.local/lib/python3.8/site-packages/airflow/example_dags/example_dag_decorator.py
[2024-03-06T14:33:48.038+0000] {processor.py:830} INFO - Processing file /home/airflow/.local/lib/python3.8/site-packages/airflow/example_dags/example_dag_decorator.py for tasks to queue
[2024-03-06T14:33:48.045+0000] {logging_mixin.py:188} INFO - [2024-03-06T14:33:48.042+0000] {dagbag.py:540} INFO - Filling up the DagBag from /home/airflow/.local/lib/python3.8/site-packages/airflow/example_dags/example_dag_decorator.py
[2024-03-06T14:33:48.615+0000] {processor.py:840} INFO - DAG(s) 'example_dag_decorator' retrieved from /home/airflow/.local/lib/python3.8/site-packages/airflow/example_dags/example_dag_decorator.py
[2024-03-06T14:33:48.683+0000] {logging_mixin.py:188} INFO - [2024-03-06T14:33:48.683+0000] {dag.py:3047} INFO - Sync 1 DAGs
[2024-03-06T14:33:48.717+0000] {logging_mixin.py:188} INFO - [2024-03-06T14:33:48.716+0000] {dag.py:3834} INFO - Setting next_dagrun for example_dag_decorator to None, run_after=None
[2024-03-06T14:33:48.773+0000] {processor.py:183} INFO - Processing /home/airflow/.local/lib/python3.8/site-packages/airflow/example_dags/example_dag_decorator.py took 0.740 seconds
[2024-03-06T14:34:19.226+0000] {processor.py:161} INFO - Started process (PID=91) to work on /home/airflow/.local/lib/python3.8/site-packages/airflow/example_dags/example_dag_decorator.py
[2024-03-06T14:34:19.227+0000] {processor.py:830} INFO - Processing file /home/airflow/.local/lib/python3.8/site-packages/airflow/example_dags/example_dag_decorator.py for tasks to queue
[2024-03-06T14:34:19.229+0000] {logging_mixin.py:188} INFO - [2024-03-06T14:34:19.229+0000] {dagbag.py:540} INFO - Filling up the DagBag from /home/airflow/.local/lib/python3.8/site-packages/airflow/example_dags/example_dag_decorator.py
[2024-03-06T14:34:19.311+0000] {processor.py:840} INFO - DAG(s) 'example_dag_decorator' retrieved from /home/airflow/.local/lib/python3.8/site-packages/airflow/example_dags/example_dag_decorator.py
[2024-03-06T14:34:19.415+0000] {logging_mixin.py:188} INFO - [2024-03-06T14:34:19.414+0000] {dag.py:3047} INFO - Sync 1 DAGs
[2024-03-06T14:34:19.425+0000] {logging_mixin.py:188} INFO - [2024-03-06T14:34:19.425+0000] {dag.py:3834} INFO - Setting next_dagrun for example_dag_decorator to None, run_after=None
[2024-03-06T14:34:19.447+0000] {processor.py:183} INFO - Processing /home/airflow/.local/lib/python3.8/site-packages/airflow/example_dags/example_dag_decorator.py took 0.225 seconds
[2024-03-06T14:34:49.708+0000] {processor.py:161} INFO - Started process (PID=146) to work on /home/airflow/.local/lib/python3.8/site-packages/airflow/example_dags/example_dag_decorator.py
[2024-03-06T14:34:49.709+0000] {processor.py:830} INFO - Processing file /home/airflow/.local/lib/python3.8/site-packages/airflow/example_dags/example_dag_decorator.py for tasks to queue
[2024-03-06T14:34:49.711+0000] {logging_mixin.py:188} INFO - [2024-03-06T14:34:49.711+0000] {dagbag.py:540} INFO - Filling up the DagBag from /home/airflow/.local/lib/python3.8/site-packages/airflow/example_dags/example_dag_decorator.py
[2024-03-06T14:34:49.799+0000] {processor.py:840} INFO - DAG(s) 'example_dag_decorator' retrieved from /home/airflow/.local/lib/python3.8/site-packages/airflow/example_dags/example_dag_decorator.py
[2024-03-06T14:34:49.810+0000] {logging_mixin.py:188} INFO - [2024-03-06T14:34:49.810+0000] {dag.py:3047} INFO - Sync 1 DAGs
[2024-03-06T14:34:49.822+0000] {logging_mixin.py:188} INFO - [2024-03-06T14:34:49.822+0000] {dag.py:3834} INFO - Setting next_dagrun for example_dag_decorator to None, run_after=None
[2024-03-06T14:34:49.842+0000] {processor.py:183} INFO - Processing /home/airflow/.local/lib/python3.8/site-packages/airflow/example_dags/example_dag_decorator.py took 0.137 seconds
[2024-03-06T14:35:20.125+0000] {processor.py:161} INFO - Started process (PID=201) to work on /home/airflow/.local/lib/python3.8/site-packages/airflow/example_dags/example_dag_decorator.py
[2024-03-06T14:35:20.126+0000] {processor.py:830} INFO - Processing file /home/airflow/.local/lib/python3.8/site-packages/airflow/example_dags/example_dag_decorator.py for tasks to queue
[2024-03-06T14:35:20.129+0000] {logging_mixin.py:188} INFO - [2024-03-06T14:35:20.128+0000] {dagbag.py:540} INFO - Filling up the DagBag from /home/airflow/.local/lib/python3.8/site-packages/airflow/example_dags/example_dag_decorator.py
[2024-03-06T14:35:20.248+0000] {processor.py:840} INFO - DAG(s) 'example_dag_decorator' retrieved from /home/airflow/.local/lib/python3.8/site-packages/airflow/example_dags/example_dag_decorator.py
[2024-03-06T14:35:20.427+0000] {logging_mixin.py:188} INFO - [2024-03-06T14:35:20.426+0000] {dag.py:3047} INFO - Sync 1 DAGs
[2024-03-06T14:35:20.437+0000] {logging_mixin.py:188} INFO - [2024-03-06T14:35:20.437+0000] {dag.py:3834} INFO - Setting next_dagrun for example_dag_decorator to None, run_after=None
[2024-03-06T14:35:20.466+0000] {processor.py:183} INFO - Processing /home/airflow/.local/lib/python3.8/site-packages/airflow/example_dags/example_dag_decorator.py took 0.345 seconds
[2024-03-06T14:35:50.659+0000] {processor.py:161} INFO - Started process (PID=256) to work on /home/airflow/.local/lib/python3.8/site-packages/airflow/example_dags/example_dag_decorator.py
[2024-03-06T14:35:50.660+0000] {processor.py:830} INFO - Processing file /home/airflow/.local/lib/python3.8/site-packages/airflow/example_dags/example_dag_decorator.py for tasks to queue
[2024-03-06T14:35:50.662+0000] {logging_mixin.py:188} INFO - [2024-03-06T14:35:50.661+0000] {dagbag.py:540} INFO - Filling up the DagBag from /home/airflow/.local/lib/python3.8/site-packages/airflow/example_dags/example_dag_decorator.py
[2024-03-06T14:35:50.755+0000] {processor.py:840} INFO - DAG(s) 'example_dag_decorator' retrieved from /home/airflow/.local/lib/python3.8/site-packages/airflow/example_dags/example_dag_decorator.py
[2024-03-06T14:35:50.854+0000] {logging_mixin.py:188} INFO - [2024-03-06T14:35:50.854+0000] {dag.py:3047} INFO - Sync 1 DAGs
[2024-03-06T14:35:50.863+0000] {logging_mixin.py:188} INFO - [2024-03-06T14:35:50.863+0000] {dag.py:3834} INFO - Setting next_dagrun for example_dag_decorator to None, run_after=None
[2024-03-06T14:35:50.882+0000] {processor.py:183} INFO - Processing /home/airflow/.local/lib/python3.8/site-packages/airflow/example_dags/example_dag_decorator.py took 0.227 seconds
[2024-03-06T14:36:21.511+0000] {processor.py:161} INFO - Started process (PID=311) to work on /home/airflow/.local/lib/python3.8/site-packages/airflow/example_dags/example_dag_decorator.py
[2024-03-06T14:36:21.512+0000] {processor.py:830} INFO - Processing file /home/airflow/.local/lib/python3.8/site-packages/airflow/example_dags/example_dag_decorator.py for tasks to queue
[2024-03-06T14:36:21.513+0000] {logging_mixin.py:188} INFO - [2024-03-06T14:36:21.513+0000] {dagbag.py:540} INFO - Filling up the DagBag from /home/airflow/.local/lib/python3.8/site-packages/airflow/example_dags/example_dag_decorator.py
[2024-03-06T14:36:21.598+0000] {processor.py:840} INFO - DAG(s) 'example_dag_decorator' retrieved from /home/airflow/.local/lib/python3.8/site-packages/airflow/example_dags/example_dag_decorator.py
[2024-03-06T14:36:21.696+0000] {logging_mixin.py:188} INFO - [2024-03-06T14:36:21.695+0000] {dag.py:3047} INFO - Sync 1 DAGs
[2024-03-06T14:36:21.705+0000] {logging_mixin.py:188} INFO - [2024-03-06T14:36:21.705+0000] {dag.py:3834} INFO - Setting next_dagrun for example_dag_decorator to None, run_after=None
[2024-03-06T14:36:21.724+0000] {processor.py:183} INFO - Processing /home/airflow/.local/lib/python3.8/site-packages/airflow/example_dags/example_dag_decorator.py took 0.216 seconds
[2024-03-06T14:36:52.030+0000] {processor.py:161} INFO - Started process (PID=366) to work on /home/airflow/.local/lib/python3.8/site-packages/airflow/example_dags/example_dag_decorator.py
[2024-03-06T14:36:52.031+0000] {processor.py:830} INFO - Processing file /home/airflow/.local/lib/python3.8/site-packages/airflow/example_dags/example_dag_decorator.py for tasks to queue
[2024-03-06T14:36:52.033+0000] {logging_mixin.py:188} INFO - [2024-03-06T14:36:52.033+0000] {dagbag.py:540} INFO - Filling up the DagBag from /home/airflow/.local/lib/python3.8/site-packages/airflow/example_dags/example_dag_decorator.py
[2024-03-06T14:36:52.132+0000] {processor.py:840} INFO - DAG(s) 'example_dag_decorator' retrieved from /home/airflow/.local/lib/python3.8/site-packages/airflow/example_dags/example_dag_decorator.py
[2024-03-06T14:36:52.253+0000] {logging_mixin.py:188} INFO - [2024-03-06T14:36:52.253+0000] {dag.py:3047} INFO - Sync 1 DAGs
[2024-03-06T14:36:52.266+0000] {logging_mixin.py:188} INFO - [2024-03-06T14:36:52.266+0000] {dag.py:3834} INFO - Setting next_dagrun for example_dag_decorator to None, run_after=None
[2024-03-06T14:36:52.288+0000] {processor.py:183} INFO - Processing /home/airflow/.local/lib/python3.8/site-packages/airflow/example_dags/example_dag_decorator.py took 0.261 seconds
[2024-03-06T14:37:22.642+0000] {processor.py:161} INFO - Started process (PID=421) to work on /home/airflow/.local/lib/python3.8/site-packages/airflow/example_dags/example_dag_decorator.py
[2024-03-06T14:37:22.643+0000] {processor.py:830} INFO - Processing file /home/airflow/.local/lib/python3.8/site-packages/airflow/example_dags/example_dag_decorator.py for tasks to queue
[2024-03-06T14:37:22.644+0000] {logging_mixin.py:188} INFO - [2024-03-06T14:37:22.644+0000] {dagbag.py:540} INFO - Filling up the DagBag from /home/airflow/.local/lib/python3.8/site-packages/airflow/example_dags/example_dag_decorator.py
[2024-03-06T14:37:22.730+0000] {processor.py:840} INFO - DAG(s) 'example_dag_decorator' retrieved from /home/airflow/.local/lib/python3.8/site-packages/airflow/example_dags/example_dag_decorator.py
[2024-03-06T14:37:22.824+0000] {logging_mixin.py:188} INFO - [2024-03-06T14:37:22.824+0000] {dag.py:3047} INFO - Sync 1 DAGs
[2024-03-06T14:37:22.835+0000] {logging_mixin.py:188} INFO - [2024-03-06T14:37:22.835+0000] {dag.py:3834} INFO - Setting next_dagrun for example_dag_decorator to None, run_after=None
[2024-03-06T14:37:22.856+0000] {processor.py:183} INFO - Processing /home/airflow/.local/lib/python3.8/site-packages/airflow/example_dags/example_dag_decorator.py took 0.217 seconds
[2024-03-06T14:37:52.899+0000] {processor.py:161} INFO - Started process (PID=477) to work on /home/airflow/.local/lib/python3.8/site-packages/airflow/example_dags/example_dag_decorator.py
[2024-03-06T14:37:52.900+0000] {processor.py:830} INFO - Processing file /home/airflow/.local/lib/python3.8/site-packages/airflow/example_dags/example_dag_decorator.py for tasks to queue
[2024-03-06T14:37:52.902+0000] {logging_mixin.py:188} INFO - [2024-03-06T14:37:52.902+0000] {dagbag.py:540} INFO - Filling up the DagBag from /home/airflow/.local/lib/python3.8/site-packages/airflow/example_dags/example_dag_decorator.py
[2024-03-06T14:37:53.009+0000] {processor.py:840} INFO - DAG(s) 'example_dag_decorator' retrieved from /home/airflow/.local/lib/python3.8/site-packages/airflow/example_dags/example_dag_decorator.py
[2024-03-06T14:37:53.137+0000] {logging_mixin.py:188} INFO - [2024-03-06T14:37:53.137+0000] {dag.py:3047} INFO - Sync 1 DAGs
[2024-03-06T14:37:53.151+0000] {logging_mixin.py:188} INFO - [2024-03-06T14:37:53.151+0000] {dag.py:3834} INFO - Setting next_dagrun for example_dag_decorator to None, run_after=None
[2024-03-06T14:37:53.176+0000] {processor.py:183} INFO - Processing /home/airflow/.local/lib/python3.8/site-packages/airflow/example_dags/example_dag_decorator.py took 0.280 seconds
[2024-03-06T14:38:23.544+0000] {processor.py:161} INFO - Started process (PID=531) to work on /home/airflow/.local/lib/python3.8/site-packages/airflow/example_dags/example_dag_decorator.py
[2024-03-06T14:38:23.545+0000] {processor.py:830} INFO - Processing file /home/airflow/.local/lib/python3.8/site-packages/airflow/example_dags/example_dag_decorator.py for tasks to queue
[2024-03-06T14:38:23.547+0000] {logging_mixin.py:188} INFO - [2024-03-06T14:38:23.546+0000] {dagbag.py:540} INFO - Filling up the DagBag from /home/airflow/.local/lib/python3.8/site-packages/airflow/example_dags/example_dag_decorator.py
[2024-03-06T14:38:23.642+0000] {processor.py:840} INFO - DAG(s) 'example_dag_decorator' retrieved from /home/airflow/.local/lib/python3.8/site-packages/airflow/example_dags/example_dag_decorator.py
[2024-03-06T14:38:23.748+0000] {logging_mixin.py:188} INFO - [2024-03-06T14:38:23.747+0000] {dag.py:3047} INFO - Sync 1 DAGs
[2024-03-06T14:38:23.761+0000] {logging_mixin.py:188} INFO - [2024-03-06T14:38:23.761+0000] {dag.py:3834} INFO - Setting next_dagrun for example_dag_decorator to None, run_after=None
[2024-03-06T14:38:23.782+0000] {processor.py:183} INFO - Processing /home/airflow/.local/lib/python3.8/site-packages/airflow/example_dags/example_dag_decorator.py took 0.242 seconds
[2024-03-06T14:38:54.111+0000] {processor.py:161} INFO - Started process (PID=586) to work on /home/airflow/.local/lib/python3.8/site-packages/airflow/example_dags/example_dag_decorator.py
[2024-03-06T14:38:54.113+0000] {processor.py:830} INFO - Processing file /home/airflow/.local/lib/python3.8/site-packages/airflow/example_dags/example_dag_decorator.py for tasks to queue
[2024-03-06T14:38:54.114+0000] {logging_mixin.py:188} INFO - [2024-03-06T14:38:54.114+0000] {dagbag.py:540} INFO - Filling up the DagBag from /home/airflow/.local/lib/python3.8/site-packages/airflow/example_dags/example_dag_decorator.py
[2024-03-06T14:38:54.195+0000] {processor.py:840} INFO - DAG(s) 'example_dag_decorator' retrieved from /home/airflow/.local/lib/python3.8/site-packages/airflow/example_dags/example_dag_decorator.py
[2024-03-06T14:38:54.206+0000] {logging_mixin.py:188} INFO - [2024-03-06T14:38:54.206+0000] {dag.py:3047} INFO - Sync 1 DAGs
[2024-03-06T14:38:54.218+0000] {logging_mixin.py:188} INFO - [2024-03-06T14:38:54.218+0000] {dag.py:3834} INFO - Setting next_dagrun for example_dag_decorator to None, run_after=None
[2024-03-06T14:38:54.238+0000] {processor.py:183} INFO - Processing /home/airflow/.local/lib/python3.8/site-packages/airflow/example_dags/example_dag_decorator.py took 0.129 seconds
[2024-03-06T14:39:24.460+0000] {processor.py:161} INFO - Started process (PID=641) to work on /home/airflow/.local/lib/python3.8/site-packages/airflow/example_dags/example_dag_decorator.py
[2024-03-06T14:39:24.461+0000] {processor.py:830} INFO - Processing file /home/airflow/.local/lib/python3.8/site-packages/airflow/example_dags/example_dag_decorator.py for tasks to queue
[2024-03-06T14:39:24.463+0000] {logging_mixin.py:188} INFO - [2024-03-06T14:39:24.463+0000] {dagbag.py:540} INFO - Filling up the DagBag from /home/airflow/.local/lib/python3.8/site-packages/airflow/example_dags/example_dag_decorator.py
[2024-03-06T14:39:24.546+0000] {processor.py:840} INFO - DAG(s) 'example_dag_decorator' retrieved from /home/airflow/.local/lib/python3.8/site-packages/airflow/example_dags/example_dag_decorator.py
[2024-03-06T14:39:24.640+0000] {logging_mixin.py:188} INFO - [2024-03-06T14:39:24.640+0000] {dag.py:3047} INFO - Sync 1 DAGs
[2024-03-06T14:39:24.649+0000] {logging_mixin.py:188} INFO - [2024-03-06T14:39:24.649+0000] {dag.py:3834} INFO - Setting next_dagrun for example_dag_decorator to None, run_after=None
[2024-03-06T14:39:24.667+0000] {processor.py:183} INFO - Processing /home/airflow/.local/lib/python3.8/site-packages/airflow/example_dags/example_dag_decorator.py took 0.210 seconds
[2024-03-06T14:43:24.532+0000] {processor.py:161} INFO - Started process (PID=36) to work on /home/airflow/.local/lib/python3.8/site-packages/airflow/example_dags/example_dag_decorator.py
[2024-03-06T14:43:24.534+0000] {processor.py:830} INFO - Processing file /home/airflow/.local/lib/python3.8/site-packages/airflow/example_dags/example_dag_decorator.py for tasks to queue
[2024-03-06T14:43:24.536+0000] {logging_mixin.py:188} INFO - [2024-03-06T14:43:24.535+0000] {dagbag.py:540} INFO - Filling up the DagBag from /home/airflow/.local/lib/python3.8/site-packages/airflow/example_dags/example_dag_decorator.py
[2024-03-06T14:43:24.738+0000] {processor.py:840} INFO - DAG(s) 'example_dag_decorator' retrieved from /home/airflow/.local/lib/python3.8/site-packages/airflow/example_dags/example_dag_decorator.py
[2024-03-06T14:43:24.863+0000] {logging_mixin.py:188} INFO - [2024-03-06T14:43:24.862+0000] {override.py:1769} INFO - Created Permission View: can delete on DAG:example_dag_decorator
[2024-03-06T14:43:24.874+0000] {logging_mixin.py:188} INFO - [2024-03-06T14:43:24.874+0000] {override.py:1769} INFO - Created Permission View: can read on DAG:example_dag_decorator
[2024-03-06T14:43:24.881+0000] {logging_mixin.py:188} INFO - [2024-03-06T14:43:24.881+0000] {override.py:1769} INFO - Created Permission View: can edit on DAG:example_dag_decorator
[2024-03-06T14:43:24.881+0000] {logging_mixin.py:188} INFO - [2024-03-06T14:43:24.881+0000] {dag.py:3047} INFO - Sync 1 DAGs
[2024-03-06T14:43:24.893+0000] {logging_mixin.py:188} INFO - [2024-03-06T14:43:24.893+0000] {dag.py:3069} INFO - Creating ORM DAG for example_dag_decorator
[2024-03-06T14:43:24.894+0000] {logging_mixin.py:188} INFO - [2024-03-06T14:43:24.894+0000] {dag.py:3834} INFO - Setting next_dagrun for example_dag_decorator to None, run_after=None
[2024-03-06T14:43:24.917+0000] {processor.py:183} INFO - Processing /home/airflow/.local/lib/python3.8/site-packages/airflow/example_dags/example_dag_decorator.py took 0.388 seconds
[2024-03-06T14:43:55.108+0000] {processor.py:161} INFO - Started process (PID=91) to work on /home/airflow/.local/lib/python3.8/site-packages/airflow/example_dags/example_dag_decorator.py
[2024-03-06T14:43:55.110+0000] {processor.py:830} INFO - Processing file /home/airflow/.local/lib/python3.8/site-packages/airflow/example_dags/example_dag_decorator.py for tasks to queue
[2024-03-06T14:43:55.111+0000] {logging_mixin.py:188} INFO - [2024-03-06T14:43:55.111+0000] {dagbag.py:540} INFO - Filling up the DagBag from /home/airflow/.local/lib/python3.8/site-packages/airflow/example_dags/example_dag_decorator.py
[2024-03-06T14:43:55.200+0000] {processor.py:840} INFO - DAG(s) 'example_dag_decorator' retrieved from /home/airflow/.local/lib/python3.8/site-packages/airflow/example_dags/example_dag_decorator.py
[2024-03-06T14:43:55.341+0000] {logging_mixin.py:188} INFO - [2024-03-06T14:43:55.341+0000] {dag.py:3047} INFO - Sync 1 DAGs
[2024-03-06T14:43:55.361+0000] {logging_mixin.py:188} INFO - [2024-03-06T14:43:55.361+0000] {dag.py:3834} INFO - Setting next_dagrun for example_dag_decorator to None, run_after=None
[2024-03-06T14:43:55.383+0000] {processor.py:183} INFO - Processing /home/airflow/.local/lib/python3.8/site-packages/airflow/example_dags/example_dag_decorator.py took 0.278 seconds
[2024-03-06T14:44:25.774+0000] {processor.py:161} INFO - Started process (PID=146) to work on /home/airflow/.local/lib/python3.8/site-packages/airflow/example_dags/example_dag_decorator.py
[2024-03-06T14:44:25.776+0000] {processor.py:830} INFO - Processing file /home/airflow/.local/lib/python3.8/site-packages/airflow/example_dags/example_dag_decorator.py for tasks to queue
[2024-03-06T14:44:25.777+0000] {logging_mixin.py:188} INFO - [2024-03-06T14:44:25.777+0000] {dagbag.py:540} INFO - Filling up the DagBag from /home/airflow/.local/lib/python3.8/site-packages/airflow/example_dags/example_dag_decorator.py
[2024-03-06T14:44:25.863+0000] {processor.py:840} INFO - DAG(s) 'example_dag_decorator' retrieved from /home/airflow/.local/lib/python3.8/site-packages/airflow/example_dags/example_dag_decorator.py
[2024-03-06T14:44:25.956+0000] {logging_mixin.py:188} INFO - [2024-03-06T14:44:25.956+0000] {dag.py:3047} INFO - Sync 1 DAGs
[2024-03-06T14:44:25.966+0000] {logging_mixin.py:188} INFO - [2024-03-06T14:44:25.965+0000] {dag.py:3834} INFO - Setting next_dagrun for example_dag_decorator to None, run_after=None
[2024-03-06T14:44:25.984+0000] {processor.py:183} INFO - Processing /home/airflow/.local/lib/python3.8/site-packages/airflow/example_dags/example_dag_decorator.py took 0.212 seconds
[2024-03-06T14:44:56.333+0000] {processor.py:161} INFO - Started process (PID=201) to work on /home/airflow/.local/lib/python3.8/site-packages/airflow/example_dags/example_dag_decorator.py
[2024-03-06T14:44:56.335+0000] {processor.py:830} INFO - Processing file /home/airflow/.local/lib/python3.8/site-packages/airflow/example_dags/example_dag_decorator.py for tasks to queue
[2024-03-06T14:44:56.336+0000] {logging_mixin.py:188} INFO - [2024-03-06T14:44:56.336+0000] {dagbag.py:540} INFO - Filling up the DagBag from /home/airflow/.local/lib/python3.8/site-packages/airflow/example_dags/example_dag_decorator.py
[2024-03-06T14:44:56.437+0000] {processor.py:840} INFO - DAG(s) 'example_dag_decorator' retrieved from /home/airflow/.local/lib/python3.8/site-packages/airflow/example_dags/example_dag_decorator.py
[2024-03-06T14:44:56.543+0000] {logging_mixin.py:188} INFO - [2024-03-06T14:44:56.543+0000] {dag.py:3047} INFO - Sync 1 DAGs
[2024-03-06T14:44:56.552+0000] {logging_mixin.py:188} INFO - [2024-03-06T14:44:56.552+0000] {dag.py:3834} INFO - Setting next_dagrun for example_dag_decorator to None, run_after=None
[2024-03-06T14:44:56.570+0000] {processor.py:183} INFO - Processing /home/airflow/.local/lib/python3.8/site-packages/airflow/example_dags/example_dag_decorator.py took 0.240 seconds
[2024-03-06T14:45:26.809+0000] {processor.py:161} INFO - Started process (PID=256) to work on /home/airflow/.local/lib/python3.8/site-packages/airflow/example_dags/example_dag_decorator.py
[2024-03-06T14:45:26.811+0000] {processor.py:830} INFO - Processing file /home/airflow/.local/lib/python3.8/site-packages/airflow/example_dags/example_dag_decorator.py for tasks to queue
[2024-03-06T14:45:26.812+0000] {logging_mixin.py:188} INFO - [2024-03-06T14:45:26.812+0000] {dagbag.py:540} INFO - Filling up the DagBag from /home/airflow/.local/lib/python3.8/site-packages/airflow/example_dags/example_dag_decorator.py
[2024-03-06T14:45:26.891+0000] {processor.py:840} INFO - DAG(s) 'example_dag_decorator' retrieved from /home/airflow/.local/lib/python3.8/site-packages/airflow/example_dags/example_dag_decorator.py
[2024-03-06T14:45:26.992+0000] {logging_mixin.py:188} INFO - [2024-03-06T14:45:26.991+0000] {dag.py:3047} INFO - Sync 1 DAGs
[2024-03-06T14:45:27.001+0000] {logging_mixin.py:188} INFO - [2024-03-06T14:45:27.001+0000] {dag.py:3834} INFO - Setting next_dagrun for example_dag_decorator to None, run_after=None
[2024-03-06T14:45:27.019+0000] {processor.py:183} INFO - Processing /home/airflow/.local/lib/python3.8/site-packages/airflow/example_dags/example_dag_decorator.py took 0.213 seconds
[2024-03-06T14:45:57.410+0000] {processor.py:161} INFO - Started process (PID=311) to work on /home/airflow/.local/lib/python3.8/site-packages/airflow/example_dags/example_dag_decorator.py
[2024-03-06T14:45:57.411+0000] {processor.py:830} INFO - Processing file /home/airflow/.local/lib/python3.8/site-packages/airflow/example_dags/example_dag_decorator.py for tasks to queue
[2024-03-06T14:45:57.414+0000] {logging_mixin.py:188} INFO - [2024-03-06T14:45:57.413+0000] {dagbag.py:540} INFO - Filling up the DagBag from /home/airflow/.local/lib/python3.8/site-packages/airflow/example_dags/example_dag_decorator.py
[2024-03-06T14:45:57.549+0000] {processor.py:840} INFO - DAG(s) 'example_dag_decorator' retrieved from /home/airflow/.local/lib/python3.8/site-packages/airflow/example_dags/example_dag_decorator.py
[2024-03-06T14:45:57.564+0000] {logging_mixin.py:188} INFO - [2024-03-06T14:45:57.563+0000] {dag.py:3047} INFO - Sync 1 DAGs
[2024-03-06T14:45:57.584+0000] {logging_mixin.py:188} INFO - [2024-03-06T14:45:57.584+0000] {dag.py:3834} INFO - Setting next_dagrun for example_dag_decorator to None, run_after=None
[2024-03-06T14:45:57.616+0000] {processor.py:183} INFO - Processing /home/airflow/.local/lib/python3.8/site-packages/airflow/example_dags/example_dag_decorator.py took 0.210 seconds
[2024-03-06T14:46:28.103+0000] {processor.py:161} INFO - Started process (PID=366) to work on /home/airflow/.local/lib/python3.8/site-packages/airflow/example_dags/example_dag_decorator.py
[2024-03-06T14:46:28.106+0000] {processor.py:830} INFO - Processing file /home/airflow/.local/lib/python3.8/site-packages/airflow/example_dags/example_dag_decorator.py for tasks to queue
[2024-03-06T14:46:28.107+0000] {logging_mixin.py:188} INFO - [2024-03-06T14:46:28.107+0000] {dagbag.py:540} INFO - Filling up the DagBag from /home/airflow/.local/lib/python3.8/site-packages/airflow/example_dags/example_dag_decorator.py
[2024-03-06T14:46:28.187+0000] {processor.py:840} INFO - DAG(s) 'example_dag_decorator' retrieved from /home/airflow/.local/lib/python3.8/site-packages/airflow/example_dags/example_dag_decorator.py
[2024-03-06T14:46:28.282+0000] {logging_mixin.py:188} INFO - [2024-03-06T14:46:28.282+0000] {dag.py:3047} INFO - Sync 1 DAGs
[2024-03-06T14:46:28.292+0000] {logging_mixin.py:188} INFO - [2024-03-06T14:46:28.291+0000] {dag.py:3834} INFO - Setting next_dagrun for example_dag_decorator to None, run_after=None
[2024-03-06T14:46:28.309+0000] {processor.py:183} INFO - Processing /home/airflow/.local/lib/python3.8/site-packages/airflow/example_dags/example_dag_decorator.py took 0.208 seconds
