[2024-03-06T14:33:49.336+0000] {processor.py:161} INFO - Started process (PID=50) to work on /home/airflow/.local/lib/python3.8/site-packages/airflow/example_dags/example_task_group_decorator.py
[2024-03-06T14:33:49.337+0000] {processor.py:830} INFO - Processing file /home/airflow/.local/lib/python3.8/site-packages/airflow/example_dags/example_task_group_decorator.py for tasks to queue
[2024-03-06T14:33:49.339+0000] {logging_mixin.py:188} INFO - [2024-03-06T14:33:49.339+0000] {dagbag.py:540} INFO - Filling up the DagBag from /home/airflow/.local/lib/python3.8/site-packages/airflow/example_dags/example_task_group_decorator.py
[2024-03-06T14:33:49.355+0000] {processor.py:840} INFO - DAG(s) 'example_task_group_decorator' retrieved from /home/airflow/.local/lib/python3.8/site-packages/airflow/example_dags/example_task_group_decorator.py
[2024-03-06T14:33:49.366+0000] {logging_mixin.py:188} INFO - [2024-03-06T14:33:49.365+0000] {dag.py:3047} INFO - Sync 1 DAGs
[2024-03-06T14:33:49.388+0000] {logging_mixin.py:188} INFO - [2024-03-06T14:33:49.387+0000] {dag.py:3834} INFO - Setting next_dagrun for example_task_group_decorator to 2024-03-05 00:00:00+00:00, run_after=2024-03-06 00:00:00+00:00
[2024-03-06T14:33:49.405+0000] {processor.py:183} INFO - Processing /home/airflow/.local/lib/python3.8/site-packages/airflow/example_dags/example_task_group_decorator.py took 0.072 seconds
[2024-03-06T14:34:20.552+0000] {processor.py:161} INFO - Started process (PID=105) to work on /home/airflow/.local/lib/python3.8/site-packages/airflow/example_dags/example_task_group_decorator.py
[2024-03-06T14:34:20.570+0000] {processor.py:830} INFO - Processing file /home/airflow/.local/lib/python3.8/site-packages/airflow/example_dags/example_task_group_decorator.py for tasks to queue
[2024-03-06T14:34:20.572+0000] {logging_mixin.py:188} INFO - [2024-03-06T14:34:20.571+0000] {dagbag.py:540} INFO - Filling up the DagBag from /home/airflow/.local/lib/python3.8/site-packages/airflow/example_dags/example_task_group_decorator.py
[2024-03-06T14:34:20.585+0000] {processor.py:840} INFO - DAG(s) 'example_task_group_decorator' retrieved from /home/airflow/.local/lib/python3.8/site-packages/airflow/example_dags/example_task_group_decorator.py
[2024-03-06T14:34:20.693+0000] {logging_mixin.py:188} INFO - [2024-03-06T14:34:20.692+0000] {dag.py:3047} INFO - Sync 1 DAGs
[2024-03-06T14:34:20.710+0000] {logging_mixin.py:188} INFO - [2024-03-06T14:34:20.709+0000] {dag.py:3834} INFO - Setting next_dagrun for example_task_group_decorator to 2024-03-05 00:00:00+00:00, run_after=2024-03-06 00:00:00+00:00
[2024-03-06T14:34:20.727+0000] {processor.py:183} INFO - Processing /home/airflow/.local/lib/python3.8/site-packages/airflow/example_dags/example_task_group_decorator.py took 0.177 seconds
[2024-03-06T14:34:50.827+0000] {processor.py:161} INFO - Started process (PID=160) to work on /home/airflow/.local/lib/python3.8/site-packages/airflow/example_dags/example_task_group_decorator.py
[2024-03-06T14:34:50.829+0000] {processor.py:830} INFO - Processing file /home/airflow/.local/lib/python3.8/site-packages/airflow/example_dags/example_task_group_decorator.py for tasks to queue
[2024-03-06T14:34:50.833+0000] {logging_mixin.py:188} INFO - [2024-03-06T14:34:50.832+0000] {dagbag.py:540} INFO - Filling up the DagBag from /home/airflow/.local/lib/python3.8/site-packages/airflow/example_dags/example_task_group_decorator.py
[2024-03-06T14:34:50.864+0000] {processor.py:840} INFO - DAG(s) 'example_task_group_decorator' retrieved from /home/airflow/.local/lib/python3.8/site-packages/airflow/example_dags/example_task_group_decorator.py
[2024-03-06T14:34:50.881+0000] {logging_mixin.py:188} INFO - [2024-03-06T14:34:50.881+0000] {dag.py:3047} INFO - Sync 1 DAGs
[2024-03-06T14:34:50.919+0000] {logging_mixin.py:188} INFO - [2024-03-06T14:34:50.918+0000] {dag.py:3834} INFO - Setting next_dagrun for example_task_group_decorator to 2024-03-05 00:00:00+00:00, run_after=2024-03-06 00:00:00+00:00
[2024-03-06T14:34:50.950+0000] {processor.py:183} INFO - Processing /home/airflow/.local/lib/python3.8/site-packages/airflow/example_dags/example_task_group_decorator.py took 0.132 seconds
[2024-03-06T14:35:21.743+0000] {processor.py:161} INFO - Started process (PID=215) to work on /home/airflow/.local/lib/python3.8/site-packages/airflow/example_dags/example_task_group_decorator.py
[2024-03-06T14:35:21.745+0000] {processor.py:830} INFO - Processing file /home/airflow/.local/lib/python3.8/site-packages/airflow/example_dags/example_task_group_decorator.py for tasks to queue
[2024-03-06T14:35:21.749+0000] {logging_mixin.py:188} INFO - [2024-03-06T14:35:21.747+0000] {dagbag.py:540} INFO - Filling up the DagBag from /home/airflow/.local/lib/python3.8/site-packages/airflow/example_dags/example_task_group_decorator.py
[2024-03-06T14:35:21.780+0000] {processor.py:840} INFO - DAG(s) 'example_task_group_decorator' retrieved from /home/airflow/.local/lib/python3.8/site-packages/airflow/example_dags/example_task_group_decorator.py
[2024-03-06T14:35:21.965+0000] {logging_mixin.py:188} INFO - [2024-03-06T14:35:21.965+0000] {dag.py:3047} INFO - Sync 1 DAGs
[2024-03-06T14:35:21.991+0000] {logging_mixin.py:188} INFO - [2024-03-06T14:35:21.991+0000] {dag.py:3834} INFO - Setting next_dagrun for example_task_group_decorator to 2024-03-05 00:00:00+00:00, run_after=2024-03-06 00:00:00+00:00
[2024-03-06T14:35:22.014+0000] {processor.py:183} INFO - Processing /home/airflow/.local/lib/python3.8/site-packages/airflow/example_dags/example_task_group_decorator.py took 0.277 seconds
[2024-03-06T14:35:52.546+0000] {processor.py:161} INFO - Started process (PID=270) to work on /home/airflow/.local/lib/python3.8/site-packages/airflow/example_dags/example_task_group_decorator.py
[2024-03-06T14:35:52.547+0000] {processor.py:830} INFO - Processing file /home/airflow/.local/lib/python3.8/site-packages/airflow/example_dags/example_task_group_decorator.py for tasks to queue
[2024-03-06T14:35:52.549+0000] {logging_mixin.py:188} INFO - [2024-03-06T14:35:52.549+0000] {dagbag.py:540} INFO - Filling up the DagBag from /home/airflow/.local/lib/python3.8/site-packages/airflow/example_dags/example_task_group_decorator.py
[2024-03-06T14:35:52.563+0000] {processor.py:840} INFO - DAG(s) 'example_task_group_decorator' retrieved from /home/airflow/.local/lib/python3.8/site-packages/airflow/example_dags/example_task_group_decorator.py
[2024-03-06T14:35:52.586+0000] {logging_mixin.py:188} INFO - [2024-03-06T14:35:52.586+0000] {dag.py:3047} INFO - Sync 1 DAGs
[2024-03-06T14:35:52.606+0000] {logging_mixin.py:188} INFO - [2024-03-06T14:35:52.606+0000] {dag.py:3834} INFO - Setting next_dagrun for example_task_group_decorator to 2024-03-05 00:00:00+00:00, run_after=2024-03-06 00:00:00+00:00
[2024-03-06T14:35:52.623+0000] {processor.py:183} INFO - Processing /home/airflow/.local/lib/python3.8/site-packages/airflow/example_dags/example_task_group_decorator.py took 0.080 seconds
[2024-03-06T14:36:23.298+0000] {processor.py:161} INFO - Started process (PID=325) to work on /home/airflow/.local/lib/python3.8/site-packages/airflow/example_dags/example_task_group_decorator.py
[2024-03-06T14:36:23.299+0000] {processor.py:830} INFO - Processing file /home/airflow/.local/lib/python3.8/site-packages/airflow/example_dags/example_task_group_decorator.py for tasks to queue
[2024-03-06T14:36:23.300+0000] {logging_mixin.py:188} INFO - [2024-03-06T14:36:23.300+0000] {dagbag.py:540} INFO - Filling up the DagBag from /home/airflow/.local/lib/python3.8/site-packages/airflow/example_dags/example_task_group_decorator.py
[2024-03-06T14:36:23.313+0000] {processor.py:840} INFO - DAG(s) 'example_task_group_decorator' retrieved from /home/airflow/.local/lib/python3.8/site-packages/airflow/example_dags/example_task_group_decorator.py
[2024-03-06T14:36:23.335+0000] {logging_mixin.py:188} INFO - [2024-03-06T14:36:23.335+0000] {dag.py:3047} INFO - Sync 1 DAGs
[2024-03-06T14:36:23.353+0000] {logging_mixin.py:188} INFO - [2024-03-06T14:36:23.353+0000] {dag.py:3834} INFO - Setting next_dagrun for example_task_group_decorator to 2024-03-05 00:00:00+00:00, run_after=2024-03-06 00:00:00+00:00
[2024-03-06T14:36:23.371+0000] {processor.py:183} INFO - Processing /home/airflow/.local/lib/python3.8/site-packages/airflow/example_dags/example_task_group_decorator.py took 0.076 seconds
[2024-03-06T14:36:53.899+0000] {processor.py:161} INFO - Started process (PID=380) to work on /home/airflow/.local/lib/python3.8/site-packages/airflow/example_dags/example_task_group_decorator.py
[2024-03-06T14:36:53.900+0000] {processor.py:830} INFO - Processing file /home/airflow/.local/lib/python3.8/site-packages/airflow/example_dags/example_task_group_decorator.py for tasks to queue
[2024-03-06T14:36:53.901+0000] {logging_mixin.py:188} INFO - [2024-03-06T14:36:53.901+0000] {dagbag.py:540} INFO - Filling up the DagBag from /home/airflow/.local/lib/python3.8/site-packages/airflow/example_dags/example_task_group_decorator.py
[2024-03-06T14:36:53.914+0000] {processor.py:840} INFO - DAG(s) 'example_task_group_decorator' retrieved from /home/airflow/.local/lib/python3.8/site-packages/airflow/example_dags/example_task_group_decorator.py
[2024-03-06T14:36:53.936+0000] {logging_mixin.py:188} INFO - [2024-03-06T14:36:53.936+0000] {dag.py:3047} INFO - Sync 1 DAGs
[2024-03-06T14:36:53.954+0000] {logging_mixin.py:188} INFO - [2024-03-06T14:36:53.954+0000] {dag.py:3834} INFO - Setting next_dagrun for example_task_group_decorator to 2024-03-05 00:00:00+00:00, run_after=2024-03-06 00:00:00+00:00
[2024-03-06T14:36:53.971+0000] {processor.py:183} INFO - Processing /home/airflow/.local/lib/python3.8/site-packages/airflow/example_dags/example_task_group_decorator.py took 0.075 seconds
[2024-03-06T14:37:24.564+0000] {processor.py:161} INFO - Started process (PID=435) to work on /home/airflow/.local/lib/python3.8/site-packages/airflow/example_dags/example_task_group_decorator.py
[2024-03-06T14:37:24.564+0000] {processor.py:830} INFO - Processing file /home/airflow/.local/lib/python3.8/site-packages/airflow/example_dags/example_task_group_decorator.py for tasks to queue
[2024-03-06T14:37:24.566+0000] {logging_mixin.py:188} INFO - [2024-03-06T14:37:24.566+0000] {dagbag.py:540} INFO - Filling up the DagBag from /home/airflow/.local/lib/python3.8/site-packages/airflow/example_dags/example_task_group_decorator.py
[2024-03-06T14:37:24.581+0000] {processor.py:840} INFO - DAG(s) 'example_task_group_decorator' retrieved from /home/airflow/.local/lib/python3.8/site-packages/airflow/example_dags/example_task_group_decorator.py
[2024-03-06T14:37:24.604+0000] {logging_mixin.py:188} INFO - [2024-03-06T14:37:24.603+0000] {dag.py:3047} INFO - Sync 1 DAGs
[2024-03-06T14:37:24.624+0000] {logging_mixin.py:188} INFO - [2024-03-06T14:37:24.624+0000] {dag.py:3834} INFO - Setting next_dagrun for example_task_group_decorator to 2024-03-05 00:00:00+00:00, run_after=2024-03-06 00:00:00+00:00
[2024-03-06T14:37:24.642+0000] {processor.py:183} INFO - Processing /home/airflow/.local/lib/python3.8/site-packages/airflow/example_dags/example_task_group_decorator.py took 0.081 seconds
[2024-03-06T14:37:54.788+0000] {processor.py:161} INFO - Started process (PID=490) to work on /home/airflow/.local/lib/python3.8/site-packages/airflow/example_dags/example_task_group_decorator.py
[2024-03-06T14:37:54.789+0000] {processor.py:830} INFO - Processing file /home/airflow/.local/lib/python3.8/site-packages/airflow/example_dags/example_task_group_decorator.py for tasks to queue
[2024-03-06T14:37:54.791+0000] {logging_mixin.py:188} INFO - [2024-03-06T14:37:54.790+0000] {dagbag.py:540} INFO - Filling up the DagBag from /home/airflow/.local/lib/python3.8/site-packages/airflow/example_dags/example_task_group_decorator.py
[2024-03-06T14:37:54.804+0000] {processor.py:840} INFO - DAG(s) 'example_task_group_decorator' retrieved from /home/airflow/.local/lib/python3.8/site-packages/airflow/example_dags/example_task_group_decorator.py
[2024-03-06T14:37:54.826+0000] {logging_mixin.py:188} INFO - [2024-03-06T14:37:54.825+0000] {dag.py:3047} INFO - Sync 1 DAGs
[2024-03-06T14:37:54.845+0000] {logging_mixin.py:188} INFO - [2024-03-06T14:37:54.845+0000] {dag.py:3834} INFO - Setting next_dagrun for example_task_group_decorator to 2024-03-05 00:00:00+00:00, run_after=2024-03-06 00:00:00+00:00
[2024-03-06T14:37:54.861+0000] {processor.py:183} INFO - Processing /home/airflow/.local/lib/python3.8/site-packages/airflow/example_dags/example_task_group_decorator.py took 0.076 seconds
[2024-03-06T14:38:25.391+0000] {processor.py:161} INFO - Started process (PID=545) to work on /home/airflow/.local/lib/python3.8/site-packages/airflow/example_dags/example_task_group_decorator.py
[2024-03-06T14:38:25.391+0000] {processor.py:830} INFO - Processing file /home/airflow/.local/lib/python3.8/site-packages/airflow/example_dags/example_task_group_decorator.py for tasks to queue
[2024-03-06T14:38:25.394+0000] {logging_mixin.py:188} INFO - [2024-03-06T14:38:25.393+0000] {dagbag.py:540} INFO - Filling up the DagBag from /home/airflow/.local/lib/python3.8/site-packages/airflow/example_dags/example_task_group_decorator.py
[2024-03-06T14:38:25.410+0000] {processor.py:840} INFO - DAG(s) 'example_task_group_decorator' retrieved from /home/airflow/.local/lib/python3.8/site-packages/airflow/example_dags/example_task_group_decorator.py
[2024-03-06T14:38:25.434+0000] {logging_mixin.py:188} INFO - [2024-03-06T14:38:25.434+0000] {dag.py:3047} INFO - Sync 1 DAGs
[2024-03-06T14:38:25.466+0000] {logging_mixin.py:188} INFO - [2024-03-06T14:38:25.465+0000] {dag.py:3834} INFO - Setting next_dagrun for example_task_group_decorator to 2024-03-05 00:00:00+00:00, run_after=2024-03-06 00:00:00+00:00
[2024-03-06T14:38:25.490+0000] {processor.py:183} INFO - Processing /home/airflow/.local/lib/python3.8/site-packages/airflow/example_dags/example_task_group_decorator.py took 0.103 seconds
[2024-03-06T14:38:55.820+0000] {processor.py:161} INFO - Started process (PID=600) to work on /home/airflow/.local/lib/python3.8/site-packages/airflow/example_dags/example_task_group_decorator.py
[2024-03-06T14:38:55.822+0000] {processor.py:830} INFO - Processing file /home/airflow/.local/lib/python3.8/site-packages/airflow/example_dags/example_task_group_decorator.py for tasks to queue
[2024-03-06T14:38:55.824+0000] {logging_mixin.py:188} INFO - [2024-03-06T14:38:55.823+0000] {dagbag.py:540} INFO - Filling up the DagBag from /home/airflow/.local/lib/python3.8/site-packages/airflow/example_dags/example_task_group_decorator.py
[2024-03-06T14:38:55.841+0000] {processor.py:840} INFO - DAG(s) 'example_task_group_decorator' retrieved from /home/airflow/.local/lib/python3.8/site-packages/airflow/example_dags/example_task_group_decorator.py
[2024-03-06T14:38:55.853+0000] {logging_mixin.py:188} INFO - [2024-03-06T14:38:55.853+0000] {dag.py:3047} INFO - Sync 1 DAGs
[2024-03-06T14:38:55.877+0000] {logging_mixin.py:188} INFO - [2024-03-06T14:38:55.877+0000] {dag.py:3834} INFO - Setting next_dagrun for example_task_group_decorator to 2024-03-05 00:00:00+00:00, run_after=2024-03-06 00:00:00+00:00
[2024-03-06T14:38:55.895+0000] {processor.py:183} INFO - Processing /home/airflow/.local/lib/python3.8/site-packages/airflow/example_dags/example_task_group_decorator.py took 0.078 seconds
[2024-03-06T14:39:26.796+0000] {processor.py:161} INFO - Started process (PID=655) to work on /home/airflow/.local/lib/python3.8/site-packages/airflow/example_dags/example_task_group_decorator.py
[2024-03-06T14:39:26.797+0000] {processor.py:830} INFO - Processing file /home/airflow/.local/lib/python3.8/site-packages/airflow/example_dags/example_task_group_decorator.py for tasks to queue
[2024-03-06T14:39:26.799+0000] {logging_mixin.py:188} INFO - [2024-03-06T14:39:26.799+0000] {dagbag.py:540} INFO - Filling up the DagBag from /home/airflow/.local/lib/python3.8/site-packages/airflow/example_dags/example_task_group_decorator.py
[2024-03-06T14:39:26.815+0000] {processor.py:840} INFO - DAG(s) 'example_task_group_decorator' retrieved from /home/airflow/.local/lib/python3.8/site-packages/airflow/example_dags/example_task_group_decorator.py
[2024-03-06T14:39:26.913+0000] {logging_mixin.py:188} INFO - [2024-03-06T14:39:26.912+0000] {dag.py:3047} INFO - Sync 1 DAGs
[2024-03-06T14:39:26.933+0000] {logging_mixin.py:188} INFO - [2024-03-06T14:39:26.933+0000] {dag.py:3834} INFO - Setting next_dagrun for example_task_group_decorator to 2024-03-05 00:00:00+00:00, run_after=2024-03-06 00:00:00+00:00
[2024-03-06T14:39:26.954+0000] {processor.py:183} INFO - Processing /home/airflow/.local/lib/python3.8/site-packages/airflow/example_dags/example_task_group_decorator.py took 0.161 seconds
[2024-03-06T14:43:26.196+0000] {processor.py:161} INFO - Started process (PID=50) to work on /home/airflow/.local/lib/python3.8/site-packages/airflow/example_dags/example_task_group_decorator.py
[2024-03-06T14:43:26.197+0000] {processor.py:830} INFO - Processing file /home/airflow/.local/lib/python3.8/site-packages/airflow/example_dags/example_task_group_decorator.py for tasks to queue
[2024-03-06T14:43:26.199+0000] {logging_mixin.py:188} INFO - [2024-03-06T14:43:26.199+0000] {dagbag.py:540} INFO - Filling up the DagBag from /home/airflow/.local/lib/python3.8/site-packages/airflow/example_dags/example_task_group_decorator.py
[2024-03-06T14:43:26.226+0000] {processor.py:840} INFO - DAG(s) 'example_task_group_decorator' retrieved from /home/airflow/.local/lib/python3.8/site-packages/airflow/example_dags/example_task_group_decorator.py
[2024-03-06T14:43:26.337+0000] {logging_mixin.py:188} INFO - [2024-03-06T14:43:26.336+0000] {override.py:1769} INFO - Created Permission View: can delete on DAG:example_task_group_decorator
[2024-03-06T14:43:26.350+0000] {logging_mixin.py:188} INFO - [2024-03-06T14:43:26.350+0000] {override.py:1769} INFO - Created Permission View: can read on DAG:example_task_group_decorator
[2024-03-06T14:43:26.360+0000] {logging_mixin.py:188} INFO - [2024-03-06T14:43:26.360+0000] {override.py:1769} INFO - Created Permission View: can edit on DAG:example_task_group_decorator
[2024-03-06T14:43:26.361+0000] {logging_mixin.py:188} INFO - [2024-03-06T14:43:26.361+0000] {dag.py:3047} INFO - Sync 1 DAGs
[2024-03-06T14:43:26.374+0000] {logging_mixin.py:188} INFO - [2024-03-06T14:43:26.374+0000] {dag.py:3069} INFO - Creating ORM DAG for example_task_group_decorator
[2024-03-06T14:43:26.384+0000] {logging_mixin.py:188} INFO - [2024-03-06T14:43:26.384+0000] {dag.py:3834} INFO - Setting next_dagrun for example_task_group_decorator to 2024-03-05 00:00:00+00:00, run_after=2024-03-06 00:00:00+00:00
[2024-03-06T14:43:26.402+0000] {processor.py:183} INFO - Processing /home/airflow/.local/lib/python3.8/site-packages/airflow/example_dags/example_task_group_decorator.py took 0.210 seconds
[2024-03-06T14:43:57.175+0000] {processor.py:161} INFO - Started process (PID=105) to work on /home/airflow/.local/lib/python3.8/site-packages/airflow/example_dags/example_task_group_decorator.py
[2024-03-06T14:43:57.176+0000] {processor.py:830} INFO - Processing file /home/airflow/.local/lib/python3.8/site-packages/airflow/example_dags/example_task_group_decorator.py for tasks to queue
[2024-03-06T14:43:57.178+0000] {logging_mixin.py:188} INFO - [2024-03-06T14:43:57.178+0000] {dagbag.py:540} INFO - Filling up the DagBag from /home/airflow/.local/lib/python3.8/site-packages/airflow/example_dags/example_task_group_decorator.py
[2024-03-06T14:43:57.191+0000] {processor.py:840} INFO - DAG(s) 'example_task_group_decorator' retrieved from /home/airflow/.local/lib/python3.8/site-packages/airflow/example_dags/example_task_group_decorator.py
[2024-03-06T14:43:57.215+0000] {logging_mixin.py:188} INFO - [2024-03-06T14:43:57.214+0000] {dag.py:3047} INFO - Sync 1 DAGs
[2024-03-06T14:43:57.241+0000] {logging_mixin.py:188} INFO - [2024-03-06T14:43:57.241+0000] {dag.py:3834} INFO - Setting next_dagrun for example_task_group_decorator to 2024-03-05 00:00:00+00:00, run_after=2024-03-06 00:00:00+00:00
[2024-03-06T14:43:57.260+0000] {processor.py:183} INFO - Processing /home/airflow/.local/lib/python3.8/site-packages/airflow/example_dags/example_task_group_decorator.py took 0.087 seconds
[2024-03-06T14:44:27.637+0000] {processor.py:161} INFO - Started process (PID=160) to work on /home/airflow/.local/lib/python3.8/site-packages/airflow/example_dags/example_task_group_decorator.py
[2024-03-06T14:44:27.638+0000] {processor.py:830} INFO - Processing file /home/airflow/.local/lib/python3.8/site-packages/airflow/example_dags/example_task_group_decorator.py for tasks to queue
[2024-03-06T14:44:27.640+0000] {logging_mixin.py:188} INFO - [2024-03-06T14:44:27.640+0000] {dagbag.py:540} INFO - Filling up the DagBag from /home/airflow/.local/lib/python3.8/site-packages/airflow/example_dags/example_task_group_decorator.py
[2024-03-06T14:44:27.652+0000] {processor.py:840} INFO - DAG(s) 'example_task_group_decorator' retrieved from /home/airflow/.local/lib/python3.8/site-packages/airflow/example_dags/example_task_group_decorator.py
[2024-03-06T14:44:27.676+0000] {logging_mixin.py:188} INFO - [2024-03-06T14:44:27.676+0000] {dag.py:3047} INFO - Sync 1 DAGs
[2024-03-06T14:44:27.697+0000] {logging_mixin.py:188} INFO - [2024-03-06T14:44:27.697+0000] {dag.py:3834} INFO - Setting next_dagrun for example_task_group_decorator to 2024-03-05 00:00:00+00:00, run_after=2024-03-06 00:00:00+00:00
[2024-03-06T14:44:27.713+0000] {processor.py:183} INFO - Processing /home/airflow/.local/lib/python3.8/site-packages/airflow/example_dags/example_task_group_decorator.py took 0.078 seconds
[2024-03-06T14:44:58.181+0000] {processor.py:161} INFO - Started process (PID=215) to work on /home/airflow/.local/lib/python3.8/site-packages/airflow/example_dags/example_task_group_decorator.py
[2024-03-06T14:44:58.182+0000] {processor.py:830} INFO - Processing file /home/airflow/.local/lib/python3.8/site-packages/airflow/example_dags/example_task_group_decorator.py for tasks to queue
[2024-03-06T14:44:58.183+0000] {logging_mixin.py:188} INFO - [2024-03-06T14:44:58.183+0000] {dagbag.py:540} INFO - Filling up the DagBag from /home/airflow/.local/lib/python3.8/site-packages/airflow/example_dags/example_task_group_decorator.py
[2024-03-06T14:44:58.199+0000] {processor.py:840} INFO - DAG(s) 'example_task_group_decorator' retrieved from /home/airflow/.local/lib/python3.8/site-packages/airflow/example_dags/example_task_group_decorator.py
[2024-03-06T14:44:58.220+0000] {logging_mixin.py:188} INFO - [2024-03-06T14:44:58.220+0000] {dag.py:3047} INFO - Sync 1 DAGs
[2024-03-06T14:44:58.239+0000] {logging_mixin.py:188} INFO - [2024-03-06T14:44:58.239+0000] {dag.py:3834} INFO - Setting next_dagrun for example_task_group_decorator to 2024-03-05 00:00:00+00:00, run_after=2024-03-06 00:00:00+00:00
[2024-03-06T14:44:58.257+0000] {processor.py:183} INFO - Processing /home/airflow/.local/lib/python3.8/site-packages/airflow/example_dags/example_task_group_decorator.py took 0.079 seconds
[2024-03-06T14:45:28.646+0000] {processor.py:161} INFO - Started process (PID=270) to work on /home/airflow/.local/lib/python3.8/site-packages/airflow/example_dags/example_task_group_decorator.py
[2024-03-06T14:45:28.647+0000] {processor.py:830} INFO - Processing file /home/airflow/.local/lib/python3.8/site-packages/airflow/example_dags/example_task_group_decorator.py for tasks to queue
[2024-03-06T14:45:28.649+0000] {logging_mixin.py:188} INFO - [2024-03-06T14:45:28.649+0000] {dagbag.py:540} INFO - Filling up the DagBag from /home/airflow/.local/lib/python3.8/site-packages/airflow/example_dags/example_task_group_decorator.py
[2024-03-06T14:45:28.662+0000] {processor.py:840} INFO - DAG(s) 'example_task_group_decorator' retrieved from /home/airflow/.local/lib/python3.8/site-packages/airflow/example_dags/example_task_group_decorator.py
[2024-03-06T14:45:28.685+0000] {logging_mixin.py:188} INFO - [2024-03-06T14:45:28.684+0000] {dag.py:3047} INFO - Sync 1 DAGs
[2024-03-06T14:45:28.707+0000] {logging_mixin.py:188} INFO - [2024-03-06T14:45:28.707+0000] {dag.py:3834} INFO - Setting next_dagrun for example_task_group_decorator to 2024-03-05 00:00:00+00:00, run_after=2024-03-06 00:00:00+00:00
[2024-03-06T14:45:28.729+0000] {processor.py:183} INFO - Processing /home/airflow/.local/lib/python3.8/site-packages/airflow/example_dags/example_task_group_decorator.py took 0.086 seconds
[2024-03-06T14:45:59.304+0000] {processor.py:161} INFO - Started process (PID=325) to work on /home/airflow/.local/lib/python3.8/site-packages/airflow/example_dags/example_task_group_decorator.py
[2024-03-06T14:45:59.305+0000] {processor.py:830} INFO - Processing file /home/airflow/.local/lib/python3.8/site-packages/airflow/example_dags/example_task_group_decorator.py for tasks to queue
[2024-03-06T14:45:59.308+0000] {logging_mixin.py:188} INFO - [2024-03-06T14:45:59.307+0000] {dagbag.py:540} INFO - Filling up the DagBag from /home/airflow/.local/lib/python3.8/site-packages/airflow/example_dags/example_task_group_decorator.py
[2024-03-06T14:45:59.334+0000] {processor.py:840} INFO - DAG(s) 'example_task_group_decorator' retrieved from /home/airflow/.local/lib/python3.8/site-packages/airflow/example_dags/example_task_group_decorator.py
[2024-03-06T14:45:59.353+0000] {logging_mixin.py:188} INFO - [2024-03-06T14:45:59.352+0000] {dag.py:3047} INFO - Sync 1 DAGs
[2024-03-06T14:45:59.394+0000] {logging_mixin.py:188} INFO - [2024-03-06T14:45:59.393+0000] {dag.py:3834} INFO - Setting next_dagrun for example_task_group_decorator to 2024-03-05 00:00:00+00:00, run_after=2024-03-06 00:00:00+00:00
[2024-03-06T14:45:59.414+0000] {processor.py:183} INFO - Processing /home/airflow/.local/lib/python3.8/site-packages/airflow/example_dags/example_task_group_decorator.py took 0.115 seconds
[2024-03-06T14:46:30.413+0000] {processor.py:161} INFO - Started process (PID=380) to work on /home/airflow/.local/lib/python3.8/site-packages/airflow/example_dags/example_task_group_decorator.py
[2024-03-06T14:46:30.415+0000] {processor.py:830} INFO - Processing file /home/airflow/.local/lib/python3.8/site-packages/airflow/example_dags/example_task_group_decorator.py for tasks to queue
[2024-03-06T14:46:30.417+0000] {logging_mixin.py:188} INFO - [2024-03-06T14:46:30.417+0000] {dagbag.py:540} INFO - Filling up the DagBag from /home/airflow/.local/lib/python3.8/site-packages/airflow/example_dags/example_task_group_decorator.py
[2024-03-06T14:46:30.434+0000] {processor.py:840} INFO - DAG(s) 'example_task_group_decorator' retrieved from /home/airflow/.local/lib/python3.8/site-packages/airflow/example_dags/example_task_group_decorator.py
[2024-03-06T14:46:30.538+0000] {logging_mixin.py:188} INFO - [2024-03-06T14:46:30.538+0000] {dag.py:3047} INFO - Sync 1 DAGs
[2024-03-06T14:46:30.558+0000] {logging_mixin.py:188} INFO - [2024-03-06T14:46:30.557+0000] {dag.py:3834} INFO - Setting next_dagrun for example_task_group_decorator to 2024-03-05 00:00:00+00:00, run_after=2024-03-06 00:00:00+00:00
[2024-03-06T14:46:30.577+0000] {processor.py:183} INFO - Processing /home/airflow/.local/lib/python3.8/site-packages/airflow/example_dags/example_task_group_decorator.py took 0.169 seconds
