[2024-03-06T14:33:49.478+0000] {processor.py:161} INFO - Started process (PID=53) to work on /home/airflow/.local/lib/python3.8/site-packages/airflow/example_dags/example_dynamic_task_mapping_with_no_taskflow_operators.py
[2024-03-06T14:33:49.479+0000] {processor.py:830} INFO - Processing file /home/airflow/.local/lib/python3.8/site-packages/airflow/example_dags/example_dynamic_task_mapping_with_no_taskflow_operators.py for tasks to queue
[2024-03-06T14:33:49.481+0000] {logging_mixin.py:188} INFO - [2024-03-06T14:33:49.480+0000] {dagbag.py:540} INFO - Filling up the DagBag from /home/airflow/.local/lib/python3.8/site-packages/airflow/example_dags/example_dynamic_task_mapping_with_no_taskflow_operators.py
[2024-03-06T14:33:49.489+0000] {processor.py:840} INFO - DAG(s) 'example_dynamic_task_mapping_with_no_taskflow_operators' retrieved from /home/airflow/.local/lib/python3.8/site-packages/airflow/example_dags/example_dynamic_task_mapping_with_no_taskflow_operators.py
[2024-03-06T14:33:49.502+0000] {logging_mixin.py:188} INFO - [2024-03-06T14:33:49.502+0000] {dag.py:3047} INFO - Sync 1 DAGs
[2024-03-06T14:33:49.526+0000] {logging_mixin.py:188} INFO - [2024-03-06T14:33:49.526+0000] {dag.py:3834} INFO - Setting next_dagrun for example_dynamic_task_mapping_with_no_taskflow_operators to 2024-03-05 00:00:00+00:00, run_after=2024-03-06 00:00:00+00:00
[2024-03-06T14:33:49.548+0000] {processor.py:183} INFO - Processing /home/airflow/.local/lib/python3.8/site-packages/airflow/example_dags/example_dynamic_task_mapping_with_no_taskflow_operators.py took 0.073 seconds
[2024-03-06T14:34:20.775+0000] {processor.py:161} INFO - Started process (PID=108) to work on /home/airflow/.local/lib/python3.8/site-packages/airflow/example_dags/example_dynamic_task_mapping_with_no_taskflow_operators.py
[2024-03-06T14:34:20.776+0000] {processor.py:830} INFO - Processing file /home/airflow/.local/lib/python3.8/site-packages/airflow/example_dags/example_dynamic_task_mapping_with_no_taskflow_operators.py for tasks to queue
[2024-03-06T14:34:20.778+0000] {logging_mixin.py:188} INFO - [2024-03-06T14:34:20.777+0000] {dagbag.py:540} INFO - Filling up the DagBag from /home/airflow/.local/lib/python3.8/site-packages/airflow/example_dags/example_dynamic_task_mapping_with_no_taskflow_operators.py
[2024-03-06T14:34:20.783+0000] {processor.py:840} INFO - DAG(s) 'example_dynamic_task_mapping_with_no_taskflow_operators' retrieved from /home/airflow/.local/lib/python3.8/site-packages/airflow/example_dags/example_dynamic_task_mapping_with_no_taskflow_operators.py
[2024-03-06T14:34:20.871+0000] {logging_mixin.py:188} INFO - [2024-03-06T14:34:20.871+0000] {dag.py:3047} INFO - Sync 1 DAGs
[2024-03-06T14:34:20.889+0000] {logging_mixin.py:188} INFO - [2024-03-06T14:34:20.889+0000] {dag.py:3834} INFO - Setting next_dagrun for example_dynamic_task_mapping_with_no_taskflow_operators to 2024-03-05 00:00:00+00:00, run_after=2024-03-06 00:00:00+00:00
[2024-03-06T14:34:20.907+0000] {processor.py:183} INFO - Processing /home/airflow/.local/lib/python3.8/site-packages/airflow/example_dags/example_dynamic_task_mapping_with_no_taskflow_operators.py took 0.135 seconds
[2024-03-06T14:34:51.103+0000] {processor.py:161} INFO - Started process (PID=163) to work on /home/airflow/.local/lib/python3.8/site-packages/airflow/example_dags/example_dynamic_task_mapping_with_no_taskflow_operators.py
[2024-03-06T14:34:51.105+0000] {processor.py:830} INFO - Processing file /home/airflow/.local/lib/python3.8/site-packages/airflow/example_dags/example_dynamic_task_mapping_with_no_taskflow_operators.py for tasks to queue
[2024-03-06T14:34:51.108+0000] {logging_mixin.py:188} INFO - [2024-03-06T14:34:51.107+0000] {dagbag.py:540} INFO - Filling up the DagBag from /home/airflow/.local/lib/python3.8/site-packages/airflow/example_dags/example_dynamic_task_mapping_with_no_taskflow_operators.py
[2024-03-06T14:34:51.114+0000] {processor.py:840} INFO - DAG(s) 'example_dynamic_task_mapping_with_no_taskflow_operators' retrieved from /home/airflow/.local/lib/python3.8/site-packages/airflow/example_dags/example_dynamic_task_mapping_with_no_taskflow_operators.py
[2024-03-06T14:34:51.131+0000] {logging_mixin.py:188} INFO - [2024-03-06T14:34:51.130+0000] {dag.py:3047} INFO - Sync 1 DAGs
[2024-03-06T14:34:51.166+0000] {logging_mixin.py:188} INFO - [2024-03-06T14:34:51.166+0000] {dag.py:3834} INFO - Setting next_dagrun for example_dynamic_task_mapping_with_no_taskflow_operators to 2024-03-05 00:00:00+00:00, run_after=2024-03-06 00:00:00+00:00
[2024-03-06T14:34:51.196+0000] {processor.py:183} INFO - Processing /home/airflow/.local/lib/python3.8/site-packages/airflow/example_dags/example_dynamic_task_mapping_with_no_taskflow_operators.py took 0.098 seconds
[2024-03-06T14:35:22.137+0000] {processor.py:161} INFO - Started process (PID=218) to work on /home/airflow/.local/lib/python3.8/site-packages/airflow/example_dags/example_dynamic_task_mapping_with_no_taskflow_operators.py
[2024-03-06T14:35:22.138+0000] {processor.py:830} INFO - Processing file /home/airflow/.local/lib/python3.8/site-packages/airflow/example_dags/example_dynamic_task_mapping_with_no_taskflow_operators.py for tasks to queue
[2024-03-06T14:35:22.140+0000] {logging_mixin.py:188} INFO - [2024-03-06T14:35:22.139+0000] {dagbag.py:540} INFO - Filling up the DagBag from /home/airflow/.local/lib/python3.8/site-packages/airflow/example_dags/example_dynamic_task_mapping_with_no_taskflow_operators.py
[2024-03-06T14:35:22.146+0000] {processor.py:840} INFO - DAG(s) 'example_dynamic_task_mapping_with_no_taskflow_operators' retrieved from /home/airflow/.local/lib/python3.8/site-packages/airflow/example_dags/example_dynamic_task_mapping_with_no_taskflow_operators.py
[2024-03-06T14:35:22.243+0000] {logging_mixin.py:188} INFO - [2024-03-06T14:35:22.243+0000] {dag.py:3047} INFO - Sync 1 DAGs
[2024-03-06T14:35:22.266+0000] {logging_mixin.py:188} INFO - [2024-03-06T14:35:22.265+0000] {dag.py:3834} INFO - Setting next_dagrun for example_dynamic_task_mapping_with_no_taskflow_operators to 2024-03-05 00:00:00+00:00, run_after=2024-03-06 00:00:00+00:00
[2024-03-06T14:35:22.282+0000] {processor.py:183} INFO - Processing /home/airflow/.local/lib/python3.8/site-packages/airflow/example_dags/example_dynamic_task_mapping_with_no_taskflow_operators.py took 0.149 seconds
[2024-03-06T14:35:52.723+0000] {processor.py:161} INFO - Started process (PID=273) to work on /home/airflow/.local/lib/python3.8/site-packages/airflow/example_dags/example_dynamic_task_mapping_with_no_taskflow_operators.py
[2024-03-06T14:35:52.724+0000] {processor.py:830} INFO - Processing file /home/airflow/.local/lib/python3.8/site-packages/airflow/example_dags/example_dynamic_task_mapping_with_no_taskflow_operators.py for tasks to queue
[2024-03-06T14:35:52.725+0000] {logging_mixin.py:188} INFO - [2024-03-06T14:35:52.725+0000] {dagbag.py:540} INFO - Filling up the DagBag from /home/airflow/.local/lib/python3.8/site-packages/airflow/example_dags/example_dynamic_task_mapping_with_no_taskflow_operators.py
[2024-03-06T14:35:52.730+0000] {processor.py:840} INFO - DAG(s) 'example_dynamic_task_mapping_with_no_taskflow_operators' retrieved from /home/airflow/.local/lib/python3.8/site-packages/airflow/example_dags/example_dynamic_task_mapping_with_no_taskflow_operators.py
[2024-03-06T14:35:52.748+0000] {logging_mixin.py:188} INFO - [2024-03-06T14:35:52.747+0000] {dag.py:3047} INFO - Sync 1 DAGs
[2024-03-06T14:35:52.770+0000] {logging_mixin.py:188} INFO - [2024-03-06T14:35:52.769+0000] {dag.py:3834} INFO - Setting next_dagrun for example_dynamic_task_mapping_with_no_taskflow_operators to 2024-03-05 00:00:00+00:00, run_after=2024-03-06 00:00:00+00:00
[2024-03-06T14:35:52.787+0000] {processor.py:183} INFO - Processing /home/airflow/.local/lib/python3.8/site-packages/airflow/example_dags/example_dynamic_task_mapping_with_no_taskflow_operators.py took 0.067 seconds
[2024-03-06T14:36:23.477+0000] {processor.py:161} INFO - Started process (PID=328) to work on /home/airflow/.local/lib/python3.8/site-packages/airflow/example_dags/example_dynamic_task_mapping_with_no_taskflow_operators.py
[2024-03-06T14:36:23.478+0000] {processor.py:830} INFO - Processing file /home/airflow/.local/lib/python3.8/site-packages/airflow/example_dags/example_dynamic_task_mapping_with_no_taskflow_operators.py for tasks to queue
[2024-03-06T14:36:23.479+0000] {logging_mixin.py:188} INFO - [2024-03-06T14:36:23.479+0000] {dagbag.py:540} INFO - Filling up the DagBag from /home/airflow/.local/lib/python3.8/site-packages/airflow/example_dags/example_dynamic_task_mapping_with_no_taskflow_operators.py
[2024-03-06T14:36:23.485+0000] {processor.py:840} INFO - DAG(s) 'example_dynamic_task_mapping_with_no_taskflow_operators' retrieved from /home/airflow/.local/lib/python3.8/site-packages/airflow/example_dags/example_dynamic_task_mapping_with_no_taskflow_operators.py
[2024-03-06T14:36:23.504+0000] {logging_mixin.py:188} INFO - [2024-03-06T14:36:23.503+0000] {dag.py:3047} INFO - Sync 1 DAGs
[2024-03-06T14:36:23.525+0000] {logging_mixin.py:188} INFO - [2024-03-06T14:36:23.525+0000] {dag.py:3834} INFO - Setting next_dagrun for example_dynamic_task_mapping_with_no_taskflow_operators to 2024-03-05 00:00:00+00:00, run_after=2024-03-06 00:00:00+00:00
[2024-03-06T14:36:23.543+0000] {processor.py:183} INFO - Processing /home/airflow/.local/lib/python3.8/site-packages/airflow/example_dags/example_dynamic_task_mapping_with_no_taskflow_operators.py took 0.070 seconds
[2024-03-06T14:36:54.068+0000] {processor.py:161} INFO - Started process (PID=383) to work on /home/airflow/.local/lib/python3.8/site-packages/airflow/example_dags/example_dynamic_task_mapping_with_no_taskflow_operators.py
[2024-03-06T14:36:54.069+0000] {processor.py:830} INFO - Processing file /home/airflow/.local/lib/python3.8/site-packages/airflow/example_dags/example_dynamic_task_mapping_with_no_taskflow_operators.py for tasks to queue
[2024-03-06T14:36:54.070+0000] {logging_mixin.py:188} INFO - [2024-03-06T14:36:54.070+0000] {dagbag.py:540} INFO - Filling up the DagBag from /home/airflow/.local/lib/python3.8/site-packages/airflow/example_dags/example_dynamic_task_mapping_with_no_taskflow_operators.py
[2024-03-06T14:36:54.076+0000] {processor.py:840} INFO - DAG(s) 'example_dynamic_task_mapping_with_no_taskflow_operators' retrieved from /home/airflow/.local/lib/python3.8/site-packages/airflow/example_dags/example_dynamic_task_mapping_with_no_taskflow_operators.py
[2024-03-06T14:36:54.094+0000] {logging_mixin.py:188} INFO - [2024-03-06T14:36:54.094+0000] {dag.py:3047} INFO - Sync 1 DAGs
[2024-03-06T14:36:54.115+0000] {logging_mixin.py:188} INFO - [2024-03-06T14:36:54.115+0000] {dag.py:3834} INFO - Setting next_dagrun for example_dynamic_task_mapping_with_no_taskflow_operators to 2024-03-05 00:00:00+00:00, run_after=2024-03-06 00:00:00+00:00
[2024-03-06T14:36:54.134+0000] {processor.py:183} INFO - Processing /home/airflow/.local/lib/python3.8/site-packages/airflow/example_dags/example_dynamic_task_mapping_with_no_taskflow_operators.py took 0.069 seconds
[2024-03-06T14:37:24.748+0000] {processor.py:161} INFO - Started process (PID=438) to work on /home/airflow/.local/lib/python3.8/site-packages/airflow/example_dags/example_dynamic_task_mapping_with_no_taskflow_operators.py
[2024-03-06T14:37:24.749+0000] {processor.py:830} INFO - Processing file /home/airflow/.local/lib/python3.8/site-packages/airflow/example_dags/example_dynamic_task_mapping_with_no_taskflow_operators.py for tasks to queue
[2024-03-06T14:37:24.750+0000] {logging_mixin.py:188} INFO - [2024-03-06T14:37:24.750+0000] {dagbag.py:540} INFO - Filling up the DagBag from /home/airflow/.local/lib/python3.8/site-packages/airflow/example_dags/example_dynamic_task_mapping_with_no_taskflow_operators.py
[2024-03-06T14:37:24.756+0000] {processor.py:840} INFO - DAG(s) 'example_dynamic_task_mapping_with_no_taskflow_operators' retrieved from /home/airflow/.local/lib/python3.8/site-packages/airflow/example_dags/example_dynamic_task_mapping_with_no_taskflow_operators.py
[2024-03-06T14:37:24.774+0000] {logging_mixin.py:188} INFO - [2024-03-06T14:37:24.773+0000] {dag.py:3047} INFO - Sync 1 DAGs
[2024-03-06T14:37:24.794+0000] {logging_mixin.py:188} INFO - [2024-03-06T14:37:24.794+0000] {dag.py:3834} INFO - Setting next_dagrun for example_dynamic_task_mapping_with_no_taskflow_operators to 2024-03-05 00:00:00+00:00, run_after=2024-03-06 00:00:00+00:00
[2024-03-06T14:37:24.816+0000] {processor.py:183} INFO - Processing /home/airflow/.local/lib/python3.8/site-packages/airflow/example_dags/example_dynamic_task_mapping_with_no_taskflow_operators.py took 0.071 seconds
[2024-03-06T14:37:54.960+0000] {processor.py:161} INFO - Started process (PID=493) to work on /home/airflow/.local/lib/python3.8/site-packages/airflow/example_dags/example_dynamic_task_mapping_with_no_taskflow_operators.py
[2024-03-06T14:37:54.961+0000] {processor.py:830} INFO - Processing file /home/airflow/.local/lib/python3.8/site-packages/airflow/example_dags/example_dynamic_task_mapping_with_no_taskflow_operators.py for tasks to queue
[2024-03-06T14:37:54.963+0000] {logging_mixin.py:188} INFO - [2024-03-06T14:37:54.963+0000] {dagbag.py:540} INFO - Filling up the DagBag from /home/airflow/.local/lib/python3.8/site-packages/airflow/example_dags/example_dynamic_task_mapping_with_no_taskflow_operators.py
[2024-03-06T14:37:54.968+0000] {processor.py:840} INFO - DAG(s) 'example_dynamic_task_mapping_with_no_taskflow_operators' retrieved from /home/airflow/.local/lib/python3.8/site-packages/airflow/example_dags/example_dynamic_task_mapping_with_no_taskflow_operators.py
[2024-03-06T14:37:54.984+0000] {logging_mixin.py:188} INFO - [2024-03-06T14:37:54.984+0000] {dag.py:3047} INFO - Sync 1 DAGs
[2024-03-06T14:37:55.004+0000] {logging_mixin.py:188} INFO - [2024-03-06T14:37:55.004+0000] {dag.py:3834} INFO - Setting next_dagrun for example_dynamic_task_mapping_with_no_taskflow_operators to 2024-03-05 00:00:00+00:00, run_after=2024-03-06 00:00:00+00:00
[2024-03-06T14:37:55.021+0000] {processor.py:183} INFO - Processing /home/airflow/.local/lib/python3.8/site-packages/airflow/example_dags/example_dynamic_task_mapping_with_no_taskflow_operators.py took 0.063 seconds
[2024-03-06T14:38:25.564+0000] {processor.py:161} INFO - Started process (PID=548) to work on /home/airflow/.local/lib/python3.8/site-packages/airflow/example_dags/example_dynamic_task_mapping_with_no_taskflow_operators.py
[2024-03-06T14:38:25.565+0000] {processor.py:830} INFO - Processing file /home/airflow/.local/lib/python3.8/site-packages/airflow/example_dags/example_dynamic_task_mapping_with_no_taskflow_operators.py for tasks to queue
[2024-03-06T14:38:25.568+0000] {logging_mixin.py:188} INFO - [2024-03-06T14:38:25.568+0000] {dagbag.py:540} INFO - Filling up the DagBag from /home/airflow/.local/lib/python3.8/site-packages/airflow/example_dags/example_dynamic_task_mapping_with_no_taskflow_operators.py
[2024-03-06T14:38:25.575+0000] {processor.py:840} INFO - DAG(s) 'example_dynamic_task_mapping_with_no_taskflow_operators' retrieved from /home/airflow/.local/lib/python3.8/site-packages/airflow/example_dags/example_dynamic_task_mapping_with_no_taskflow_operators.py
[2024-03-06T14:38:25.595+0000] {logging_mixin.py:188} INFO - [2024-03-06T14:38:25.595+0000] {dag.py:3047} INFO - Sync 1 DAGs
[2024-03-06T14:38:25.621+0000] {logging_mixin.py:188} INFO - [2024-03-06T14:38:25.620+0000] {dag.py:3834} INFO - Setting next_dagrun for example_dynamic_task_mapping_with_no_taskflow_operators to 2024-03-05 00:00:00+00:00, run_after=2024-03-06 00:00:00+00:00
[2024-03-06T14:38:25.638+0000] {processor.py:183} INFO - Processing /home/airflow/.local/lib/python3.8/site-packages/airflow/example_dags/example_dynamic_task_mapping_with_no_taskflow_operators.py took 0.078 seconds
[2024-03-06T14:38:55.916+0000] {processor.py:161} INFO - Started process (PID=603) to work on /home/airflow/.local/lib/python3.8/site-packages/airflow/example_dags/example_dynamic_task_mapping_with_no_taskflow_operators.py
[2024-03-06T14:38:55.917+0000] {processor.py:830} INFO - Processing file /home/airflow/.local/lib/python3.8/site-packages/airflow/example_dags/example_dynamic_task_mapping_with_no_taskflow_operators.py for tasks to queue
[2024-03-06T14:38:55.919+0000] {logging_mixin.py:188} INFO - [2024-03-06T14:38:55.918+0000] {dagbag.py:540} INFO - Filling up the DagBag from /home/airflow/.local/lib/python3.8/site-packages/airflow/example_dags/example_dynamic_task_mapping_with_no_taskflow_operators.py
[2024-03-06T14:38:55.924+0000] {processor.py:840} INFO - DAG(s) 'example_dynamic_task_mapping_with_no_taskflow_operators' retrieved from /home/airflow/.local/lib/python3.8/site-packages/airflow/example_dags/example_dynamic_task_mapping_with_no_taskflow_operators.py
[2024-03-06T14:38:55.935+0000] {logging_mixin.py:188} INFO - [2024-03-06T14:38:55.935+0000] {dag.py:3047} INFO - Sync 1 DAGs
[2024-03-06T14:38:55.956+0000] {logging_mixin.py:188} INFO - [2024-03-06T14:38:55.956+0000] {dag.py:3834} INFO - Setting next_dagrun for example_dynamic_task_mapping_with_no_taskflow_operators to 2024-03-05 00:00:00+00:00, run_after=2024-03-06 00:00:00+00:00
[2024-03-06T14:38:55.975+0000] {processor.py:183} INFO - Processing /home/airflow/.local/lib/python3.8/site-packages/airflow/example_dags/example_dynamic_task_mapping_with_no_taskflow_operators.py took 0.062 seconds
[2024-03-06T14:39:26.994+0000] {processor.py:161} INFO - Started process (PID=658) to work on /home/airflow/.local/lib/python3.8/site-packages/airflow/example_dags/example_dynamic_task_mapping_with_no_taskflow_operators.py
[2024-03-06T14:39:26.995+0000] {processor.py:830} INFO - Processing file /home/airflow/.local/lib/python3.8/site-packages/airflow/example_dags/example_dynamic_task_mapping_with_no_taskflow_operators.py for tasks to queue
[2024-03-06T14:39:26.997+0000] {logging_mixin.py:188} INFO - [2024-03-06T14:39:26.997+0000] {dagbag.py:540} INFO - Filling up the DagBag from /home/airflow/.local/lib/python3.8/site-packages/airflow/example_dags/example_dynamic_task_mapping_with_no_taskflow_operators.py
[2024-03-06T14:39:27.004+0000] {processor.py:840} INFO - DAG(s) 'example_dynamic_task_mapping_with_no_taskflow_operators' retrieved from /home/airflow/.local/lib/python3.8/site-packages/airflow/example_dags/example_dynamic_task_mapping_with_no_taskflow_operators.py
[2024-03-06T14:39:27.138+0000] {logging_mixin.py:188} INFO - [2024-03-06T14:39:27.138+0000] {dag.py:3047} INFO - Sync 1 DAGs
[2024-03-06T14:39:27.161+0000] {logging_mixin.py:188} INFO - [2024-03-06T14:39:27.161+0000] {dag.py:3834} INFO - Setting next_dagrun for example_dynamic_task_mapping_with_no_taskflow_operators to 2024-03-05 00:00:00+00:00, run_after=2024-03-06 00:00:00+00:00
[2024-03-06T14:39:27.189+0000] {processor.py:183} INFO - Processing /home/airflow/.local/lib/python3.8/site-packages/airflow/example_dags/example_dynamic_task_mapping_with_no_taskflow_operators.py took 0.198 seconds
[2024-03-06T14:43:26.520+0000] {processor.py:161} INFO - Started process (PID=53) to work on /home/airflow/.local/lib/python3.8/site-packages/airflow/example_dags/example_dynamic_task_mapping_with_no_taskflow_operators.py
[2024-03-06T14:43:26.522+0000] {processor.py:830} INFO - Processing file /home/airflow/.local/lib/python3.8/site-packages/airflow/example_dags/example_dynamic_task_mapping_with_no_taskflow_operators.py for tasks to queue
[2024-03-06T14:43:26.523+0000] {logging_mixin.py:188} INFO - [2024-03-06T14:43:26.523+0000] {dagbag.py:540} INFO - Filling up the DagBag from /home/airflow/.local/lib/python3.8/site-packages/airflow/example_dags/example_dynamic_task_mapping_with_no_taskflow_operators.py
[2024-03-06T14:43:26.532+0000] {processor.py:840} INFO - DAG(s) 'example_dynamic_task_mapping_with_no_taskflow_operators' retrieved from /home/airflow/.local/lib/python3.8/site-packages/airflow/example_dags/example_dynamic_task_mapping_with_no_taskflow_operators.py
[2024-03-06T14:43:26.656+0000] {logging_mixin.py:188} INFO - [2024-03-06T14:43:26.655+0000] {override.py:1769} INFO - Created Permission View: can delete on DAG:example_dynamic_task_mapping_with_no_taskflow_operators
[2024-03-06T14:43:26.667+0000] {logging_mixin.py:188} INFO - [2024-03-06T14:43:26.667+0000] {override.py:1769} INFO - Created Permission View: can read on DAG:example_dynamic_task_mapping_with_no_taskflow_operators
[2024-03-06T14:43:26.674+0000] {logging_mixin.py:188} INFO - [2024-03-06T14:43:26.674+0000] {override.py:1769} INFO - Created Permission View: can edit on DAG:example_dynamic_task_mapping_with_no_taskflow_operators
[2024-03-06T14:43:26.674+0000] {logging_mixin.py:188} INFO - [2024-03-06T14:43:26.674+0000] {dag.py:3047} INFO - Sync 1 DAGs
[2024-03-06T14:43:26.685+0000] {logging_mixin.py:188} INFO - [2024-03-06T14:43:26.685+0000] {dag.py:3069} INFO - Creating ORM DAG for example_dynamic_task_mapping_with_no_taskflow_operators
[2024-03-06T14:43:26.697+0000] {logging_mixin.py:188} INFO - [2024-03-06T14:43:26.697+0000] {dag.py:3834} INFO - Setting next_dagrun for example_dynamic_task_mapping_with_no_taskflow_operators to 2024-03-05 00:00:00+00:00, run_after=2024-03-06 00:00:00+00:00
[2024-03-06T14:43:26.715+0000] {processor.py:183} INFO - Processing /home/airflow/.local/lib/python3.8/site-packages/airflow/example_dags/example_dynamic_task_mapping_with_no_taskflow_operators.py took 0.198 seconds
[2024-03-06T14:43:57.353+0000] {processor.py:161} INFO - Started process (PID=108) to work on /home/airflow/.local/lib/python3.8/site-packages/airflow/example_dags/example_dynamic_task_mapping_with_no_taskflow_operators.py
[2024-03-06T14:43:57.354+0000] {processor.py:830} INFO - Processing file /home/airflow/.local/lib/python3.8/site-packages/airflow/example_dags/example_dynamic_task_mapping_with_no_taskflow_operators.py for tasks to queue
[2024-03-06T14:43:57.356+0000] {logging_mixin.py:188} INFO - [2024-03-06T14:43:57.356+0000] {dagbag.py:540} INFO - Filling up the DagBag from /home/airflow/.local/lib/python3.8/site-packages/airflow/example_dags/example_dynamic_task_mapping_with_no_taskflow_operators.py
[2024-03-06T14:43:57.361+0000] {processor.py:840} INFO - DAG(s) 'example_dynamic_task_mapping_with_no_taskflow_operators' retrieved from /home/airflow/.local/lib/python3.8/site-packages/airflow/example_dags/example_dynamic_task_mapping_with_no_taskflow_operators.py
[2024-03-06T14:43:57.380+0000] {logging_mixin.py:188} INFO - [2024-03-06T14:43:57.379+0000] {dag.py:3047} INFO - Sync 1 DAGs
[2024-03-06T14:43:57.401+0000] {logging_mixin.py:188} INFO - [2024-03-06T14:43:57.401+0000] {dag.py:3834} INFO - Setting next_dagrun for example_dynamic_task_mapping_with_no_taskflow_operators to 2024-03-05 00:00:00+00:00, run_after=2024-03-06 00:00:00+00:00
[2024-03-06T14:43:57.419+0000] {processor.py:183} INFO - Processing /home/airflow/.local/lib/python3.8/site-packages/airflow/example_dags/example_dynamic_task_mapping_with_no_taskflow_operators.py took 0.069 seconds
[2024-03-06T14:44:27.807+0000] {processor.py:161} INFO - Started process (PID=163) to work on /home/airflow/.local/lib/python3.8/site-packages/airflow/example_dags/example_dynamic_task_mapping_with_no_taskflow_operators.py
[2024-03-06T14:44:27.808+0000] {processor.py:830} INFO - Processing file /home/airflow/.local/lib/python3.8/site-packages/airflow/example_dags/example_dynamic_task_mapping_with_no_taskflow_operators.py for tasks to queue
[2024-03-06T14:44:27.810+0000] {logging_mixin.py:188} INFO - [2024-03-06T14:44:27.809+0000] {dagbag.py:540} INFO - Filling up the DagBag from /home/airflow/.local/lib/python3.8/site-packages/airflow/example_dags/example_dynamic_task_mapping_with_no_taskflow_operators.py
[2024-03-06T14:44:27.815+0000] {processor.py:840} INFO - DAG(s) 'example_dynamic_task_mapping_with_no_taskflow_operators' retrieved from /home/airflow/.local/lib/python3.8/site-packages/airflow/example_dags/example_dynamic_task_mapping_with_no_taskflow_operators.py
[2024-03-06T14:44:27.831+0000] {logging_mixin.py:188} INFO - [2024-03-06T14:44:27.831+0000] {dag.py:3047} INFO - Sync 1 DAGs
[2024-03-06T14:44:27.851+0000] {logging_mixin.py:188} INFO - [2024-03-06T14:44:27.850+0000] {dag.py:3834} INFO - Setting next_dagrun for example_dynamic_task_mapping_with_no_taskflow_operators to 2024-03-05 00:00:00+00:00, run_after=2024-03-06 00:00:00+00:00
[2024-03-06T14:44:27.868+0000] {processor.py:183} INFO - Processing /home/airflow/.local/lib/python3.8/site-packages/airflow/example_dags/example_dynamic_task_mapping_with_no_taskflow_operators.py took 0.063 seconds
[2024-03-06T14:44:58.277+0000] {processor.py:161} INFO - Started process (PID=218) to work on /home/airflow/.local/lib/python3.8/site-packages/airflow/example_dags/example_dynamic_task_mapping_with_no_taskflow_operators.py
[2024-03-06T14:44:58.278+0000] {processor.py:830} INFO - Processing file /home/airflow/.local/lib/python3.8/site-packages/airflow/example_dags/example_dynamic_task_mapping_with_no_taskflow_operators.py for tasks to queue
[2024-03-06T14:44:58.279+0000] {logging_mixin.py:188} INFO - [2024-03-06T14:44:58.279+0000] {dagbag.py:540} INFO - Filling up the DagBag from /home/airflow/.local/lib/python3.8/site-packages/airflow/example_dags/example_dynamic_task_mapping_with_no_taskflow_operators.py
[2024-03-06T14:44:58.285+0000] {processor.py:840} INFO - DAG(s) 'example_dynamic_task_mapping_with_no_taskflow_operators' retrieved from /home/airflow/.local/lib/python3.8/site-packages/airflow/example_dags/example_dynamic_task_mapping_with_no_taskflow_operators.py
[2024-03-06T14:44:58.301+0000] {logging_mixin.py:188} INFO - [2024-03-06T14:44:58.301+0000] {dag.py:3047} INFO - Sync 1 DAGs
[2024-03-06T14:44:58.321+0000] {logging_mixin.py:188} INFO - [2024-03-06T14:44:58.321+0000] {dag.py:3834} INFO - Setting next_dagrun for example_dynamic_task_mapping_with_no_taskflow_operators to 2024-03-05 00:00:00+00:00, run_after=2024-03-06 00:00:00+00:00
[2024-03-06T14:44:58.339+0000] {processor.py:183} INFO - Processing /home/airflow/.local/lib/python3.8/site-packages/airflow/example_dags/example_dynamic_task_mapping_with_no_taskflow_operators.py took 0.066 seconds
[2024-03-06T14:45:28.828+0000] {processor.py:161} INFO - Started process (PID=273) to work on /home/airflow/.local/lib/python3.8/site-packages/airflow/example_dags/example_dynamic_task_mapping_with_no_taskflow_operators.py
[2024-03-06T14:45:28.829+0000] {processor.py:830} INFO - Processing file /home/airflow/.local/lib/python3.8/site-packages/airflow/example_dags/example_dynamic_task_mapping_with_no_taskflow_operators.py for tasks to queue
[2024-03-06T14:45:28.831+0000] {logging_mixin.py:188} INFO - [2024-03-06T14:45:28.831+0000] {dagbag.py:540} INFO - Filling up the DagBag from /home/airflow/.local/lib/python3.8/site-packages/airflow/example_dags/example_dynamic_task_mapping_with_no_taskflow_operators.py
[2024-03-06T14:45:28.836+0000] {processor.py:840} INFO - DAG(s) 'example_dynamic_task_mapping_with_no_taskflow_operators' retrieved from /home/airflow/.local/lib/python3.8/site-packages/airflow/example_dags/example_dynamic_task_mapping_with_no_taskflow_operators.py
[2024-03-06T14:45:28.854+0000] {logging_mixin.py:188} INFO - [2024-03-06T14:45:28.853+0000] {dag.py:3047} INFO - Sync 1 DAGs
[2024-03-06T14:45:28.876+0000] {logging_mixin.py:188} INFO - [2024-03-06T14:45:28.876+0000] {dag.py:3834} INFO - Setting next_dagrun for example_dynamic_task_mapping_with_no_taskflow_operators to 2024-03-05 00:00:00+00:00, run_after=2024-03-06 00:00:00+00:00
[2024-03-06T14:45:28.898+0000] {processor.py:183} INFO - Processing /home/airflow/.local/lib/python3.8/site-packages/airflow/example_dags/example_dynamic_task_mapping_with_no_taskflow_operators.py took 0.072 seconds
[2024-03-06T14:45:59.517+0000] {processor.py:161} INFO - Started process (PID=328) to work on /home/airflow/.local/lib/python3.8/site-packages/airflow/example_dags/example_dynamic_task_mapping_with_no_taskflow_operators.py
[2024-03-06T14:45:59.518+0000] {processor.py:830} INFO - Processing file /home/airflow/.local/lib/python3.8/site-packages/airflow/example_dags/example_dynamic_task_mapping_with_no_taskflow_operators.py for tasks to queue
[2024-03-06T14:45:59.520+0000] {logging_mixin.py:188} INFO - [2024-03-06T14:45:59.519+0000] {dagbag.py:540} INFO - Filling up the DagBag from /home/airflow/.local/lib/python3.8/site-packages/airflow/example_dags/example_dynamic_task_mapping_with_no_taskflow_operators.py
[2024-03-06T14:45:59.525+0000] {processor.py:840} INFO - DAG(s) 'example_dynamic_task_mapping_with_no_taskflow_operators' retrieved from /home/airflow/.local/lib/python3.8/site-packages/airflow/example_dags/example_dynamic_task_mapping_with_no_taskflow_operators.py
[2024-03-06T14:45:59.537+0000] {logging_mixin.py:188} INFO - [2024-03-06T14:45:59.537+0000] {dag.py:3047} INFO - Sync 1 DAGs
[2024-03-06T14:45:59.564+0000] {logging_mixin.py:188} INFO - [2024-03-06T14:45:59.564+0000] {dag.py:3834} INFO - Setting next_dagrun for example_dynamic_task_mapping_with_no_taskflow_operators to 2024-03-05 00:00:00+00:00, run_after=2024-03-06 00:00:00+00:00
[2024-03-06T14:45:59.583+0000] {processor.py:183} INFO - Processing /home/airflow/.local/lib/python3.8/site-packages/airflow/example_dags/example_dynamic_task_mapping_with_no_taskflow_operators.py took 0.070 seconds
[2024-03-06T14:46:30.621+0000] {processor.py:161} INFO - Started process (PID=383) to work on /home/airflow/.local/lib/python3.8/site-packages/airflow/example_dags/example_dynamic_task_mapping_with_no_taskflow_operators.py
[2024-03-06T14:46:30.622+0000] {processor.py:830} INFO - Processing file /home/airflow/.local/lib/python3.8/site-packages/airflow/example_dags/example_dynamic_task_mapping_with_no_taskflow_operators.py for tasks to queue
[2024-03-06T14:46:30.624+0000] {logging_mixin.py:188} INFO - [2024-03-06T14:46:30.623+0000] {dagbag.py:540} INFO - Filling up the DagBag from /home/airflow/.local/lib/python3.8/site-packages/airflow/example_dags/example_dynamic_task_mapping_with_no_taskflow_operators.py
[2024-03-06T14:46:30.629+0000] {processor.py:840} INFO - DAG(s) 'example_dynamic_task_mapping_with_no_taskflow_operators' retrieved from /home/airflow/.local/lib/python3.8/site-packages/airflow/example_dags/example_dynamic_task_mapping_with_no_taskflow_operators.py
[2024-03-06T14:46:30.726+0000] {logging_mixin.py:188} INFO - [2024-03-06T14:46:30.726+0000] {dag.py:3047} INFO - Sync 1 DAGs
[2024-03-06T14:46:30.748+0000] {logging_mixin.py:188} INFO - [2024-03-06T14:46:30.748+0000] {dag.py:3834} INFO - Setting next_dagrun for example_dynamic_task_mapping_with_no_taskflow_operators to 2024-03-05 00:00:00+00:00, run_after=2024-03-06 00:00:00+00:00
[2024-03-06T14:46:30.774+0000] {processor.py:183} INFO - Processing /home/airflow/.local/lib/python3.8/site-packages/airflow/example_dags/example_dynamic_task_mapping_with_no_taskflow_operators.py took 0.157 seconds
