[2024-03-06T14:33:49.215+0000] {processor.py:161} INFO - Started process (PID=47) to work on /home/airflow/.local/lib/python3.8/site-packages/airflow/example_dags/example_branch_labels.py
[2024-03-06T14:33:49.216+0000] {processor.py:830} INFO - Processing file /home/airflow/.local/lib/python3.8/site-packages/airflow/example_dags/example_branch_labels.py for tasks to queue
[2024-03-06T14:33:49.218+0000] {logging_mixin.py:188} INFO - [2024-03-06T14:33:49.218+0000] {dagbag.py:540} INFO - Filling up the DagBag from /home/airflow/.local/lib/python3.8/site-packages/airflow/example_dags/example_branch_labels.py
[2024-03-06T14:33:49.229+0000] {processor.py:840} INFO - DAG(s) 'example_branch_labels' retrieved from /home/airflow/.local/lib/python3.8/site-packages/airflow/example_dags/example_branch_labels.py
[2024-03-06T14:33:49.238+0000] {logging_mixin.py:188} INFO - [2024-03-06T14:33:49.238+0000] {dag.py:3047} INFO - Sync 1 DAGs
[2024-03-06T14:33:49.264+0000] {logging_mixin.py:188} INFO - [2024-03-06T14:33:49.263+0000] {dag.py:3834} INFO - Setting next_dagrun for example_branch_labels to 2024-03-05 00:00:00+00:00, run_after=2024-03-06 00:00:00+00:00
[2024-03-06T14:33:49.284+0000] {processor.py:183} INFO - Processing /home/airflow/.local/lib/python3.8/site-packages/airflow/example_dags/example_branch_labels.py took 0.071 seconds
[2024-03-06T14:34:20.248+0000] {processor.py:161} INFO - Started process (PID=102) to work on /home/airflow/.local/lib/python3.8/site-packages/airflow/example_dags/example_branch_labels.py
[2024-03-06T14:34:20.249+0000] {processor.py:830} INFO - Processing file /home/airflow/.local/lib/python3.8/site-packages/airflow/example_dags/example_branch_labels.py for tasks to queue
[2024-03-06T14:34:20.250+0000] {logging_mixin.py:188} INFO - [2024-03-06T14:34:20.250+0000] {dagbag.py:540} INFO - Filling up the DagBag from /home/airflow/.local/lib/python3.8/site-packages/airflow/example_dags/example_branch_labels.py
[2024-03-06T14:34:20.258+0000] {processor.py:840} INFO - DAG(s) 'example_branch_labels' retrieved from /home/airflow/.local/lib/python3.8/site-packages/airflow/example_dags/example_branch_labels.py
[2024-03-06T14:34:20.349+0000] {logging_mixin.py:188} INFO - [2024-03-06T14:34:20.348+0000] {dag.py:3047} INFO - Sync 1 DAGs
[2024-03-06T14:34:20.368+0000] {logging_mixin.py:188} INFO - [2024-03-06T14:34:20.368+0000] {dag.py:3834} INFO - Setting next_dagrun for example_branch_labels to 2024-03-05 00:00:00+00:00, run_after=2024-03-06 00:00:00+00:00
[2024-03-06T14:34:20.386+0000] {processor.py:183} INFO - Processing /home/airflow/.local/lib/python3.8/site-packages/airflow/example_dags/example_branch_labels.py took 0.142 seconds
[2024-03-06T14:34:50.474+0000] {processor.py:161} INFO - Started process (PID=157) to work on /home/airflow/.local/lib/python3.8/site-packages/airflow/example_dags/example_branch_labels.py
[2024-03-06T14:34:50.475+0000] {processor.py:830} INFO - Processing file /home/airflow/.local/lib/python3.8/site-packages/airflow/example_dags/example_branch_labels.py for tasks to queue
[2024-03-06T14:34:50.477+0000] {logging_mixin.py:188} INFO - [2024-03-06T14:34:50.477+0000] {dagbag.py:540} INFO - Filling up the DagBag from /home/airflow/.local/lib/python3.8/site-packages/airflow/example_dags/example_branch_labels.py
[2024-03-06T14:34:50.486+0000] {processor.py:840} INFO - DAG(s) 'example_branch_labels' retrieved from /home/airflow/.local/lib/python3.8/site-packages/airflow/example_dags/example_branch_labels.py
[2024-03-06T14:34:50.498+0000] {logging_mixin.py:188} INFO - [2024-03-06T14:34:50.498+0000] {dag.py:3047} INFO - Sync 1 DAGs
[2024-03-06T14:34:50.539+0000] {logging_mixin.py:188} INFO - [2024-03-06T14:34:50.538+0000] {dag.py:3834} INFO - Setting next_dagrun for example_branch_labels to 2024-03-05 00:00:00+00:00, run_after=2024-03-06 00:00:00+00:00
[2024-03-06T14:34:50.606+0000] {processor.py:183} INFO - Processing /home/airflow/.local/lib/python3.8/site-packages/airflow/example_dags/example_branch_labels.py took 0.136 seconds
[2024-03-06T14:35:21.306+0000] {processor.py:161} INFO - Started process (PID=212) to work on /home/airflow/.local/lib/python3.8/site-packages/airflow/example_dags/example_branch_labels.py
[2024-03-06T14:35:21.309+0000] {processor.py:830} INFO - Processing file /home/airflow/.local/lib/python3.8/site-packages/airflow/example_dags/example_branch_labels.py for tasks to queue
[2024-03-06T14:35:21.312+0000] {logging_mixin.py:188} INFO - [2024-03-06T14:35:21.311+0000] {dagbag.py:540} INFO - Filling up the DagBag from /home/airflow/.local/lib/python3.8/site-packages/airflow/example_dags/example_branch_labels.py
[2024-03-06T14:35:21.322+0000] {processor.py:840} INFO - DAG(s) 'example_branch_labels' retrieved from /home/airflow/.local/lib/python3.8/site-packages/airflow/example_dags/example_branch_labels.py
[2024-03-06T14:35:21.475+0000] {logging_mixin.py:188} INFO - [2024-03-06T14:35:21.475+0000] {dag.py:3047} INFO - Sync 1 DAGs
[2024-03-06T14:35:21.520+0000] {logging_mixin.py:188} INFO - [2024-03-06T14:35:21.519+0000] {dag.py:3834} INFO - Setting next_dagrun for example_branch_labels to 2024-03-05 00:00:00+00:00, run_after=2024-03-06 00:00:00+00:00
[2024-03-06T14:35:21.565+0000] {processor.py:183} INFO - Processing /home/airflow/.local/lib/python3.8/site-packages/airflow/example_dags/example_branch_labels.py took 0.264 seconds
[2024-03-06T14:35:52.329+0000] {processor.py:161} INFO - Started process (PID=267) to work on /home/airflow/.local/lib/python3.8/site-packages/airflow/example_dags/example_branch_labels.py
[2024-03-06T14:35:52.331+0000] {processor.py:830} INFO - Processing file /home/airflow/.local/lib/python3.8/site-packages/airflow/example_dags/example_branch_labels.py for tasks to queue
[2024-03-06T14:35:52.332+0000] {logging_mixin.py:188} INFO - [2024-03-06T14:35:52.332+0000] {dagbag.py:540} INFO - Filling up the DagBag from /home/airflow/.local/lib/python3.8/site-packages/airflow/example_dags/example_branch_labels.py
[2024-03-06T14:35:52.339+0000] {processor.py:840} INFO - DAG(s) 'example_branch_labels' retrieved from /home/airflow/.local/lib/python3.8/site-packages/airflow/example_dags/example_branch_labels.py
[2024-03-06T14:35:52.358+0000] {logging_mixin.py:188} INFO - [2024-03-06T14:35:52.357+0000] {dag.py:3047} INFO - Sync 1 DAGs
[2024-03-06T14:35:52.381+0000] {logging_mixin.py:188} INFO - [2024-03-06T14:35:52.381+0000] {dag.py:3834} INFO - Setting next_dagrun for example_branch_labels to 2024-03-05 00:00:00+00:00, run_after=2024-03-06 00:00:00+00:00
[2024-03-06T14:35:52.400+0000] {processor.py:183} INFO - Processing /home/airflow/.local/lib/python3.8/site-packages/airflow/example_dags/example_branch_labels.py took 0.074 seconds
[2024-03-06T14:36:23.113+0000] {processor.py:161} INFO - Started process (PID=322) to work on /home/airflow/.local/lib/python3.8/site-packages/airflow/example_dags/example_branch_labels.py
[2024-03-06T14:36:23.114+0000] {processor.py:830} INFO - Processing file /home/airflow/.local/lib/python3.8/site-packages/airflow/example_dags/example_branch_labels.py for tasks to queue
[2024-03-06T14:36:23.116+0000] {logging_mixin.py:188} INFO - [2024-03-06T14:36:23.115+0000] {dagbag.py:540} INFO - Filling up the DagBag from /home/airflow/.local/lib/python3.8/site-packages/airflow/example_dags/example_branch_labels.py
[2024-03-06T14:36:23.122+0000] {processor.py:840} INFO - DAG(s) 'example_branch_labels' retrieved from /home/airflow/.local/lib/python3.8/site-packages/airflow/example_dags/example_branch_labels.py
[2024-03-06T14:36:23.141+0000] {logging_mixin.py:188} INFO - [2024-03-06T14:36:23.141+0000] {dag.py:3047} INFO - Sync 1 DAGs
[2024-03-06T14:36:23.160+0000] {logging_mixin.py:188} INFO - [2024-03-06T14:36:23.160+0000] {dag.py:3834} INFO - Setting next_dagrun for example_branch_labels to 2024-03-05 00:00:00+00:00, run_after=2024-03-06 00:00:00+00:00
[2024-03-06T14:36:23.176+0000] {processor.py:183} INFO - Processing /home/airflow/.local/lib/python3.8/site-packages/airflow/example_dags/example_branch_labels.py took 0.066 seconds
[2024-03-06T14:36:53.719+0000] {processor.py:161} INFO - Started process (PID=377) to work on /home/airflow/.local/lib/python3.8/site-packages/airflow/example_dags/example_branch_labels.py
[2024-03-06T14:36:53.720+0000] {processor.py:830} INFO - Processing file /home/airflow/.local/lib/python3.8/site-packages/airflow/example_dags/example_branch_labels.py for tasks to queue
[2024-03-06T14:36:53.721+0000] {logging_mixin.py:188} INFO - [2024-03-06T14:36:53.721+0000] {dagbag.py:540} INFO - Filling up the DagBag from /home/airflow/.local/lib/python3.8/site-packages/airflow/example_dags/example_branch_labels.py
[2024-03-06T14:36:53.728+0000] {processor.py:840} INFO - DAG(s) 'example_branch_labels' retrieved from /home/airflow/.local/lib/python3.8/site-packages/airflow/example_dags/example_branch_labels.py
[2024-03-06T14:36:53.747+0000] {logging_mixin.py:188} INFO - [2024-03-06T14:36:53.747+0000] {dag.py:3047} INFO - Sync 1 DAGs
[2024-03-06T14:36:53.769+0000] {logging_mixin.py:188} INFO - [2024-03-06T14:36:53.769+0000] {dag.py:3834} INFO - Setting next_dagrun for example_branch_labels to 2024-03-05 00:00:00+00:00, run_after=2024-03-06 00:00:00+00:00
[2024-03-06T14:36:53.787+0000] {processor.py:183} INFO - Processing /home/airflow/.local/lib/python3.8/site-packages/airflow/example_dags/example_branch_labels.py took 0.071 seconds
[2024-03-06T14:37:24.328+0000] {processor.py:161} INFO - Started process (PID=432) to work on /home/airflow/.local/lib/python3.8/site-packages/airflow/example_dags/example_branch_labels.py
[2024-03-06T14:37:24.329+0000] {processor.py:830} INFO - Processing file /home/airflow/.local/lib/python3.8/site-packages/airflow/example_dags/example_branch_labels.py for tasks to queue
[2024-03-06T14:37:24.331+0000] {logging_mixin.py:188} INFO - [2024-03-06T14:37:24.331+0000] {dagbag.py:540} INFO - Filling up the DagBag from /home/airflow/.local/lib/python3.8/site-packages/airflow/example_dags/example_branch_labels.py
[2024-03-06T14:37:24.340+0000] {processor.py:840} INFO - DAG(s) 'example_branch_labels' retrieved from /home/airflow/.local/lib/python3.8/site-packages/airflow/example_dags/example_branch_labels.py
[2024-03-06T14:37:24.362+0000] {logging_mixin.py:188} INFO - [2024-03-06T14:37:24.362+0000] {dag.py:3047} INFO - Sync 1 DAGs
[2024-03-06T14:37:24.387+0000] {logging_mixin.py:188} INFO - [2024-03-06T14:37:24.387+0000] {dag.py:3834} INFO - Setting next_dagrun for example_branch_labels to 2024-03-05 00:00:00+00:00, run_after=2024-03-06 00:00:00+00:00
[2024-03-06T14:37:24.411+0000] {processor.py:183} INFO - Processing /home/airflow/.local/lib/python3.8/site-packages/airflow/example_dags/example_branch_labels.py took 0.086 seconds
[2024-03-06T14:37:54.566+0000] {processor.py:161} INFO - Started process (PID=487) to work on /home/airflow/.local/lib/python3.8/site-packages/airflow/example_dags/example_branch_labels.py
[2024-03-06T14:37:54.568+0000] {processor.py:830} INFO - Processing file /home/airflow/.local/lib/python3.8/site-packages/airflow/example_dags/example_branch_labels.py for tasks to queue
[2024-03-06T14:37:54.570+0000] {logging_mixin.py:188} INFO - [2024-03-06T14:37:54.569+0000] {dagbag.py:540} INFO - Filling up the DagBag from /home/airflow/.local/lib/python3.8/site-packages/airflow/example_dags/example_branch_labels.py
[2024-03-06T14:37:54.579+0000] {processor.py:840} INFO - DAG(s) 'example_branch_labels' retrieved from /home/airflow/.local/lib/python3.8/site-packages/airflow/example_dags/example_branch_labels.py
[2024-03-06T14:37:54.608+0000] {logging_mixin.py:188} INFO - [2024-03-06T14:37:54.608+0000] {dag.py:3047} INFO - Sync 1 DAGs
[2024-03-06T14:37:54.639+0000] {logging_mixin.py:188} INFO - [2024-03-06T14:37:54.638+0000] {dag.py:3834} INFO - Setting next_dagrun for example_branch_labels to 2024-03-05 00:00:00+00:00, run_after=2024-03-06 00:00:00+00:00
[2024-03-06T14:37:54.662+0000] {processor.py:183} INFO - Processing /home/airflow/.local/lib/python3.8/site-packages/airflow/example_dags/example_branch_labels.py took 0.099 seconds
[2024-03-06T14:38:25.238+0000] {processor.py:161} INFO - Started process (PID=542) to work on /home/airflow/.local/lib/python3.8/site-packages/airflow/example_dags/example_branch_labels.py
[2024-03-06T14:38:25.239+0000] {processor.py:830} INFO - Processing file /home/airflow/.local/lib/python3.8/site-packages/airflow/example_dags/example_branch_labels.py for tasks to queue
[2024-03-06T14:38:25.241+0000] {logging_mixin.py:188} INFO - [2024-03-06T14:38:25.241+0000] {dagbag.py:540} INFO - Filling up the DagBag from /home/airflow/.local/lib/python3.8/site-packages/airflow/example_dags/example_branch_labels.py
[2024-03-06T14:38:25.252+0000] {processor.py:840} INFO - DAG(s) 'example_branch_labels' retrieved from /home/airflow/.local/lib/python3.8/site-packages/airflow/example_dags/example_branch_labels.py
[2024-03-06T14:38:25.272+0000] {logging_mixin.py:188} INFO - [2024-03-06T14:38:25.272+0000] {dag.py:3047} INFO - Sync 1 DAGs
[2024-03-06T14:38:25.298+0000] {logging_mixin.py:188} INFO - [2024-03-06T14:38:25.298+0000] {dag.py:3834} INFO - Setting next_dagrun for example_branch_labels to 2024-03-05 00:00:00+00:00, run_after=2024-03-06 00:00:00+00:00
[2024-03-06T14:38:25.320+0000] {processor.py:183} INFO - Processing /home/airflow/.local/lib/python3.8/site-packages/airflow/example_dags/example_branch_labels.py took 0.085 seconds
[2024-03-06T14:38:55.664+0000] {processor.py:161} INFO - Started process (PID=597) to work on /home/airflow/.local/lib/python3.8/site-packages/airflow/example_dags/example_branch_labels.py
[2024-03-06T14:38:55.666+0000] {processor.py:830} INFO - Processing file /home/airflow/.local/lib/python3.8/site-packages/airflow/example_dags/example_branch_labels.py for tasks to queue
[2024-03-06T14:38:55.667+0000] {logging_mixin.py:188} INFO - [2024-03-06T14:38:55.667+0000] {dagbag.py:540} INFO - Filling up the DagBag from /home/airflow/.local/lib/python3.8/site-packages/airflow/example_dags/example_branch_labels.py
[2024-03-06T14:38:55.674+0000] {processor.py:840} INFO - DAG(s) 'example_branch_labels' retrieved from /home/airflow/.local/lib/python3.8/site-packages/airflow/example_dags/example_branch_labels.py
[2024-03-06T14:38:55.684+0000] {logging_mixin.py:188} INFO - [2024-03-06T14:38:55.684+0000] {dag.py:3047} INFO - Sync 1 DAGs
[2024-03-06T14:38:55.705+0000] {logging_mixin.py:188} INFO - [2024-03-06T14:38:55.705+0000] {dag.py:3834} INFO - Setting next_dagrun for example_branch_labels to 2024-03-05 00:00:00+00:00, run_after=2024-03-06 00:00:00+00:00
[2024-03-06T14:38:55.722+0000] {processor.py:183} INFO - Processing /home/airflow/.local/lib/python3.8/site-packages/airflow/example_dags/example_branch_labels.py took 0.061 seconds
[2024-03-06T14:39:26.476+0000] {processor.py:161} INFO - Started process (PID=652) to work on /home/airflow/.local/lib/python3.8/site-packages/airflow/example_dags/example_branch_labels.py
[2024-03-06T14:39:26.478+0000] {processor.py:830} INFO - Processing file /home/airflow/.local/lib/python3.8/site-packages/airflow/example_dags/example_branch_labels.py for tasks to queue
[2024-03-06T14:39:26.479+0000] {logging_mixin.py:188} INFO - [2024-03-06T14:39:26.479+0000] {dagbag.py:540} INFO - Filling up the DagBag from /home/airflow/.local/lib/python3.8/site-packages/airflow/example_dags/example_branch_labels.py
[2024-03-06T14:39:26.486+0000] {processor.py:840} INFO - DAG(s) 'example_branch_labels' retrieved from /home/airflow/.local/lib/python3.8/site-packages/airflow/example_dags/example_branch_labels.py
[2024-03-06T14:39:26.571+0000] {logging_mixin.py:188} INFO - [2024-03-06T14:39:26.570+0000] {dag.py:3047} INFO - Sync 1 DAGs
[2024-03-06T14:39:26.589+0000] {logging_mixin.py:188} INFO - [2024-03-06T14:39:26.588+0000] {dag.py:3834} INFO - Setting next_dagrun for example_branch_labels to 2024-03-05 00:00:00+00:00, run_after=2024-03-06 00:00:00+00:00
[2024-03-06T14:39:26.606+0000] {processor.py:183} INFO - Processing /home/airflow/.local/lib/python3.8/site-packages/airflow/example_dags/example_branch_labels.py took 0.132 seconds
[2024-03-06T14:43:25.831+0000] {processor.py:161} INFO - Started process (PID=47) to work on /home/airflow/.local/lib/python3.8/site-packages/airflow/example_dags/example_branch_labels.py
[2024-03-06T14:43:25.833+0000] {processor.py:830} INFO - Processing file /home/airflow/.local/lib/python3.8/site-packages/airflow/example_dags/example_branch_labels.py for tasks to queue
[2024-03-06T14:43:25.836+0000] {logging_mixin.py:188} INFO - [2024-03-06T14:43:25.835+0000] {dagbag.py:540} INFO - Filling up the DagBag from /home/airflow/.local/lib/python3.8/site-packages/airflow/example_dags/example_branch_labels.py
[2024-03-06T14:43:25.847+0000] {processor.py:840} INFO - DAG(s) 'example_branch_labels' retrieved from /home/airflow/.local/lib/python3.8/site-packages/airflow/example_dags/example_branch_labels.py
[2024-03-06T14:43:25.953+0000] {logging_mixin.py:188} INFO - [2024-03-06T14:43:25.952+0000] {override.py:1769} INFO - Created Permission View: can delete on DAG:example_branch_labels
[2024-03-06T14:43:25.964+0000] {logging_mixin.py:188} INFO - [2024-03-06T14:43:25.963+0000] {override.py:1769} INFO - Created Permission View: can read on DAG:example_branch_labels
[2024-03-06T14:43:25.971+0000] {logging_mixin.py:188} INFO - [2024-03-06T14:43:25.971+0000] {override.py:1769} INFO - Created Permission View: can edit on DAG:example_branch_labels
[2024-03-06T14:43:25.972+0000] {logging_mixin.py:188} INFO - [2024-03-06T14:43:25.971+0000] {dag.py:3047} INFO - Sync 1 DAGs
[2024-03-06T14:43:25.983+0000] {logging_mixin.py:188} INFO - [2024-03-06T14:43:25.982+0000] {dag.py:3069} INFO - Creating ORM DAG for example_branch_labels
[2024-03-06T14:43:25.993+0000] {logging_mixin.py:188} INFO - [2024-03-06T14:43:25.993+0000] {dag.py:3834} INFO - Setting next_dagrun for example_branch_labels to 2024-03-05 00:00:00+00:00, run_after=2024-03-06 00:00:00+00:00
[2024-03-06T14:43:26.009+0000] {processor.py:183} INFO - Processing /home/airflow/.local/lib/python3.8/site-packages/airflow/example_dags/example_branch_labels.py took 0.182 seconds
[2024-03-06T14:43:56.062+0000] {processor.py:161} INFO - Started process (PID=102) to work on /home/airflow/.local/lib/python3.8/site-packages/airflow/example_dags/example_branch_labels.py
[2024-03-06T14:43:56.064+0000] {processor.py:830} INFO - Processing file /home/airflow/.local/lib/python3.8/site-packages/airflow/example_dags/example_branch_labels.py for tasks to queue
[2024-03-06T14:43:56.065+0000] {logging_mixin.py:188} INFO - [2024-03-06T14:43:56.065+0000] {dagbag.py:540} INFO - Filling up the DagBag from /home/airflow/.local/lib/python3.8/site-packages/airflow/example_dags/example_branch_labels.py
[2024-03-06T14:43:56.074+0000] {processor.py:840} INFO - DAG(s) 'example_branch_labels' retrieved from /home/airflow/.local/lib/python3.8/site-packages/airflow/example_dags/example_branch_labels.py
[2024-03-06T14:43:56.092+0000] {logging_mixin.py:188} INFO - [2024-03-06T14:43:56.092+0000] {dag.py:3047} INFO - Sync 1 DAGs
[2024-03-06T14:43:56.114+0000] {logging_mixin.py:188} INFO - [2024-03-06T14:43:56.114+0000] {dag.py:3834} INFO - Setting next_dagrun for example_branch_labels to 2024-03-05 00:00:00+00:00, run_after=2024-03-06 00:00:00+00:00
[2024-03-06T14:43:56.130+0000] {processor.py:183} INFO - Processing /home/airflow/.local/lib/python3.8/site-packages/airflow/example_dags/example_branch_labels.py took 0.071 seconds
[2024-03-06T14:44:26.478+0000] {processor.py:161} INFO - Started process (PID=157) to work on /home/airflow/.local/lib/python3.8/site-packages/airflow/example_dags/example_branch_labels.py
[2024-03-06T14:44:26.479+0000] {processor.py:830} INFO - Processing file /home/airflow/.local/lib/python3.8/site-packages/airflow/example_dags/example_branch_labels.py for tasks to queue
[2024-03-06T14:44:26.483+0000] {logging_mixin.py:188} INFO - [2024-03-06T14:44:26.482+0000] {dagbag.py:540} INFO - Filling up the DagBag from /home/airflow/.local/lib/python3.8/site-packages/airflow/example_dags/example_branch_labels.py
[2024-03-06T14:44:26.492+0000] {processor.py:840} INFO - DAG(s) 'example_branch_labels' retrieved from /home/airflow/.local/lib/python3.8/site-packages/airflow/example_dags/example_branch_labels.py
[2024-03-06T14:44:26.516+0000] {logging_mixin.py:188} INFO - [2024-03-06T14:44:26.515+0000] {dag.py:3047} INFO - Sync 1 DAGs
[2024-03-06T14:44:26.536+0000] {logging_mixin.py:188} INFO - [2024-03-06T14:44:26.536+0000] {dag.py:3834} INFO - Setting next_dagrun for example_branch_labels to 2024-03-05 00:00:00+00:00, run_after=2024-03-06 00:00:00+00:00
[2024-03-06T14:44:26.551+0000] {processor.py:183} INFO - Processing /home/airflow/.local/lib/python3.8/site-packages/airflow/example_dags/example_branch_labels.py took 0.078 seconds
[2024-03-06T14:44:56.960+0000] {processor.py:161} INFO - Started process (PID=212) to work on /home/airflow/.local/lib/python3.8/site-packages/airflow/example_dags/example_branch_labels.py
[2024-03-06T14:44:56.961+0000] {processor.py:830} INFO - Processing file /home/airflow/.local/lib/python3.8/site-packages/airflow/example_dags/example_branch_labels.py for tasks to queue
[2024-03-06T14:44:56.963+0000] {logging_mixin.py:188} INFO - [2024-03-06T14:44:56.963+0000] {dagbag.py:540} INFO - Filling up the DagBag from /home/airflow/.local/lib/python3.8/site-packages/airflow/example_dags/example_branch_labels.py
[2024-03-06T14:44:56.973+0000] {processor.py:840} INFO - DAG(s) 'example_branch_labels' retrieved from /home/airflow/.local/lib/python3.8/site-packages/airflow/example_dags/example_branch_labels.py
[2024-03-06T14:44:56.996+0000] {logging_mixin.py:188} INFO - [2024-03-06T14:44:56.996+0000] {dag.py:3047} INFO - Sync 1 DAGs
[2024-03-06T14:44:57.021+0000] {logging_mixin.py:188} INFO - [2024-03-06T14:44:57.021+0000] {dag.py:3834} INFO - Setting next_dagrun for example_branch_labels to 2024-03-05 00:00:00+00:00, run_after=2024-03-06 00:00:00+00:00
[2024-03-06T14:44:57.039+0000] {processor.py:183} INFO - Processing /home/airflow/.local/lib/python3.8/site-packages/airflow/example_dags/example_branch_labels.py took 0.082 seconds
[2024-03-06T14:45:27.481+0000] {processor.py:161} INFO - Started process (PID=267) to work on /home/airflow/.local/lib/python3.8/site-packages/airflow/example_dags/example_branch_labels.py
[2024-03-06T14:45:27.483+0000] {processor.py:830} INFO - Processing file /home/airflow/.local/lib/python3.8/site-packages/airflow/example_dags/example_branch_labels.py for tasks to queue
[2024-03-06T14:45:27.485+0000] {logging_mixin.py:188} INFO - [2024-03-06T14:45:27.484+0000] {dagbag.py:540} INFO - Filling up the DagBag from /home/airflow/.local/lib/python3.8/site-packages/airflow/example_dags/example_branch_labels.py
[2024-03-06T14:45:27.492+0000] {processor.py:840} INFO - DAG(s) 'example_branch_labels' retrieved from /home/airflow/.local/lib/python3.8/site-packages/airflow/example_dags/example_branch_labels.py
[2024-03-06T14:45:27.511+0000] {logging_mixin.py:188} INFO - [2024-03-06T14:45:27.511+0000] {dag.py:3047} INFO - Sync 1 DAGs
[2024-03-06T14:45:27.532+0000] {logging_mixin.py:188} INFO - [2024-03-06T14:45:27.531+0000] {dag.py:3834} INFO - Setting next_dagrun for example_branch_labels to 2024-03-05 00:00:00+00:00, run_after=2024-03-06 00:00:00+00:00
[2024-03-06T14:45:27.549+0000] {processor.py:183} INFO - Processing /home/airflow/.local/lib/python3.8/site-packages/airflow/example_dags/example_branch_labels.py took 0.070 seconds
[2024-03-06T14:45:58.131+0000] {processor.py:161} INFO - Started process (PID=322) to work on /home/airflow/.local/lib/python3.8/site-packages/airflow/example_dags/example_branch_labels.py
[2024-03-06T14:45:58.132+0000] {processor.py:830} INFO - Processing file /home/airflow/.local/lib/python3.8/site-packages/airflow/example_dags/example_branch_labels.py for tasks to queue
[2024-03-06T14:45:58.133+0000] {logging_mixin.py:188} INFO - [2024-03-06T14:45:58.133+0000] {dagbag.py:540} INFO - Filling up the DagBag from /home/airflow/.local/lib/python3.8/site-packages/airflow/example_dags/example_branch_labels.py
[2024-03-06T14:45:58.141+0000] {processor.py:840} INFO - DAG(s) 'example_branch_labels' retrieved from /home/airflow/.local/lib/python3.8/site-packages/airflow/example_dags/example_branch_labels.py
[2024-03-06T14:45:58.153+0000] {logging_mixin.py:188} INFO - [2024-03-06T14:45:58.153+0000] {dag.py:3047} INFO - Sync 1 DAGs
[2024-03-06T14:45:58.180+0000] {logging_mixin.py:188} INFO - [2024-03-06T14:45:58.179+0000] {dag.py:3834} INFO - Setting next_dagrun for example_branch_labels to 2024-03-05 00:00:00+00:00, run_after=2024-03-06 00:00:00+00:00
[2024-03-06T14:45:58.198+0000] {processor.py:183} INFO - Processing /home/airflow/.local/lib/python3.8/site-packages/airflow/example_dags/example_branch_labels.py took 0.071 seconds
[2024-03-06T14:46:29.077+0000] {processor.py:161} INFO - Started process (PID=377) to work on /home/airflow/.local/lib/python3.8/site-packages/airflow/example_dags/example_branch_labels.py
[2024-03-06T14:46:29.078+0000] {processor.py:830} INFO - Processing file /home/airflow/.local/lib/python3.8/site-packages/airflow/example_dags/example_branch_labels.py for tasks to queue
[2024-03-06T14:46:29.080+0000] {logging_mixin.py:188} INFO - [2024-03-06T14:46:29.080+0000] {dagbag.py:540} INFO - Filling up the DagBag from /home/airflow/.local/lib/python3.8/site-packages/airflow/example_dags/example_branch_labels.py
[2024-03-06T14:46:29.088+0000] {processor.py:840} INFO - DAG(s) 'example_branch_labels' retrieved from /home/airflow/.local/lib/python3.8/site-packages/airflow/example_dags/example_branch_labels.py
[2024-03-06T14:46:29.181+0000] {logging_mixin.py:188} INFO - [2024-03-06T14:46:29.181+0000] {dag.py:3047} INFO - Sync 1 DAGs
[2024-03-06T14:46:29.199+0000] {logging_mixin.py:188} INFO - [2024-03-06T14:46:29.199+0000] {dag.py:3834} INFO - Setting next_dagrun for example_branch_labels to 2024-03-05 00:00:00+00:00, run_after=2024-03-06 00:00:00+00:00
[2024-03-06T14:46:29.214+0000] {processor.py:183} INFO - Processing /home/airflow/.local/lib/python3.8/site-packages/airflow/example_dags/example_branch_labels.py took 0.140 seconds
