[2024-03-06T14:33:48.996+0000] {processor.py:161} INFO - Started process (PID=43) to work on /home/airflow/.local/lib/python3.8/site-packages/airflow/example_dags/example_params_trigger_ui.py
[2024-03-06T14:33:48.997+0000] {processor.py:830} INFO - Processing file /home/airflow/.local/lib/python3.8/site-packages/airflow/example_dags/example_params_trigger_ui.py for tasks to queue
[2024-03-06T14:33:48.999+0000] {logging_mixin.py:188} INFO - [2024-03-06T14:33:48.999+0000] {dagbag.py:540} INFO - Filling up the DagBag from /home/airflow/.local/lib/python3.8/site-packages/airflow/example_dags/example_params_trigger_ui.py
[2024-03-06T14:33:49.027+0000] {processor.py:840} INFO - DAG(s) 'example_params_trigger_ui' retrieved from /home/airflow/.local/lib/python3.8/site-packages/airflow/example_dags/example_params_trigger_ui.py
[2024-03-06T14:33:49.046+0000] {logging_mixin.py:188} INFO - [2024-03-06T14:33:49.046+0000] {dag.py:3047} INFO - Sync 1 DAGs
[2024-03-06T14:33:49.066+0000] {logging_mixin.py:188} INFO - [2024-03-06T14:33:49.066+0000] {dag.py:3834} INFO - Setting next_dagrun for example_params_trigger_ui to None, run_after=None
[2024-03-06T14:33:49.095+0000] {processor.py:183} INFO - Processing /home/airflow/.local/lib/python3.8/site-packages/airflow/example_dags/example_params_trigger_ui.py took 0.102 seconds
[2024-03-06T14:34:19.917+0000] {processor.py:161} INFO - Started process (PID=98) to work on /home/airflow/.local/lib/python3.8/site-packages/airflow/example_dags/example_params_trigger_ui.py
[2024-03-06T14:34:19.919+0000] {processor.py:830} INFO - Processing file /home/airflow/.local/lib/python3.8/site-packages/airflow/example_dags/example_params_trigger_ui.py for tasks to queue
[2024-03-06T14:34:19.920+0000] {logging_mixin.py:188} INFO - [2024-03-06T14:34:19.920+0000] {dagbag.py:540} INFO - Filling up the DagBag from /home/airflow/.local/lib/python3.8/site-packages/airflow/example_dags/example_params_trigger_ui.py
[2024-03-06T14:34:19.931+0000] {processor.py:840} INFO - DAG(s) 'example_params_trigger_ui' retrieved from /home/airflow/.local/lib/python3.8/site-packages/airflow/example_dags/example_params_trigger_ui.py
[2024-03-06T14:34:20.047+0000] {logging_mixin.py:188} INFO - [2024-03-06T14:34:20.047+0000] {dag.py:3047} INFO - Sync 1 DAGs
[2024-03-06T14:34:20.057+0000] {logging_mixin.py:188} INFO - [2024-03-06T14:34:20.056+0000] {dag.py:3834} INFO - Setting next_dagrun for example_params_trigger_ui to None, run_after=None
[2024-03-06T14:34:20.078+0000] {processor.py:183} INFO - Processing /home/airflow/.local/lib/python3.8/site-packages/airflow/example_dags/example_params_trigger_ui.py took 0.163 seconds
[2024-03-06T14:34:50.136+0000] {processor.py:161} INFO - Started process (PID=153) to work on /home/airflow/.local/lib/python3.8/site-packages/airflow/example_dags/example_params_trigger_ui.py
[2024-03-06T14:34:50.137+0000] {processor.py:830} INFO - Processing file /home/airflow/.local/lib/python3.8/site-packages/airflow/example_dags/example_params_trigger_ui.py for tasks to queue
[2024-03-06T14:34:50.139+0000] {logging_mixin.py:188} INFO - [2024-03-06T14:34:50.138+0000] {dagbag.py:540} INFO - Filling up the DagBag from /home/airflow/.local/lib/python3.8/site-packages/airflow/example_dags/example_params_trigger_ui.py
[2024-03-06T14:34:50.156+0000] {processor.py:840} INFO - DAG(s) 'example_params_trigger_ui' retrieved from /home/airflow/.local/lib/python3.8/site-packages/airflow/example_dags/example_params_trigger_ui.py
[2024-03-06T14:34:50.168+0000] {logging_mixin.py:188} INFO - [2024-03-06T14:34:50.168+0000] {dag.py:3047} INFO - Sync 1 DAGs
[2024-03-06T14:34:50.183+0000] {logging_mixin.py:188} INFO - [2024-03-06T14:34:50.183+0000] {dag.py:3834} INFO - Setting next_dagrun for example_params_trigger_ui to None, run_after=None
[2024-03-06T14:34:50.211+0000] {processor.py:183} INFO - Processing /home/airflow/.local/lib/python3.8/site-packages/airflow/example_dags/example_params_trigger_ui.py took 0.080 seconds
[2024-03-06T14:35:20.890+0000] {processor.py:161} INFO - Started process (PID=208) to work on /home/airflow/.local/lib/python3.8/site-packages/airflow/example_dags/example_params_trigger_ui.py
[2024-03-06T14:35:20.891+0000] {processor.py:830} INFO - Processing file /home/airflow/.local/lib/python3.8/site-packages/airflow/example_dags/example_params_trigger_ui.py for tasks to queue
[2024-03-06T14:35:20.892+0000] {logging_mixin.py:188} INFO - [2024-03-06T14:35:20.892+0000] {dagbag.py:540} INFO - Filling up the DagBag from /home/airflow/.local/lib/python3.8/site-packages/airflow/example_dags/example_params_trigger_ui.py
[2024-03-06T14:35:20.907+0000] {processor.py:840} INFO - DAG(s) 'example_params_trigger_ui' retrieved from /home/airflow/.local/lib/python3.8/site-packages/airflow/example_dags/example_params_trigger_ui.py
[2024-03-06T14:35:21.038+0000] {logging_mixin.py:188} INFO - [2024-03-06T14:35:21.038+0000] {dag.py:3047} INFO - Sync 1 DAGs
[2024-03-06T14:35:21.048+0000] {logging_mixin.py:188} INFO - [2024-03-06T14:35:21.047+0000] {dag.py:3834} INFO - Setting next_dagrun for example_params_trigger_ui to None, run_after=None
[2024-03-06T14:35:21.068+0000] {processor.py:183} INFO - Processing /home/airflow/.local/lib/python3.8/site-packages/airflow/example_dags/example_params_trigger_ui.py took 0.181 seconds
[2024-03-06T14:35:51.160+0000] {processor.py:161} INFO - Started process (PID=263) to work on /home/airflow/.local/lib/python3.8/site-packages/airflow/example_dags/example_params_trigger_ui.py
[2024-03-06T14:35:51.161+0000] {processor.py:830} INFO - Processing file /home/airflow/.local/lib/python3.8/site-packages/airflow/example_dags/example_params_trigger_ui.py for tasks to queue
[2024-03-06T14:35:51.163+0000] {logging_mixin.py:188} INFO - [2024-03-06T14:35:51.163+0000] {dagbag.py:540} INFO - Filling up the DagBag from /home/airflow/.local/lib/python3.8/site-packages/airflow/example_dags/example_params_trigger_ui.py
[2024-03-06T14:35:51.175+0000] {processor.py:840} INFO - DAG(s) 'example_params_trigger_ui' retrieved from /home/airflow/.local/lib/python3.8/site-packages/airflow/example_dags/example_params_trigger_ui.py
[2024-03-06T14:35:51.228+0000] {logging_mixin.py:188} INFO - [2024-03-06T14:35:51.227+0000] {dag.py:3047} INFO - Sync 1 DAGs
[2024-03-06T14:35:51.239+0000] {logging_mixin.py:188} INFO - [2024-03-06T14:35:51.238+0000] {dag.py:3834} INFO - Setting next_dagrun for example_params_trigger_ui to None, run_after=None
[2024-03-06T14:35:51.257+0000] {processor.py:183} INFO - Processing /home/airflow/.local/lib/python3.8/site-packages/airflow/example_dags/example_params_trigger_ui.py took 0.099 seconds
[2024-03-06T14:36:21.917+0000] {processor.py:161} INFO - Started process (PID=318) to work on /home/airflow/.local/lib/python3.8/site-packages/airflow/example_dags/example_params_trigger_ui.py
[2024-03-06T14:36:21.918+0000] {processor.py:830} INFO - Processing file /home/airflow/.local/lib/python3.8/site-packages/airflow/example_dags/example_params_trigger_ui.py for tasks to queue
[2024-03-06T14:36:21.920+0000] {logging_mixin.py:188} INFO - [2024-03-06T14:36:21.920+0000] {dagbag.py:540} INFO - Filling up the DagBag from /home/airflow/.local/lib/python3.8/site-packages/airflow/example_dags/example_params_trigger_ui.py
[2024-03-06T14:36:21.931+0000] {processor.py:840} INFO - DAG(s) 'example_params_trigger_ui' retrieved from /home/airflow/.local/lib/python3.8/site-packages/airflow/example_dags/example_params_trigger_ui.py
[2024-03-06T14:36:21.982+0000] {logging_mixin.py:188} INFO - [2024-03-06T14:36:21.981+0000] {dag.py:3047} INFO - Sync 1 DAGs
[2024-03-06T14:36:21.992+0000] {logging_mixin.py:188} INFO - [2024-03-06T14:36:21.992+0000] {dag.py:3834} INFO - Setting next_dagrun for example_params_trigger_ui to None, run_after=None
[2024-03-06T14:36:22.010+0000] {processor.py:183} INFO - Processing /home/airflow/.local/lib/python3.8/site-packages/airflow/example_dags/example_params_trigger_ui.py took 0.095 seconds
[2024-03-06T14:36:52.503+0000] {processor.py:161} INFO - Started process (PID=373) to work on /home/airflow/.local/lib/python3.8/site-packages/airflow/example_dags/example_params_trigger_ui.py
[2024-03-06T14:36:52.504+0000] {processor.py:830} INFO - Processing file /home/airflow/.local/lib/python3.8/site-packages/airflow/example_dags/example_params_trigger_ui.py for tasks to queue
[2024-03-06T14:36:52.506+0000] {logging_mixin.py:188} INFO - [2024-03-06T14:36:52.505+0000] {dagbag.py:540} INFO - Filling up the DagBag from /home/airflow/.local/lib/python3.8/site-packages/airflow/example_dags/example_params_trigger_ui.py
[2024-03-06T14:36:52.518+0000] {processor.py:840} INFO - DAG(s) 'example_params_trigger_ui' retrieved from /home/airflow/.local/lib/python3.8/site-packages/airflow/example_dags/example_params_trigger_ui.py
[2024-03-06T14:36:52.569+0000] {logging_mixin.py:188} INFO - [2024-03-06T14:36:52.569+0000] {dag.py:3047} INFO - Sync 1 DAGs
[2024-03-06T14:36:52.584+0000] {logging_mixin.py:188} INFO - [2024-03-06T14:36:52.584+0000] {dag.py:3834} INFO - Setting next_dagrun for example_params_trigger_ui to None, run_after=None
[2024-03-06T14:36:52.601+0000] {processor.py:183} INFO - Processing /home/airflow/.local/lib/python3.8/site-packages/airflow/example_dags/example_params_trigger_ui.py took 0.101 seconds
[2024-03-06T14:37:23.104+0000] {processor.py:161} INFO - Started process (PID=428) to work on /home/airflow/.local/lib/python3.8/site-packages/airflow/example_dags/example_params_trigger_ui.py
[2024-03-06T14:37:23.105+0000] {processor.py:830} INFO - Processing file /home/airflow/.local/lib/python3.8/site-packages/airflow/example_dags/example_params_trigger_ui.py for tasks to queue
[2024-03-06T14:37:23.106+0000] {logging_mixin.py:188} INFO - [2024-03-06T14:37:23.106+0000] {dagbag.py:540} INFO - Filling up the DagBag from /home/airflow/.local/lib/python3.8/site-packages/airflow/example_dags/example_params_trigger_ui.py
[2024-03-06T14:37:23.117+0000] {processor.py:840} INFO - DAG(s) 'example_params_trigger_ui' retrieved from /home/airflow/.local/lib/python3.8/site-packages/airflow/example_dags/example_params_trigger_ui.py
[2024-03-06T14:37:23.168+0000] {logging_mixin.py:188} INFO - [2024-03-06T14:37:23.168+0000] {dag.py:3047} INFO - Sync 1 DAGs
[2024-03-06T14:37:23.180+0000] {logging_mixin.py:188} INFO - [2024-03-06T14:37:23.180+0000] {dag.py:3834} INFO - Setting next_dagrun for example_params_trigger_ui to None, run_after=None
[2024-03-06T14:37:23.202+0000] {processor.py:183} INFO - Processing /home/airflow/.local/lib/python3.8/site-packages/airflow/example_dags/example_params_trigger_ui.py took 0.101 seconds
[2024-03-06T14:37:53.320+0000] {processor.py:161} INFO - Started process (PID=483) to work on /home/airflow/.local/lib/python3.8/site-packages/airflow/example_dags/example_params_trigger_ui.py
[2024-03-06T14:37:53.321+0000] {processor.py:830} INFO - Processing file /home/airflow/.local/lib/python3.8/site-packages/airflow/example_dags/example_params_trigger_ui.py for tasks to queue
[2024-03-06T14:37:53.322+0000] {logging_mixin.py:188} INFO - [2024-03-06T14:37:53.322+0000] {dagbag.py:540} INFO - Filling up the DagBag from /home/airflow/.local/lib/python3.8/site-packages/airflow/example_dags/example_params_trigger_ui.py
[2024-03-06T14:37:53.335+0000] {processor.py:840} INFO - DAG(s) 'example_params_trigger_ui' retrieved from /home/airflow/.local/lib/python3.8/site-packages/airflow/example_dags/example_params_trigger_ui.py
[2024-03-06T14:37:53.387+0000] {logging_mixin.py:188} INFO - [2024-03-06T14:37:53.387+0000] {dag.py:3047} INFO - Sync 1 DAGs
[2024-03-06T14:37:53.401+0000] {logging_mixin.py:188} INFO - [2024-03-06T14:37:53.401+0000] {dag.py:3834} INFO - Setting next_dagrun for example_params_trigger_ui to None, run_after=None
[2024-03-06T14:37:53.422+0000] {processor.py:183} INFO - Processing /home/airflow/.local/lib/python3.8/site-packages/airflow/example_dags/example_params_trigger_ui.py took 0.105 seconds
[2024-03-06T14:38:23.987+0000] {processor.py:161} INFO - Started process (PID=538) to work on /home/airflow/.local/lib/python3.8/site-packages/airflow/example_dags/example_params_trigger_ui.py
[2024-03-06T14:38:23.988+0000] {processor.py:830} INFO - Processing file /home/airflow/.local/lib/python3.8/site-packages/airflow/example_dags/example_params_trigger_ui.py for tasks to queue
[2024-03-06T14:38:23.990+0000] {logging_mixin.py:188} INFO - [2024-03-06T14:38:23.990+0000] {dagbag.py:540} INFO - Filling up the DagBag from /home/airflow/.local/lib/python3.8/site-packages/airflow/example_dags/example_params_trigger_ui.py
[2024-03-06T14:38:24.008+0000] {processor.py:840} INFO - DAG(s) 'example_params_trigger_ui' retrieved from /home/airflow/.local/lib/python3.8/site-packages/airflow/example_dags/example_params_trigger_ui.py
[2024-03-06T14:38:24.069+0000] {logging_mixin.py:188} INFO - [2024-03-06T14:38:24.069+0000] {dag.py:3047} INFO - Sync 1 DAGs
[2024-03-06T14:38:24.084+0000] {logging_mixin.py:188} INFO - [2024-03-06T14:38:24.084+0000] {dag.py:3834} INFO - Setting next_dagrun for example_params_trigger_ui to None, run_after=None
[2024-03-06T14:38:24.104+0000] {processor.py:183} INFO - Processing /home/airflow/.local/lib/python3.8/site-packages/airflow/example_dags/example_params_trigger_ui.py took 0.120 seconds
[2024-03-06T14:38:54.499+0000] {processor.py:161} INFO - Started process (PID=593) to work on /home/airflow/.local/lib/python3.8/site-packages/airflow/example_dags/example_params_trigger_ui.py
[2024-03-06T14:38:54.500+0000] {processor.py:830} INFO - Processing file /home/airflow/.local/lib/python3.8/site-packages/airflow/example_dags/example_params_trigger_ui.py for tasks to queue
[2024-03-06T14:38:54.501+0000] {logging_mixin.py:188} INFO - [2024-03-06T14:38:54.501+0000] {dagbag.py:540} INFO - Filling up the DagBag from /home/airflow/.local/lib/python3.8/site-packages/airflow/example_dags/example_params_trigger_ui.py
[2024-03-06T14:38:54.512+0000] {processor.py:840} INFO - DAG(s) 'example_params_trigger_ui' retrieved from /home/airflow/.local/lib/python3.8/site-packages/airflow/example_dags/example_params_trigger_ui.py
[2024-03-06T14:38:54.523+0000] {logging_mixin.py:188} INFO - [2024-03-06T14:38:54.523+0000] {dag.py:3047} INFO - Sync 1 DAGs
[2024-03-06T14:38:54.535+0000] {logging_mixin.py:188} INFO - [2024-03-06T14:38:54.535+0000] {dag.py:3834} INFO - Setting next_dagrun for example_params_trigger_ui to None, run_after=None
[2024-03-06T14:38:54.552+0000] {processor.py:183} INFO - Processing /home/airflow/.local/lib/python3.8/site-packages/airflow/example_dags/example_params_trigger_ui.py took 0.057 seconds
[2024-03-06T14:39:25.113+0000] {processor.py:161} INFO - Started process (PID=648) to work on /home/airflow/.local/lib/python3.8/site-packages/airflow/example_dags/example_params_trigger_ui.py
[2024-03-06T14:39:25.114+0000] {processor.py:830} INFO - Processing file /home/airflow/.local/lib/python3.8/site-packages/airflow/example_dags/example_params_trigger_ui.py for tasks to queue
[2024-03-06T14:39:25.116+0000] {logging_mixin.py:188} INFO - [2024-03-06T14:39:25.115+0000] {dagbag.py:540} INFO - Filling up the DagBag from /home/airflow/.local/lib/python3.8/site-packages/airflow/example_dags/example_params_trigger_ui.py
[2024-03-06T14:39:25.131+0000] {processor.py:840} INFO - DAG(s) 'example_params_trigger_ui' retrieved from /home/airflow/.local/lib/python3.8/site-packages/airflow/example_dags/example_params_trigger_ui.py
[2024-03-06T14:39:25.257+0000] {logging_mixin.py:188} INFO - [2024-03-06T14:39:25.257+0000] {dag.py:3047} INFO - Sync 1 DAGs
[2024-03-06T14:39:25.268+0000] {logging_mixin.py:188} INFO - [2024-03-06T14:39:25.268+0000] {dag.py:3834} INFO - Setting next_dagrun for example_params_trigger_ui to None, run_after=None
[2024-03-06T14:39:25.286+0000] {processor.py:183} INFO - Processing /home/airflow/.local/lib/python3.8/site-packages/airflow/example_dags/example_params_trigger_ui.py took 0.176 seconds
[2024-03-06T14:43:25.397+0000] {processor.py:161} INFO - Started process (PID=43) to work on /home/airflow/.local/lib/python3.8/site-packages/airflow/example_dags/example_params_trigger_ui.py
[2024-03-06T14:43:25.398+0000] {processor.py:830} INFO - Processing file /home/airflow/.local/lib/python3.8/site-packages/airflow/example_dags/example_params_trigger_ui.py for tasks to queue
[2024-03-06T14:43:25.400+0000] {logging_mixin.py:188} INFO - [2024-03-06T14:43:25.399+0000] {dagbag.py:540} INFO - Filling up the DagBag from /home/airflow/.local/lib/python3.8/site-packages/airflow/example_dags/example_params_trigger_ui.py
[2024-03-06T14:43:25.416+0000] {processor.py:840} INFO - DAG(s) 'example_params_trigger_ui' retrieved from /home/airflow/.local/lib/python3.8/site-packages/airflow/example_dags/example_params_trigger_ui.py
[2024-03-06T14:43:25.569+0000] {logging_mixin.py:188} INFO - [2024-03-06T14:43:25.569+0000] {override.py:1769} INFO - Created Permission View: can delete on DAG:example_params_trigger_ui
[2024-03-06T14:43:25.579+0000] {logging_mixin.py:188} INFO - [2024-03-06T14:43:25.579+0000] {override.py:1769} INFO - Created Permission View: can read on DAG:example_params_trigger_ui
[2024-03-06T14:43:25.586+0000] {logging_mixin.py:188} INFO - [2024-03-06T14:43:25.586+0000] {override.py:1769} INFO - Created Permission View: can edit on DAG:example_params_trigger_ui
[2024-03-06T14:43:25.587+0000] {logging_mixin.py:188} INFO - [2024-03-06T14:43:25.587+0000] {dag.py:3047} INFO - Sync 1 DAGs
[2024-03-06T14:43:25.602+0000] {logging_mixin.py:188} INFO - [2024-03-06T14:43:25.601+0000] {dag.py:3069} INFO - Creating ORM DAG for example_params_trigger_ui
[2024-03-06T14:43:25.602+0000] {logging_mixin.py:188} INFO - [2024-03-06T14:43:25.602+0000] {dag.py:3834} INFO - Setting next_dagrun for example_params_trigger_ui to None, run_after=None
[2024-03-06T14:43:25.624+0000] {processor.py:183} INFO - Processing /home/airflow/.local/lib/python3.8/site-packages/airflow/example_dags/example_params_trigger_ui.py took 0.230 seconds
[2024-03-06T14:43:55.697+0000] {processor.py:161} INFO - Started process (PID=98) to work on /home/airflow/.local/lib/python3.8/site-packages/airflow/example_dags/example_params_trigger_ui.py
[2024-03-06T14:43:55.698+0000] {processor.py:830} INFO - Processing file /home/airflow/.local/lib/python3.8/site-packages/airflow/example_dags/example_params_trigger_ui.py for tasks to queue
[2024-03-06T14:43:55.700+0000] {logging_mixin.py:188} INFO - [2024-03-06T14:43:55.700+0000] {dagbag.py:540} INFO - Filling up the DagBag from /home/airflow/.local/lib/python3.8/site-packages/airflow/example_dags/example_params_trigger_ui.py
[2024-03-06T14:43:55.711+0000] {processor.py:840} INFO - DAG(s) 'example_params_trigger_ui' retrieved from /home/airflow/.local/lib/python3.8/site-packages/airflow/example_dags/example_params_trigger_ui.py
[2024-03-06T14:43:55.763+0000] {logging_mixin.py:188} INFO - [2024-03-06T14:43:55.763+0000] {dag.py:3047} INFO - Sync 1 DAGs
[2024-03-06T14:43:55.777+0000] {logging_mixin.py:188} INFO - [2024-03-06T14:43:55.777+0000] {dag.py:3834} INFO - Setting next_dagrun for example_params_trigger_ui to None, run_after=None
[2024-03-06T14:43:55.852+0000] {processor.py:183} INFO - Processing /home/airflow/.local/lib/python3.8/site-packages/airflow/example_dags/example_params_trigger_ui.py took 0.158 seconds
[2024-03-06T14:44:26.247+0000] {processor.py:161} INFO - Started process (PID=153) to work on /home/airflow/.local/lib/python3.8/site-packages/airflow/example_dags/example_params_trigger_ui.py
[2024-03-06T14:44:26.249+0000] {processor.py:830} INFO - Processing file /home/airflow/.local/lib/python3.8/site-packages/airflow/example_dags/example_params_trigger_ui.py for tasks to queue
[2024-03-06T14:44:26.250+0000] {logging_mixin.py:188} INFO - [2024-03-06T14:44:26.250+0000] {dagbag.py:540} INFO - Filling up the DagBag from /home/airflow/.local/lib/python3.8/site-packages/airflow/example_dags/example_params_trigger_ui.py
[2024-03-06T14:44:26.263+0000] {processor.py:840} INFO - DAG(s) 'example_params_trigger_ui' retrieved from /home/airflow/.local/lib/python3.8/site-packages/airflow/example_dags/example_params_trigger_ui.py
[2024-03-06T14:44:26.321+0000] {logging_mixin.py:188} INFO - [2024-03-06T14:44:26.321+0000] {dag.py:3047} INFO - Sync 1 DAGs
[2024-03-06T14:44:26.334+0000] {logging_mixin.py:188} INFO - [2024-03-06T14:44:26.334+0000] {dag.py:3834} INFO - Setting next_dagrun for example_params_trigger_ui to None, run_after=None
[2024-03-06T14:44:26.357+0000] {processor.py:183} INFO - Processing /home/airflow/.local/lib/python3.8/site-packages/airflow/example_dags/example_params_trigger_ui.py took 0.112 seconds
[2024-03-06T14:44:56.770+0000] {processor.py:161} INFO - Started process (PID=208) to work on /home/airflow/.local/lib/python3.8/site-packages/airflow/example_dags/example_params_trigger_ui.py
[2024-03-06T14:44:56.771+0000] {processor.py:830} INFO - Processing file /home/airflow/.local/lib/python3.8/site-packages/airflow/example_dags/example_params_trigger_ui.py for tasks to queue
[2024-03-06T14:44:56.774+0000] {logging_mixin.py:188} INFO - [2024-03-06T14:44:56.774+0000] {dagbag.py:540} INFO - Filling up the DagBag from /home/airflow/.local/lib/python3.8/site-packages/airflow/example_dags/example_params_trigger_ui.py
[2024-03-06T14:44:56.791+0000] {processor.py:840} INFO - DAG(s) 'example_params_trigger_ui' retrieved from /home/airflow/.local/lib/python3.8/site-packages/airflow/example_dags/example_params_trigger_ui.py
[2024-03-06T14:44:56.852+0000] {logging_mixin.py:188} INFO - [2024-03-06T14:44:56.852+0000] {dag.py:3047} INFO - Sync 1 DAGs
[2024-03-06T14:44:56.864+0000] {logging_mixin.py:188} INFO - [2024-03-06T14:44:56.863+0000] {dag.py:3834} INFO - Setting next_dagrun for example_params_trigger_ui to None, run_after=None
[2024-03-06T14:44:56.882+0000] {processor.py:183} INFO - Processing /home/airflow/.local/lib/python3.8/site-packages/airflow/example_dags/example_params_trigger_ui.py took 0.116 seconds
[2024-03-06T14:45:27.322+0000] {processor.py:161} INFO - Started process (PID=263) to work on /home/airflow/.local/lib/python3.8/site-packages/airflow/example_dags/example_params_trigger_ui.py
[2024-03-06T14:45:27.323+0000] {processor.py:830} INFO - Processing file /home/airflow/.local/lib/python3.8/site-packages/airflow/example_dags/example_params_trigger_ui.py for tasks to queue
[2024-03-06T14:45:27.325+0000] {logging_mixin.py:188} INFO - [2024-03-06T14:45:27.324+0000] {dagbag.py:540} INFO - Filling up the DagBag from /home/airflow/.local/lib/python3.8/site-packages/airflow/example_dags/example_params_trigger_ui.py
[2024-03-06T14:45:27.336+0000] {processor.py:840} INFO - DAG(s) 'example_params_trigger_ui' retrieved from /home/airflow/.local/lib/python3.8/site-packages/airflow/example_dags/example_params_trigger_ui.py
[2024-03-06T14:45:27.387+0000] {logging_mixin.py:188} INFO - [2024-03-06T14:45:27.387+0000] {dag.py:3047} INFO - Sync 1 DAGs
[2024-03-06T14:45:27.398+0000] {logging_mixin.py:188} INFO - [2024-03-06T14:45:27.398+0000] {dag.py:3834} INFO - Setting next_dagrun for example_params_trigger_ui to None, run_after=None
[2024-03-06T14:45:27.418+0000] {processor.py:183} INFO - Processing /home/airflow/.local/lib/python3.8/site-packages/airflow/example_dags/example_params_trigger_ui.py took 0.099 seconds
[2024-03-06T14:45:58.013+0000] {processor.py:161} INFO - Started process (PID=319) to work on /home/airflow/.local/lib/python3.8/site-packages/airflow/example_dags/example_params_trigger_ui.py
[2024-03-06T14:45:58.015+0000] {processor.py:830} INFO - Processing file /home/airflow/.local/lib/python3.8/site-packages/airflow/example_dags/example_params_trigger_ui.py for tasks to queue
[2024-03-06T14:45:58.017+0000] {logging_mixin.py:188} INFO - [2024-03-06T14:45:58.016+0000] {dagbag.py:540} INFO - Filling up the DagBag from /home/airflow/.local/lib/python3.8/site-packages/airflow/example_dags/example_params_trigger_ui.py
[2024-03-06T14:45:58.032+0000] {processor.py:840} INFO - DAG(s) 'example_params_trigger_ui' retrieved from /home/airflow/.local/lib/python3.8/site-packages/airflow/example_dags/example_params_trigger_ui.py
[2024-03-06T14:45:58.044+0000] {logging_mixin.py:188} INFO - [2024-03-06T14:45:58.043+0000] {dag.py:3047} INFO - Sync 1 DAGs
[2024-03-06T14:45:58.058+0000] {logging_mixin.py:188} INFO - [2024-03-06T14:45:58.057+0000] {dag.py:3834} INFO - Setting next_dagrun for example_params_trigger_ui to None, run_after=None
[2024-03-06T14:45:58.079+0000] {processor.py:183} INFO - Processing /home/airflow/.local/lib/python3.8/site-packages/airflow/example_dags/example_params_trigger_ui.py took 0.069 seconds
[2024-03-06T14:46:28.825+0000] {processor.py:161} INFO - Started process (PID=374) to work on /home/airflow/.local/lib/python3.8/site-packages/airflow/example_dags/example_params_trigger_ui.py
[2024-03-06T14:46:28.826+0000] {processor.py:830} INFO - Processing file /home/airflow/.local/lib/python3.8/site-packages/airflow/example_dags/example_params_trigger_ui.py for tasks to queue
[2024-03-06T14:46:28.827+0000] {logging_mixin.py:188} INFO - [2024-03-06T14:46:28.827+0000] {dagbag.py:540} INFO - Filling up the DagBag from /home/airflow/.local/lib/python3.8/site-packages/airflow/example_dags/example_params_trigger_ui.py
[2024-03-06T14:46:28.838+0000] {processor.py:840} INFO - DAG(s) 'example_params_trigger_ui' retrieved from /home/airflow/.local/lib/python3.8/site-packages/airflow/example_dags/example_params_trigger_ui.py
[2024-03-06T14:46:28.967+0000] {logging_mixin.py:188} INFO - [2024-03-06T14:46:28.966+0000] {dag.py:3047} INFO - Sync 1 DAGs
[2024-03-06T14:46:28.976+0000] {logging_mixin.py:188} INFO - [2024-03-06T14:46:28.976+0000] {dag.py:3834} INFO - Setting next_dagrun for example_params_trigger_ui to None, run_after=None
[2024-03-06T14:46:28.995+0000] {processor.py:183} INFO - Processing /home/airflow/.local/lib/python3.8/site-packages/airflow/example_dags/example_params_trigger_ui.py took 0.173 seconds
