[2024-03-06T14:33:49.624+0000] {processor.py:161} INFO - Started process (PID=56) to work on /home/airflow/.local/lib/python3.8/site-packages/airflow/example_dags/example_latest_only_with_trigger.py
[2024-03-06T14:33:49.625+0000] {processor.py:830} INFO - Processing file /home/airflow/.local/lib/python3.8/site-packages/airflow/example_dags/example_latest_only_with_trigger.py for tasks to queue
[2024-03-06T14:33:49.626+0000] {logging_mixin.py:188} INFO - [2024-03-06T14:33:49.626+0000] {dagbag.py:540} INFO - Filling up the DagBag from /home/airflow/.local/lib/python3.8/site-packages/airflow/example_dags/example_latest_only_with_trigger.py
[2024-03-06T14:33:49.634+0000] {processor.py:840} INFO - DAG(s) 'latest_only_with_trigger' retrieved from /home/airflow/.local/lib/python3.8/site-packages/airflow/example_dags/example_latest_only_with_trigger.py
[2024-03-06T14:33:49.645+0000] {logging_mixin.py:188} INFO - [2024-03-06T14:33:49.645+0000] {dag.py:3047} INFO - Sync 1 DAGs
[2024-03-06T14:33:49.667+0000] {logging_mixin.py:188} INFO - [2024-03-06T14:33:49.667+0000] {dag.py:3834} INFO - Setting next_dagrun for latest_only_with_trigger to 2024-03-06 08:00:00+00:00, run_after=2024-03-06 12:00:00+00:00
[2024-03-06T14:33:49.688+0000] {processor.py:183} INFO - Processing /home/airflow/.local/lib/python3.8/site-packages/airflow/example_dags/example_latest_only_with_trigger.py took 0.067 seconds
[2024-03-06T14:34:21.065+0000] {processor.py:161} INFO - Started process (PID=111) to work on /home/airflow/.local/lib/python3.8/site-packages/airflow/example_dags/example_latest_only_with_trigger.py
[2024-03-06T14:34:21.066+0000] {processor.py:830} INFO - Processing file /home/airflow/.local/lib/python3.8/site-packages/airflow/example_dags/example_latest_only_with_trigger.py for tasks to queue
[2024-03-06T14:34:21.068+0000] {logging_mixin.py:188} INFO - [2024-03-06T14:34:21.068+0000] {dagbag.py:540} INFO - Filling up the DagBag from /home/airflow/.local/lib/python3.8/site-packages/airflow/example_dags/example_latest_only_with_trigger.py
[2024-03-06T14:34:21.074+0000] {processor.py:840} INFO - DAG(s) 'latest_only_with_trigger' retrieved from /home/airflow/.local/lib/python3.8/site-packages/airflow/example_dags/example_latest_only_with_trigger.py
[2024-03-06T14:34:21.178+0000] {logging_mixin.py:188} INFO - [2024-03-06T14:34:21.178+0000] {dag.py:3047} INFO - Sync 1 DAGs
[2024-03-06T14:34:21.201+0000] {logging_mixin.py:188} INFO - [2024-03-06T14:34:21.201+0000] {dag.py:3834} INFO - Setting next_dagrun for latest_only_with_trigger to 2024-03-06 08:00:00+00:00, run_after=2024-03-06 12:00:00+00:00
[2024-03-06T14:34:21.218+0000] {processor.py:183} INFO - Processing /home/airflow/.local/lib/python3.8/site-packages/airflow/example_dags/example_latest_only_with_trigger.py took 0.156 seconds
[2024-03-06T14:34:51.309+0000] {processor.py:161} INFO - Started process (PID=166) to work on /home/airflow/.local/lib/python3.8/site-packages/airflow/example_dags/example_latest_only_with_trigger.py
[2024-03-06T14:34:51.311+0000] {processor.py:830} INFO - Processing file /home/airflow/.local/lib/python3.8/site-packages/airflow/example_dags/example_latest_only_with_trigger.py for tasks to queue
[2024-03-06T14:34:51.312+0000] {logging_mixin.py:188} INFO - [2024-03-06T14:34:51.312+0000] {dagbag.py:540} INFO - Filling up the DagBag from /home/airflow/.local/lib/python3.8/site-packages/airflow/example_dags/example_latest_only_with_trigger.py
[2024-03-06T14:34:51.319+0000] {processor.py:840} INFO - DAG(s) 'latest_only_with_trigger' retrieved from /home/airflow/.local/lib/python3.8/site-packages/airflow/example_dags/example_latest_only_with_trigger.py
[2024-03-06T14:34:51.330+0000] {logging_mixin.py:188} INFO - [2024-03-06T14:34:51.330+0000] {dag.py:3047} INFO - Sync 1 DAGs
[2024-03-06T14:34:51.358+0000] {logging_mixin.py:188} INFO - [2024-03-06T14:34:51.358+0000] {dag.py:3834} INFO - Setting next_dagrun for latest_only_with_trigger to 2024-03-06 08:00:00+00:00, run_after=2024-03-06 12:00:00+00:00
[2024-03-06T14:34:51.389+0000] {processor.py:183} INFO - Processing /home/airflow/.local/lib/python3.8/site-packages/airflow/example_dags/example_latest_only_with_trigger.py took 0.082 seconds
[2024-03-06T14:35:22.455+0000] {processor.py:161} INFO - Started process (PID=221) to work on /home/airflow/.local/lib/python3.8/site-packages/airflow/example_dags/example_latest_only_with_trigger.py
[2024-03-06T14:35:22.456+0000] {processor.py:830} INFO - Processing file /home/airflow/.local/lib/python3.8/site-packages/airflow/example_dags/example_latest_only_with_trigger.py for tasks to queue
[2024-03-06T14:35:22.458+0000] {logging_mixin.py:188} INFO - [2024-03-06T14:35:22.457+0000] {dagbag.py:540} INFO - Filling up the DagBag from /home/airflow/.local/lib/python3.8/site-packages/airflow/example_dags/example_latest_only_with_trigger.py
[2024-03-06T14:35:22.466+0000] {processor.py:840} INFO - DAG(s) 'latest_only_with_trigger' retrieved from /home/airflow/.local/lib/python3.8/site-packages/airflow/example_dags/example_latest_only_with_trigger.py
[2024-03-06T14:35:22.620+0000] {logging_mixin.py:188} INFO - [2024-03-06T14:35:22.620+0000] {dag.py:3047} INFO - Sync 1 DAGs
[2024-03-06T14:35:22.651+0000] {logging_mixin.py:188} INFO - [2024-03-06T14:35:22.650+0000] {dag.py:3834} INFO - Setting next_dagrun for latest_only_with_trigger to 2024-03-06 08:00:00+00:00, run_after=2024-03-06 12:00:00+00:00
[2024-03-06T14:35:22.688+0000] {processor.py:183} INFO - Processing /home/airflow/.local/lib/python3.8/site-packages/airflow/example_dags/example_latest_only_with_trigger.py took 0.238 seconds
[2024-03-06T14:35:52.900+0000] {processor.py:161} INFO - Started process (PID=276) to work on /home/airflow/.local/lib/python3.8/site-packages/airflow/example_dags/example_latest_only_with_trigger.py
[2024-03-06T14:35:52.901+0000] {processor.py:830} INFO - Processing file /home/airflow/.local/lib/python3.8/site-packages/airflow/example_dags/example_latest_only_with_trigger.py for tasks to queue
[2024-03-06T14:35:52.902+0000] {logging_mixin.py:188} INFO - [2024-03-06T14:35:52.902+0000] {dagbag.py:540} INFO - Filling up the DagBag from /home/airflow/.local/lib/python3.8/site-packages/airflow/example_dags/example_latest_only_with_trigger.py
[2024-03-06T14:35:52.907+0000] {processor.py:840} INFO - DAG(s) 'latest_only_with_trigger' retrieved from /home/airflow/.local/lib/python3.8/site-packages/airflow/example_dags/example_latest_only_with_trigger.py
[2024-03-06T14:35:52.927+0000] {logging_mixin.py:188} INFO - [2024-03-06T14:35:52.927+0000] {dag.py:3047} INFO - Sync 1 DAGs
[2024-03-06T14:35:52.947+0000] {logging_mixin.py:188} INFO - [2024-03-06T14:35:52.947+0000] {dag.py:3834} INFO - Setting next_dagrun for latest_only_with_trigger to 2024-03-06 08:00:00+00:00, run_after=2024-03-06 12:00:00+00:00
[2024-03-06T14:35:52.967+0000] {processor.py:183} INFO - Processing /home/airflow/.local/lib/python3.8/site-packages/airflow/example_dags/example_latest_only_with_trigger.py took 0.070 seconds
[2024-03-06T14:36:23.667+0000] {processor.py:161} INFO - Started process (PID=331) to work on /home/airflow/.local/lib/python3.8/site-packages/airflow/example_dags/example_latest_only_with_trigger.py
[2024-03-06T14:36:23.668+0000] {processor.py:830} INFO - Processing file /home/airflow/.local/lib/python3.8/site-packages/airflow/example_dags/example_latest_only_with_trigger.py for tasks to queue
[2024-03-06T14:36:23.670+0000] {logging_mixin.py:188} INFO - [2024-03-06T14:36:23.669+0000] {dagbag.py:540} INFO - Filling up the DagBag from /home/airflow/.local/lib/python3.8/site-packages/airflow/example_dags/example_latest_only_with_trigger.py
[2024-03-06T14:36:23.674+0000] {processor.py:840} INFO - DAG(s) 'latest_only_with_trigger' retrieved from /home/airflow/.local/lib/python3.8/site-packages/airflow/example_dags/example_latest_only_with_trigger.py
[2024-03-06T14:36:23.693+0000] {logging_mixin.py:188} INFO - [2024-03-06T14:36:23.693+0000] {dag.py:3047} INFO - Sync 1 DAGs
[2024-03-06T14:36:23.713+0000] {logging_mixin.py:188} INFO - [2024-03-06T14:36:23.713+0000] {dag.py:3834} INFO - Setting next_dagrun for latest_only_with_trigger to 2024-03-06 08:00:00+00:00, run_after=2024-03-06 12:00:00+00:00
[2024-03-06T14:36:23.731+0000] {processor.py:183} INFO - Processing /home/airflow/.local/lib/python3.8/site-packages/airflow/example_dags/example_latest_only_with_trigger.py took 0.067 seconds
[2024-03-06T14:36:54.196+0000] {processor.py:161} INFO - Started process (PID=386) to work on /home/airflow/.local/lib/python3.8/site-packages/airflow/example_dags/example_latest_only_with_trigger.py
[2024-03-06T14:36:54.198+0000] {processor.py:830} INFO - Processing file /home/airflow/.local/lib/python3.8/site-packages/airflow/example_dags/example_latest_only_with_trigger.py for tasks to queue
[2024-03-06T14:36:54.200+0000] {logging_mixin.py:188} INFO - [2024-03-06T14:36:54.200+0000] {dagbag.py:540} INFO - Filling up the DagBag from /home/airflow/.local/lib/python3.8/site-packages/airflow/example_dags/example_latest_only_with_trigger.py
[2024-03-06T14:36:54.207+0000] {processor.py:840} INFO - DAG(s) 'latest_only_with_trigger' retrieved from /home/airflow/.local/lib/python3.8/site-packages/airflow/example_dags/example_latest_only_with_trigger.py
[2024-03-06T14:36:54.227+0000] {logging_mixin.py:188} INFO - [2024-03-06T14:36:54.227+0000] {dag.py:3047} INFO - Sync 1 DAGs
[2024-03-06T14:36:54.253+0000] {logging_mixin.py:188} INFO - [2024-03-06T14:36:54.252+0000] {dag.py:3834} INFO - Setting next_dagrun for latest_only_with_trigger to 2024-03-06 08:00:00+00:00, run_after=2024-03-06 12:00:00+00:00
[2024-03-06T14:36:54.273+0000] {processor.py:183} INFO - Processing /home/airflow/.local/lib/python3.8/site-packages/airflow/example_dags/example_latest_only_with_trigger.py took 0.080 seconds
[2024-03-06T14:37:24.949+0000] {processor.py:161} INFO - Started process (PID=441) to work on /home/airflow/.local/lib/python3.8/site-packages/airflow/example_dags/example_latest_only_with_trigger.py
[2024-03-06T14:37:24.950+0000] {processor.py:830} INFO - Processing file /home/airflow/.local/lib/python3.8/site-packages/airflow/example_dags/example_latest_only_with_trigger.py for tasks to queue
[2024-03-06T14:37:24.952+0000] {logging_mixin.py:188} INFO - [2024-03-06T14:37:24.951+0000] {dagbag.py:540} INFO - Filling up the DagBag from /home/airflow/.local/lib/python3.8/site-packages/airflow/example_dags/example_latest_only_with_trigger.py
[2024-03-06T14:37:24.957+0000] {processor.py:840} INFO - DAG(s) 'latest_only_with_trigger' retrieved from /home/airflow/.local/lib/python3.8/site-packages/airflow/example_dags/example_latest_only_with_trigger.py
[2024-03-06T14:37:24.975+0000] {logging_mixin.py:188} INFO - [2024-03-06T14:37:24.975+0000] {dag.py:3047} INFO - Sync 1 DAGs
[2024-03-06T14:37:25.009+0000] {logging_mixin.py:188} INFO - [2024-03-06T14:37:25.008+0000] {dag.py:3834} INFO - Setting next_dagrun for latest_only_with_trigger to 2024-03-06 08:00:00+00:00, run_after=2024-03-06 12:00:00+00:00
[2024-03-06T14:37:25.042+0000] {processor.py:183} INFO - Processing /home/airflow/.local/lib/python3.8/site-packages/airflow/example_dags/example_latest_only_with_trigger.py took 0.097 seconds
[2024-03-06T14:37:55.141+0000] {processor.py:161} INFO - Started process (PID=496) to work on /home/airflow/.local/lib/python3.8/site-packages/airflow/example_dags/example_latest_only_with_trigger.py
[2024-03-06T14:37:55.142+0000] {processor.py:830} INFO - Processing file /home/airflow/.local/lib/python3.8/site-packages/airflow/example_dags/example_latest_only_with_trigger.py for tasks to queue
[2024-03-06T14:37:55.144+0000] {logging_mixin.py:188} INFO - [2024-03-06T14:37:55.144+0000] {dagbag.py:540} INFO - Filling up the DagBag from /home/airflow/.local/lib/python3.8/site-packages/airflow/example_dags/example_latest_only_with_trigger.py
[2024-03-06T14:37:55.149+0000] {processor.py:840} INFO - DAG(s) 'latest_only_with_trigger' retrieved from /home/airflow/.local/lib/python3.8/site-packages/airflow/example_dags/example_latest_only_with_trigger.py
[2024-03-06T14:37:55.171+0000] {logging_mixin.py:188} INFO - [2024-03-06T14:37:55.171+0000] {dag.py:3047} INFO - Sync 1 DAGs
[2024-03-06T14:37:55.202+0000] {logging_mixin.py:188} INFO - [2024-03-06T14:37:55.201+0000] {dag.py:3834} INFO - Setting next_dagrun for latest_only_with_trigger to 2024-03-06 08:00:00+00:00, run_after=2024-03-06 12:00:00+00:00
[2024-03-06T14:37:55.224+0000] {processor.py:183} INFO - Processing /home/airflow/.local/lib/python3.8/site-packages/airflow/example_dags/example_latest_only_with_trigger.py took 0.086 seconds
[2024-03-06T14:38:25.744+0000] {processor.py:161} INFO - Started process (PID=551) to work on /home/airflow/.local/lib/python3.8/site-packages/airflow/example_dags/example_latest_only_with_trigger.py
[2024-03-06T14:38:25.745+0000] {processor.py:830} INFO - Processing file /home/airflow/.local/lib/python3.8/site-packages/airflow/example_dags/example_latest_only_with_trigger.py for tasks to queue
[2024-03-06T14:38:25.748+0000] {logging_mixin.py:188} INFO - [2024-03-06T14:38:25.747+0000] {dagbag.py:540} INFO - Filling up the DagBag from /home/airflow/.local/lib/python3.8/site-packages/airflow/example_dags/example_latest_only_with_trigger.py
[2024-03-06T14:38:25.753+0000] {processor.py:840} INFO - DAG(s) 'latest_only_with_trigger' retrieved from /home/airflow/.local/lib/python3.8/site-packages/airflow/example_dags/example_latest_only_with_trigger.py
[2024-03-06T14:38:25.778+0000] {logging_mixin.py:188} INFO - [2024-03-06T14:38:25.778+0000] {dag.py:3047} INFO - Sync 1 DAGs
[2024-03-06T14:38:25.806+0000] {logging_mixin.py:188} INFO - [2024-03-06T14:38:25.805+0000] {dag.py:3834} INFO - Setting next_dagrun for latest_only_with_trigger to 2024-03-06 08:00:00+00:00, run_after=2024-03-06 12:00:00+00:00
[2024-03-06T14:38:25.826+0000] {processor.py:183} INFO - Processing /home/airflow/.local/lib/python3.8/site-packages/airflow/example_dags/example_latest_only_with_trigger.py took 0.086 seconds
[2024-03-06T14:38:56.098+0000] {processor.py:161} INFO - Started process (PID=606) to work on /home/airflow/.local/lib/python3.8/site-packages/airflow/example_dags/example_latest_only_with_trigger.py
[2024-03-06T14:38:56.099+0000] {processor.py:830} INFO - Processing file /home/airflow/.local/lib/python3.8/site-packages/airflow/example_dags/example_latest_only_with_trigger.py for tasks to queue
[2024-03-06T14:38:56.101+0000] {logging_mixin.py:188} INFO - [2024-03-06T14:38:56.100+0000] {dagbag.py:540} INFO - Filling up the DagBag from /home/airflow/.local/lib/python3.8/site-packages/airflow/example_dags/example_latest_only_with_trigger.py
[2024-03-06T14:38:56.107+0000] {processor.py:840} INFO - DAG(s) 'latest_only_with_trigger' retrieved from /home/airflow/.local/lib/python3.8/site-packages/airflow/example_dags/example_latest_only_with_trigger.py
[2024-03-06T14:38:56.119+0000] {logging_mixin.py:188} INFO - [2024-03-06T14:38:56.119+0000] {dag.py:3047} INFO - Sync 1 DAGs
[2024-03-06T14:38:56.144+0000] {logging_mixin.py:188} INFO - [2024-03-06T14:38:56.144+0000] {dag.py:3834} INFO - Setting next_dagrun for latest_only_with_trigger to 2024-03-06 08:00:00+00:00, run_after=2024-03-06 12:00:00+00:00
[2024-03-06T14:38:56.168+0000] {processor.py:183} INFO - Processing /home/airflow/.local/lib/python3.8/site-packages/airflow/example_dags/example_latest_only_with_trigger.py took 0.074 seconds
[2024-03-06T14:39:27.392+0000] {processor.py:161} INFO - Started process (PID=661) to work on /home/airflow/.local/lib/python3.8/site-packages/airflow/example_dags/example_latest_only_with_trigger.py
[2024-03-06T14:39:27.393+0000] {processor.py:830} INFO - Processing file /home/airflow/.local/lib/python3.8/site-packages/airflow/example_dags/example_latest_only_with_trigger.py for tasks to queue
[2024-03-06T14:39:27.396+0000] {logging_mixin.py:188} INFO - [2024-03-06T14:39:27.395+0000] {dagbag.py:540} INFO - Filling up the DagBag from /home/airflow/.local/lib/python3.8/site-packages/airflow/example_dags/example_latest_only_with_trigger.py
[2024-03-06T14:39:27.401+0000] {processor.py:840} INFO - DAG(s) 'latest_only_with_trigger' retrieved from /home/airflow/.local/lib/python3.8/site-packages/airflow/example_dags/example_latest_only_with_trigger.py
[2024-03-06T14:39:27.506+0000] {logging_mixin.py:188} INFO - [2024-03-06T14:39:27.506+0000] {dag.py:3047} INFO - Sync 1 DAGs
[2024-03-06T14:39:27.527+0000] {logging_mixin.py:188} INFO - [2024-03-06T14:39:27.527+0000] {dag.py:3834} INFO - Setting next_dagrun for latest_only_with_trigger to 2024-03-06 08:00:00+00:00, run_after=2024-03-06 12:00:00+00:00
[2024-03-06T14:39:27.548+0000] {processor.py:183} INFO - Processing /home/airflow/.local/lib/python3.8/site-packages/airflow/example_dags/example_latest_only_with_trigger.py took 0.159 seconds
[2024-03-06T14:43:26.894+0000] {processor.py:161} INFO - Started process (PID=56) to work on /home/airflow/.local/lib/python3.8/site-packages/airflow/example_dags/example_latest_only_with_trigger.py
[2024-03-06T14:43:26.895+0000] {processor.py:830} INFO - Processing file /home/airflow/.local/lib/python3.8/site-packages/airflow/example_dags/example_latest_only_with_trigger.py for tasks to queue
[2024-03-06T14:43:26.897+0000] {logging_mixin.py:188} INFO - [2024-03-06T14:43:26.896+0000] {dagbag.py:540} INFO - Filling up the DagBag from /home/airflow/.local/lib/python3.8/site-packages/airflow/example_dags/example_latest_only_with_trigger.py
[2024-03-06T14:43:26.904+0000] {processor.py:840} INFO - DAG(s) 'latest_only_with_trigger' retrieved from /home/airflow/.local/lib/python3.8/site-packages/airflow/example_dags/example_latest_only_with_trigger.py
[2024-03-06T14:43:27.019+0000] {logging_mixin.py:188} INFO - [2024-03-06T14:43:27.018+0000] {override.py:1769} INFO - Created Permission View: can delete on DAG:latest_only_with_trigger
[2024-03-06T14:43:27.031+0000] {logging_mixin.py:188} INFO - [2024-03-06T14:43:27.030+0000] {override.py:1769} INFO - Created Permission View: can read on DAG:latest_only_with_trigger
[2024-03-06T14:43:27.038+0000] {logging_mixin.py:188} INFO - [2024-03-06T14:43:27.038+0000] {override.py:1769} INFO - Created Permission View: can edit on DAG:latest_only_with_trigger
[2024-03-06T14:43:27.038+0000] {logging_mixin.py:188} INFO - [2024-03-06T14:43:27.038+0000] {dag.py:3047} INFO - Sync 1 DAGs
[2024-03-06T14:43:27.049+0000] {logging_mixin.py:188} INFO - [2024-03-06T14:43:27.049+0000] {dag.py:3069} INFO - Creating ORM DAG for latest_only_with_trigger
[2024-03-06T14:43:27.058+0000] {logging_mixin.py:188} INFO - [2024-03-06T14:43:27.058+0000] {dag.py:3834} INFO - Setting next_dagrun for latest_only_with_trigger to 2024-03-06 08:00:00+00:00, run_after=2024-03-06 12:00:00+00:00
[2024-03-06T14:43:27.075+0000] {processor.py:183} INFO - Processing /home/airflow/.local/lib/python3.8/site-packages/airflow/example_dags/example_latest_only_with_trigger.py took 0.184 seconds
[2024-03-06T14:43:57.461+0000] {processor.py:161} INFO - Started process (PID=111) to work on /home/airflow/.local/lib/python3.8/site-packages/airflow/example_dags/example_latest_only_with_trigger.py
[2024-03-06T14:43:57.462+0000] {processor.py:830} INFO - Processing file /home/airflow/.local/lib/python3.8/site-packages/airflow/example_dags/example_latest_only_with_trigger.py for tasks to queue
[2024-03-06T14:43:57.464+0000] {logging_mixin.py:188} INFO - [2024-03-06T14:43:57.464+0000] {dagbag.py:540} INFO - Filling up the DagBag from /home/airflow/.local/lib/python3.8/site-packages/airflow/example_dags/example_latest_only_with_trigger.py
[2024-03-06T14:43:57.469+0000] {processor.py:840} INFO - DAG(s) 'latest_only_with_trigger' retrieved from /home/airflow/.local/lib/python3.8/site-packages/airflow/example_dags/example_latest_only_with_trigger.py
[2024-03-06T14:43:57.489+0000] {logging_mixin.py:188} INFO - [2024-03-06T14:43:57.488+0000] {dag.py:3047} INFO - Sync 1 DAGs
[2024-03-06T14:43:57.512+0000] {logging_mixin.py:188} INFO - [2024-03-06T14:43:57.512+0000] {dag.py:3834} INFO - Setting next_dagrun for latest_only_with_trigger to 2024-03-06 08:00:00+00:00, run_after=2024-03-06 12:00:00+00:00
[2024-03-06T14:43:57.536+0000] {processor.py:183} INFO - Processing /home/airflow/.local/lib/python3.8/site-packages/airflow/example_dags/example_latest_only_with_trigger.py took 0.078 seconds
[2024-03-06T14:44:27.972+0000] {processor.py:161} INFO - Started process (PID=166) to work on /home/airflow/.local/lib/python3.8/site-packages/airflow/example_dags/example_latest_only_with_trigger.py
[2024-03-06T14:44:27.974+0000] {processor.py:830} INFO - Processing file /home/airflow/.local/lib/python3.8/site-packages/airflow/example_dags/example_latest_only_with_trigger.py for tasks to queue
[2024-03-06T14:44:27.975+0000] {logging_mixin.py:188} INFO - [2024-03-06T14:44:27.975+0000] {dagbag.py:540} INFO - Filling up the DagBag from /home/airflow/.local/lib/python3.8/site-packages/airflow/example_dags/example_latest_only_with_trigger.py
[2024-03-06T14:44:27.980+0000] {processor.py:840} INFO - DAG(s) 'latest_only_with_trigger' retrieved from /home/airflow/.local/lib/python3.8/site-packages/airflow/example_dags/example_latest_only_with_trigger.py
[2024-03-06T14:44:27.999+0000] {logging_mixin.py:188} INFO - [2024-03-06T14:44:27.999+0000] {dag.py:3047} INFO - Sync 1 DAGs
[2024-03-06T14:44:28.020+0000] {logging_mixin.py:188} INFO - [2024-03-06T14:44:28.020+0000] {dag.py:3834} INFO - Setting next_dagrun for latest_only_with_trigger to 2024-03-06 08:00:00+00:00, run_after=2024-03-06 12:00:00+00:00
[2024-03-06T14:44:28.038+0000] {processor.py:183} INFO - Processing /home/airflow/.local/lib/python3.8/site-packages/airflow/example_dags/example_latest_only_with_trigger.py took 0.070 seconds
[2024-03-06T14:44:58.463+0000] {processor.py:161} INFO - Started process (PID=221) to work on /home/airflow/.local/lib/python3.8/site-packages/airflow/example_dags/example_latest_only_with_trigger.py
[2024-03-06T14:44:58.464+0000] {processor.py:830} INFO - Processing file /home/airflow/.local/lib/python3.8/site-packages/airflow/example_dags/example_latest_only_with_trigger.py for tasks to queue
[2024-03-06T14:44:58.466+0000] {logging_mixin.py:188} INFO - [2024-03-06T14:44:58.465+0000] {dagbag.py:540} INFO - Filling up the DagBag from /home/airflow/.local/lib/python3.8/site-packages/airflow/example_dags/example_latest_only_with_trigger.py
[2024-03-06T14:44:58.471+0000] {processor.py:840} INFO - DAG(s) 'latest_only_with_trigger' retrieved from /home/airflow/.local/lib/python3.8/site-packages/airflow/example_dags/example_latest_only_with_trigger.py
[2024-03-06T14:44:58.491+0000] {logging_mixin.py:188} INFO - [2024-03-06T14:44:58.491+0000] {dag.py:3047} INFO - Sync 1 DAGs
[2024-03-06T14:44:58.512+0000] {logging_mixin.py:188} INFO - [2024-03-06T14:44:58.512+0000] {dag.py:3834} INFO - Setting next_dagrun for latest_only_with_trigger to 2024-03-06 08:00:00+00:00, run_after=2024-03-06 12:00:00+00:00
[2024-03-06T14:44:58.531+0000] {processor.py:183} INFO - Processing /home/airflow/.local/lib/python3.8/site-packages/airflow/example_dags/example_latest_only_with_trigger.py took 0.071 seconds
[2024-03-06T14:45:29.015+0000] {processor.py:161} INFO - Started process (PID=276) to work on /home/airflow/.local/lib/python3.8/site-packages/airflow/example_dags/example_latest_only_with_trigger.py
[2024-03-06T14:45:29.016+0000] {processor.py:830} INFO - Processing file /home/airflow/.local/lib/python3.8/site-packages/airflow/example_dags/example_latest_only_with_trigger.py for tasks to queue
[2024-03-06T14:45:29.018+0000] {logging_mixin.py:188} INFO - [2024-03-06T14:45:29.018+0000] {dagbag.py:540} INFO - Filling up the DagBag from /home/airflow/.local/lib/python3.8/site-packages/airflow/example_dags/example_latest_only_with_trigger.py
[2024-03-06T14:45:29.024+0000] {processor.py:840} INFO - DAG(s) 'latest_only_with_trigger' retrieved from /home/airflow/.local/lib/python3.8/site-packages/airflow/example_dags/example_latest_only_with_trigger.py
[2024-03-06T14:45:29.046+0000] {logging_mixin.py:188} INFO - [2024-03-06T14:45:29.046+0000] {dag.py:3047} INFO - Sync 1 DAGs
[2024-03-06T14:45:29.068+0000] {logging_mixin.py:188} INFO - [2024-03-06T14:45:29.067+0000] {dag.py:3834} INFO - Setting next_dagrun for latest_only_with_trigger to 2024-03-06 08:00:00+00:00, run_after=2024-03-06 12:00:00+00:00
[2024-03-06T14:45:29.085+0000] {processor.py:183} INFO - Processing /home/airflow/.local/lib/python3.8/site-packages/airflow/example_dags/example_latest_only_with_trigger.py took 0.074 seconds
[2024-03-06T14:45:59.623+0000] {processor.py:161} INFO - Started process (PID=331) to work on /home/airflow/.local/lib/python3.8/site-packages/airflow/example_dags/example_latest_only_with_trigger.py
[2024-03-06T14:45:59.624+0000] {processor.py:830} INFO - Processing file /home/airflow/.local/lib/python3.8/site-packages/airflow/example_dags/example_latest_only_with_trigger.py for tasks to queue
[2024-03-06T14:45:59.626+0000] {logging_mixin.py:188} INFO - [2024-03-06T14:45:59.625+0000] {dagbag.py:540} INFO - Filling up the DagBag from /home/airflow/.local/lib/python3.8/site-packages/airflow/example_dags/example_latest_only_with_trigger.py
[2024-03-06T14:45:59.631+0000] {processor.py:840} INFO - DAG(s) 'latest_only_with_trigger' retrieved from /home/airflow/.local/lib/python3.8/site-packages/airflow/example_dags/example_latest_only_with_trigger.py
[2024-03-06T14:45:59.643+0000] {logging_mixin.py:188} INFO - [2024-03-06T14:45:59.643+0000] {dag.py:3047} INFO - Sync 1 DAGs
[2024-03-06T14:45:59.675+0000] {logging_mixin.py:188} INFO - [2024-03-06T14:45:59.674+0000] {dag.py:3834} INFO - Setting next_dagrun for latest_only_with_trigger to 2024-03-06 08:00:00+00:00, run_after=2024-03-06 12:00:00+00:00
[2024-03-06T14:45:59.706+0000] {processor.py:183} INFO - Processing /home/airflow/.local/lib/python3.8/site-packages/airflow/example_dags/example_latest_only_with_trigger.py took 0.087 seconds
[2024-03-06T14:46:30.992+0000] {processor.py:161} INFO - Started process (PID=386) to work on /home/airflow/.local/lib/python3.8/site-packages/airflow/example_dags/example_latest_only_with_trigger.py
[2024-03-06T14:46:30.993+0000] {processor.py:830} INFO - Processing file /home/airflow/.local/lib/python3.8/site-packages/airflow/example_dags/example_latest_only_with_trigger.py for tasks to queue
[2024-03-06T14:46:30.994+0000] {logging_mixin.py:188} INFO - [2024-03-06T14:46:30.994+0000] {dagbag.py:540} INFO - Filling up the DagBag from /home/airflow/.local/lib/python3.8/site-packages/airflow/example_dags/example_latest_only_with_trigger.py
[2024-03-06T14:46:31.000+0000] {processor.py:840} INFO - DAG(s) 'latest_only_with_trigger' retrieved from /home/airflow/.local/lib/python3.8/site-packages/airflow/example_dags/example_latest_only_with_trigger.py
[2024-03-06T14:46:31.103+0000] {logging_mixin.py:188} INFO - [2024-03-06T14:46:31.103+0000] {dag.py:3047} INFO - Sync 1 DAGs
[2024-03-06T14:46:31.122+0000] {logging_mixin.py:188} INFO - [2024-03-06T14:46:31.122+0000] {dag.py:3834} INFO - Setting next_dagrun for latest_only_with_trigger to 2024-03-06 08:00:00+00:00, run_after=2024-03-06 12:00:00+00:00
[2024-03-06T14:46:31.143+0000] {processor.py:183} INFO - Processing /home/airflow/.local/lib/python3.8/site-packages/airflow/example_dags/example_latest_only_with_trigger.py took 0.154 seconds
