[2024-03-06T14:33:49.520+0000] {processor.py:161} INFO - Started process (PID=54) to work on /home/airflow/.local/lib/python3.8/site-packages/airflow/example_dags/example_branch_operator.py
[2024-03-06T14:33:49.521+0000] {processor.py:830} INFO - Processing file /home/airflow/.local/lib/python3.8/site-packages/airflow/example_dags/example_branch_operator.py for tasks to queue
[2024-03-06T14:33:49.523+0000] {logging_mixin.py:188} INFO - [2024-03-06T14:33:49.523+0000] {dagbag.py:540} INFO - Filling up the DagBag from /home/airflow/.local/lib/python3.8/site-packages/airflow/example_dags/example_branch_operator.py
[2024-03-06T14:33:49.544+0000] {processor.py:840} INFO - DAG(s) 'example_branch_operator' retrieved from /home/airflow/.local/lib/python3.8/site-packages/airflow/example_dags/example_branch_operator.py
[2024-03-06T14:33:49.560+0000] {logging_mixin.py:188} INFO - [2024-03-06T14:33:49.559+0000] {dag.py:3047} INFO - Sync 1 DAGs
[2024-03-06T14:33:49.584+0000] {logging_mixin.py:188} INFO - [2024-03-06T14:33:49.584+0000] {dag.py:3834} INFO - Setting next_dagrun for example_branch_operator to 2024-03-05 00:00:00+00:00, run_after=2024-03-06 00:00:00+00:00
[2024-03-06T14:33:49.605+0000] {processor.py:183} INFO - Processing /home/airflow/.local/lib/python3.8/site-packages/airflow/example_dags/example_branch_operator.py took 0.088 seconds
[2024-03-06T14:34:20.889+0000] {processor.py:161} INFO - Started process (PID=109) to work on /home/airflow/.local/lib/python3.8/site-packages/airflow/example_dags/example_branch_operator.py
[2024-03-06T14:34:20.890+0000] {processor.py:830} INFO - Processing file /home/airflow/.local/lib/python3.8/site-packages/airflow/example_dags/example_branch_operator.py for tasks to queue
[2024-03-06T14:34:20.891+0000] {logging_mixin.py:188} INFO - [2024-03-06T14:34:20.891+0000] {dagbag.py:540} INFO - Filling up the DagBag from /home/airflow/.local/lib/python3.8/site-packages/airflow/example_dags/example_branch_operator.py
[2024-03-06T14:34:20.907+0000] {processor.py:840} INFO - DAG(s) 'example_branch_operator' retrieved from /home/airflow/.local/lib/python3.8/site-packages/airflow/example_dags/example_branch_operator.py
[2024-03-06T14:34:21.004+0000] {logging_mixin.py:188} INFO - [2024-03-06T14:34:21.004+0000] {dag.py:3047} INFO - Sync 1 DAGs
[2024-03-06T14:34:21.026+0000] {logging_mixin.py:188} INFO - [2024-03-06T14:34:21.025+0000] {dag.py:3834} INFO - Setting next_dagrun for example_branch_operator to 2024-03-05 00:00:00+00:00, run_after=2024-03-06 00:00:00+00:00
[2024-03-06T14:34:21.047+0000] {processor.py:183} INFO - Processing /home/airflow/.local/lib/python3.8/site-packages/airflow/example_dags/example_branch_operator.py took 0.161 seconds
[2024-03-06T14:34:51.215+0000] {processor.py:161} INFO - Started process (PID=164) to work on /home/airflow/.local/lib/python3.8/site-packages/airflow/example_dags/example_branch_operator.py
[2024-03-06T14:34:51.216+0000] {processor.py:830} INFO - Processing file /home/airflow/.local/lib/python3.8/site-packages/airflow/example_dags/example_branch_operator.py for tasks to queue
[2024-03-06T14:34:51.218+0000] {logging_mixin.py:188} INFO - [2024-03-06T14:34:51.218+0000] {dagbag.py:540} INFO - Filling up the DagBag from /home/airflow/.local/lib/python3.8/site-packages/airflow/example_dags/example_branch_operator.py
[2024-03-06T14:34:51.234+0000] {processor.py:840} INFO - DAG(s) 'example_branch_operator' retrieved from /home/airflow/.local/lib/python3.8/site-packages/airflow/example_dags/example_branch_operator.py
[2024-03-06T14:34:51.245+0000] {logging_mixin.py:188} INFO - [2024-03-06T14:34:51.245+0000] {dag.py:3047} INFO - Sync 1 DAGs
[2024-03-06T14:34:51.269+0000] {logging_mixin.py:188} INFO - [2024-03-06T14:34:51.268+0000] {dag.py:3834} INFO - Setting next_dagrun for example_branch_operator to 2024-03-05 00:00:00+00:00, run_after=2024-03-06 00:00:00+00:00
[2024-03-06T14:34:51.289+0000] {processor.py:183} INFO - Processing /home/airflow/.local/lib/python3.8/site-packages/airflow/example_dags/example_branch_operator.py took 0.078 seconds
[2024-03-06T14:35:22.221+0000] {processor.py:161} INFO - Started process (PID=219) to work on /home/airflow/.local/lib/python3.8/site-packages/airflow/example_dags/example_branch_operator.py
[2024-03-06T14:35:22.222+0000] {processor.py:830} INFO - Processing file /home/airflow/.local/lib/python3.8/site-packages/airflow/example_dags/example_branch_operator.py for tasks to queue
[2024-03-06T14:35:22.223+0000] {logging_mixin.py:188} INFO - [2024-03-06T14:35:22.223+0000] {dagbag.py:540} INFO - Filling up the DagBag from /home/airflow/.local/lib/python3.8/site-packages/airflow/example_dags/example_branch_operator.py
[2024-03-06T14:35:22.239+0000] {processor.py:840} INFO - DAG(s) 'example_branch_operator' retrieved from /home/airflow/.local/lib/python3.8/site-packages/airflow/example_dags/example_branch_operator.py
[2024-03-06T14:35:22.337+0000] {logging_mixin.py:188} INFO - [2024-03-06T14:35:22.336+0000] {dag.py:3047} INFO - Sync 1 DAGs
[2024-03-06T14:35:22.394+0000] {logging_mixin.py:188} INFO - [2024-03-06T14:35:22.394+0000] {dag.py:3834} INFO - Setting next_dagrun for example_branch_operator to 2024-03-05 00:00:00+00:00, run_after=2024-03-06 00:00:00+00:00
[2024-03-06T14:35:22.430+0000] {processor.py:183} INFO - Processing /home/airflow/.local/lib/python3.8/site-packages/airflow/example_dags/example_branch_operator.py took 0.212 seconds
[2024-03-06T14:35:52.803+0000] {processor.py:161} INFO - Started process (PID=274) to work on /home/airflow/.local/lib/python3.8/site-packages/airflow/example_dags/example_branch_operator.py
[2024-03-06T14:35:52.805+0000] {processor.py:830} INFO - Processing file /home/airflow/.local/lib/python3.8/site-packages/airflow/example_dags/example_branch_operator.py for tasks to queue
[2024-03-06T14:35:52.806+0000] {logging_mixin.py:188} INFO - [2024-03-06T14:35:52.806+0000] {dagbag.py:540} INFO - Filling up the DagBag from /home/airflow/.local/lib/python3.8/site-packages/airflow/example_dags/example_branch_operator.py
[2024-03-06T14:35:52.826+0000] {processor.py:840} INFO - DAG(s) 'example_branch_operator' retrieved from /home/airflow/.local/lib/python3.8/site-packages/airflow/example_dags/example_branch_operator.py
[2024-03-06T14:35:52.853+0000] {logging_mixin.py:188} INFO - [2024-03-06T14:35:52.853+0000] {dag.py:3047} INFO - Sync 1 DAGs
[2024-03-06T14:35:52.875+0000] {logging_mixin.py:188} INFO - [2024-03-06T14:35:52.875+0000] {dag.py:3834} INFO - Setting next_dagrun for example_branch_operator to 2024-03-05 00:00:00+00:00, run_after=2024-03-06 00:00:00+00:00
[2024-03-06T14:35:52.895+0000] {processor.py:183} INFO - Processing /home/airflow/.local/lib/python3.8/site-packages/airflow/example_dags/example_branch_operator.py took 0.095 seconds
[2024-03-06T14:36:23.560+0000] {processor.py:161} INFO - Started process (PID=329) to work on /home/airflow/.local/lib/python3.8/site-packages/airflow/example_dags/example_branch_operator.py
[2024-03-06T14:36:23.561+0000] {processor.py:830} INFO - Processing file /home/airflow/.local/lib/python3.8/site-packages/airflow/example_dags/example_branch_operator.py for tasks to queue
[2024-03-06T14:36:23.563+0000] {logging_mixin.py:188} INFO - [2024-03-06T14:36:23.562+0000] {dagbag.py:540} INFO - Filling up the DagBag from /home/airflow/.local/lib/python3.8/site-packages/airflow/example_dags/example_branch_operator.py
[2024-03-06T14:36:23.579+0000] {processor.py:840} INFO - DAG(s) 'example_branch_operator' retrieved from /home/airflow/.local/lib/python3.8/site-packages/airflow/example_dags/example_branch_operator.py
[2024-03-06T14:36:23.606+0000] {logging_mixin.py:188} INFO - [2024-03-06T14:36:23.606+0000] {dag.py:3047} INFO - Sync 1 DAGs
[2024-03-06T14:36:23.639+0000] {logging_mixin.py:188} INFO - [2024-03-06T14:36:23.639+0000] {dag.py:3834} INFO - Setting next_dagrun for example_branch_operator to 2024-03-05 00:00:00+00:00, run_after=2024-03-06 00:00:00+00:00
[2024-03-06T14:36:23.660+0000] {processor.py:183} INFO - Processing /home/airflow/.local/lib/python3.8/site-packages/airflow/example_dags/example_branch_operator.py took 0.103 seconds
[2024-03-06T14:36:54.080+0000] {processor.py:161} INFO - Started process (PID=384) to work on /home/airflow/.local/lib/python3.8/site-packages/airflow/example_dags/example_branch_operator.py
[2024-03-06T14:36:54.081+0000] {processor.py:830} INFO - Processing file /home/airflow/.local/lib/python3.8/site-packages/airflow/example_dags/example_branch_operator.py for tasks to queue
[2024-03-06T14:36:54.083+0000] {logging_mixin.py:188} INFO - [2024-03-06T14:36:54.082+0000] {dagbag.py:540} INFO - Filling up the DagBag from /home/airflow/.local/lib/python3.8/site-packages/airflow/example_dags/example_branch_operator.py
[2024-03-06T14:36:54.099+0000] {processor.py:840} INFO - DAG(s) 'example_branch_operator' retrieved from /home/airflow/.local/lib/python3.8/site-packages/airflow/example_dags/example_branch_operator.py
[2024-03-06T14:36:54.126+0000] {logging_mixin.py:188} INFO - [2024-03-06T14:36:54.126+0000] {dag.py:3047} INFO - Sync 1 DAGs
[2024-03-06T14:36:54.150+0000] {logging_mixin.py:188} INFO - [2024-03-06T14:36:54.149+0000] {dag.py:3834} INFO - Setting next_dagrun for example_branch_operator to 2024-03-05 00:00:00+00:00, run_after=2024-03-06 00:00:00+00:00
[2024-03-06T14:36:54.175+0000] {processor.py:183} INFO - Processing /home/airflow/.local/lib/python3.8/site-packages/airflow/example_dags/example_branch_operator.py took 0.099 seconds
[2024-03-06T14:37:24.834+0000] {processor.py:161} INFO - Started process (PID=439) to work on /home/airflow/.local/lib/python3.8/site-packages/airflow/example_dags/example_branch_operator.py
[2024-03-06T14:37:24.835+0000] {processor.py:830} INFO - Processing file /home/airflow/.local/lib/python3.8/site-packages/airflow/example_dags/example_branch_operator.py for tasks to queue
[2024-03-06T14:37:24.836+0000] {logging_mixin.py:188} INFO - [2024-03-06T14:37:24.836+0000] {dagbag.py:540} INFO - Filling up the DagBag from /home/airflow/.local/lib/python3.8/site-packages/airflow/example_dags/example_branch_operator.py
[2024-03-06T14:37:24.852+0000] {processor.py:840} INFO - DAG(s) 'example_branch_operator' retrieved from /home/airflow/.local/lib/python3.8/site-packages/airflow/example_dags/example_branch_operator.py
[2024-03-06T14:37:24.881+0000] {logging_mixin.py:188} INFO - [2024-03-06T14:37:24.881+0000] {dag.py:3047} INFO - Sync 1 DAGs
[2024-03-06T14:37:24.905+0000] {logging_mixin.py:188} INFO - [2024-03-06T14:37:24.905+0000] {dag.py:3834} INFO - Setting next_dagrun for example_branch_operator to 2024-03-05 00:00:00+00:00, run_after=2024-03-06 00:00:00+00:00
[2024-03-06T14:37:24.925+0000] {processor.py:183} INFO - Processing /home/airflow/.local/lib/python3.8/site-packages/airflow/example_dags/example_branch_operator.py took 0.093 seconds
[2024-03-06T14:37:55.038+0000] {processor.py:161} INFO - Started process (PID=494) to work on /home/airflow/.local/lib/python3.8/site-packages/airflow/example_dags/example_branch_operator.py
[2024-03-06T14:37:55.039+0000] {processor.py:830} INFO - Processing file /home/airflow/.local/lib/python3.8/site-packages/airflow/example_dags/example_branch_operator.py for tasks to queue
[2024-03-06T14:37:55.040+0000] {logging_mixin.py:188} INFO - [2024-03-06T14:37:55.040+0000] {dagbag.py:540} INFO - Filling up the DagBag from /home/airflow/.local/lib/python3.8/site-packages/airflow/example_dags/example_branch_operator.py
[2024-03-06T14:37:55.056+0000] {processor.py:840} INFO - DAG(s) 'example_branch_operator' retrieved from /home/airflow/.local/lib/python3.8/site-packages/airflow/example_dags/example_branch_operator.py
[2024-03-06T14:37:55.082+0000] {logging_mixin.py:188} INFO - [2024-03-06T14:37:55.081+0000] {dag.py:3047} INFO - Sync 1 DAGs
[2024-03-06T14:37:55.103+0000] {logging_mixin.py:188} INFO - [2024-03-06T14:37:55.103+0000] {dag.py:3834} INFO - Setting next_dagrun for example_branch_operator to 2024-03-05 00:00:00+00:00, run_after=2024-03-06 00:00:00+00:00
[2024-03-06T14:37:55.120+0000] {processor.py:183} INFO - Processing /home/airflow/.local/lib/python3.8/site-packages/airflow/example_dags/example_branch_operator.py took 0.085 seconds
[2024-03-06T14:38:25.617+0000] {processor.py:161} INFO - Started process (PID=549) to work on /home/airflow/.local/lib/python3.8/site-packages/airflow/example_dags/example_branch_operator.py
[2024-03-06T14:38:25.617+0000] {processor.py:830} INFO - Processing file /home/airflow/.local/lib/python3.8/site-packages/airflow/example_dags/example_branch_operator.py for tasks to queue
[2024-03-06T14:38:25.619+0000] {logging_mixin.py:188} INFO - [2024-03-06T14:38:25.619+0000] {dagbag.py:540} INFO - Filling up the DagBag from /home/airflow/.local/lib/python3.8/site-packages/airflow/example_dags/example_branch_operator.py
[2024-03-06T14:38:25.636+0000] {processor.py:840} INFO - DAG(s) 'example_branch_operator' retrieved from /home/airflow/.local/lib/python3.8/site-packages/airflow/example_dags/example_branch_operator.py
[2024-03-06T14:38:25.668+0000] {logging_mixin.py:188} INFO - [2024-03-06T14:38:25.668+0000] {dag.py:3047} INFO - Sync 1 DAGs
[2024-03-06T14:38:25.698+0000] {logging_mixin.py:188} INFO - [2024-03-06T14:38:25.697+0000] {dag.py:3834} INFO - Setting next_dagrun for example_branch_operator to 2024-03-05 00:00:00+00:00, run_after=2024-03-06 00:00:00+00:00
[2024-03-06T14:38:25.722+0000] {processor.py:183} INFO - Processing /home/airflow/.local/lib/python3.8/site-packages/airflow/example_dags/example_branch_operator.py took 0.108 seconds
[2024-03-06T14:38:55.993+0000] {processor.py:161} INFO - Started process (PID=604) to work on /home/airflow/.local/lib/python3.8/site-packages/airflow/example_dags/example_branch_operator.py
[2024-03-06T14:38:55.994+0000] {processor.py:830} INFO - Processing file /home/airflow/.local/lib/python3.8/site-packages/airflow/example_dags/example_branch_operator.py for tasks to queue
[2024-03-06T14:38:55.996+0000] {logging_mixin.py:188} INFO - [2024-03-06T14:38:55.996+0000] {dagbag.py:540} INFO - Filling up the DagBag from /home/airflow/.local/lib/python3.8/site-packages/airflow/example_dags/example_branch_operator.py
[2024-03-06T14:38:56.013+0000] {processor.py:840} INFO - DAG(s) 'example_branch_operator' retrieved from /home/airflow/.local/lib/python3.8/site-packages/airflow/example_dags/example_branch_operator.py
[2024-03-06T14:38:56.026+0000] {logging_mixin.py:188} INFO - [2024-03-06T14:38:56.025+0000] {dag.py:3047} INFO - Sync 1 DAGs
[2024-03-06T14:38:56.050+0000] {logging_mixin.py:188} INFO - [2024-03-06T14:38:56.050+0000] {dag.py:3834} INFO - Setting next_dagrun for example_branch_operator to 2024-03-05 00:00:00+00:00, run_after=2024-03-06 00:00:00+00:00
[2024-03-06T14:38:56.073+0000] {processor.py:183} INFO - Processing /home/airflow/.local/lib/python3.8/site-packages/airflow/example_dags/example_branch_operator.py took 0.083 seconds
[2024-03-06T14:39:27.188+0000] {processor.py:161} INFO - Started process (PID=659) to work on /home/airflow/.local/lib/python3.8/site-packages/airflow/example_dags/example_branch_operator.py
[2024-03-06T14:39:27.190+0000] {processor.py:830} INFO - Processing file /home/airflow/.local/lib/python3.8/site-packages/airflow/example_dags/example_branch_operator.py for tasks to queue
[2024-03-06T14:39:27.192+0000] {logging_mixin.py:188} INFO - [2024-03-06T14:39:27.192+0000] {dagbag.py:540} INFO - Filling up the DagBag from /home/airflow/.local/lib/python3.8/site-packages/airflow/example_dags/example_branch_operator.py
[2024-03-06T14:39:27.211+0000] {processor.py:840} INFO - DAG(s) 'example_branch_operator' retrieved from /home/airflow/.local/lib/python3.8/site-packages/airflow/example_dags/example_branch_operator.py
[2024-03-06T14:39:27.322+0000] {logging_mixin.py:188} INFO - [2024-03-06T14:39:27.322+0000] {dag.py:3047} INFO - Sync 1 DAGs
[2024-03-06T14:39:27.344+0000] {logging_mixin.py:188} INFO - [2024-03-06T14:39:27.344+0000] {dag.py:3834} INFO - Setting next_dagrun for example_branch_operator to 2024-03-05 00:00:00+00:00, run_after=2024-03-06 00:00:00+00:00
[2024-03-06T14:39:27.371+0000] {processor.py:183} INFO - Processing /home/airflow/.local/lib/python3.8/site-packages/airflow/example_dags/example_branch_operator.py took 0.187 seconds
[2024-03-06T14:43:26.656+0000] {processor.py:161} INFO - Started process (PID=54) to work on /home/airflow/.local/lib/python3.8/site-packages/airflow/example_dags/example_branch_operator.py
[2024-03-06T14:43:26.657+0000] {processor.py:830} INFO - Processing file /home/airflow/.local/lib/python3.8/site-packages/airflow/example_dags/example_branch_operator.py for tasks to queue
[2024-03-06T14:43:26.659+0000] {logging_mixin.py:188} INFO - [2024-03-06T14:43:26.659+0000] {dagbag.py:540} INFO - Filling up the DagBag from /home/airflow/.local/lib/python3.8/site-packages/airflow/example_dags/example_branch_operator.py
[2024-03-06T14:43:26.681+0000] {processor.py:840} INFO - DAG(s) 'example_branch_operator' retrieved from /home/airflow/.local/lib/python3.8/site-packages/airflow/example_dags/example_branch_operator.py
[2024-03-06T14:43:26.807+0000] {logging_mixin.py:188} INFO - [2024-03-06T14:43:26.806+0000] {override.py:1769} INFO - Created Permission View: can delete on DAG:example_branch_operator
[2024-03-06T14:43:26.819+0000] {logging_mixin.py:188} INFO - [2024-03-06T14:43:26.818+0000] {override.py:1769} INFO - Created Permission View: can read on DAG:example_branch_operator
[2024-03-06T14:43:26.825+0000] {logging_mixin.py:188} INFO - [2024-03-06T14:43:26.825+0000] {override.py:1769} INFO - Created Permission View: can edit on DAG:example_branch_operator
[2024-03-06T14:43:26.826+0000] {logging_mixin.py:188} INFO - [2024-03-06T14:43:26.825+0000] {dag.py:3047} INFO - Sync 1 DAGs
[2024-03-06T14:43:26.837+0000] {logging_mixin.py:188} INFO - [2024-03-06T14:43:26.837+0000] {dag.py:3069} INFO - Creating ORM DAG for example_branch_operator
[2024-03-06T14:43:26.851+0000] {logging_mixin.py:188} INFO - [2024-03-06T14:43:26.851+0000] {dag.py:3834} INFO - Setting next_dagrun for example_branch_operator to 2024-03-05 00:00:00+00:00, run_after=2024-03-06 00:00:00+00:00
[2024-03-06T14:43:26.873+0000] {processor.py:183} INFO - Processing /home/airflow/.local/lib/python3.8/site-packages/airflow/example_dags/example_branch_operator.py took 0.220 seconds
[2024-03-06T14:43:57.358+0000] {processor.py:161} INFO - Started process (PID=109) to work on /home/airflow/.local/lib/python3.8/site-packages/airflow/example_dags/example_branch_operator.py
[2024-03-06T14:43:57.359+0000] {processor.py:830} INFO - Processing file /home/airflow/.local/lib/python3.8/site-packages/airflow/example_dags/example_branch_operator.py for tasks to queue
[2024-03-06T14:43:57.361+0000] {logging_mixin.py:188} INFO - [2024-03-06T14:43:57.361+0000] {dagbag.py:540} INFO - Filling up the DagBag from /home/airflow/.local/lib/python3.8/site-packages/airflow/example_dags/example_branch_operator.py
[2024-03-06T14:43:57.377+0000] {processor.py:840} INFO - DAG(s) 'example_branch_operator' retrieved from /home/airflow/.local/lib/python3.8/site-packages/airflow/example_dags/example_branch_operator.py
[2024-03-06T14:43:57.402+0000] {logging_mixin.py:188} INFO - [2024-03-06T14:43:57.402+0000] {dag.py:3047} INFO - Sync 1 DAGs
[2024-03-06T14:43:57.423+0000] {logging_mixin.py:188} INFO - [2024-03-06T14:43:57.423+0000] {dag.py:3834} INFO - Setting next_dagrun for example_branch_operator to 2024-03-05 00:00:00+00:00, run_after=2024-03-06 00:00:00+00:00
[2024-03-06T14:43:57.443+0000] {processor.py:183} INFO - Processing /home/airflow/.local/lib/python3.8/site-packages/airflow/example_dags/example_branch_operator.py took 0.088 seconds
[2024-03-06T14:44:27.883+0000] {processor.py:161} INFO - Started process (PID=164) to work on /home/airflow/.local/lib/python3.8/site-packages/airflow/example_dags/example_branch_operator.py
[2024-03-06T14:44:27.884+0000] {processor.py:830} INFO - Processing file /home/airflow/.local/lib/python3.8/site-packages/airflow/example_dags/example_branch_operator.py for tasks to queue
[2024-03-06T14:44:27.885+0000] {logging_mixin.py:188} INFO - [2024-03-06T14:44:27.885+0000] {dagbag.py:540} INFO - Filling up the DagBag from /home/airflow/.local/lib/python3.8/site-packages/airflow/example_dags/example_branch_operator.py
[2024-03-06T14:44:27.901+0000] {processor.py:840} INFO - DAG(s) 'example_branch_operator' retrieved from /home/airflow/.local/lib/python3.8/site-packages/airflow/example_dags/example_branch_operator.py
[2024-03-06T14:44:27.926+0000] {logging_mixin.py:188} INFO - [2024-03-06T14:44:27.926+0000] {dag.py:3047} INFO - Sync 1 DAGs
[2024-03-06T14:44:27.947+0000] {logging_mixin.py:188} INFO - [2024-03-06T14:44:27.946+0000] {dag.py:3834} INFO - Setting next_dagrun for example_branch_operator to 2024-03-05 00:00:00+00:00, run_after=2024-03-06 00:00:00+00:00
[2024-03-06T14:44:27.965+0000] {processor.py:183} INFO - Processing /home/airflow/.local/lib/python3.8/site-packages/airflow/example_dags/example_branch_operator.py took 0.085 seconds
[2024-03-06T14:44:58.347+0000] {processor.py:161} INFO - Started process (PID=219) to work on /home/airflow/.local/lib/python3.8/site-packages/airflow/example_dags/example_branch_operator.py
[2024-03-06T14:44:58.349+0000] {processor.py:830} INFO - Processing file /home/airflow/.local/lib/python3.8/site-packages/airflow/example_dags/example_branch_operator.py for tasks to queue
[2024-03-06T14:44:58.351+0000] {logging_mixin.py:188} INFO - [2024-03-06T14:44:58.350+0000] {dagbag.py:540} INFO - Filling up the DagBag from /home/airflow/.local/lib/python3.8/site-packages/airflow/example_dags/example_branch_operator.py
[2024-03-06T14:44:58.368+0000] {processor.py:840} INFO - DAG(s) 'example_branch_operator' retrieved from /home/airflow/.local/lib/python3.8/site-packages/airflow/example_dags/example_branch_operator.py
[2024-03-06T14:44:58.395+0000] {logging_mixin.py:188} INFO - [2024-03-06T14:44:58.395+0000] {dag.py:3047} INFO - Sync 1 DAGs
[2024-03-06T14:44:58.424+0000] {logging_mixin.py:188} INFO - [2024-03-06T14:44:58.423+0000] {dag.py:3834} INFO - Setting next_dagrun for example_branch_operator to 2024-03-05 00:00:00+00:00, run_after=2024-03-06 00:00:00+00:00
[2024-03-06T14:44:58.447+0000] {processor.py:183} INFO - Processing /home/airflow/.local/lib/python3.8/site-packages/airflow/example_dags/example_branch_operator.py took 0.102 seconds
[2024-03-06T14:45:28.916+0000] {processor.py:161} INFO - Started process (PID=274) to work on /home/airflow/.local/lib/python3.8/site-packages/airflow/example_dags/example_branch_operator.py
[2024-03-06T14:45:28.917+0000] {processor.py:830} INFO - Processing file /home/airflow/.local/lib/python3.8/site-packages/airflow/example_dags/example_branch_operator.py for tasks to queue
[2024-03-06T14:45:28.919+0000] {logging_mixin.py:188} INFO - [2024-03-06T14:45:28.919+0000] {dagbag.py:540} INFO - Filling up the DagBag from /home/airflow/.local/lib/python3.8/site-packages/airflow/example_dags/example_branch_operator.py
[2024-03-06T14:45:28.936+0000] {processor.py:840} INFO - DAG(s) 'example_branch_operator' retrieved from /home/airflow/.local/lib/python3.8/site-packages/airflow/example_dags/example_branch_operator.py
[2024-03-06T14:45:28.960+0000] {logging_mixin.py:188} INFO - [2024-03-06T14:45:28.960+0000] {dag.py:3047} INFO - Sync 1 DAGs
[2024-03-06T14:45:28.982+0000] {logging_mixin.py:188} INFO - [2024-03-06T14:45:28.982+0000] {dag.py:3834} INFO - Setting next_dagrun for example_branch_operator to 2024-03-05 00:00:00+00:00, run_after=2024-03-06 00:00:00+00:00
[2024-03-06T14:45:29.002+0000] {processor.py:183} INFO - Processing /home/airflow/.local/lib/python3.8/site-packages/airflow/example_dags/example_branch_operator.py took 0.090 seconds
[2024-03-06T14:45:59.522+0000] {processor.py:161} INFO - Started process (PID=329) to work on /home/airflow/.local/lib/python3.8/site-packages/airflow/example_dags/example_branch_operator.py
[2024-03-06T14:45:59.523+0000] {processor.py:830} INFO - Processing file /home/airflow/.local/lib/python3.8/site-packages/airflow/example_dags/example_branch_operator.py for tasks to queue
[2024-03-06T14:45:59.525+0000] {logging_mixin.py:188} INFO - [2024-03-06T14:45:59.525+0000] {dagbag.py:540} INFO - Filling up the DagBag from /home/airflow/.local/lib/python3.8/site-packages/airflow/example_dags/example_branch_operator.py
[2024-03-06T14:45:59.544+0000] {processor.py:840} INFO - DAG(s) 'example_branch_operator' retrieved from /home/airflow/.local/lib/python3.8/site-packages/airflow/example_dags/example_branch_operator.py
[2024-03-06T14:45:59.560+0000] {logging_mixin.py:188} INFO - [2024-03-06T14:45:59.559+0000] {dag.py:3047} INFO - Sync 1 DAGs
[2024-03-06T14:45:59.585+0000] {logging_mixin.py:188} INFO - [2024-03-06T14:45:59.584+0000] {dag.py:3834} INFO - Setting next_dagrun for example_branch_operator to 2024-03-05 00:00:00+00:00, run_after=2024-03-06 00:00:00+00:00
[2024-03-06T14:45:59.605+0000] {processor.py:183} INFO - Processing /home/airflow/.local/lib/python3.8/site-packages/airflow/example_dags/example_branch_operator.py took 0.086 seconds
[2024-03-06T14:46:30.768+0000] {processor.py:161} INFO - Started process (PID=384) to work on /home/airflow/.local/lib/python3.8/site-packages/airflow/example_dags/example_branch_operator.py
[2024-03-06T14:46:30.770+0000] {processor.py:830} INFO - Processing file /home/airflow/.local/lib/python3.8/site-packages/airflow/example_dags/example_branch_operator.py for tasks to queue
[2024-03-06T14:46:30.772+0000] {logging_mixin.py:188} INFO - [2024-03-06T14:46:30.772+0000] {dagbag.py:540} INFO - Filling up the DagBag from /home/airflow/.local/lib/python3.8/site-packages/airflow/example_dags/example_branch_operator.py
[2024-03-06T14:46:30.791+0000] {processor.py:840} INFO - DAG(s) 'example_branch_operator' retrieved from /home/airflow/.local/lib/python3.8/site-packages/airflow/example_dags/example_branch_operator.py
[2024-03-06T14:46:30.914+0000] {logging_mixin.py:188} INFO - [2024-03-06T14:46:30.914+0000] {dag.py:3047} INFO - Sync 1 DAGs
[2024-03-06T14:46:30.940+0000] {logging_mixin.py:188} INFO - [2024-03-06T14:46:30.940+0000] {dag.py:3834} INFO - Setting next_dagrun for example_branch_operator to 2024-03-05 00:00:00+00:00, run_after=2024-03-06 00:00:00+00:00
[2024-03-06T14:46:30.967+0000] {processor.py:183} INFO - Processing /home/airflow/.local/lib/python3.8/site-packages/airflow/example_dags/example_branch_operator.py took 0.203 seconds
