[2024-03-06T14:33:48.925+0000] {processor.py:161} INFO - Started process (PID=42) to work on /home/airflow/.local/lib/python3.8/site-packages/airflow/example_dags/example_branch_python_dop_operator_3.py
[2024-03-06T14:33:48.926+0000] {processor.py:830} INFO - Processing file /home/airflow/.local/lib/python3.8/site-packages/airflow/example_dags/example_branch_python_dop_operator_3.py for tasks to queue
[2024-03-06T14:33:48.928+0000] {logging_mixin.py:188} INFO - [2024-03-06T14:33:48.927+0000] {dagbag.py:540} INFO - Filling up the DagBag from /home/airflow/.local/lib/python3.8/site-packages/airflow/example_dags/example_branch_python_dop_operator_3.py
[2024-03-06T14:33:48.939+0000] {processor.py:840} INFO - DAG(s) 'example_branch_dop_operator_v3' retrieved from /home/airflow/.local/lib/python3.8/site-packages/airflow/example_dags/example_branch_python_dop_operator_3.py
[2024-03-06T14:33:48.954+0000] {logging_mixin.py:188} INFO - [2024-03-06T14:33:48.954+0000] {dag.py:3047} INFO - Sync 1 DAGs
[2024-03-06T14:33:48.986+0000] {logging_mixin.py:188} INFO - [2024-03-06T14:33:48.986+0000] {dag.py:3834} INFO - Setting next_dagrun for example_branch_dop_operator_v3 to 2024-03-06 14:32:00+00:00, run_after=2024-03-06 14:33:00+00:00
[2024-03-06T14:33:49.016+0000] {processor.py:183} INFO - Processing /home/airflow/.local/lib/python3.8/site-packages/airflow/example_dags/example_branch_python_dop_operator_3.py took 0.094 seconds
[2024-03-06T14:34:19.887+0000] {processor.py:161} INFO - Started process (PID=97) to work on /home/airflow/.local/lib/python3.8/site-packages/airflow/example_dags/example_branch_python_dop_operator_3.py
[2024-03-06T14:34:19.889+0000] {processor.py:830} INFO - Processing file /home/airflow/.local/lib/python3.8/site-packages/airflow/example_dags/example_branch_python_dop_operator_3.py for tasks to queue
[2024-03-06T14:34:19.890+0000] {logging_mixin.py:188} INFO - [2024-03-06T14:34:19.890+0000] {dagbag.py:540} INFO - Filling up the DagBag from /home/airflow/.local/lib/python3.8/site-packages/airflow/example_dags/example_branch_python_dop_operator_3.py
[2024-03-06T14:34:19.898+0000] {processor.py:840} INFO - DAG(s) 'example_branch_dop_operator_v3' retrieved from /home/airflow/.local/lib/python3.8/site-packages/airflow/example_dags/example_branch_python_dop_operator_3.py
[2024-03-06T14:34:19.984+0000] {logging_mixin.py:188} INFO - [2024-03-06T14:34:19.983+0000] {dag.py:3047} INFO - Sync 1 DAGs
[2024-03-06T14:34:20.005+0000] {logging_mixin.py:188} INFO - [2024-03-06T14:34:20.005+0000] {dag.py:3834} INFO - Setting next_dagrun for example_branch_dop_operator_v3 to 2024-03-06 14:33:00+00:00, run_after=2024-03-06 14:34:00+00:00
[2024-03-06T14:34:20.023+0000] {processor.py:183} INFO - Processing /home/airflow/.local/lib/python3.8/site-packages/airflow/example_dags/example_branch_python_dop_operator_3.py took 0.138 seconds
[2024-03-06T14:34:50.106+0000] {processor.py:161} INFO - Started process (PID=152) to work on /home/airflow/.local/lib/python3.8/site-packages/airflow/example_dags/example_branch_python_dop_operator_3.py
[2024-03-06T14:34:50.107+0000] {processor.py:830} INFO - Processing file /home/airflow/.local/lib/python3.8/site-packages/airflow/example_dags/example_branch_python_dop_operator_3.py for tasks to queue
[2024-03-06T14:34:50.110+0000] {logging_mixin.py:188} INFO - [2024-03-06T14:34:50.109+0000] {dagbag.py:540} INFO - Filling up the DagBag from /home/airflow/.local/lib/python3.8/site-packages/airflow/example_dags/example_branch_python_dop_operator_3.py
[2024-03-06T14:34:50.121+0000] {processor.py:840} INFO - DAG(s) 'example_branch_dop_operator_v3' retrieved from /home/airflow/.local/lib/python3.8/site-packages/airflow/example_dags/example_branch_python_dop_operator_3.py
[2024-03-06T14:34:50.134+0000] {logging_mixin.py:188} INFO - [2024-03-06T14:34:50.134+0000] {dag.py:3047} INFO - Sync 1 DAGs
[2024-03-06T14:34:50.172+0000] {logging_mixin.py:188} INFO - [2024-03-06T14:34:50.172+0000] {dag.py:3834} INFO - Setting next_dagrun for example_branch_dop_operator_v3 to 2024-03-06 14:33:00+00:00, run_after=2024-03-06 14:34:00+00:00
[2024-03-06T14:34:50.195+0000] {processor.py:183} INFO - Processing /home/airflow/.local/lib/python3.8/site-packages/airflow/example_dags/example_branch_python_dop_operator_3.py took 0.093 seconds
[2024-03-06T14:35:20.798+0000] {processor.py:161} INFO - Started process (PID=207) to work on /home/airflow/.local/lib/python3.8/site-packages/airflow/example_dags/example_branch_python_dop_operator_3.py
[2024-03-06T14:35:20.799+0000] {processor.py:830} INFO - Processing file /home/airflow/.local/lib/python3.8/site-packages/airflow/example_dags/example_branch_python_dop_operator_3.py for tasks to queue
[2024-03-06T14:35:20.801+0000] {logging_mixin.py:188} INFO - [2024-03-06T14:35:20.801+0000] {dagbag.py:540} INFO - Filling up the DagBag from /home/airflow/.local/lib/python3.8/site-packages/airflow/example_dags/example_branch_python_dop_operator_3.py
[2024-03-06T14:35:20.810+0000] {processor.py:840} INFO - DAG(s) 'example_branch_dop_operator_v3' retrieved from /home/airflow/.local/lib/python3.8/site-packages/airflow/example_dags/example_branch_python_dop_operator_3.py
[2024-03-06T14:35:20.925+0000] {logging_mixin.py:188} INFO - [2024-03-06T14:35:20.925+0000] {dag.py:3047} INFO - Sync 1 DAGs
[2024-03-06T14:35:20.948+0000] {logging_mixin.py:188} INFO - [2024-03-06T14:35:20.948+0000] {dag.py:3834} INFO - Setting next_dagrun for example_branch_dop_operator_v3 to 2024-03-06 14:34:00+00:00, run_after=2024-03-06 14:35:00+00:00
[2024-03-06T14:35:20.968+0000] {processor.py:183} INFO - Processing /home/airflow/.local/lib/python3.8/site-packages/airflow/example_dags/example_branch_python_dop_operator_3.py took 0.173 seconds
[2024-03-06T14:35:51.074+0000] {processor.py:161} INFO - Started process (PID=262) to work on /home/airflow/.local/lib/python3.8/site-packages/airflow/example_dags/example_branch_python_dop_operator_3.py
[2024-03-06T14:35:51.075+0000] {processor.py:830} INFO - Processing file /home/airflow/.local/lib/python3.8/site-packages/airflow/example_dags/example_branch_python_dop_operator_3.py for tasks to queue
[2024-03-06T14:35:51.076+0000] {logging_mixin.py:188} INFO - [2024-03-06T14:35:51.076+0000] {dagbag.py:540} INFO - Filling up the DagBag from /home/airflow/.local/lib/python3.8/site-packages/airflow/example_dags/example_branch_python_dop_operator_3.py
[2024-03-06T14:35:51.084+0000] {processor.py:840} INFO - DAG(s) 'example_branch_dop_operator_v3' retrieved from /home/airflow/.local/lib/python3.8/site-packages/airflow/example_dags/example_branch_python_dop_operator_3.py
[2024-03-06T14:35:51.102+0000] {logging_mixin.py:188} INFO - [2024-03-06T14:35:51.101+0000] {dag.py:3047} INFO - Sync 1 DAGs
[2024-03-06T14:35:51.124+0000] {logging_mixin.py:188} INFO - [2024-03-06T14:35:51.124+0000] {dag.py:3834} INFO - Setting next_dagrun for example_branch_dop_operator_v3 to 2024-03-06 14:34:00+00:00, run_after=2024-03-06 14:35:00+00:00
[2024-03-06T14:35:51.142+0000] {processor.py:183} INFO - Processing /home/airflow/.local/lib/python3.8/site-packages/airflow/example_dags/example_branch_python_dop_operator_3.py took 0.071 seconds
[2024-03-06T14:36:21.892+0000] {processor.py:161} INFO - Started process (PID=317) to work on /home/airflow/.local/lib/python3.8/site-packages/airflow/example_dags/example_branch_python_dop_operator_3.py
[2024-03-06T14:36:21.894+0000] {processor.py:830} INFO - Processing file /home/airflow/.local/lib/python3.8/site-packages/airflow/example_dags/example_branch_python_dop_operator_3.py for tasks to queue
[2024-03-06T14:36:21.895+0000] {logging_mixin.py:188} INFO - [2024-03-06T14:36:21.895+0000] {dagbag.py:540} INFO - Filling up the DagBag from /home/airflow/.local/lib/python3.8/site-packages/airflow/example_dags/example_branch_python_dop_operator_3.py
[2024-03-06T14:36:21.904+0000] {processor.py:840} INFO - DAG(s) 'example_branch_dop_operator_v3' retrieved from /home/airflow/.local/lib/python3.8/site-packages/airflow/example_dags/example_branch_python_dop_operator_3.py
[2024-03-06T14:36:21.921+0000] {logging_mixin.py:188} INFO - [2024-03-06T14:36:21.921+0000] {dag.py:3047} INFO - Sync 1 DAGs
[2024-03-06T14:36:21.945+0000] {logging_mixin.py:188} INFO - [2024-03-06T14:36:21.945+0000] {dag.py:3834} INFO - Setting next_dagrun for example_branch_dop_operator_v3 to 2024-03-06 14:35:00+00:00, run_after=2024-03-06 14:36:00+00:00
[2024-03-06T14:36:21.962+0000] {processor.py:183} INFO - Processing /home/airflow/.local/lib/python3.8/site-packages/airflow/example_dags/example_branch_python_dop_operator_3.py took 0.073 seconds
[2024-03-06T14:36:52.478+0000] {processor.py:161} INFO - Started process (PID=372) to work on /home/airflow/.local/lib/python3.8/site-packages/airflow/example_dags/example_branch_python_dop_operator_3.py
[2024-03-06T14:36:52.479+0000] {processor.py:830} INFO - Processing file /home/airflow/.local/lib/python3.8/site-packages/airflow/example_dags/example_branch_python_dop_operator_3.py for tasks to queue
[2024-03-06T14:36:52.480+0000] {logging_mixin.py:188} INFO - [2024-03-06T14:36:52.480+0000] {dagbag.py:540} INFO - Filling up the DagBag from /home/airflow/.local/lib/python3.8/site-packages/airflow/example_dags/example_branch_python_dop_operator_3.py
[2024-03-06T14:36:52.488+0000] {processor.py:840} INFO - DAG(s) 'example_branch_dop_operator_v3' retrieved from /home/airflow/.local/lib/python3.8/site-packages/airflow/example_dags/example_branch_python_dop_operator_3.py
[2024-03-06T14:36:52.506+0000] {logging_mixin.py:188} INFO - [2024-03-06T14:36:52.506+0000] {dag.py:3047} INFO - Sync 1 DAGs
[2024-03-06T14:36:52.532+0000] {logging_mixin.py:188} INFO - [2024-03-06T14:36:52.532+0000] {dag.py:3834} INFO - Setting next_dagrun for example_branch_dop_operator_v3 to 2024-03-06 14:35:00+00:00, run_after=2024-03-06 14:36:00+00:00
[2024-03-06T14:36:52.549+0000] {processor.py:183} INFO - Processing /home/airflow/.local/lib/python3.8/site-packages/airflow/example_dags/example_branch_python_dop_operator_3.py took 0.075 seconds
[2024-03-06T14:37:23.098+0000] {processor.py:161} INFO - Started process (PID=427) to work on /home/airflow/.local/lib/python3.8/site-packages/airflow/example_dags/example_branch_python_dop_operator_3.py
[2024-03-06T14:37:23.099+0000] {processor.py:830} INFO - Processing file /home/airflow/.local/lib/python3.8/site-packages/airflow/example_dags/example_branch_python_dop_operator_3.py for tasks to queue
[2024-03-06T14:37:23.101+0000] {logging_mixin.py:188} INFO - [2024-03-06T14:37:23.100+0000] {dagbag.py:540} INFO - Filling up the DagBag from /home/airflow/.local/lib/python3.8/site-packages/airflow/example_dags/example_branch_python_dop_operator_3.py
[2024-03-06T14:37:23.108+0000] {processor.py:840} INFO - DAG(s) 'example_branch_dop_operator_v3' retrieved from /home/airflow/.local/lib/python3.8/site-packages/airflow/example_dags/example_branch_python_dop_operator_3.py
[2024-03-06T14:37:23.126+0000] {logging_mixin.py:188} INFO - [2024-03-06T14:37:23.126+0000] {dag.py:3047} INFO - Sync 1 DAGs
[2024-03-06T14:37:23.150+0000] {logging_mixin.py:188} INFO - [2024-03-06T14:37:23.149+0000] {dag.py:3834} INFO - Setting next_dagrun for example_branch_dop_operator_v3 to 2024-03-06 14:36:00+00:00, run_after=2024-03-06 14:37:00+00:00
[2024-03-06T14:37:23.168+0000] {processor.py:183} INFO - Processing /home/airflow/.local/lib/python3.8/site-packages/airflow/example_dags/example_branch_python_dop_operator_3.py took 0.073 seconds
[2024-03-06T14:37:53.215+0000] {processor.py:161} INFO - Started process (PID=482) to work on /home/airflow/.local/lib/python3.8/site-packages/airflow/example_dags/example_branch_python_dop_operator_3.py
[2024-03-06T14:37:53.217+0000] {processor.py:830} INFO - Processing file /home/airflow/.local/lib/python3.8/site-packages/airflow/example_dags/example_branch_python_dop_operator_3.py for tasks to queue
[2024-03-06T14:37:53.219+0000] {logging_mixin.py:188} INFO - [2024-03-06T14:37:53.218+0000] {dagbag.py:540} INFO - Filling up the DagBag from /home/airflow/.local/lib/python3.8/site-packages/airflow/example_dags/example_branch_python_dop_operator_3.py
[2024-03-06T14:37:53.228+0000] {processor.py:840} INFO - DAG(s) 'example_branch_dop_operator_v3' retrieved from /home/airflow/.local/lib/python3.8/site-packages/airflow/example_dags/example_branch_python_dop_operator_3.py
[2024-03-06T14:37:53.249+0000] {logging_mixin.py:188} INFO - [2024-03-06T14:37:53.249+0000] {dag.py:3047} INFO - Sync 1 DAGs
[2024-03-06T14:37:53.278+0000] {logging_mixin.py:188} INFO - [2024-03-06T14:37:53.278+0000] {dag.py:3834} INFO - Setting next_dagrun for example_branch_dop_operator_v3 to 2024-03-06 14:36:00+00:00, run_after=2024-03-06 14:37:00+00:00
[2024-03-06T14:37:53.300+0000] {processor.py:183} INFO - Processing /home/airflow/.local/lib/python3.8/site-packages/airflow/example_dags/example_branch_python_dop_operator_3.py took 0.088 seconds
[2024-03-06T14:38:23.957+0000] {processor.py:161} INFO - Started process (PID=537) to work on /home/airflow/.local/lib/python3.8/site-packages/airflow/example_dags/example_branch_python_dop_operator_3.py
[2024-03-06T14:38:23.958+0000] {processor.py:830} INFO - Processing file /home/airflow/.local/lib/python3.8/site-packages/airflow/example_dags/example_branch_python_dop_operator_3.py for tasks to queue
[2024-03-06T14:38:23.959+0000] {logging_mixin.py:188} INFO - [2024-03-06T14:38:23.959+0000] {dagbag.py:540} INFO - Filling up the DagBag from /home/airflow/.local/lib/python3.8/site-packages/airflow/example_dags/example_branch_python_dop_operator_3.py
[2024-03-06T14:38:23.970+0000] {processor.py:840} INFO - DAG(s) 'example_branch_dop_operator_v3' retrieved from /home/airflow/.local/lib/python3.8/site-packages/airflow/example_dags/example_branch_python_dop_operator_3.py
[2024-03-06T14:38:23.995+0000] {logging_mixin.py:188} INFO - [2024-03-06T14:38:23.994+0000] {dag.py:3047} INFO - Sync 1 DAGs
[2024-03-06T14:38:24.025+0000] {logging_mixin.py:188} INFO - [2024-03-06T14:38:24.025+0000] {dag.py:3834} INFO - Setting next_dagrun for example_branch_dop_operator_v3 to 2024-03-06 14:37:00+00:00, run_after=2024-03-06 14:38:00+00:00
[2024-03-06T14:38:24.047+0000] {processor.py:183} INFO - Processing /home/airflow/.local/lib/python3.8/site-packages/airflow/example_dags/example_branch_python_dop_operator_3.py took 0.093 seconds
[2024-03-06T14:38:54.416+0000] {processor.py:161} INFO - Started process (PID=592) to work on /home/airflow/.local/lib/python3.8/site-packages/airflow/example_dags/example_branch_python_dop_operator_3.py
[2024-03-06T14:38:54.418+0000] {processor.py:830} INFO - Processing file /home/airflow/.local/lib/python3.8/site-packages/airflow/example_dags/example_branch_python_dop_operator_3.py for tasks to queue
[2024-03-06T14:38:54.419+0000] {logging_mixin.py:188} INFO - [2024-03-06T14:38:54.419+0000] {dagbag.py:540} INFO - Filling up the DagBag from /home/airflow/.local/lib/python3.8/site-packages/airflow/example_dags/example_branch_python_dop_operator_3.py
[2024-03-06T14:38:54.429+0000] {processor.py:840} INFO - DAG(s) 'example_branch_dop_operator_v3' retrieved from /home/airflow/.local/lib/python3.8/site-packages/airflow/example_dags/example_branch_python_dop_operator_3.py
[2024-03-06T14:38:54.440+0000] {logging_mixin.py:188} INFO - [2024-03-06T14:38:54.439+0000] {dag.py:3047} INFO - Sync 1 DAGs
[2024-03-06T14:38:54.466+0000] {logging_mixin.py:188} INFO - [2024-03-06T14:38:54.466+0000] {dag.py:3834} INFO - Setting next_dagrun for example_branch_dop_operator_v3 to 2024-03-06 14:37:00+00:00, run_after=2024-03-06 14:38:00+00:00
[2024-03-06T14:38:54.485+0000] {processor.py:183} INFO - Processing /home/airflow/.local/lib/python3.8/site-packages/airflow/example_dags/example_branch_python_dop_operator_3.py took 0.072 seconds
[2024-03-06T14:39:25.001+0000] {processor.py:161} INFO - Started process (PID=647) to work on /home/airflow/.local/lib/python3.8/site-packages/airflow/example_dags/example_branch_python_dop_operator_3.py
[2024-03-06T14:39:25.003+0000] {processor.py:830} INFO - Processing file /home/airflow/.local/lib/python3.8/site-packages/airflow/example_dags/example_branch_python_dop_operator_3.py for tasks to queue
[2024-03-06T14:39:25.004+0000] {logging_mixin.py:188} INFO - [2024-03-06T14:39:25.004+0000] {dagbag.py:540} INFO - Filling up the DagBag from /home/airflow/.local/lib/python3.8/site-packages/airflow/example_dags/example_branch_python_dop_operator_3.py
[2024-03-06T14:39:25.012+0000] {processor.py:840} INFO - DAG(s) 'example_branch_dop_operator_v3' retrieved from /home/airflow/.local/lib/python3.8/site-packages/airflow/example_dags/example_branch_python_dop_operator_3.py
[2024-03-06T14:39:25.114+0000] {logging_mixin.py:188} INFO - [2024-03-06T14:39:25.113+0000] {dag.py:3047} INFO - Sync 1 DAGs
[2024-03-06T14:39:25.137+0000] {logging_mixin.py:188} INFO - [2024-03-06T14:39:25.136+0000] {dag.py:3834} INFO - Setting next_dagrun for example_branch_dop_operator_v3 to 2024-03-06 14:38:00+00:00, run_after=2024-03-06 14:39:00+00:00
[2024-03-06T14:39:25.155+0000] {processor.py:183} INFO - Processing /home/airflow/.local/lib/python3.8/site-packages/airflow/example_dags/example_branch_python_dop_operator_3.py took 0.157 seconds
[2024-03-06T14:43:25.321+0000] {processor.py:161} INFO - Started process (PID=42) to work on /home/airflow/.local/lib/python3.8/site-packages/airflow/example_dags/example_branch_python_dop_operator_3.py
[2024-03-06T14:43:25.323+0000] {processor.py:830} INFO - Processing file /home/airflow/.local/lib/python3.8/site-packages/airflow/example_dags/example_branch_python_dop_operator_3.py for tasks to queue
[2024-03-06T14:43:25.325+0000] {logging_mixin.py:188} INFO - [2024-03-06T14:43:25.324+0000] {dagbag.py:540} INFO - Filling up the DagBag from /home/airflow/.local/lib/python3.8/site-packages/airflow/example_dags/example_branch_python_dop_operator_3.py
[2024-03-06T14:43:25.336+0000] {processor.py:840} INFO - DAG(s) 'example_branch_dop_operator_v3' retrieved from /home/airflow/.local/lib/python3.8/site-packages/airflow/example_dags/example_branch_python_dop_operator_3.py
[2024-03-06T14:43:25.447+0000] {logging_mixin.py:188} INFO - [2024-03-06T14:43:25.446+0000] {override.py:1769} INFO - Created Permission View: can delete on DAG:example_branch_dop_operator_v3
[2024-03-06T14:43:25.457+0000] {logging_mixin.py:188} INFO - [2024-03-06T14:43:25.457+0000] {override.py:1769} INFO - Created Permission View: can read on DAG:example_branch_dop_operator_v3
[2024-03-06T14:43:25.463+0000] {logging_mixin.py:188} INFO - [2024-03-06T14:43:25.463+0000] {override.py:1769} INFO - Created Permission View: can edit on DAG:example_branch_dop_operator_v3
[2024-03-06T14:43:25.464+0000] {logging_mixin.py:188} INFO - [2024-03-06T14:43:25.463+0000] {dag.py:3047} INFO - Sync 1 DAGs
[2024-03-06T14:43:25.475+0000] {logging_mixin.py:188} INFO - [2024-03-06T14:43:25.475+0000] {dag.py:3069} INFO - Creating ORM DAG for example_branch_dop_operator_v3
[2024-03-06T14:43:25.490+0000] {logging_mixin.py:188} INFO - [2024-03-06T14:43:25.490+0000] {dag.py:3834} INFO - Setting next_dagrun for example_branch_dop_operator_v3 to 2024-03-06 14:42:00+00:00, run_after=2024-03-06 14:43:00+00:00
[2024-03-06T14:43:25.512+0000] {processor.py:183} INFO - Processing /home/airflow/.local/lib/python3.8/site-packages/airflow/example_dags/example_branch_python_dop_operator_3.py took 0.194 seconds
[2024-03-06T14:43:55.603+0000] {processor.py:161} INFO - Started process (PID=97) to work on /home/airflow/.local/lib/python3.8/site-packages/airflow/example_dags/example_branch_python_dop_operator_3.py
[2024-03-06T14:43:55.605+0000] {processor.py:830} INFO - Processing file /home/airflow/.local/lib/python3.8/site-packages/airflow/example_dags/example_branch_python_dop_operator_3.py for tasks to queue
[2024-03-06T14:43:55.607+0000] {logging_mixin.py:188} INFO - [2024-03-06T14:43:55.606+0000] {dagbag.py:540} INFO - Filling up the DagBag from /home/airflow/.local/lib/python3.8/site-packages/airflow/example_dags/example_branch_python_dop_operator_3.py
[2024-03-06T14:43:55.617+0000] {processor.py:840} INFO - DAG(s) 'example_branch_dop_operator_v3' retrieved from /home/airflow/.local/lib/python3.8/site-packages/airflow/example_dags/example_branch_python_dop_operator_3.py
[2024-03-06T14:43:55.638+0000] {logging_mixin.py:188} INFO - [2024-03-06T14:43:55.638+0000] {dag.py:3047} INFO - Sync 1 DAGs
[2024-03-06T14:43:55.663+0000] {logging_mixin.py:188} INFO - [2024-03-06T14:43:55.663+0000] {dag.py:3834} INFO - Setting next_dagrun for example_branch_dop_operator_v3 to 2024-03-06 14:42:00+00:00, run_after=2024-03-06 14:43:00+00:00
[2024-03-06T14:43:55.681+0000] {processor.py:183} INFO - Processing /home/airflow/.local/lib/python3.8/site-packages/airflow/example_dags/example_branch_python_dop_operator_3.py took 0.082 seconds
[2024-03-06T14:44:26.161+0000] {processor.py:161} INFO - Started process (PID=152) to work on /home/airflow/.local/lib/python3.8/site-packages/airflow/example_dags/example_branch_python_dop_operator_3.py
[2024-03-06T14:44:26.162+0000] {processor.py:830} INFO - Processing file /home/airflow/.local/lib/python3.8/site-packages/airflow/example_dags/example_branch_python_dop_operator_3.py for tasks to queue
[2024-03-06T14:44:26.163+0000] {logging_mixin.py:188} INFO - [2024-03-06T14:44:26.163+0000] {dagbag.py:540} INFO - Filling up the DagBag from /home/airflow/.local/lib/python3.8/site-packages/airflow/example_dags/example_branch_python_dop_operator_3.py
[2024-03-06T14:44:26.171+0000] {processor.py:840} INFO - DAG(s) 'example_branch_dop_operator_v3' retrieved from /home/airflow/.local/lib/python3.8/site-packages/airflow/example_dags/example_branch_python_dop_operator_3.py
[2024-03-06T14:44:26.188+0000] {logging_mixin.py:188} INFO - [2024-03-06T14:44:26.187+0000] {dag.py:3047} INFO - Sync 1 DAGs
[2024-03-06T14:44:26.209+0000] {logging_mixin.py:188} INFO - [2024-03-06T14:44:26.209+0000] {dag.py:3834} INFO - Setting next_dagrun for example_branch_dop_operator_v3 to 2024-03-06 14:43:00+00:00, run_after=2024-03-06 14:44:00+00:00
[2024-03-06T14:44:26.232+0000] {processor.py:183} INFO - Processing /home/airflow/.local/lib/python3.8/site-packages/airflow/example_dags/example_branch_python_dop_operator_3.py took 0.074 seconds
[2024-03-06T14:44:56.680+0000] {processor.py:161} INFO - Started process (PID=207) to work on /home/airflow/.local/lib/python3.8/site-packages/airflow/example_dags/example_branch_python_dop_operator_3.py
[2024-03-06T14:44:56.681+0000] {processor.py:830} INFO - Processing file /home/airflow/.local/lib/python3.8/site-packages/airflow/example_dags/example_branch_python_dop_operator_3.py for tasks to queue
[2024-03-06T14:44:56.683+0000] {logging_mixin.py:188} INFO - [2024-03-06T14:44:56.683+0000] {dagbag.py:540} INFO - Filling up the DagBag from /home/airflow/.local/lib/python3.8/site-packages/airflow/example_dags/example_branch_python_dop_operator_3.py
[2024-03-06T14:44:56.691+0000] {processor.py:840} INFO - DAG(s) 'example_branch_dop_operator_v3' retrieved from /home/airflow/.local/lib/python3.8/site-packages/airflow/example_dags/example_branch_python_dop_operator_3.py
[2024-03-06T14:44:56.708+0000] {logging_mixin.py:188} INFO - [2024-03-06T14:44:56.708+0000] {dag.py:3047} INFO - Sync 1 DAGs
[2024-03-06T14:44:56.733+0000] {logging_mixin.py:188} INFO - [2024-03-06T14:44:56.733+0000] {dag.py:3834} INFO - Setting next_dagrun for example_branch_dop_operator_v3 to 2024-03-06 14:43:00+00:00, run_after=2024-03-06 14:44:00+00:00
[2024-03-06T14:44:56.758+0000] {processor.py:183} INFO - Processing /home/airflow/.local/lib/python3.8/site-packages/airflow/example_dags/example_branch_python_dop_operator_3.py took 0.081 seconds
[2024-03-06T14:45:27.238+0000] {processor.py:161} INFO - Started process (PID=262) to work on /home/airflow/.local/lib/python3.8/site-packages/airflow/example_dags/example_branch_python_dop_operator_3.py
[2024-03-06T14:45:27.239+0000] {processor.py:830} INFO - Processing file /home/airflow/.local/lib/python3.8/site-packages/airflow/example_dags/example_branch_python_dop_operator_3.py for tasks to queue
[2024-03-06T14:45:27.241+0000] {logging_mixin.py:188} INFO - [2024-03-06T14:45:27.241+0000] {dagbag.py:540} INFO - Filling up the DagBag from /home/airflow/.local/lib/python3.8/site-packages/airflow/example_dags/example_branch_python_dop_operator_3.py
[2024-03-06T14:45:27.248+0000] {processor.py:840} INFO - DAG(s) 'example_branch_dop_operator_v3' retrieved from /home/airflow/.local/lib/python3.8/site-packages/airflow/example_dags/example_branch_python_dop_operator_3.py
[2024-03-06T14:45:27.266+0000] {logging_mixin.py:188} INFO - [2024-03-06T14:45:27.266+0000] {dag.py:3047} INFO - Sync 1 DAGs
[2024-03-06T14:45:27.288+0000] {logging_mixin.py:188} INFO - [2024-03-06T14:45:27.288+0000] {dag.py:3834} INFO - Setting next_dagrun for example_branch_dop_operator_v3 to 2024-03-06 14:44:00+00:00, run_after=2024-03-06 14:45:00+00:00
[2024-03-06T14:45:27.306+0000] {processor.py:183} INFO - Processing /home/airflow/.local/lib/python3.8/site-packages/airflow/example_dags/example_branch_python_dop_operator_3.py took 0.070 seconds
[2024-03-06T14:45:57.914+0000] {processor.py:161} INFO - Started process (PID=317) to work on /home/airflow/.local/lib/python3.8/site-packages/airflow/example_dags/example_branch_python_dop_operator_3.py
[2024-03-06T14:45:57.915+0000] {processor.py:830} INFO - Processing file /home/airflow/.local/lib/python3.8/site-packages/airflow/example_dags/example_branch_python_dop_operator_3.py for tasks to queue
[2024-03-06T14:45:57.917+0000] {logging_mixin.py:188} INFO - [2024-03-06T14:45:57.917+0000] {dagbag.py:540} INFO - Filling up the DagBag from /home/airflow/.local/lib/python3.8/site-packages/airflow/example_dags/example_branch_python_dop_operator_3.py
[2024-03-06T14:45:57.928+0000] {processor.py:840} INFO - DAG(s) 'example_branch_dop_operator_v3' retrieved from /home/airflow/.local/lib/python3.8/site-packages/airflow/example_dags/example_branch_python_dop_operator_3.py
[2024-03-06T14:45:57.944+0000] {logging_mixin.py:188} INFO - [2024-03-06T14:45:57.943+0000] {dag.py:3047} INFO - Sync 1 DAGs
[2024-03-06T14:45:57.984+0000] {logging_mixin.py:188} INFO - [2024-03-06T14:45:57.984+0000] {dag.py:3834} INFO - Setting next_dagrun for example_branch_dop_operator_v3 to 2024-03-06 14:44:00+00:00, run_after=2024-03-06 14:45:00+00:00
[2024-03-06T14:45:58.010+0000] {processor.py:183} INFO - Processing /home/airflow/.local/lib/python3.8/site-packages/airflow/example_dags/example_branch_python_dop_operator_3.py took 0.099 seconds
[2024-03-06T14:46:28.645+0000] {processor.py:161} INFO - Started process (PID=372) to work on /home/airflow/.local/lib/python3.8/site-packages/airflow/example_dags/example_branch_python_dop_operator_3.py
[2024-03-06T14:46:28.646+0000] {processor.py:830} INFO - Processing file /home/airflow/.local/lib/python3.8/site-packages/airflow/example_dags/example_branch_python_dop_operator_3.py for tasks to queue
[2024-03-06T14:46:28.648+0000] {logging_mixin.py:188} INFO - [2024-03-06T14:46:28.647+0000] {dagbag.py:540} INFO - Filling up the DagBag from /home/airflow/.local/lib/python3.8/site-packages/airflow/example_dags/example_branch_python_dop_operator_3.py
[2024-03-06T14:46:28.659+0000] {processor.py:840} INFO - DAG(s) 'example_branch_dop_operator_v3' retrieved from /home/airflow/.local/lib/python3.8/site-packages/airflow/example_dags/example_branch_python_dop_operator_3.py
[2024-03-06T14:46:28.762+0000] {logging_mixin.py:188} INFO - [2024-03-06T14:46:28.762+0000] {dag.py:3047} INFO - Sync 1 DAGs
[2024-03-06T14:46:28.786+0000] {logging_mixin.py:188} INFO - [2024-03-06T14:46:28.786+0000] {dag.py:3834} INFO - Setting next_dagrun for example_branch_dop_operator_v3 to 2024-03-06 14:45:00+00:00, run_after=2024-03-06 14:46:00+00:00
[2024-03-06T14:46:28.805+0000] {processor.py:183} INFO - Processing /home/airflow/.local/lib/python3.8/site-packages/airflow/example_dags/example_branch_python_dop_operator_3.py took 0.163 seconds
