[2024-03-06T14:33:48.721+0000] {processor.py:161} INFO - Started process (PID=39) to work on /home/airflow/.local/lib/python3.8/site-packages/airflow/example_dags/example_latest_only.py
[2024-03-06T14:33:48.723+0000] {processor.py:830} INFO - Processing file /home/airflow/.local/lib/python3.8/site-packages/airflow/example_dags/example_latest_only.py for tasks to queue
[2024-03-06T14:33:48.727+0000] {logging_mixin.py:188} INFO - [2024-03-06T14:33:48.726+0000] {dagbag.py:540} INFO - Filling up the DagBag from /home/airflow/.local/lib/python3.8/site-packages/airflow/example_dags/example_latest_only.py
[2024-03-06T14:33:48.749+0000] {processor.py:840} INFO - DAG(s) 'latest_only' retrieved from /home/airflow/.local/lib/python3.8/site-packages/airflow/example_dags/example_latest_only.py
[2024-03-06T14:33:48.780+0000] {logging_mixin.py:188} INFO - [2024-03-06T14:33:48.779+0000] {dag.py:3047} INFO - Sync 1 DAGs
[2024-03-06T14:33:48.831+0000] {logging_mixin.py:188} INFO - [2024-03-06T14:33:48.831+0000] {dag.py:3834} INFO - Setting next_dagrun for latest_only to 2024-03-06 08:00:00+00:00, run_after=2024-03-06 12:00:00+00:00
[2024-03-06T14:33:48.877+0000] {processor.py:183} INFO - Processing /home/airflow/.local/lib/python3.8/site-packages/airflow/example_dags/example_latest_only.py took 0.163 seconds
[2024-03-06T14:34:19.612+0000] {processor.py:161} INFO - Started process (PID=94) to work on /home/airflow/.local/lib/python3.8/site-packages/airflow/example_dags/example_latest_only.py
[2024-03-06T14:34:19.613+0000] {processor.py:830} INFO - Processing file /home/airflow/.local/lib/python3.8/site-packages/airflow/example_dags/example_latest_only.py for tasks to queue
[2024-03-06T14:34:19.615+0000] {logging_mixin.py:188} INFO - [2024-03-06T14:34:19.615+0000] {dagbag.py:540} INFO - Filling up the DagBag from /home/airflow/.local/lib/python3.8/site-packages/airflow/example_dags/example_latest_only.py
[2024-03-06T14:34:19.619+0000] {processor.py:840} INFO - DAG(s) 'latest_only' retrieved from /home/airflow/.local/lib/python3.8/site-packages/airflow/example_dags/example_latest_only.py
[2024-03-06T14:34:19.705+0000] {logging_mixin.py:188} INFO - [2024-03-06T14:34:19.705+0000] {dag.py:3047} INFO - Sync 1 DAGs
[2024-03-06T14:34:19.724+0000] {logging_mixin.py:188} INFO - [2024-03-06T14:34:19.723+0000] {dag.py:3834} INFO - Setting next_dagrun for latest_only to 2024-03-06 08:00:00+00:00, run_after=2024-03-06 12:00:00+00:00
[2024-03-06T14:34:19.742+0000] {processor.py:183} INFO - Processing /home/airflow/.local/lib/python3.8/site-packages/airflow/example_dags/example_latest_only.py took 0.133 seconds
[2024-03-06T14:34:49.933+0000] {processor.py:161} INFO - Started process (PID=149) to work on /home/airflow/.local/lib/python3.8/site-packages/airflow/example_dags/example_latest_only.py
[2024-03-06T14:34:49.934+0000] {processor.py:830} INFO - Processing file /home/airflow/.local/lib/python3.8/site-packages/airflow/example_dags/example_latest_only.py for tasks to queue
[2024-03-06T14:34:49.936+0000] {logging_mixin.py:188} INFO - [2024-03-06T14:34:49.936+0000] {dagbag.py:540} INFO - Filling up the DagBag from /home/airflow/.local/lib/python3.8/site-packages/airflow/example_dags/example_latest_only.py
[2024-03-06T14:34:49.941+0000] {processor.py:840} INFO - DAG(s) 'latest_only' retrieved from /home/airflow/.local/lib/python3.8/site-packages/airflow/example_dags/example_latest_only.py
[2024-03-06T14:34:49.952+0000] {logging_mixin.py:188} INFO - [2024-03-06T14:34:49.951+0000] {dag.py:3047} INFO - Sync 1 DAGs
[2024-03-06T14:34:49.974+0000] {logging_mixin.py:188} INFO - [2024-03-06T14:34:49.974+0000] {dag.py:3834} INFO - Setting next_dagrun for latest_only to 2024-03-06 08:00:00+00:00, run_after=2024-03-06 12:00:00+00:00
[2024-03-06T14:34:49.995+0000] {processor.py:183} INFO - Processing /home/airflow/.local/lib/python3.8/site-packages/airflow/example_dags/example_latest_only.py took 0.065 seconds
[2024-03-06T14:35:20.496+0000] {processor.py:161} INFO - Started process (PID=204) to work on /home/airflow/.local/lib/python3.8/site-packages/airflow/example_dags/example_latest_only.py
[2024-03-06T14:35:20.497+0000] {processor.py:830} INFO - Processing file /home/airflow/.local/lib/python3.8/site-packages/airflow/example_dags/example_latest_only.py for tasks to queue
[2024-03-06T14:35:20.499+0000] {logging_mixin.py:188} INFO - [2024-03-06T14:35:20.498+0000] {dagbag.py:540} INFO - Filling up the DagBag from /home/airflow/.local/lib/python3.8/site-packages/airflow/example_dags/example_latest_only.py
[2024-03-06T14:35:20.503+0000] {processor.py:840} INFO - DAG(s) 'latest_only' retrieved from /home/airflow/.local/lib/python3.8/site-packages/airflow/example_dags/example_latest_only.py
[2024-03-06T14:35:20.651+0000] {logging_mixin.py:188} INFO - [2024-03-06T14:35:20.650+0000] {dag.py:3047} INFO - Sync 1 DAGs
[2024-03-06T14:35:20.671+0000] {logging_mixin.py:188} INFO - [2024-03-06T14:35:20.670+0000] {dag.py:3834} INFO - Setting next_dagrun for latest_only to 2024-03-06 08:00:00+00:00, run_after=2024-03-06 12:00:00+00:00
[2024-03-06T14:35:20.687+0000] {processor.py:183} INFO - Processing /home/airflow/.local/lib/python3.8/site-packages/airflow/example_dags/example_latest_only.py took 0.195 seconds
[2024-03-06T14:35:50.900+0000] {processor.py:161} INFO - Started process (PID=259) to work on /home/airflow/.local/lib/python3.8/site-packages/airflow/example_dags/example_latest_only.py
[2024-03-06T14:35:50.901+0000] {processor.py:830} INFO - Processing file /home/airflow/.local/lib/python3.8/site-packages/airflow/example_dags/example_latest_only.py for tasks to queue
[2024-03-06T14:35:50.903+0000] {logging_mixin.py:188} INFO - [2024-03-06T14:35:50.903+0000] {dagbag.py:540} INFO - Filling up the DagBag from /home/airflow/.local/lib/python3.8/site-packages/airflow/example_dags/example_latest_only.py
[2024-03-06T14:35:50.908+0000] {processor.py:840} INFO - DAG(s) 'latest_only' retrieved from /home/airflow/.local/lib/python3.8/site-packages/airflow/example_dags/example_latest_only.py
[2024-03-06T14:35:50.929+0000] {logging_mixin.py:188} INFO - [2024-03-06T14:35:50.928+0000] {dag.py:3047} INFO - Sync 1 DAGs
[2024-03-06T14:35:50.953+0000] {logging_mixin.py:188} INFO - [2024-03-06T14:35:50.953+0000] {dag.py:3834} INFO - Setting next_dagrun for latest_only to 2024-03-06 08:00:00+00:00, run_after=2024-03-06 12:00:00+00:00
[2024-03-06T14:35:50.972+0000] {processor.py:183} INFO - Processing /home/airflow/.local/lib/python3.8/site-packages/airflow/example_dags/example_latest_only.py took 0.074 seconds
[2024-03-06T14:36:21.741+0000] {processor.py:161} INFO - Started process (PID=314) to work on /home/airflow/.local/lib/python3.8/site-packages/airflow/example_dags/example_latest_only.py
[2024-03-06T14:36:21.742+0000] {processor.py:830} INFO - Processing file /home/airflow/.local/lib/python3.8/site-packages/airflow/example_dags/example_latest_only.py for tasks to queue
[2024-03-06T14:36:21.743+0000] {logging_mixin.py:188} INFO - [2024-03-06T14:36:21.743+0000] {dagbag.py:540} INFO - Filling up the DagBag from /home/airflow/.local/lib/python3.8/site-packages/airflow/example_dags/example_latest_only.py
[2024-03-06T14:36:21.747+0000] {processor.py:840} INFO - DAG(s) 'latest_only' retrieved from /home/airflow/.local/lib/python3.8/site-packages/airflow/example_dags/example_latest_only.py
[2024-03-06T14:36:21.765+0000] {logging_mixin.py:188} INFO - [2024-03-06T14:36:21.765+0000] {dag.py:3047} INFO - Sync 1 DAGs
[2024-03-06T14:36:21.784+0000] {logging_mixin.py:188} INFO - [2024-03-06T14:36:21.784+0000] {dag.py:3834} INFO - Setting next_dagrun for latest_only to 2024-03-06 08:00:00+00:00, run_after=2024-03-06 12:00:00+00:00
[2024-03-06T14:36:21.800+0000] {processor.py:183} INFO - Processing /home/airflow/.local/lib/python3.8/site-packages/airflow/example_dags/example_latest_only.py took 0.062 seconds
[2024-03-06T14:36:52.307+0000] {processor.py:161} INFO - Started process (PID=369) to work on /home/airflow/.local/lib/python3.8/site-packages/airflow/example_dags/example_latest_only.py
[2024-03-06T14:36:52.309+0000] {processor.py:830} INFO - Processing file /home/airflow/.local/lib/python3.8/site-packages/airflow/example_dags/example_latest_only.py for tasks to queue
[2024-03-06T14:36:52.310+0000] {logging_mixin.py:188} INFO - [2024-03-06T14:36:52.310+0000] {dagbag.py:540} INFO - Filling up the DagBag from /home/airflow/.local/lib/python3.8/site-packages/airflow/example_dags/example_latest_only.py
[2024-03-06T14:36:52.316+0000] {processor.py:840} INFO - DAG(s) 'latest_only' retrieved from /home/airflow/.local/lib/python3.8/site-packages/airflow/example_dags/example_latest_only.py
[2024-03-06T14:36:52.336+0000] {logging_mixin.py:188} INFO - [2024-03-06T14:36:52.336+0000] {dag.py:3047} INFO - Sync 1 DAGs
[2024-03-06T14:36:52.361+0000] {logging_mixin.py:188} INFO - [2024-03-06T14:36:52.361+0000] {dag.py:3834} INFO - Setting next_dagrun for latest_only to 2024-03-06 08:00:00+00:00, run_after=2024-03-06 12:00:00+00:00
[2024-03-06T14:36:52.386+0000] {processor.py:183} INFO - Processing /home/airflow/.local/lib/python3.8/site-packages/airflow/example_dags/example_latest_only.py took 0.081 seconds
[2024-03-06T14:37:22.878+0000] {processor.py:161} INFO - Started process (PID=424) to work on /home/airflow/.local/lib/python3.8/site-packages/airflow/example_dags/example_latest_only.py
[2024-03-06T14:37:22.878+0000] {processor.py:830} INFO - Processing file /home/airflow/.local/lib/python3.8/site-packages/airflow/example_dags/example_latest_only.py for tasks to queue
[2024-03-06T14:37:22.881+0000] {logging_mixin.py:188} INFO - [2024-03-06T14:37:22.880+0000] {dagbag.py:540} INFO - Filling up the DagBag from /home/airflow/.local/lib/python3.8/site-packages/airflow/example_dags/example_latest_only.py
[2024-03-06T14:37:22.885+0000] {processor.py:840} INFO - DAG(s) 'latest_only' retrieved from /home/airflow/.local/lib/python3.8/site-packages/airflow/example_dags/example_latest_only.py
[2024-03-06T14:37:22.910+0000] {logging_mixin.py:188} INFO - [2024-03-06T14:37:22.909+0000] {dag.py:3047} INFO - Sync 1 DAGs
[2024-03-06T14:37:22.935+0000] {logging_mixin.py:188} INFO - [2024-03-06T14:37:22.935+0000] {dag.py:3834} INFO - Setting next_dagrun for latest_only to 2024-03-06 08:00:00+00:00, run_after=2024-03-06 12:00:00+00:00
[2024-03-06T14:37:22.960+0000] {processor.py:183} INFO - Processing /home/airflow/.local/lib/python3.8/site-packages/airflow/example_dags/example_latest_only.py took 0.086 seconds
[2024-03-06T14:37:53.011+0000] {processor.py:161} INFO - Started process (PID=479) to work on /home/airflow/.local/lib/python3.8/site-packages/airflow/example_dags/example_latest_only.py
[2024-03-06T14:37:53.012+0000] {processor.py:830} INFO - Processing file /home/airflow/.local/lib/python3.8/site-packages/airflow/example_dags/example_latest_only.py for tasks to queue
[2024-03-06T14:37:53.014+0000] {logging_mixin.py:188} INFO - [2024-03-06T14:37:53.014+0000] {dagbag.py:540} INFO - Filling up the DagBag from /home/airflow/.local/lib/python3.8/site-packages/airflow/example_dags/example_latest_only.py
[2024-03-06T14:37:53.020+0000] {processor.py:840} INFO - DAG(s) 'latest_only' retrieved from /home/airflow/.local/lib/python3.8/site-packages/airflow/example_dags/example_latest_only.py
[2024-03-06T14:37:53.043+0000] {logging_mixin.py:188} INFO - [2024-03-06T14:37:53.042+0000] {dag.py:3047} INFO - Sync 1 DAGs
[2024-03-06T14:37:53.069+0000] {logging_mixin.py:188} INFO - [2024-03-06T14:37:53.069+0000] {dag.py:3834} INFO - Setting next_dagrun for latest_only to 2024-03-06 08:00:00+00:00, run_after=2024-03-06 12:00:00+00:00
[2024-03-06T14:37:53.095+0000] {processor.py:183} INFO - Processing /home/airflow/.local/lib/python3.8/site-packages/airflow/example_dags/example_latest_only.py took 0.088 seconds
[2024-03-06T14:38:23.800+0000] {processor.py:161} INFO - Started process (PID=534) to work on /home/airflow/.local/lib/python3.8/site-packages/airflow/example_dags/example_latest_only.py
[2024-03-06T14:38:23.801+0000] {processor.py:830} INFO - Processing file /home/airflow/.local/lib/python3.8/site-packages/airflow/example_dags/example_latest_only.py for tasks to queue
[2024-03-06T14:38:23.802+0000] {logging_mixin.py:188} INFO - [2024-03-06T14:38:23.802+0000] {dagbag.py:540} INFO - Filling up the DagBag from /home/airflow/.local/lib/python3.8/site-packages/airflow/example_dags/example_latest_only.py
[2024-03-06T14:38:23.806+0000] {processor.py:840} INFO - DAG(s) 'latest_only' retrieved from /home/airflow/.local/lib/python3.8/site-packages/airflow/example_dags/example_latest_only.py
[2024-03-06T14:38:23.824+0000] {logging_mixin.py:188} INFO - [2024-03-06T14:38:23.823+0000] {dag.py:3047} INFO - Sync 1 DAGs
[2024-03-06T14:38:23.843+0000] {logging_mixin.py:188} INFO - [2024-03-06T14:38:23.842+0000] {dag.py:3834} INFO - Setting next_dagrun for latest_only to 2024-03-06 08:00:00+00:00, run_after=2024-03-06 12:00:00+00:00
[2024-03-06T14:38:23.859+0000] {processor.py:183} INFO - Processing /home/airflow/.local/lib/python3.8/site-packages/airflow/example_dags/example_latest_only.py took 0.062 seconds
[2024-03-06T14:38:54.328+0000] {processor.py:161} INFO - Started process (PID=589) to work on /home/airflow/.local/lib/python3.8/site-packages/airflow/example_dags/example_latest_only.py
[2024-03-06T14:38:54.329+0000] {processor.py:830} INFO - Processing file /home/airflow/.local/lib/python3.8/site-packages/airflow/example_dags/example_latest_only.py for tasks to queue
[2024-03-06T14:38:54.331+0000] {logging_mixin.py:188} INFO - [2024-03-06T14:38:54.331+0000] {dagbag.py:540} INFO - Filling up the DagBag from /home/airflow/.local/lib/python3.8/site-packages/airflow/example_dags/example_latest_only.py
[2024-03-06T14:38:54.337+0000] {processor.py:840} INFO - DAG(s) 'latest_only' retrieved from /home/airflow/.local/lib/python3.8/site-packages/airflow/example_dags/example_latest_only.py
[2024-03-06T14:38:54.349+0000] {logging_mixin.py:188} INFO - [2024-03-06T14:38:54.349+0000] {dag.py:3047} INFO - Sync 1 DAGs
[2024-03-06T14:38:54.372+0000] {logging_mixin.py:188} INFO - [2024-03-06T14:38:54.372+0000] {dag.py:3834} INFO - Setting next_dagrun for latest_only to 2024-03-06 08:00:00+00:00, run_after=2024-03-06 12:00:00+00:00
[2024-03-06T14:38:54.394+0000] {processor.py:183} INFO - Processing /home/airflow/.local/lib/python3.8/site-packages/airflow/example_dags/example_latest_only.py took 0.070 seconds
[2024-03-06T14:39:24.763+0000] {processor.py:161} INFO - Started process (PID=644) to work on /home/airflow/.local/lib/python3.8/site-packages/airflow/example_dags/example_latest_only.py
[2024-03-06T14:39:24.765+0000] {processor.py:830} INFO - Processing file /home/airflow/.local/lib/python3.8/site-packages/airflow/example_dags/example_latest_only.py for tasks to queue
[2024-03-06T14:39:24.766+0000] {logging_mixin.py:188} INFO - [2024-03-06T14:39:24.766+0000] {dagbag.py:540} INFO - Filling up the DagBag from /home/airflow/.local/lib/python3.8/site-packages/airflow/example_dags/example_latest_only.py
[2024-03-06T14:39:24.770+0000] {processor.py:840} INFO - DAG(s) 'latest_only' retrieved from /home/airflow/.local/lib/python3.8/site-packages/airflow/example_dags/example_latest_only.py
[2024-03-06T14:39:24.875+0000] {logging_mixin.py:188} INFO - [2024-03-06T14:39:24.875+0000] {dag.py:3047} INFO - Sync 1 DAGs
[2024-03-06T14:39:24.894+0000] {logging_mixin.py:188} INFO - [2024-03-06T14:39:24.894+0000] {dag.py:3834} INFO - Setting next_dagrun for latest_only to 2024-03-06 08:00:00+00:00, run_after=2024-03-06 12:00:00+00:00
[2024-03-06T14:39:24.914+0000] {processor.py:183} INFO - Processing /home/airflow/.local/lib/python3.8/site-packages/airflow/example_dags/example_latest_only.py took 0.153 seconds
[2024-03-06T14:43:24.997+0000] {processor.py:161} INFO - Started process (PID=39) to work on /home/airflow/.local/lib/python3.8/site-packages/airflow/example_dags/example_latest_only.py
[2024-03-06T14:43:24.999+0000] {processor.py:830} INFO - Processing file /home/airflow/.local/lib/python3.8/site-packages/airflow/example_dags/example_latest_only.py for tasks to queue
[2024-03-06T14:43:25.001+0000] {logging_mixin.py:188} INFO - [2024-03-06T14:43:25.000+0000] {dagbag.py:540} INFO - Filling up the DagBag from /home/airflow/.local/lib/python3.8/site-packages/airflow/example_dags/example_latest_only.py
[2024-03-06T14:43:25.009+0000] {processor.py:840} INFO - DAG(s) 'latest_only' retrieved from /home/airflow/.local/lib/python3.8/site-packages/airflow/example_dags/example_latest_only.py
[2024-03-06T14:43:25.111+0000] {logging_mixin.py:188} INFO - [2024-03-06T14:43:25.111+0000] {override.py:1769} INFO - Created Permission View: can delete on DAG:latest_only
[2024-03-06T14:43:25.120+0000] {logging_mixin.py:188} INFO - [2024-03-06T14:43:25.120+0000] {override.py:1769} INFO - Created Permission View: can read on DAG:latest_only
[2024-03-06T14:43:25.128+0000] {logging_mixin.py:188} INFO - [2024-03-06T14:43:25.128+0000] {override.py:1769} INFO - Created Permission View: can edit on DAG:latest_only
[2024-03-06T14:43:25.129+0000] {logging_mixin.py:188} INFO - [2024-03-06T14:43:25.129+0000] {dag.py:3047} INFO - Sync 1 DAGs
[2024-03-06T14:43:25.140+0000] {logging_mixin.py:188} INFO - [2024-03-06T14:43:25.140+0000] {dag.py:3069} INFO - Creating ORM DAG for latest_only
[2024-03-06T14:43:25.151+0000] {logging_mixin.py:188} INFO - [2024-03-06T14:43:25.151+0000] {dag.py:3834} INFO - Setting next_dagrun for latest_only to 2024-03-06 08:00:00+00:00, run_after=2024-03-06 12:00:00+00:00
[2024-03-06T14:43:25.170+0000] {processor.py:183} INFO - Processing /home/airflow/.local/lib/python3.8/site-packages/airflow/example_dags/example_latest_only.py took 0.176 seconds
[2024-03-06T14:43:55.406+0000] {processor.py:161} INFO - Started process (PID=94) to work on /home/airflow/.local/lib/python3.8/site-packages/airflow/example_dags/example_latest_only.py
[2024-03-06T14:43:55.407+0000] {processor.py:830} INFO - Processing file /home/airflow/.local/lib/python3.8/site-packages/airflow/example_dags/example_latest_only.py for tasks to queue
[2024-03-06T14:43:55.409+0000] {logging_mixin.py:188} INFO - [2024-03-06T14:43:55.409+0000] {dagbag.py:540} INFO - Filling up the DagBag from /home/airflow/.local/lib/python3.8/site-packages/airflow/example_dags/example_latest_only.py
[2024-03-06T14:43:55.414+0000] {processor.py:840} INFO - DAG(s) 'latest_only' retrieved from /home/airflow/.local/lib/python3.8/site-packages/airflow/example_dags/example_latest_only.py
[2024-03-06T14:43:55.441+0000] {logging_mixin.py:188} INFO - [2024-03-06T14:43:55.441+0000] {dag.py:3047} INFO - Sync 1 DAGs
[2024-03-06T14:43:55.467+0000] {logging_mixin.py:188} INFO - [2024-03-06T14:43:55.466+0000] {dag.py:3834} INFO - Setting next_dagrun for latest_only to 2024-03-06 08:00:00+00:00, run_after=2024-03-06 12:00:00+00:00
[2024-03-06T14:43:55.490+0000] {processor.py:183} INFO - Processing /home/airflow/.local/lib/python3.8/site-packages/airflow/example_dags/example_latest_only.py took 0.087 seconds
[2024-03-06T14:44:26.000+0000] {processor.py:161} INFO - Started process (PID=149) to work on /home/airflow/.local/lib/python3.8/site-packages/airflow/example_dags/example_latest_only.py
[2024-03-06T14:44:26.001+0000] {processor.py:830} INFO - Processing file /home/airflow/.local/lib/python3.8/site-packages/airflow/example_dags/example_latest_only.py for tasks to queue
[2024-03-06T14:44:26.003+0000] {logging_mixin.py:188} INFO - [2024-03-06T14:44:26.002+0000] {dagbag.py:540} INFO - Filling up the DagBag from /home/airflow/.local/lib/python3.8/site-packages/airflow/example_dags/example_latest_only.py
[2024-03-06T14:44:26.007+0000] {processor.py:840} INFO - DAG(s) 'latest_only' retrieved from /home/airflow/.local/lib/python3.8/site-packages/airflow/example_dags/example_latest_only.py
[2024-03-06T14:44:26.024+0000] {logging_mixin.py:188} INFO - [2024-03-06T14:44:26.023+0000] {dag.py:3047} INFO - Sync 1 DAGs
[2024-03-06T14:44:26.043+0000] {logging_mixin.py:188} INFO - [2024-03-06T14:44:26.043+0000] {dag.py:3834} INFO - Setting next_dagrun for latest_only to 2024-03-06 08:00:00+00:00, run_after=2024-03-06 12:00:00+00:00
[2024-03-06T14:44:26.061+0000] {processor.py:183} INFO - Processing /home/airflow/.local/lib/python3.8/site-packages/airflow/example_dags/example_latest_only.py took 0.064 seconds
[2024-03-06T14:44:56.586+0000] {processor.py:161} INFO - Started process (PID=204) to work on /home/airflow/.local/lib/python3.8/site-packages/airflow/example_dags/example_latest_only.py
[2024-03-06T14:44:56.587+0000] {processor.py:830} INFO - Processing file /home/airflow/.local/lib/python3.8/site-packages/airflow/example_dags/example_latest_only.py for tasks to queue
[2024-03-06T14:44:56.589+0000] {logging_mixin.py:188} INFO - [2024-03-06T14:44:56.589+0000] {dagbag.py:540} INFO - Filling up the DagBag from /home/airflow/.local/lib/python3.8/site-packages/airflow/example_dags/example_latest_only.py
[2024-03-06T14:44:56.593+0000] {processor.py:840} INFO - DAG(s) 'latest_only' retrieved from /home/airflow/.local/lib/python3.8/site-packages/airflow/example_dags/example_latest_only.py
[2024-03-06T14:44:56.611+0000] {logging_mixin.py:188} INFO - [2024-03-06T14:44:56.610+0000] {dag.py:3047} INFO - Sync 1 DAGs
[2024-03-06T14:44:56.632+0000] {logging_mixin.py:188} INFO - [2024-03-06T14:44:56.632+0000] {dag.py:3834} INFO - Setting next_dagrun for latest_only to 2024-03-06 08:00:00+00:00, run_after=2024-03-06 12:00:00+00:00
[2024-03-06T14:44:56.652+0000] {processor.py:183} INFO - Processing /home/airflow/.local/lib/python3.8/site-packages/airflow/example_dags/example_latest_only.py took 0.069 seconds
[2024-03-06T14:45:27.036+0000] {processor.py:161} INFO - Started process (PID=259) to work on /home/airflow/.local/lib/python3.8/site-packages/airflow/example_dags/example_latest_only.py
[2024-03-06T14:45:27.038+0000] {processor.py:830} INFO - Processing file /home/airflow/.local/lib/python3.8/site-packages/airflow/example_dags/example_latest_only.py for tasks to queue
[2024-03-06T14:45:27.039+0000] {logging_mixin.py:188} INFO - [2024-03-06T14:45:27.039+0000] {dagbag.py:540} INFO - Filling up the DagBag from /home/airflow/.local/lib/python3.8/site-packages/airflow/example_dags/example_latest_only.py
[2024-03-06T14:45:27.044+0000] {processor.py:840} INFO - DAG(s) 'latest_only' retrieved from /home/airflow/.local/lib/python3.8/site-packages/airflow/example_dags/example_latest_only.py
[2024-03-06T14:45:27.069+0000] {logging_mixin.py:188} INFO - [2024-03-06T14:45:27.069+0000] {dag.py:3047} INFO - Sync 1 DAGs
[2024-03-06T14:45:27.094+0000] {logging_mixin.py:188} INFO - [2024-03-06T14:45:27.094+0000] {dag.py:3834} INFO - Setting next_dagrun for latest_only to 2024-03-06 08:00:00+00:00, run_after=2024-03-06 12:00:00+00:00
[2024-03-06T14:45:27.118+0000] {processor.py:183} INFO - Processing /home/airflow/.local/lib/python3.8/site-packages/airflow/example_dags/example_latest_only.py took 0.085 seconds
[2024-03-06T14:45:57.724+0000] {processor.py:161} INFO - Started process (PID=314) to work on /home/airflow/.local/lib/python3.8/site-packages/airflow/example_dags/example_latest_only.py
[2024-03-06T14:45:57.725+0000] {processor.py:830} INFO - Processing file /home/airflow/.local/lib/python3.8/site-packages/airflow/example_dags/example_latest_only.py for tasks to queue
[2024-03-06T14:45:57.727+0000] {logging_mixin.py:188} INFO - [2024-03-06T14:45:57.727+0000] {dagbag.py:540} INFO - Filling up the DagBag from /home/airflow/.local/lib/python3.8/site-packages/airflow/example_dags/example_latest_only.py
[2024-03-06T14:45:57.733+0000] {processor.py:840} INFO - DAG(s) 'latest_only' retrieved from /home/airflow/.local/lib/python3.8/site-packages/airflow/example_dags/example_latest_only.py
[2024-03-06T14:45:57.746+0000] {logging_mixin.py:188} INFO - [2024-03-06T14:45:57.746+0000] {dag.py:3047} INFO - Sync 1 DAGs
[2024-03-06T14:45:57.774+0000] {logging_mixin.py:188} INFO - [2024-03-06T14:45:57.774+0000] {dag.py:3834} INFO - Setting next_dagrun for latest_only to 2024-03-06 08:00:00+00:00, run_after=2024-03-06 12:00:00+00:00
[2024-03-06T14:45:57.797+0000] {processor.py:183} INFO - Processing /home/airflow/.local/lib/python3.8/site-packages/airflow/example_dags/example_latest_only.py took 0.077 seconds
[2024-03-06T14:46:28.407+0000] {processor.py:161} INFO - Started process (PID=369) to work on /home/airflow/.local/lib/python3.8/site-packages/airflow/example_dags/example_latest_only.py
[2024-03-06T14:46:28.408+0000] {processor.py:830} INFO - Processing file /home/airflow/.local/lib/python3.8/site-packages/airflow/example_dags/example_latest_only.py for tasks to queue
[2024-03-06T14:46:28.410+0000] {logging_mixin.py:188} INFO - [2024-03-06T14:46:28.409+0000] {dagbag.py:540} INFO - Filling up the DagBag from /home/airflow/.local/lib/python3.8/site-packages/airflow/example_dags/example_latest_only.py
[2024-03-06T14:46:28.414+0000] {processor.py:840} INFO - DAG(s) 'latest_only' retrieved from /home/airflow/.local/lib/python3.8/site-packages/airflow/example_dags/example_latest_only.py
[2024-03-06T14:46:28.516+0000] {logging_mixin.py:188} INFO - [2024-03-06T14:46:28.516+0000] {dag.py:3047} INFO - Sync 1 DAGs
[2024-03-06T14:46:28.539+0000] {logging_mixin.py:188} INFO - [2024-03-06T14:46:28.538+0000] {dag.py:3834} INFO - Setting next_dagrun for latest_only to 2024-03-06 08:00:00+00:00, run_after=2024-03-06 12:00:00+00:00
[2024-03-06T14:46:28.558+0000] {processor.py:183} INFO - Processing /home/airflow/.local/lib/python3.8/site-packages/airflow/example_dags/example_latest_only.py took 0.153 seconds
