[2024-03-06T14:33:48.302+0000] {processor.py:161} INFO - Started process (PID=37) to work on /home/airflow/.local/lib/python3.8/site-packages/airflow/example_dags/example_dynamic_task_mapping.py
[2024-03-06T14:33:48.305+0000] {processor.py:830} INFO - Processing file /home/airflow/.local/lib/python3.8/site-packages/airflow/example_dags/example_dynamic_task_mapping.py for tasks to queue
[2024-03-06T14:33:48.307+0000] {logging_mixin.py:188} INFO - [2024-03-06T14:33:48.307+0000] {dagbag.py:540} INFO - Filling up the DagBag from /home/airflow/.local/lib/python3.8/site-packages/airflow/example_dags/example_dynamic_task_mapping.py
[2024-03-06T14:33:48.322+0000] {processor.py:840} INFO - DAG(s) 'example_dynamic_task_mapping' retrieved from /home/airflow/.local/lib/python3.8/site-packages/airflow/example_dags/example_dynamic_task_mapping.py
[2024-03-06T14:33:48.350+0000] {logging_mixin.py:188} INFO - [2024-03-06T14:33:48.349+0000] {dag.py:3047} INFO - Sync 1 DAGs
[2024-03-06T14:33:48.414+0000] {logging_mixin.py:188} INFO - [2024-03-06T14:33:48.412+0000] {dag.py:3834} INFO - Setting next_dagrun for example_dynamic_task_mapping to 2022-03-04 00:00:00+00:00, run_after=2022-03-05 00:00:00+00:00
[2024-03-06T14:33:48.468+0000] {processor.py:183} INFO - Processing /home/airflow/.local/lib/python3.8/site-packages/airflow/example_dags/example_dynamic_task_mapping.py took 0.174 seconds
[2024-03-06T14:34:19.463+0000] {processor.py:161} INFO - Started process (PID=92) to work on /home/airflow/.local/lib/python3.8/site-packages/airflow/example_dags/example_dynamic_task_mapping.py
[2024-03-06T14:34:19.464+0000] {processor.py:830} INFO - Processing file /home/airflow/.local/lib/python3.8/site-packages/airflow/example_dags/example_dynamic_task_mapping.py for tasks to queue
[2024-03-06T14:34:19.466+0000] {logging_mixin.py:188} INFO - [2024-03-06T14:34:19.465+0000] {dagbag.py:540} INFO - Filling up the DagBag from /home/airflow/.local/lib/python3.8/site-packages/airflow/example_dags/example_dynamic_task_mapping.py
[2024-03-06T14:34:19.471+0000] {processor.py:840} INFO - DAG(s) 'example_dynamic_task_mapping' retrieved from /home/airflow/.local/lib/python3.8/site-packages/airflow/example_dags/example_dynamic_task_mapping.py
[2024-03-06T14:34:19.556+0000] {logging_mixin.py:188} INFO - [2024-03-06T14:34:19.556+0000] {dag.py:3047} INFO - Sync 1 DAGs
[2024-03-06T14:34:19.573+0000] {logging_mixin.py:188} INFO - [2024-03-06T14:34:19.573+0000] {dag.py:3834} INFO - Setting next_dagrun for example_dynamic_task_mapping to 2022-03-04 00:00:00+00:00, run_after=2022-03-05 00:00:00+00:00
[2024-03-06T14:34:19.590+0000] {processor.py:183} INFO - Processing /home/airflow/.local/lib/python3.8/site-packages/airflow/example_dags/example_dynamic_task_mapping.py took 0.130 seconds
[2024-03-06T14:34:49.783+0000] {processor.py:161} INFO - Started process (PID=147) to work on /home/airflow/.local/lib/python3.8/site-packages/airflow/example_dags/example_dynamic_task_mapping.py
[2024-03-06T14:34:49.784+0000] {processor.py:830} INFO - Processing file /home/airflow/.local/lib/python3.8/site-packages/airflow/example_dags/example_dynamic_task_mapping.py for tasks to queue
[2024-03-06T14:34:49.786+0000] {logging_mixin.py:188} INFO - [2024-03-06T14:34:49.786+0000] {dagbag.py:540} INFO - Filling up the DagBag from /home/airflow/.local/lib/python3.8/site-packages/airflow/example_dags/example_dynamic_task_mapping.py
[2024-03-06T14:34:49.792+0000] {processor.py:840} INFO - DAG(s) 'example_dynamic_task_mapping' retrieved from /home/airflow/.local/lib/python3.8/site-packages/airflow/example_dags/example_dynamic_task_mapping.py
[2024-03-06T14:34:49.804+0000] {logging_mixin.py:188} INFO - [2024-03-06T14:34:49.804+0000] {dag.py:3047} INFO - Sync 1 DAGs
[2024-03-06T14:34:49.828+0000] {logging_mixin.py:188} INFO - [2024-03-06T14:34:49.828+0000] {dag.py:3834} INFO - Setting next_dagrun for example_dynamic_task_mapping to 2022-03-04 00:00:00+00:00, run_after=2022-03-05 00:00:00+00:00
[2024-03-06T14:34:49.848+0000] {processor.py:183} INFO - Processing /home/airflow/.local/lib/python3.8/site-packages/airflow/example_dags/example_dynamic_task_mapping.py took 0.069 seconds
[2024-03-06T14:35:20.143+0000] {processor.py:161} INFO - Started process (PID=202) to work on /home/airflow/.local/lib/python3.8/site-packages/airflow/example_dags/example_dynamic_task_mapping.py
[2024-03-06T14:35:20.144+0000] {processor.py:830} INFO - Processing file /home/airflow/.local/lib/python3.8/site-packages/airflow/example_dags/example_dynamic_task_mapping.py for tasks to queue
[2024-03-06T14:35:20.145+0000] {logging_mixin.py:188} INFO - [2024-03-06T14:35:20.145+0000] {dagbag.py:540} INFO - Filling up the DagBag from /home/airflow/.local/lib/python3.8/site-packages/airflow/example_dags/example_dynamic_task_mapping.py
[2024-03-06T14:35:20.151+0000] {processor.py:840} INFO - DAG(s) 'example_dynamic_task_mapping' retrieved from /home/airflow/.local/lib/python3.8/site-packages/airflow/example_dags/example_dynamic_task_mapping.py
[2024-03-06T14:35:20.312+0000] {logging_mixin.py:188} INFO - [2024-03-06T14:35:20.311+0000] {dag.py:3047} INFO - Sync 1 DAGs
[2024-03-06T14:35:20.347+0000] {logging_mixin.py:188} INFO - [2024-03-06T14:35:20.347+0000] {dag.py:3834} INFO - Setting next_dagrun for example_dynamic_task_mapping to 2022-03-04 00:00:00+00:00, run_after=2022-03-05 00:00:00+00:00
[2024-03-06T14:35:20.386+0000] {processor.py:183} INFO - Processing /home/airflow/.local/lib/python3.8/site-packages/airflow/example_dags/example_dynamic_task_mapping.py took 0.247 seconds
[2024-03-06T14:35:50.746+0000] {processor.py:161} INFO - Started process (PID=257) to work on /home/airflow/.local/lib/python3.8/site-packages/airflow/example_dags/example_dynamic_task_mapping.py
[2024-03-06T14:35:50.748+0000] {processor.py:830} INFO - Processing file /home/airflow/.local/lib/python3.8/site-packages/airflow/example_dags/example_dynamic_task_mapping.py for tasks to queue
[2024-03-06T14:35:50.749+0000] {logging_mixin.py:188} INFO - [2024-03-06T14:35:50.749+0000] {dagbag.py:540} INFO - Filling up the DagBag from /home/airflow/.local/lib/python3.8/site-packages/airflow/example_dags/example_dynamic_task_mapping.py
[2024-03-06T14:35:50.755+0000] {processor.py:840} INFO - DAG(s) 'example_dynamic_task_mapping' retrieved from /home/airflow/.local/lib/python3.8/site-packages/airflow/example_dags/example_dynamic_task_mapping.py
[2024-03-06T14:35:50.773+0000] {logging_mixin.py:188} INFO - [2024-03-06T14:35:50.772+0000] {dag.py:3047} INFO - Sync 1 DAGs
[2024-03-06T14:35:50.794+0000] {logging_mixin.py:188} INFO - [2024-03-06T14:35:50.793+0000] {dag.py:3834} INFO - Setting next_dagrun for example_dynamic_task_mapping to 2022-03-04 00:00:00+00:00, run_after=2022-03-05 00:00:00+00:00
[2024-03-06T14:35:50.812+0000] {processor.py:183} INFO - Processing /home/airflow/.local/lib/python3.8/site-packages/airflow/example_dags/example_dynamic_task_mapping.py took 0.068 seconds
[2024-03-06T14:36:21.590+0000] {processor.py:161} INFO - Started process (PID=312) to work on /home/airflow/.local/lib/python3.8/site-packages/airflow/example_dags/example_dynamic_task_mapping.py
[2024-03-06T14:36:21.592+0000] {processor.py:830} INFO - Processing file /home/airflow/.local/lib/python3.8/site-packages/airflow/example_dags/example_dynamic_task_mapping.py for tasks to queue
[2024-03-06T14:36:21.593+0000] {logging_mixin.py:188} INFO - [2024-03-06T14:36:21.593+0000] {dagbag.py:540} INFO - Filling up the DagBag from /home/airflow/.local/lib/python3.8/site-packages/airflow/example_dags/example_dynamic_task_mapping.py
[2024-03-06T14:36:21.598+0000] {processor.py:840} INFO - DAG(s) 'example_dynamic_task_mapping' retrieved from /home/airflow/.local/lib/python3.8/site-packages/airflow/example_dags/example_dynamic_task_mapping.py
[2024-03-06T14:36:21.615+0000] {logging_mixin.py:188} INFO - [2024-03-06T14:36:21.615+0000] {dag.py:3047} INFO - Sync 1 DAGs
[2024-03-06T14:36:21.635+0000] {logging_mixin.py:188} INFO - [2024-03-06T14:36:21.635+0000] {dag.py:3834} INFO - Setting next_dagrun for example_dynamic_task_mapping to 2022-03-04 00:00:00+00:00, run_after=2022-03-05 00:00:00+00:00
[2024-03-06T14:36:21.652+0000] {processor.py:183} INFO - Processing /home/airflow/.local/lib/python3.8/site-packages/airflow/example_dags/example_dynamic_task_mapping.py took 0.065 seconds
[2024-03-06T14:36:52.118+0000] {processor.py:161} INFO - Started process (PID=367) to work on /home/airflow/.local/lib/python3.8/site-packages/airflow/example_dags/example_dynamic_task_mapping.py
[2024-03-06T14:36:52.120+0000] {processor.py:830} INFO - Processing file /home/airflow/.local/lib/python3.8/site-packages/airflow/example_dags/example_dynamic_task_mapping.py for tasks to queue
[2024-03-06T14:36:52.122+0000] {logging_mixin.py:188} INFO - [2024-03-06T14:36:52.122+0000] {dagbag.py:540} INFO - Filling up the DagBag from /home/airflow/.local/lib/python3.8/site-packages/airflow/example_dags/example_dynamic_task_mapping.py
[2024-03-06T14:36:52.130+0000] {processor.py:840} INFO - DAG(s) 'example_dynamic_task_mapping' retrieved from /home/airflow/.local/lib/python3.8/site-packages/airflow/example_dags/example_dynamic_task_mapping.py
[2024-03-06T14:36:52.153+0000] {logging_mixin.py:188} INFO - [2024-03-06T14:36:52.152+0000] {dag.py:3047} INFO - Sync 1 DAGs
[2024-03-06T14:36:52.176+0000] {logging_mixin.py:188} INFO - [2024-03-06T14:36:52.176+0000] {dag.py:3834} INFO - Setting next_dagrun for example_dynamic_task_mapping to 2022-03-04 00:00:00+00:00, run_after=2022-03-05 00:00:00+00:00
[2024-03-06T14:36:52.196+0000] {processor.py:183} INFO - Processing /home/airflow/.local/lib/python3.8/site-packages/airflow/example_dags/example_dynamic_task_mapping.py took 0.081 seconds
[2024-03-06T14:37:22.719+0000] {processor.py:161} INFO - Started process (PID=422) to work on /home/airflow/.local/lib/python3.8/site-packages/airflow/example_dags/example_dynamic_task_mapping.py
[2024-03-06T14:37:22.720+0000] {processor.py:830} INFO - Processing file /home/airflow/.local/lib/python3.8/site-packages/airflow/example_dags/example_dynamic_task_mapping.py for tasks to queue
[2024-03-06T14:37:22.721+0000] {logging_mixin.py:188} INFO - [2024-03-06T14:37:22.721+0000] {dagbag.py:540} INFO - Filling up the DagBag from /home/airflow/.local/lib/python3.8/site-packages/airflow/example_dags/example_dynamic_task_mapping.py
[2024-03-06T14:37:22.726+0000] {processor.py:840} INFO - DAG(s) 'example_dynamic_task_mapping' retrieved from /home/airflow/.local/lib/python3.8/site-packages/airflow/example_dags/example_dynamic_task_mapping.py
[2024-03-06T14:37:22.744+0000] {logging_mixin.py:188} INFO - [2024-03-06T14:37:22.744+0000] {dag.py:3047} INFO - Sync 1 DAGs
[2024-03-06T14:37:22.766+0000] {logging_mixin.py:188} INFO - [2024-03-06T14:37:22.765+0000] {dag.py:3834} INFO - Setting next_dagrun for example_dynamic_task_mapping to 2022-03-04 00:00:00+00:00, run_after=2022-03-05 00:00:00+00:00
[2024-03-06T14:37:22.785+0000] {processor.py:183} INFO - Processing /home/airflow/.local/lib/python3.8/site-packages/airflow/example_dags/example_dynamic_task_mapping.py took 0.069 seconds
[2024-03-06T14:37:52.809+0000] {processor.py:161} INFO - Started process (PID=476) to work on /home/airflow/.local/lib/python3.8/site-packages/airflow/example_dags/example_dynamic_task_mapping.py
[2024-03-06T14:37:52.810+0000] {processor.py:830} INFO - Processing file /home/airflow/.local/lib/python3.8/site-packages/airflow/example_dags/example_dynamic_task_mapping.py for tasks to queue
[2024-03-06T14:37:52.812+0000] {logging_mixin.py:188} INFO - [2024-03-06T14:37:52.812+0000] {dagbag.py:540} INFO - Filling up the DagBag from /home/airflow/.local/lib/python3.8/site-packages/airflow/example_dags/example_dynamic_task_mapping.py
[2024-03-06T14:37:52.818+0000] {processor.py:840} INFO - DAG(s) 'example_dynamic_task_mapping' retrieved from /home/airflow/.local/lib/python3.8/site-packages/airflow/example_dags/example_dynamic_task_mapping.py
[2024-03-06T14:37:52.836+0000] {logging_mixin.py:188} INFO - [2024-03-06T14:37:52.836+0000] {dag.py:3047} INFO - Sync 1 DAGs
[2024-03-06T14:37:52.857+0000] {logging_mixin.py:188} INFO - [2024-03-06T14:37:52.857+0000] {dag.py:3834} INFO - Setting next_dagrun for example_dynamic_task_mapping to 2022-03-04 00:00:00+00:00, run_after=2022-03-05 00:00:00+00:00
[2024-03-06T14:37:52.879+0000] {processor.py:183} INFO - Processing /home/airflow/.local/lib/python3.8/site-packages/airflow/example_dags/example_dynamic_task_mapping.py took 0.073 seconds
[2024-03-06T14:38:23.630+0000] {processor.py:161} INFO - Started process (PID=532) to work on /home/airflow/.local/lib/python3.8/site-packages/airflow/example_dags/example_dynamic_task_mapping.py
[2024-03-06T14:38:23.631+0000] {processor.py:830} INFO - Processing file /home/airflow/.local/lib/python3.8/site-packages/airflow/example_dags/example_dynamic_task_mapping.py for tasks to queue
[2024-03-06T14:38:23.633+0000] {logging_mixin.py:188} INFO - [2024-03-06T14:38:23.632+0000] {dagbag.py:540} INFO - Filling up the DagBag from /home/airflow/.local/lib/python3.8/site-packages/airflow/example_dags/example_dynamic_task_mapping.py
[2024-03-06T14:38:23.639+0000] {processor.py:840} INFO - DAG(s) 'example_dynamic_task_mapping' retrieved from /home/airflow/.local/lib/python3.8/site-packages/airflow/example_dags/example_dynamic_task_mapping.py
[2024-03-06T14:38:23.662+0000] {logging_mixin.py:188} INFO - [2024-03-06T14:38:23.661+0000] {dag.py:3047} INFO - Sync 1 DAGs
[2024-03-06T14:38:23.685+0000] {logging_mixin.py:188} INFO - [2024-03-06T14:38:23.685+0000] {dag.py:3834} INFO - Setting next_dagrun for example_dynamic_task_mapping to 2022-03-04 00:00:00+00:00, run_after=2022-03-05 00:00:00+00:00
[2024-03-06T14:38:23.706+0000] {processor.py:183} INFO - Processing /home/airflow/.local/lib/python3.8/site-packages/airflow/example_dags/example_dynamic_task_mapping.py took 0.079 seconds
[2024-03-06T14:38:54.179+0000] {processor.py:161} INFO - Started process (PID=587) to work on /home/airflow/.local/lib/python3.8/site-packages/airflow/example_dags/example_dynamic_task_mapping.py
[2024-03-06T14:38:54.181+0000] {processor.py:830} INFO - Processing file /home/airflow/.local/lib/python3.8/site-packages/airflow/example_dags/example_dynamic_task_mapping.py for tasks to queue
[2024-03-06T14:38:54.182+0000] {logging_mixin.py:188} INFO - [2024-03-06T14:38:54.182+0000] {dagbag.py:540} INFO - Filling up the DagBag from /home/airflow/.local/lib/python3.8/site-packages/airflow/example_dags/example_dynamic_task_mapping.py
[2024-03-06T14:38:54.188+0000] {processor.py:840} INFO - DAG(s) 'example_dynamic_task_mapping' retrieved from /home/airflow/.local/lib/python3.8/site-packages/airflow/example_dags/example_dynamic_task_mapping.py
[2024-03-06T14:38:54.200+0000] {logging_mixin.py:188} INFO - [2024-03-06T14:38:54.200+0000] {dag.py:3047} INFO - Sync 1 DAGs
[2024-03-06T14:38:54.222+0000] {logging_mixin.py:188} INFO - [2024-03-06T14:38:54.221+0000] {dag.py:3834} INFO - Setting next_dagrun for example_dynamic_task_mapping to 2022-03-04 00:00:00+00:00, run_after=2022-03-05 00:00:00+00:00
[2024-03-06T14:38:54.242+0000] {processor.py:183} INFO - Processing /home/airflow/.local/lib/python3.8/site-packages/airflow/example_dags/example_dynamic_task_mapping.py took 0.065 seconds
[2024-03-06T14:39:24.613+0000] {processor.py:161} INFO - Started process (PID=642) to work on /home/airflow/.local/lib/python3.8/site-packages/airflow/example_dags/example_dynamic_task_mapping.py
[2024-03-06T14:39:24.614+0000] {processor.py:830} INFO - Processing file /home/airflow/.local/lib/python3.8/site-packages/airflow/example_dags/example_dynamic_task_mapping.py for tasks to queue
[2024-03-06T14:39:24.616+0000] {logging_mixin.py:188} INFO - [2024-03-06T14:39:24.615+0000] {dagbag.py:540} INFO - Filling up the DagBag from /home/airflow/.local/lib/python3.8/site-packages/airflow/example_dags/example_dynamic_task_mapping.py
[2024-03-06T14:39:24.622+0000] {processor.py:840} INFO - DAG(s) 'example_dynamic_task_mapping' retrieved from /home/airflow/.local/lib/python3.8/site-packages/airflow/example_dags/example_dynamic_task_mapping.py
[2024-03-06T14:39:24.711+0000] {logging_mixin.py:188} INFO - [2024-03-06T14:39:24.711+0000] {dag.py:3047} INFO - Sync 1 DAGs
[2024-03-06T14:39:24.729+0000] {logging_mixin.py:188} INFO - [2024-03-06T14:39:24.729+0000] {dag.py:3834} INFO - Setting next_dagrun for example_dynamic_task_mapping to 2022-03-04 00:00:00+00:00, run_after=2022-03-05 00:00:00+00:00
[2024-03-06T14:39:24.747+0000] {processor.py:183} INFO - Processing /home/airflow/.local/lib/python3.8/site-packages/airflow/example_dags/example_dynamic_task_mapping.py took 0.137 seconds
[2024-03-06T14:43:24.783+0000] {processor.py:161} INFO - Started process (PID=37) to work on /home/airflow/.local/lib/python3.8/site-packages/airflow/example_dags/example_dynamic_task_mapping.py
[2024-03-06T14:43:24.784+0000] {processor.py:830} INFO - Processing file /home/airflow/.local/lib/python3.8/site-packages/airflow/example_dags/example_dynamic_task_mapping.py for tasks to queue
[2024-03-06T14:43:24.786+0000] {logging_mixin.py:188} INFO - [2024-03-06T14:43:24.786+0000] {dagbag.py:540} INFO - Filling up the DagBag from /home/airflow/.local/lib/python3.8/site-packages/airflow/example_dags/example_dynamic_task_mapping.py
[2024-03-06T14:43:24.794+0000] {processor.py:840} INFO - DAG(s) 'example_dynamic_task_mapping' retrieved from /home/airflow/.local/lib/python3.8/site-packages/airflow/example_dags/example_dynamic_task_mapping.py
[2024-03-06T14:43:24.890+0000] {logging_mixin.py:188} INFO - [2024-03-06T14:43:24.889+0000] {override.py:1769} INFO - Created Permission View: can delete on DAG:example_dynamic_task_mapping
[2024-03-06T14:43:24.913+0000] {logging_mixin.py:188} INFO - [2024-03-06T14:43:24.913+0000] {override.py:1769} INFO - Created Permission View: can read on DAG:example_dynamic_task_mapping
[2024-03-06T14:43:24.925+0000] {logging_mixin.py:188} INFO - [2024-03-06T14:43:24.924+0000] {override.py:1769} INFO - Created Permission View: can edit on DAG:example_dynamic_task_mapping
[2024-03-06T14:43:24.927+0000] {logging_mixin.py:188} INFO - [2024-03-06T14:43:24.925+0000] {dag.py:3047} INFO - Sync 1 DAGs
[2024-03-06T14:43:24.945+0000] {logging_mixin.py:188} INFO - [2024-03-06T14:43:24.945+0000] {dag.py:3069} INFO - Creating ORM DAG for example_dynamic_task_mapping
[2024-03-06T14:43:24.957+0000] {logging_mixin.py:188} INFO - [2024-03-06T14:43:24.957+0000] {dag.py:3834} INFO - Setting next_dagrun for example_dynamic_task_mapping to 2022-03-04 00:00:00+00:00, run_after=2022-03-05 00:00:00+00:00
[2024-03-06T14:43:24.973+0000] {processor.py:183} INFO - Processing /home/airflow/.local/lib/python3.8/site-packages/airflow/example_dags/example_dynamic_task_mapping.py took 0.193 seconds
[2024-03-06T14:43:55.195+0000] {processor.py:161} INFO - Started process (PID=92) to work on /home/airflow/.local/lib/python3.8/site-packages/airflow/example_dags/example_dynamic_task_mapping.py
[2024-03-06T14:43:55.196+0000] {processor.py:830} INFO - Processing file /home/airflow/.local/lib/python3.8/site-packages/airflow/example_dags/example_dynamic_task_mapping.py for tasks to queue
[2024-03-06T14:43:55.199+0000] {logging_mixin.py:188} INFO - [2024-03-06T14:43:55.198+0000] {dagbag.py:540} INFO - Filling up the DagBag from /home/airflow/.local/lib/python3.8/site-packages/airflow/example_dags/example_dynamic_task_mapping.py
[2024-03-06T14:43:55.207+0000] {processor.py:840} INFO - DAG(s) 'example_dynamic_task_mapping' retrieved from /home/airflow/.local/lib/python3.8/site-packages/airflow/example_dags/example_dynamic_task_mapping.py
[2024-03-06T14:43:55.233+0000] {logging_mixin.py:188} INFO - [2024-03-06T14:43:55.233+0000] {dag.py:3047} INFO - Sync 1 DAGs
[2024-03-06T14:43:55.264+0000] {logging_mixin.py:188} INFO - [2024-03-06T14:43:55.264+0000] {dag.py:3834} INFO - Setting next_dagrun for example_dynamic_task_mapping to 2022-03-04 00:00:00+00:00, run_after=2022-03-05 00:00:00+00:00
[2024-03-06T14:43:55.289+0000] {processor.py:183} INFO - Processing /home/airflow/.local/lib/python3.8/site-packages/airflow/example_dags/example_dynamic_task_mapping.py took 0.098 seconds
[2024-03-06T14:44:25.856+0000] {processor.py:161} INFO - Started process (PID=147) to work on /home/airflow/.local/lib/python3.8/site-packages/airflow/example_dags/example_dynamic_task_mapping.py
[2024-03-06T14:44:25.857+0000] {processor.py:830} INFO - Processing file /home/airflow/.local/lib/python3.8/site-packages/airflow/example_dags/example_dynamic_task_mapping.py for tasks to queue
[2024-03-06T14:44:25.859+0000] {logging_mixin.py:188} INFO - [2024-03-06T14:44:25.859+0000] {dagbag.py:540} INFO - Filling up the DagBag from /home/airflow/.local/lib/python3.8/site-packages/airflow/example_dags/example_dynamic_task_mapping.py
[2024-03-06T14:44:25.864+0000] {processor.py:840} INFO - DAG(s) 'example_dynamic_task_mapping' retrieved from /home/airflow/.local/lib/python3.8/site-packages/airflow/example_dags/example_dynamic_task_mapping.py
[2024-03-06T14:44:25.884+0000] {logging_mixin.py:188} INFO - [2024-03-06T14:44:25.884+0000] {dag.py:3047} INFO - Sync 1 DAGs
[2024-03-06T14:44:25.903+0000] {logging_mixin.py:188} INFO - [2024-03-06T14:44:25.903+0000] {dag.py:3834} INFO - Setting next_dagrun for example_dynamic_task_mapping to 2022-03-04 00:00:00+00:00, run_after=2022-03-05 00:00:00+00:00
[2024-03-06T14:44:25.920+0000] {processor.py:183} INFO - Processing /home/airflow/.local/lib/python3.8/site-packages/airflow/example_dags/example_dynamic_task_mapping.py took 0.067 seconds
[2024-03-06T14:44:56.426+0000] {processor.py:161} INFO - Started process (PID=202) to work on /home/airflow/.local/lib/python3.8/site-packages/airflow/example_dags/example_dynamic_task_mapping.py
[2024-03-06T14:44:56.428+0000] {processor.py:830} INFO - Processing file /home/airflow/.local/lib/python3.8/site-packages/airflow/example_dags/example_dynamic_task_mapping.py for tasks to queue
[2024-03-06T14:44:56.429+0000] {logging_mixin.py:188} INFO - [2024-03-06T14:44:56.429+0000] {dagbag.py:540} INFO - Filling up the DagBag from /home/airflow/.local/lib/python3.8/site-packages/airflow/example_dags/example_dynamic_task_mapping.py
[2024-03-06T14:44:56.435+0000] {processor.py:840} INFO - DAG(s) 'example_dynamic_task_mapping' retrieved from /home/airflow/.local/lib/python3.8/site-packages/airflow/example_dags/example_dynamic_task_mapping.py
[2024-03-06T14:44:56.459+0000] {logging_mixin.py:188} INFO - [2024-03-06T14:44:56.459+0000] {dag.py:3047} INFO - Sync 1 DAGs
[2024-03-06T14:44:56.486+0000] {logging_mixin.py:188} INFO - [2024-03-06T14:44:56.486+0000] {dag.py:3834} INFO - Setting next_dagrun for example_dynamic_task_mapping to 2022-03-04 00:00:00+00:00, run_after=2022-03-05 00:00:00+00:00
[2024-03-06T14:44:56.503+0000] {processor.py:183} INFO - Processing /home/airflow/.local/lib/python3.8/site-packages/airflow/example_dags/example_dynamic_task_mapping.py took 0.080 seconds
[2024-03-06T14:45:26.887+0000] {processor.py:161} INFO - Started process (PID=257) to work on /home/airflow/.local/lib/python3.8/site-packages/airflow/example_dags/example_dynamic_task_mapping.py
[2024-03-06T14:45:26.889+0000] {processor.py:830} INFO - Processing file /home/airflow/.local/lib/python3.8/site-packages/airflow/example_dags/example_dynamic_task_mapping.py for tasks to queue
[2024-03-06T14:45:26.890+0000] {logging_mixin.py:188} INFO - [2024-03-06T14:45:26.890+0000] {dagbag.py:540} INFO - Filling up the DagBag from /home/airflow/.local/lib/python3.8/site-packages/airflow/example_dags/example_dynamic_task_mapping.py
[2024-03-06T14:45:26.898+0000] {processor.py:840} INFO - DAG(s) 'example_dynamic_task_mapping' retrieved from /home/airflow/.local/lib/python3.8/site-packages/airflow/example_dags/example_dynamic_task_mapping.py
[2024-03-06T14:45:26.918+0000] {logging_mixin.py:188} INFO - [2024-03-06T14:45:26.918+0000] {dag.py:3047} INFO - Sync 1 DAGs
[2024-03-06T14:45:26.940+0000] {logging_mixin.py:188} INFO - [2024-03-06T14:45:26.940+0000] {dag.py:3834} INFO - Setting next_dagrun for example_dynamic_task_mapping to 2022-03-04 00:00:00+00:00, run_after=2022-03-05 00:00:00+00:00
[2024-03-06T14:45:26.957+0000] {processor.py:183} INFO - Processing /home/airflow/.local/lib/python3.8/site-packages/airflow/example_dags/example_dynamic_task_mapping.py took 0.073 seconds
[2024-03-06T14:45:57.517+0000] {processor.py:161} INFO - Started process (PID=312) to work on /home/airflow/.local/lib/python3.8/site-packages/airflow/example_dags/example_dynamic_task_mapping.py
[2024-03-06T14:45:57.519+0000] {processor.py:830} INFO - Processing file /home/airflow/.local/lib/python3.8/site-packages/airflow/example_dags/example_dynamic_task_mapping.py for tasks to queue
[2024-03-06T14:45:57.521+0000] {logging_mixin.py:188} INFO - [2024-03-06T14:45:57.521+0000] {dagbag.py:540} INFO - Filling up the DagBag from /home/airflow/.local/lib/python3.8/site-packages/airflow/example_dags/example_dynamic_task_mapping.py
[2024-03-06T14:45:57.533+0000] {processor.py:840} INFO - DAG(s) 'example_dynamic_task_mapping' retrieved from /home/airflow/.local/lib/python3.8/site-packages/airflow/example_dags/example_dynamic_task_mapping.py
[2024-03-06T14:45:57.548+0000] {logging_mixin.py:188} INFO - [2024-03-06T14:45:57.548+0000] {dag.py:3047} INFO - Sync 1 DAGs
[2024-03-06T14:45:57.582+0000] {logging_mixin.py:188} INFO - [2024-03-06T14:45:57.581+0000] {dag.py:3834} INFO - Setting next_dagrun for example_dynamic_task_mapping to 2022-03-04 00:00:00+00:00, run_after=2022-03-05 00:00:00+00:00
[2024-03-06T14:45:57.616+0000] {processor.py:183} INFO - Processing /home/airflow/.local/lib/python3.8/site-packages/airflow/example_dags/example_dynamic_task_mapping.py took 0.102 seconds
[2024-03-06T14:46:28.259+0000] {processor.py:161} INFO - Started process (PID=367) to work on /home/airflow/.local/lib/python3.8/site-packages/airflow/example_dags/example_dynamic_task_mapping.py
[2024-03-06T14:46:28.261+0000] {processor.py:830} INFO - Processing file /home/airflow/.local/lib/python3.8/site-packages/airflow/example_dags/example_dynamic_task_mapping.py for tasks to queue
[2024-03-06T14:46:28.262+0000] {logging_mixin.py:188} INFO - [2024-03-06T14:46:28.262+0000] {dagbag.py:540} INFO - Filling up the DagBag from /home/airflow/.local/lib/python3.8/site-packages/airflow/example_dags/example_dynamic_task_mapping.py
[2024-03-06T14:46:28.267+0000] {processor.py:840} INFO - DAG(s) 'example_dynamic_task_mapping' retrieved from /home/airflow/.local/lib/python3.8/site-packages/airflow/example_dags/example_dynamic_task_mapping.py
[2024-03-06T14:46:28.355+0000] {logging_mixin.py:188} INFO - [2024-03-06T14:46:28.355+0000] {dag.py:3047} INFO - Sync 1 DAGs
[2024-03-06T14:46:28.373+0000] {logging_mixin.py:188} INFO - [2024-03-06T14:46:28.373+0000] {dag.py:3834} INFO - Setting next_dagrun for example_dynamic_task_mapping to 2022-03-04 00:00:00+00:00, run_after=2022-03-05 00:00:00+00:00
[2024-03-06T14:46:28.391+0000] {processor.py:183} INFO - Processing /home/airflow/.local/lib/python3.8/site-packages/airflow/example_dags/example_dynamic_task_mapping.py took 0.134 seconds
