[2024-03-06T14:33:50.092+0000] {processor.py:161} INFO - Started process (PID=64) to work on /home/airflow/.local/lib/python3.8/site-packages/airflow/example_dags/example_subdag_operator.py
[2024-03-06T14:33:50.093+0000] {processor.py:830} INFO - Processing file /home/airflow/.local/lib/python3.8/site-packages/airflow/example_dags/example_subdag_operator.py for tasks to queue
[2024-03-06T14:33:50.094+0000] {logging_mixin.py:188} INFO - [2024-03-06T14:33:50.094+0000] {dagbag.py:540} INFO - Filling up the DagBag from /home/airflow/.local/lib/python3.8/site-packages/airflow/example_dags/example_subdag_operator.py
[2024-03-06T14:33:50.117+0000] {processor.py:840} INFO - DAG(s) 'example_subdag_operator.section-1', 'example_subdag_operator.section-2', 'example_subdag_operator' retrieved from /home/airflow/.local/lib/python3.8/site-packages/airflow/example_dags/example_subdag_operator.py
[2024-03-06T14:33:50.120+0000] {logging_mixin.py:188} INFO - [2024-03-06T14:33:50.120+0000] {dag.py:3047} INFO - Sync 3 DAGs
[2024-03-06T14:33:50.143+0000] {logging_mixin.py:188} INFO - [2024-03-06T14:33:50.143+0000] {dag.py:3834} INFO - Setting next_dagrun for example_subdag_operator to 2022-01-01 00:00:00+00:00, run_after=2022-01-01 00:00:00+00:00
[2024-03-06T14:33:50.147+0000] {logging_mixin.py:188} INFO - [2024-03-06T14:33:50.147+0000] {dag.py:3834} INFO - Setting next_dagrun for example_subdag_operator.section-1 to None, run_after=None
[2024-03-06T14:33:50.148+0000] {logging_mixin.py:188} INFO - [2024-03-06T14:33:50.148+0000] {dag.py:3834} INFO - Setting next_dagrun for example_subdag_operator.section-2 to None, run_after=None
[2024-03-06T14:33:50.157+0000] {logging_mixin.py:188} INFO - [2024-03-06T14:33:50.157+0000] {dag.py:3047} INFO - Sync 2 DAGs
[2024-03-06T14:33:50.163+0000] {logging_mixin.py:188} INFO - [2024-03-06T14:33:50.162+0000] {dag.py:3834} INFO - Setting next_dagrun for example_subdag_operator.section-1 to None, run_after=None
[2024-03-06T14:33:50.164+0000] {logging_mixin.py:188} INFO - [2024-03-06T14:33:50.163+0000] {dag.py:3834} INFO - Setting next_dagrun for example_subdag_operator.section-2 to None, run_after=None
[2024-03-06T14:33:50.180+0000] {processor.py:183} INFO - Processing /home/airflow/.local/lib/python3.8/site-packages/airflow/example_dags/example_subdag_operator.py took 0.091 seconds
[2024-03-06T14:34:21.850+0000] {processor.py:161} INFO - Started process (PID=119) to work on /home/airflow/.local/lib/python3.8/site-packages/airflow/example_dags/example_subdag_operator.py
[2024-03-06T14:34:21.851+0000] {processor.py:830} INFO - Processing file /home/airflow/.local/lib/python3.8/site-packages/airflow/example_dags/example_subdag_operator.py for tasks to queue
[2024-03-06T14:34:21.853+0000] {logging_mixin.py:188} INFO - [2024-03-06T14:34:21.853+0000] {dagbag.py:540} INFO - Filling up the DagBag from /home/airflow/.local/lib/python3.8/site-packages/airflow/example_dags/example_subdag_operator.py
[2024-03-06T14:34:21.876+0000] {processor.py:840} INFO - DAG(s) 'example_subdag_operator.section-1', 'example_subdag_operator.section-2', 'example_subdag_operator' retrieved from /home/airflow/.local/lib/python3.8/site-packages/airflow/example_dags/example_subdag_operator.py
[2024-03-06T14:34:21.974+0000] {logging_mixin.py:188} INFO - [2024-03-06T14:34:21.974+0000] {dag.py:3047} INFO - Sync 3 DAGs
[2024-03-06T14:34:21.995+0000] {logging_mixin.py:188} INFO - [2024-03-06T14:34:21.995+0000] {dag.py:3834} INFO - Setting next_dagrun for example_subdag_operator to 2022-01-01 00:00:00+00:00, run_after=2022-01-01 00:00:00+00:00
[2024-03-06T14:34:21.999+0000] {logging_mixin.py:188} INFO - [2024-03-06T14:34:21.999+0000] {dag.py:3834} INFO - Setting next_dagrun for example_subdag_operator.section-1 to None, run_after=None
[2024-03-06T14:34:22.001+0000] {logging_mixin.py:188} INFO - [2024-03-06T14:34:22.001+0000] {dag.py:3834} INFO - Setting next_dagrun for example_subdag_operator.section-2 to None, run_after=None
[2024-03-06T14:34:22.012+0000] {logging_mixin.py:188} INFO - [2024-03-06T14:34:22.011+0000] {dag.py:3047} INFO - Sync 2 DAGs
[2024-03-06T14:34:22.017+0000] {logging_mixin.py:188} INFO - [2024-03-06T14:34:22.017+0000] {dag.py:3834} INFO - Setting next_dagrun for example_subdag_operator.section-1 to None, run_after=None
[2024-03-06T14:34:22.018+0000] {logging_mixin.py:188} INFO - [2024-03-06T14:34:22.018+0000] {dag.py:3834} INFO - Setting next_dagrun for example_subdag_operator.section-2 to None, run_after=None
[2024-03-06T14:34:22.030+0000] {processor.py:183} INFO - Processing /home/airflow/.local/lib/python3.8/site-packages/airflow/example_dags/example_subdag_operator.py took 0.182 seconds
[2024-03-06T14:34:52.661+0000] {processor.py:161} INFO - Started process (PID=174) to work on /home/airflow/.local/lib/python3.8/site-packages/airflow/example_dags/example_subdag_operator.py
[2024-03-06T14:34:52.665+0000] {processor.py:830} INFO - Processing file /home/airflow/.local/lib/python3.8/site-packages/airflow/example_dags/example_subdag_operator.py for tasks to queue
[2024-03-06T14:34:52.668+0000] {logging_mixin.py:188} INFO - [2024-03-06T14:34:52.668+0000] {dagbag.py:540} INFO - Filling up the DagBag from /home/airflow/.local/lib/python3.8/site-packages/airflow/example_dags/example_subdag_operator.py
[2024-03-06T14:34:52.703+0000] {processor.py:840} INFO - DAG(s) 'example_subdag_operator.section-1', 'example_subdag_operator.section-2', 'example_subdag_operator' retrieved from /home/airflow/.local/lib/python3.8/site-packages/airflow/example_dags/example_subdag_operator.py
[2024-03-06T14:34:52.711+0000] {logging_mixin.py:188} INFO - [2024-03-06T14:34:52.710+0000] {dag.py:3047} INFO - Sync 3 DAGs
[2024-03-06T14:34:52.744+0000] {logging_mixin.py:188} INFO - [2024-03-06T14:34:52.743+0000] {dag.py:3834} INFO - Setting next_dagrun for example_subdag_operator to 2022-01-01 00:00:00+00:00, run_after=2022-01-01 00:00:00+00:00
[2024-03-06T14:34:52.749+0000] {logging_mixin.py:188} INFO - [2024-03-06T14:34:52.749+0000] {dag.py:3834} INFO - Setting next_dagrun for example_subdag_operator.section-1 to None, run_after=None
[2024-03-06T14:34:52.751+0000] {logging_mixin.py:188} INFO - [2024-03-06T14:34:52.751+0000] {dag.py:3834} INFO - Setting next_dagrun for example_subdag_operator.section-2 to None, run_after=None
[2024-03-06T14:34:52.764+0000] {logging_mixin.py:188} INFO - [2024-03-06T14:34:52.764+0000] {dag.py:3047} INFO - Sync 2 DAGs
[2024-03-06T14:34:52.776+0000] {logging_mixin.py:188} INFO - [2024-03-06T14:34:52.775+0000] {dag.py:3834} INFO - Setting next_dagrun for example_subdag_operator.section-1 to None, run_after=None
[2024-03-06T14:34:52.776+0000] {logging_mixin.py:188} INFO - [2024-03-06T14:34:52.776+0000] {dag.py:3834} INFO - Setting next_dagrun for example_subdag_operator.section-2 to None, run_after=None
[2024-03-06T14:34:52.796+0000] {processor.py:183} INFO - Processing /home/airflow/.local/lib/python3.8/site-packages/airflow/example_dags/example_subdag_operator.py took 0.138 seconds
[2024-03-06T14:35:23.423+0000] {processor.py:161} INFO - Started process (PID=229) to work on /home/airflow/.local/lib/python3.8/site-packages/airflow/example_dags/example_subdag_operator.py
[2024-03-06T14:35:23.424+0000] {processor.py:830} INFO - Processing file /home/airflow/.local/lib/python3.8/site-packages/airflow/example_dags/example_subdag_operator.py for tasks to queue
[2024-03-06T14:35:23.426+0000] {logging_mixin.py:188} INFO - [2024-03-06T14:35:23.426+0000] {dagbag.py:540} INFO - Filling up the DagBag from /home/airflow/.local/lib/python3.8/site-packages/airflow/example_dags/example_subdag_operator.py
[2024-03-06T14:35:23.451+0000] {processor.py:840} INFO - DAG(s) 'example_subdag_operator.section-1', 'example_subdag_operator.section-2', 'example_subdag_operator' retrieved from /home/airflow/.local/lib/python3.8/site-packages/airflow/example_dags/example_subdag_operator.py
[2024-03-06T14:35:23.573+0000] {logging_mixin.py:188} INFO - [2024-03-06T14:35:23.573+0000] {dag.py:3047} INFO - Sync 3 DAGs
[2024-03-06T14:35:23.600+0000] {logging_mixin.py:188} INFO - [2024-03-06T14:35:23.599+0000] {dag.py:3834} INFO - Setting next_dagrun for example_subdag_operator to 2022-01-01 00:00:00+00:00, run_after=2022-01-01 00:00:00+00:00
[2024-03-06T14:35:23.604+0000] {logging_mixin.py:188} INFO - [2024-03-06T14:35:23.604+0000] {dag.py:3834} INFO - Setting next_dagrun for example_subdag_operator.section-1 to None, run_after=None
[2024-03-06T14:35:23.606+0000] {logging_mixin.py:188} INFO - [2024-03-06T14:35:23.606+0000] {dag.py:3834} INFO - Setting next_dagrun for example_subdag_operator.section-2 to None, run_after=None
[2024-03-06T14:35:23.618+0000] {logging_mixin.py:188} INFO - [2024-03-06T14:35:23.618+0000] {dag.py:3047} INFO - Sync 2 DAGs
[2024-03-06T14:35:23.625+0000] {logging_mixin.py:188} INFO - [2024-03-06T14:35:23.625+0000] {dag.py:3834} INFO - Setting next_dagrun for example_subdag_operator.section-1 to None, run_after=None
[2024-03-06T14:35:23.626+0000] {logging_mixin.py:188} INFO - [2024-03-06T14:35:23.625+0000] {dag.py:3834} INFO - Setting next_dagrun for example_subdag_operator.section-2 to None, run_after=None
[2024-03-06T14:35:23.640+0000] {processor.py:183} INFO - Processing /home/airflow/.local/lib/python3.8/site-packages/airflow/example_dags/example_subdag_operator.py took 0.221 seconds
[2024-03-06T14:35:54.257+0000] {processor.py:161} INFO - Started process (PID=284) to work on /home/airflow/.local/lib/python3.8/site-packages/airflow/example_dags/example_subdag_operator.py
[2024-03-06T14:35:54.258+0000] {processor.py:830} INFO - Processing file /home/airflow/.local/lib/python3.8/site-packages/airflow/example_dags/example_subdag_operator.py for tasks to queue
[2024-03-06T14:35:54.260+0000] {logging_mixin.py:188} INFO - [2024-03-06T14:35:54.259+0000] {dagbag.py:540} INFO - Filling up the DagBag from /home/airflow/.local/lib/python3.8/site-packages/airflow/example_dags/example_subdag_operator.py
[2024-03-06T14:35:54.280+0000] {processor.py:840} INFO - DAG(s) 'example_subdag_operator.section-1', 'example_subdag_operator.section-2', 'example_subdag_operator' retrieved from /home/airflow/.local/lib/python3.8/site-packages/airflow/example_dags/example_subdag_operator.py
[2024-03-06T14:35:54.295+0000] {logging_mixin.py:188} INFO - [2024-03-06T14:35:54.295+0000] {dag.py:3047} INFO - Sync 3 DAGs
[2024-03-06T14:35:54.317+0000] {logging_mixin.py:188} INFO - [2024-03-06T14:35:54.316+0000] {dag.py:3834} INFO - Setting next_dagrun for example_subdag_operator to 2022-01-01 00:00:00+00:00, run_after=2022-01-01 00:00:00+00:00
[2024-03-06T14:35:54.321+0000] {logging_mixin.py:188} INFO - [2024-03-06T14:35:54.321+0000] {dag.py:3834} INFO - Setting next_dagrun for example_subdag_operator.section-1 to None, run_after=None
[2024-03-06T14:35:54.323+0000] {logging_mixin.py:188} INFO - [2024-03-06T14:35:54.323+0000] {dag.py:3834} INFO - Setting next_dagrun for example_subdag_operator.section-2 to None, run_after=None
[2024-03-06T14:35:54.331+0000] {logging_mixin.py:188} INFO - [2024-03-06T14:35:54.330+0000] {dag.py:3047} INFO - Sync 2 DAGs
[2024-03-06T14:35:54.336+0000] {logging_mixin.py:188} INFO - [2024-03-06T14:35:54.335+0000] {dag.py:3834} INFO - Setting next_dagrun for example_subdag_operator.section-1 to None, run_after=None
[2024-03-06T14:35:54.336+0000] {logging_mixin.py:188} INFO - [2024-03-06T14:35:54.336+0000] {dag.py:3834} INFO - Setting next_dagrun for example_subdag_operator.section-2 to None, run_after=None
[2024-03-06T14:35:54.347+0000] {processor.py:183} INFO - Processing /home/airflow/.local/lib/python3.8/site-packages/airflow/example_dags/example_subdag_operator.py took 0.093 seconds
[2024-03-06T14:36:25.026+0000] {processor.py:161} INFO - Started process (PID=339) to work on /home/airflow/.local/lib/python3.8/site-packages/airflow/example_dags/example_subdag_operator.py
[2024-03-06T14:36:25.027+0000] {processor.py:830} INFO - Processing file /home/airflow/.local/lib/python3.8/site-packages/airflow/example_dags/example_subdag_operator.py for tasks to queue
[2024-03-06T14:36:25.029+0000] {logging_mixin.py:188} INFO - [2024-03-06T14:36:25.028+0000] {dagbag.py:540} INFO - Filling up the DagBag from /home/airflow/.local/lib/python3.8/site-packages/airflow/example_dags/example_subdag_operator.py
[2024-03-06T14:36:25.052+0000] {processor.py:840} INFO - DAG(s) 'example_subdag_operator.section-1', 'example_subdag_operator.section-2', 'example_subdag_operator' retrieved from /home/airflow/.local/lib/python3.8/site-packages/airflow/example_dags/example_subdag_operator.py
[2024-03-06T14:36:25.067+0000] {logging_mixin.py:188} INFO - [2024-03-06T14:36:25.066+0000] {dag.py:3047} INFO - Sync 3 DAGs
[2024-03-06T14:36:25.089+0000] {logging_mixin.py:188} INFO - [2024-03-06T14:36:25.088+0000] {dag.py:3834} INFO - Setting next_dagrun for example_subdag_operator to 2022-01-01 00:00:00+00:00, run_after=2022-01-01 00:00:00+00:00
[2024-03-06T14:36:25.092+0000] {logging_mixin.py:188} INFO - [2024-03-06T14:36:25.092+0000] {dag.py:3834} INFO - Setting next_dagrun for example_subdag_operator.section-1 to None, run_after=None
[2024-03-06T14:36:25.094+0000] {logging_mixin.py:188} INFO - [2024-03-06T14:36:25.094+0000] {dag.py:3834} INFO - Setting next_dagrun for example_subdag_operator.section-2 to None, run_after=None
[2024-03-06T14:36:25.101+0000] {logging_mixin.py:188} INFO - [2024-03-06T14:36:25.101+0000] {dag.py:3047} INFO - Sync 2 DAGs
[2024-03-06T14:36:25.106+0000] {logging_mixin.py:188} INFO - [2024-03-06T14:36:25.106+0000] {dag.py:3834} INFO - Setting next_dagrun for example_subdag_operator.section-1 to None, run_after=None
[2024-03-06T14:36:25.107+0000] {logging_mixin.py:188} INFO - [2024-03-06T14:36:25.106+0000] {dag.py:3834} INFO - Setting next_dagrun for example_subdag_operator.section-2 to None, run_after=None
[2024-03-06T14:36:25.118+0000] {processor.py:183} INFO - Processing /home/airflow/.local/lib/python3.8/site-packages/airflow/example_dags/example_subdag_operator.py took 0.094 seconds
[2024-03-06T14:36:55.585+0000] {processor.py:161} INFO - Started process (PID=394) to work on /home/airflow/.local/lib/python3.8/site-packages/airflow/example_dags/example_subdag_operator.py
[2024-03-06T14:36:55.586+0000] {processor.py:830} INFO - Processing file /home/airflow/.local/lib/python3.8/site-packages/airflow/example_dags/example_subdag_operator.py for tasks to queue
[2024-03-06T14:36:55.588+0000] {logging_mixin.py:188} INFO - [2024-03-06T14:36:55.587+0000] {dagbag.py:540} INFO - Filling up the DagBag from /home/airflow/.local/lib/python3.8/site-packages/airflow/example_dags/example_subdag_operator.py
[2024-03-06T14:36:55.609+0000] {processor.py:840} INFO - DAG(s) 'example_subdag_operator.section-1', 'example_subdag_operator.section-2', 'example_subdag_operator' retrieved from /home/airflow/.local/lib/python3.8/site-packages/airflow/example_dags/example_subdag_operator.py
[2024-03-06T14:36:55.624+0000] {logging_mixin.py:188} INFO - [2024-03-06T14:36:55.624+0000] {dag.py:3047} INFO - Sync 3 DAGs
[2024-03-06T14:36:55.649+0000] {logging_mixin.py:188} INFO - [2024-03-06T14:36:55.649+0000] {dag.py:3834} INFO - Setting next_dagrun for example_subdag_operator to 2022-01-01 00:00:00+00:00, run_after=2022-01-01 00:00:00+00:00
[2024-03-06T14:36:55.653+0000] {logging_mixin.py:188} INFO - [2024-03-06T14:36:55.652+0000] {dag.py:3834} INFO - Setting next_dagrun for example_subdag_operator.section-1 to None, run_after=None
[2024-03-06T14:36:55.654+0000] {logging_mixin.py:188} INFO - [2024-03-06T14:36:55.654+0000] {dag.py:3834} INFO - Setting next_dagrun for example_subdag_operator.section-2 to None, run_after=None
[2024-03-06T14:36:55.661+0000] {logging_mixin.py:188} INFO - [2024-03-06T14:36:55.661+0000] {dag.py:3047} INFO - Sync 2 DAGs
[2024-03-06T14:36:55.666+0000] {logging_mixin.py:188} INFO - [2024-03-06T14:36:55.666+0000] {dag.py:3834} INFO - Setting next_dagrun for example_subdag_operator.section-1 to None, run_after=None
[2024-03-06T14:36:55.667+0000] {logging_mixin.py:188} INFO - [2024-03-06T14:36:55.666+0000] {dag.py:3834} INFO - Setting next_dagrun for example_subdag_operator.section-2 to None, run_after=None
[2024-03-06T14:36:55.679+0000] {processor.py:183} INFO - Processing /home/airflow/.local/lib/python3.8/site-packages/airflow/example_dags/example_subdag_operator.py took 0.097 seconds
[2024-03-06T14:37:26.363+0000] {processor.py:161} INFO - Started process (PID=449) to work on /home/airflow/.local/lib/python3.8/site-packages/airflow/example_dags/example_subdag_operator.py
[2024-03-06T14:37:26.364+0000] {processor.py:830} INFO - Processing file /home/airflow/.local/lib/python3.8/site-packages/airflow/example_dags/example_subdag_operator.py for tasks to queue
[2024-03-06T14:37:26.366+0000] {logging_mixin.py:188} INFO - [2024-03-06T14:37:26.365+0000] {dagbag.py:540} INFO - Filling up the DagBag from /home/airflow/.local/lib/python3.8/site-packages/airflow/example_dags/example_subdag_operator.py
[2024-03-06T14:37:26.387+0000] {processor.py:840} INFO - DAG(s) 'example_subdag_operator.section-1', 'example_subdag_operator.section-2', 'example_subdag_operator' retrieved from /home/airflow/.local/lib/python3.8/site-packages/airflow/example_dags/example_subdag_operator.py
[2024-03-06T14:37:26.402+0000] {logging_mixin.py:188} INFO - [2024-03-06T14:37:26.402+0000] {dag.py:3047} INFO - Sync 3 DAGs
[2024-03-06T14:37:26.423+0000] {logging_mixin.py:188} INFO - [2024-03-06T14:37:26.423+0000] {dag.py:3834} INFO - Setting next_dagrun for example_subdag_operator to 2022-01-01 00:00:00+00:00, run_after=2022-01-01 00:00:00+00:00
[2024-03-06T14:37:26.427+0000] {logging_mixin.py:188} INFO - [2024-03-06T14:37:26.427+0000] {dag.py:3834} INFO - Setting next_dagrun for example_subdag_operator.section-1 to None, run_after=None
[2024-03-06T14:37:26.428+0000] {logging_mixin.py:188} INFO - [2024-03-06T14:37:26.428+0000] {dag.py:3834} INFO - Setting next_dagrun for example_subdag_operator.section-2 to None, run_after=None
[2024-03-06T14:37:26.435+0000] {logging_mixin.py:188} INFO - [2024-03-06T14:37:26.435+0000] {dag.py:3047} INFO - Sync 2 DAGs
[2024-03-06T14:37:26.442+0000] {logging_mixin.py:188} INFO - [2024-03-06T14:37:26.442+0000] {dag.py:3834} INFO - Setting next_dagrun for example_subdag_operator.section-1 to None, run_after=None
[2024-03-06T14:37:26.442+0000] {logging_mixin.py:188} INFO - [2024-03-06T14:37:26.442+0000] {dag.py:3834} INFO - Setting next_dagrun for example_subdag_operator.section-2 to None, run_after=None
[2024-03-06T14:37:26.455+0000] {processor.py:183} INFO - Processing /home/airflow/.local/lib/python3.8/site-packages/airflow/example_dags/example_subdag_operator.py took 0.095 seconds
[2024-03-06T14:37:56.536+0000] {processor.py:161} INFO - Started process (PID=504) to work on /home/airflow/.local/lib/python3.8/site-packages/airflow/example_dags/example_subdag_operator.py
[2024-03-06T14:37:56.537+0000] {processor.py:830} INFO - Processing file /home/airflow/.local/lib/python3.8/site-packages/airflow/example_dags/example_subdag_operator.py for tasks to queue
[2024-03-06T14:37:56.539+0000] {logging_mixin.py:188} INFO - [2024-03-06T14:37:56.538+0000] {dagbag.py:540} INFO - Filling up the DagBag from /home/airflow/.local/lib/python3.8/site-packages/airflow/example_dags/example_subdag_operator.py
[2024-03-06T14:37:56.561+0000] {processor.py:840} INFO - DAG(s) 'example_subdag_operator.section-1', 'example_subdag_operator.section-2', 'example_subdag_operator' retrieved from /home/airflow/.local/lib/python3.8/site-packages/airflow/example_dags/example_subdag_operator.py
[2024-03-06T14:37:56.576+0000] {logging_mixin.py:188} INFO - [2024-03-06T14:37:56.575+0000] {dag.py:3047} INFO - Sync 3 DAGs
[2024-03-06T14:37:56.597+0000] {logging_mixin.py:188} INFO - [2024-03-06T14:37:56.597+0000] {dag.py:3834} INFO - Setting next_dagrun for example_subdag_operator to 2022-01-01 00:00:00+00:00, run_after=2022-01-01 00:00:00+00:00
[2024-03-06T14:37:56.601+0000] {logging_mixin.py:188} INFO - [2024-03-06T14:37:56.600+0000] {dag.py:3834} INFO - Setting next_dagrun for example_subdag_operator.section-1 to None, run_after=None
[2024-03-06T14:37:56.602+0000] {logging_mixin.py:188} INFO - [2024-03-06T14:37:56.602+0000] {dag.py:3834} INFO - Setting next_dagrun for example_subdag_operator.section-2 to None, run_after=None
[2024-03-06T14:37:56.609+0000] {logging_mixin.py:188} INFO - [2024-03-06T14:37:56.609+0000] {dag.py:3047} INFO - Sync 2 DAGs
[2024-03-06T14:37:56.614+0000] {logging_mixin.py:188} INFO - [2024-03-06T14:37:56.614+0000] {dag.py:3834} INFO - Setting next_dagrun for example_subdag_operator.section-1 to None, run_after=None
[2024-03-06T14:37:56.615+0000] {logging_mixin.py:188} INFO - [2024-03-06T14:37:56.615+0000] {dag.py:3834} INFO - Setting next_dagrun for example_subdag_operator.section-2 to None, run_after=None
[2024-03-06T14:37:56.627+0000] {processor.py:183} INFO - Processing /home/airflow/.local/lib/python3.8/site-packages/airflow/example_dags/example_subdag_operator.py took 0.094 seconds
[2024-03-06T14:38:27.117+0000] {processor.py:161} INFO - Started process (PID=559) to work on /home/airflow/.local/lib/python3.8/site-packages/airflow/example_dags/example_subdag_operator.py
[2024-03-06T14:38:27.118+0000] {processor.py:830} INFO - Processing file /home/airflow/.local/lib/python3.8/site-packages/airflow/example_dags/example_subdag_operator.py for tasks to queue
[2024-03-06T14:38:27.119+0000] {logging_mixin.py:188} INFO - [2024-03-06T14:38:27.119+0000] {dagbag.py:540} INFO - Filling up the DagBag from /home/airflow/.local/lib/python3.8/site-packages/airflow/example_dags/example_subdag_operator.py
[2024-03-06T14:38:27.140+0000] {processor.py:840} INFO - DAG(s) 'example_subdag_operator.section-1', 'example_subdag_operator.section-2', 'example_subdag_operator' retrieved from /home/airflow/.local/lib/python3.8/site-packages/airflow/example_dags/example_subdag_operator.py
[2024-03-06T14:38:27.154+0000] {logging_mixin.py:188} INFO - [2024-03-06T14:38:27.154+0000] {dag.py:3047} INFO - Sync 3 DAGs
[2024-03-06T14:38:27.175+0000] {logging_mixin.py:188} INFO - [2024-03-06T14:38:27.174+0000] {dag.py:3834} INFO - Setting next_dagrun for example_subdag_operator to 2022-01-01 00:00:00+00:00, run_after=2022-01-01 00:00:00+00:00
[2024-03-06T14:38:27.178+0000] {logging_mixin.py:188} INFO - [2024-03-06T14:38:27.178+0000] {dag.py:3834} INFO - Setting next_dagrun for example_subdag_operator.section-1 to None, run_after=None
[2024-03-06T14:38:27.179+0000] {logging_mixin.py:188} INFO - [2024-03-06T14:38:27.179+0000] {dag.py:3834} INFO - Setting next_dagrun for example_subdag_operator.section-2 to None, run_after=None
[2024-03-06T14:38:27.187+0000] {logging_mixin.py:188} INFO - [2024-03-06T14:38:27.186+0000] {dag.py:3047} INFO - Sync 2 DAGs
[2024-03-06T14:38:27.192+0000] {logging_mixin.py:188} INFO - [2024-03-06T14:38:27.192+0000] {dag.py:3834} INFO - Setting next_dagrun for example_subdag_operator.section-1 to None, run_after=None
[2024-03-06T14:38:27.192+0000] {logging_mixin.py:188} INFO - [2024-03-06T14:38:27.192+0000] {dag.py:3834} INFO - Setting next_dagrun for example_subdag_operator.section-2 to None, run_after=None
[2024-03-06T14:38:27.202+0000] {processor.py:183} INFO - Processing /home/airflow/.local/lib/python3.8/site-packages/airflow/example_dags/example_subdag_operator.py took 0.088 seconds
[2024-03-06T14:38:57.446+0000] {processor.py:161} INFO - Started process (PID=614) to work on /home/airflow/.local/lib/python3.8/site-packages/airflow/example_dags/example_subdag_operator.py
[2024-03-06T14:38:57.447+0000] {processor.py:830} INFO - Processing file /home/airflow/.local/lib/python3.8/site-packages/airflow/example_dags/example_subdag_operator.py for tasks to queue
[2024-03-06T14:38:57.449+0000] {logging_mixin.py:188} INFO - [2024-03-06T14:38:57.448+0000] {dagbag.py:540} INFO - Filling up the DagBag from /home/airflow/.local/lib/python3.8/site-packages/airflow/example_dags/example_subdag_operator.py
[2024-03-06T14:38:57.470+0000] {processor.py:840} INFO - DAG(s) 'example_subdag_operator.section-1', 'example_subdag_operator.section-2', 'example_subdag_operator' retrieved from /home/airflow/.local/lib/python3.8/site-packages/airflow/example_dags/example_subdag_operator.py
[2024-03-06T14:38:57.473+0000] {logging_mixin.py:188} INFO - [2024-03-06T14:38:57.473+0000] {dag.py:3047} INFO - Sync 3 DAGs
[2024-03-06T14:38:57.496+0000] {logging_mixin.py:188} INFO - [2024-03-06T14:38:57.496+0000] {dag.py:3834} INFO - Setting next_dagrun for example_subdag_operator to 2022-01-01 00:00:00+00:00, run_after=2022-01-01 00:00:00+00:00
[2024-03-06T14:38:57.500+0000] {logging_mixin.py:188} INFO - [2024-03-06T14:38:57.500+0000] {dag.py:3834} INFO - Setting next_dagrun for example_subdag_operator.section-1 to None, run_after=None
[2024-03-06T14:38:57.501+0000] {logging_mixin.py:188} INFO - [2024-03-06T14:38:57.501+0000] {dag.py:3834} INFO - Setting next_dagrun for example_subdag_operator.section-2 to None, run_after=None
[2024-03-06T14:38:57.510+0000] {logging_mixin.py:188} INFO - [2024-03-06T14:38:57.510+0000] {dag.py:3047} INFO - Sync 2 DAGs
[2024-03-06T14:38:57.516+0000] {logging_mixin.py:188} INFO - [2024-03-06T14:38:57.516+0000] {dag.py:3834} INFO - Setting next_dagrun for example_subdag_operator.section-1 to None, run_after=None
[2024-03-06T14:38:57.516+0000] {logging_mixin.py:188} INFO - [2024-03-06T14:38:57.516+0000] {dag.py:3834} INFO - Setting next_dagrun for example_subdag_operator.section-2 to None, run_after=None
[2024-03-06T14:38:57.531+0000] {processor.py:183} INFO - Processing /home/airflow/.local/lib/python3.8/site-packages/airflow/example_dags/example_subdag_operator.py took 0.088 seconds
[2024-03-06T14:39:28.091+0000] {processor.py:161} INFO - Started process (PID=669) to work on /home/airflow/.local/lib/python3.8/site-packages/airflow/example_dags/example_subdag_operator.py
[2024-03-06T14:39:28.092+0000] {processor.py:830} INFO - Processing file /home/airflow/.local/lib/python3.8/site-packages/airflow/example_dags/example_subdag_operator.py for tasks to queue
[2024-03-06T14:39:28.093+0000] {logging_mixin.py:188} INFO - [2024-03-06T14:39:28.093+0000] {dagbag.py:540} INFO - Filling up the DagBag from /home/airflow/.local/lib/python3.8/site-packages/airflow/example_dags/example_subdag_operator.py
[2024-03-06T14:39:28.121+0000] {processor.py:840} INFO - DAG(s) 'example_subdag_operator.section-1', 'example_subdag_operator.section-2', 'example_subdag_operator' retrieved from /home/airflow/.local/lib/python3.8/site-packages/airflow/example_dags/example_subdag_operator.py
[2024-03-06T14:39:28.231+0000] {logging_mixin.py:188} INFO - [2024-03-06T14:39:28.231+0000] {dag.py:3047} INFO - Sync 3 DAGs
[2024-03-06T14:39:28.254+0000] {logging_mixin.py:188} INFO - [2024-03-06T14:39:28.253+0000] {dag.py:3834} INFO - Setting next_dagrun for example_subdag_operator to 2022-01-01 00:00:00+00:00, run_after=2022-01-01 00:00:00+00:00
[2024-03-06T14:39:28.259+0000] {logging_mixin.py:188} INFO - [2024-03-06T14:39:28.259+0000] {dag.py:3834} INFO - Setting next_dagrun for example_subdag_operator.section-1 to None, run_after=None
[2024-03-06T14:39:28.260+0000] {logging_mixin.py:188} INFO - [2024-03-06T14:39:28.260+0000] {dag.py:3834} INFO - Setting next_dagrun for example_subdag_operator.section-2 to None, run_after=None
[2024-03-06T14:39:28.270+0000] {logging_mixin.py:188} INFO - [2024-03-06T14:39:28.270+0000] {dag.py:3047} INFO - Sync 2 DAGs
[2024-03-06T14:39:28.276+0000] {logging_mixin.py:188} INFO - [2024-03-06T14:39:28.275+0000] {dag.py:3834} INFO - Setting next_dagrun for example_subdag_operator.section-1 to None, run_after=None
[2024-03-06T14:39:28.276+0000] {logging_mixin.py:188} INFO - [2024-03-06T14:39:28.276+0000] {dag.py:3834} INFO - Setting next_dagrun for example_subdag_operator.section-2 to None, run_after=None
[2024-03-06T14:39:28.290+0000] {processor.py:183} INFO - Processing /home/airflow/.local/lib/python3.8/site-packages/airflow/example_dags/example_subdag_operator.py took 0.202 seconds
[2024-03-06T14:43:27.690+0000] {processor.py:161} INFO - Started process (PID=64) to work on /home/airflow/.local/lib/python3.8/site-packages/airflow/example_dags/example_subdag_operator.py
[2024-03-06T14:43:27.691+0000] {processor.py:830} INFO - Processing file /home/airflow/.local/lib/python3.8/site-packages/airflow/example_dags/example_subdag_operator.py for tasks to queue
[2024-03-06T14:43:27.693+0000] {logging_mixin.py:188} INFO - [2024-03-06T14:43:27.692+0000] {dagbag.py:540} INFO - Filling up the DagBag from /home/airflow/.local/lib/python3.8/site-packages/airflow/example_dags/example_subdag_operator.py
[2024-03-06T14:43:27.714+0000] {processor.py:840} INFO - DAG(s) 'example_subdag_operator.section-1', 'example_subdag_operator.section-2', 'example_subdag_operator' retrieved from /home/airflow/.local/lib/python3.8/site-packages/airflow/example_dags/example_subdag_operator.py
[2024-03-06T14:43:27.802+0000] {logging_mixin.py:188} INFO - [2024-03-06T14:43:27.801+0000] {override.py:1769} INFO - Created Permission View: can delete on DAG:example_subdag_operator
[2024-03-06T14:43:27.812+0000] {logging_mixin.py:188} INFO - [2024-03-06T14:43:27.811+0000] {override.py:1769} INFO - Created Permission View: can read on DAG:example_subdag_operator
[2024-03-06T14:43:27.819+0000] {logging_mixin.py:188} INFO - [2024-03-06T14:43:27.818+0000] {override.py:1769} INFO - Created Permission View: can edit on DAG:example_subdag_operator
[2024-03-06T14:43:27.819+0000] {logging_mixin.py:188} INFO - [2024-03-06T14:43:27.819+0000] {dag.py:3047} INFO - Sync 3 DAGs
[2024-03-06T14:43:27.831+0000] {logging_mixin.py:188} INFO - [2024-03-06T14:43:27.830+0000] {dag.py:3069} INFO - Creating ORM DAG for example_subdag_operator
[2024-03-06T14:43:27.831+0000] {logging_mixin.py:188} INFO - [2024-03-06T14:43:27.831+0000] {dag.py:3069} INFO - Creating ORM DAG for example_subdag_operator.section-1
[2024-03-06T14:43:27.832+0000] {logging_mixin.py:188} INFO - [2024-03-06T14:43:27.832+0000] {dag.py:3069} INFO - Creating ORM DAG for example_subdag_operator.section-2
[2024-03-06T14:43:27.841+0000] {logging_mixin.py:188} INFO - [2024-03-06T14:43:27.840+0000] {dag.py:3834} INFO - Setting next_dagrun for example_subdag_operator to 2022-01-01 00:00:00+00:00, run_after=2022-01-01 00:00:00+00:00
[2024-03-06T14:43:27.841+0000] {logging_mixin.py:188} INFO - [2024-03-06T14:43:27.841+0000] {dag.py:3834} INFO - Setting next_dagrun for example_subdag_operator.section-1 to None, run_after=None
[2024-03-06T14:43:27.842+0000] {logging_mixin.py:188} INFO - [2024-03-06T14:43:27.842+0000] {dag.py:3834} INFO - Setting next_dagrun for example_subdag_operator.section-2 to None, run_after=None
[2024-03-06T14:43:27.849+0000] {logging_mixin.py:188} INFO - [2024-03-06T14:43:27.849+0000] {dag.py:3047} INFO - Sync 2 DAGs
[2024-03-06T14:43:27.854+0000] {logging_mixin.py:188} INFO - [2024-03-06T14:43:27.854+0000] {dag.py:3834} INFO - Setting next_dagrun for example_subdag_operator.section-1 to None, run_after=None
[2024-03-06T14:43:27.857+0000] {logging_mixin.py:188} INFO - [2024-03-06T14:43:27.857+0000] {dag.py:3834} INFO - Setting next_dagrun for example_subdag_operator.section-2 to None, run_after=None
[2024-03-06T14:43:27.869+0000] {processor.py:183} INFO - Processing /home/airflow/.local/lib/python3.8/site-packages/airflow/example_dags/example_subdag_operator.py took 0.182 seconds
[2024-03-06T14:43:57.898+0000] {processor.py:161} INFO - Started process (PID=119) to work on /home/airflow/.local/lib/python3.8/site-packages/airflow/example_dags/example_subdag_operator.py
[2024-03-06T14:43:57.900+0000] {processor.py:830} INFO - Processing file /home/airflow/.local/lib/python3.8/site-packages/airflow/example_dags/example_subdag_operator.py for tasks to queue
[2024-03-06T14:43:57.902+0000] {logging_mixin.py:188} INFO - [2024-03-06T14:43:57.902+0000] {dagbag.py:540} INFO - Filling up the DagBag from /home/airflow/.local/lib/python3.8/site-packages/airflow/example_dags/example_subdag_operator.py
[2024-03-06T14:43:57.943+0000] {processor.py:840} INFO - DAG(s) 'example_subdag_operator.section-1', 'example_subdag_operator.section-2', 'example_subdag_operator' retrieved from /home/airflow/.local/lib/python3.8/site-packages/airflow/example_dags/example_subdag_operator.py
[2024-03-06T14:43:57.969+0000] {logging_mixin.py:188} INFO - [2024-03-06T14:43:57.969+0000] {dag.py:3047} INFO - Sync 3 DAGs
[2024-03-06T14:43:58.002+0000] {logging_mixin.py:188} INFO - [2024-03-06T14:43:58.002+0000] {dag.py:3834} INFO - Setting next_dagrun for example_subdag_operator to 2022-01-01 00:00:00+00:00, run_after=2022-01-01 00:00:00+00:00
[2024-03-06T14:43:58.007+0000] {logging_mixin.py:188} INFO - [2024-03-06T14:43:58.007+0000] {dag.py:3834} INFO - Setting next_dagrun for example_subdag_operator.section-1 to None, run_after=None
[2024-03-06T14:43:58.010+0000] {logging_mixin.py:188} INFO - [2024-03-06T14:43:58.009+0000] {dag.py:3834} INFO - Setting next_dagrun for example_subdag_operator.section-2 to None, run_after=None
[2024-03-06T14:43:58.019+0000] {logging_mixin.py:188} INFO - [2024-03-06T14:43:58.018+0000] {dag.py:3047} INFO - Sync 2 DAGs
[2024-03-06T14:43:58.025+0000] {logging_mixin.py:188} INFO - [2024-03-06T14:43:58.025+0000] {dag.py:3834} INFO - Setting next_dagrun for example_subdag_operator.section-1 to None, run_after=None
[2024-03-06T14:43:58.026+0000] {logging_mixin.py:188} INFO - [2024-03-06T14:43:58.025+0000] {dag.py:3834} INFO - Setting next_dagrun for example_subdag_operator.section-2 to None, run_after=None
[2024-03-06T14:43:58.039+0000] {processor.py:183} INFO - Processing /home/airflow/.local/lib/python3.8/site-packages/airflow/example_dags/example_subdag_operator.py took 0.145 seconds
[2024-03-06T14:44:28.320+0000] {processor.py:161} INFO - Started process (PID=174) to work on /home/airflow/.local/lib/python3.8/site-packages/airflow/example_dags/example_subdag_operator.py
[2024-03-06T14:44:28.322+0000] {processor.py:830} INFO - Processing file /home/airflow/.local/lib/python3.8/site-packages/airflow/example_dags/example_subdag_operator.py for tasks to queue
[2024-03-06T14:44:28.323+0000] {logging_mixin.py:188} INFO - [2024-03-06T14:44:28.323+0000] {dagbag.py:540} INFO - Filling up the DagBag from /home/airflow/.local/lib/python3.8/site-packages/airflow/example_dags/example_subdag_operator.py
[2024-03-06T14:44:28.345+0000] {processor.py:840} INFO - DAG(s) 'example_subdag_operator.section-1', 'example_subdag_operator.section-2', 'example_subdag_operator' retrieved from /home/airflow/.local/lib/python3.8/site-packages/airflow/example_dags/example_subdag_operator.py
[2024-03-06T14:44:28.359+0000] {logging_mixin.py:188} INFO - [2024-03-06T14:44:28.359+0000] {dag.py:3047} INFO - Sync 3 DAGs
[2024-03-06T14:44:28.378+0000] {logging_mixin.py:188} INFO - [2024-03-06T14:44:28.378+0000] {dag.py:3834} INFO - Setting next_dagrun for example_subdag_operator to 2022-01-01 00:00:00+00:00, run_after=2022-01-01 00:00:00+00:00
[2024-03-06T14:44:28.381+0000] {logging_mixin.py:188} INFO - [2024-03-06T14:44:28.381+0000] {dag.py:3834} INFO - Setting next_dagrun for example_subdag_operator.section-1 to None, run_after=None
[2024-03-06T14:44:28.382+0000] {logging_mixin.py:188} INFO - [2024-03-06T14:44:28.382+0000] {dag.py:3834} INFO - Setting next_dagrun for example_subdag_operator.section-2 to None, run_after=None
[2024-03-06T14:44:28.389+0000] {logging_mixin.py:188} INFO - [2024-03-06T14:44:28.389+0000] {dag.py:3047} INFO - Sync 2 DAGs
[2024-03-06T14:44:28.394+0000] {logging_mixin.py:188} INFO - [2024-03-06T14:44:28.394+0000] {dag.py:3834} INFO - Setting next_dagrun for example_subdag_operator.section-1 to None, run_after=None
[2024-03-06T14:44:28.394+0000] {logging_mixin.py:188} INFO - [2024-03-06T14:44:28.394+0000] {dag.py:3834} INFO - Setting next_dagrun for example_subdag_operator.section-2 to None, run_after=None
[2024-03-06T14:44:28.406+0000] {processor.py:183} INFO - Processing /home/airflow/.local/lib/python3.8/site-packages/airflow/example_dags/example_subdag_operator.py took 0.089 seconds
[2024-03-06T14:44:58.841+0000] {processor.py:161} INFO - Started process (PID=229) to work on /home/airflow/.local/lib/python3.8/site-packages/airflow/example_dags/example_subdag_operator.py
[2024-03-06T14:44:58.843+0000] {processor.py:830} INFO - Processing file /home/airflow/.local/lib/python3.8/site-packages/airflow/example_dags/example_subdag_operator.py for tasks to queue
[2024-03-06T14:44:58.844+0000] {logging_mixin.py:188} INFO - [2024-03-06T14:44:58.844+0000] {dagbag.py:540} INFO - Filling up the DagBag from /home/airflow/.local/lib/python3.8/site-packages/airflow/example_dags/example_subdag_operator.py
[2024-03-06T14:44:58.865+0000] {processor.py:840} INFO - DAG(s) 'example_subdag_operator.section-1', 'example_subdag_operator.section-2', 'example_subdag_operator' retrieved from /home/airflow/.local/lib/python3.8/site-packages/airflow/example_dags/example_subdag_operator.py
[2024-03-06T14:44:58.880+0000] {logging_mixin.py:188} INFO - [2024-03-06T14:44:58.880+0000] {dag.py:3047} INFO - Sync 3 DAGs
[2024-03-06T14:44:58.903+0000] {logging_mixin.py:188} INFO - [2024-03-06T14:44:58.903+0000] {dag.py:3834} INFO - Setting next_dagrun for example_subdag_operator to 2022-01-01 00:00:00+00:00, run_after=2022-01-01 00:00:00+00:00
[2024-03-06T14:44:58.907+0000] {logging_mixin.py:188} INFO - [2024-03-06T14:44:58.907+0000] {dag.py:3834} INFO - Setting next_dagrun for example_subdag_operator.section-1 to None, run_after=None
[2024-03-06T14:44:58.908+0000] {logging_mixin.py:188} INFO - [2024-03-06T14:44:58.908+0000] {dag.py:3834} INFO - Setting next_dagrun for example_subdag_operator.section-2 to None, run_after=None
[2024-03-06T14:44:58.916+0000] {logging_mixin.py:188} INFO - [2024-03-06T14:44:58.916+0000] {dag.py:3047} INFO - Sync 2 DAGs
[2024-03-06T14:44:58.922+0000] {logging_mixin.py:188} INFO - [2024-03-06T14:44:58.921+0000] {dag.py:3834} INFO - Setting next_dagrun for example_subdag_operator.section-1 to None, run_after=None
[2024-03-06T14:44:58.922+0000] {logging_mixin.py:188} INFO - [2024-03-06T14:44:58.922+0000] {dag.py:3834} INFO - Setting next_dagrun for example_subdag_operator.section-2 to None, run_after=None
[2024-03-06T14:44:58.934+0000] {processor.py:183} INFO - Processing /home/airflow/.local/lib/python3.8/site-packages/airflow/example_dags/example_subdag_operator.py took 0.095 seconds
[2024-03-06T14:45:29.401+0000] {processor.py:161} INFO - Started process (PID=284) to work on /home/airflow/.local/lib/python3.8/site-packages/airflow/example_dags/example_subdag_operator.py
[2024-03-06T14:45:29.402+0000] {processor.py:830} INFO - Processing file /home/airflow/.local/lib/python3.8/site-packages/airflow/example_dags/example_subdag_operator.py for tasks to queue
[2024-03-06T14:45:29.404+0000] {logging_mixin.py:188} INFO - [2024-03-06T14:45:29.403+0000] {dagbag.py:540} INFO - Filling up the DagBag from /home/airflow/.local/lib/python3.8/site-packages/airflow/example_dags/example_subdag_operator.py
[2024-03-06T14:45:29.426+0000] {processor.py:840} INFO - DAG(s) 'example_subdag_operator.section-1', 'example_subdag_operator.section-2', 'example_subdag_operator' retrieved from /home/airflow/.local/lib/python3.8/site-packages/airflow/example_dags/example_subdag_operator.py
[2024-03-06T14:45:29.440+0000] {logging_mixin.py:188} INFO - [2024-03-06T14:45:29.440+0000] {dag.py:3047} INFO - Sync 3 DAGs
[2024-03-06T14:45:29.462+0000] {logging_mixin.py:188} INFO - [2024-03-06T14:45:29.461+0000] {dag.py:3834} INFO - Setting next_dagrun for example_subdag_operator to 2022-01-01 00:00:00+00:00, run_after=2022-01-01 00:00:00+00:00
[2024-03-06T14:45:29.465+0000] {logging_mixin.py:188} INFO - [2024-03-06T14:45:29.465+0000] {dag.py:3834} INFO - Setting next_dagrun for example_subdag_operator.section-1 to None, run_after=None
[2024-03-06T14:45:29.466+0000] {logging_mixin.py:188} INFO - [2024-03-06T14:45:29.466+0000] {dag.py:3834} INFO - Setting next_dagrun for example_subdag_operator.section-2 to None, run_after=None
[2024-03-06T14:45:29.473+0000] {logging_mixin.py:188} INFO - [2024-03-06T14:45:29.473+0000] {dag.py:3047} INFO - Sync 2 DAGs
[2024-03-06T14:45:29.478+0000] {logging_mixin.py:188} INFO - [2024-03-06T14:45:29.478+0000] {dag.py:3834} INFO - Setting next_dagrun for example_subdag_operator.section-1 to None, run_after=None
[2024-03-06T14:45:29.479+0000] {logging_mixin.py:188} INFO - [2024-03-06T14:45:29.479+0000] {dag.py:3834} INFO - Setting next_dagrun for example_subdag_operator.section-2 to None, run_after=None
[2024-03-06T14:45:29.491+0000] {processor.py:183} INFO - Processing /home/airflow/.local/lib/python3.8/site-packages/airflow/example_dags/example_subdag_operator.py took 0.093 seconds
[2024-03-06T14:46:00.102+0000] {processor.py:161} INFO - Started process (PID=339) to work on /home/airflow/.local/lib/python3.8/site-packages/airflow/example_dags/example_subdag_operator.py
[2024-03-06T14:46:00.104+0000] {processor.py:830} INFO - Processing file /home/airflow/.local/lib/python3.8/site-packages/airflow/example_dags/example_subdag_operator.py for tasks to queue
[2024-03-06T14:46:00.107+0000] {logging_mixin.py:188} INFO - [2024-03-06T14:46:00.106+0000] {dagbag.py:540} INFO - Filling up the DagBag from /home/airflow/.local/lib/python3.8/site-packages/airflow/example_dags/example_subdag_operator.py
[2024-03-06T14:46:00.135+0000] {processor.py:840} INFO - DAG(s) 'example_subdag_operator.section-1', 'example_subdag_operator.section-2', 'example_subdag_operator' retrieved from /home/airflow/.local/lib/python3.8/site-packages/airflow/example_dags/example_subdag_operator.py
[2024-03-06T14:46:00.139+0000] {logging_mixin.py:188} INFO - [2024-03-06T14:46:00.139+0000] {dag.py:3047} INFO - Sync 3 DAGs
[2024-03-06T14:46:00.166+0000] {logging_mixin.py:188} INFO - [2024-03-06T14:46:00.165+0000] {dag.py:3834} INFO - Setting next_dagrun for example_subdag_operator to 2022-01-01 00:00:00+00:00, run_after=2022-01-01 00:00:00+00:00
[2024-03-06T14:46:00.170+0000] {logging_mixin.py:188} INFO - [2024-03-06T14:46:00.170+0000] {dag.py:3834} INFO - Setting next_dagrun for example_subdag_operator.section-1 to None, run_after=None
[2024-03-06T14:46:00.172+0000] {logging_mixin.py:188} INFO - [2024-03-06T14:46:00.172+0000] {dag.py:3834} INFO - Setting next_dagrun for example_subdag_operator.section-2 to None, run_after=None
[2024-03-06T14:46:00.183+0000] {logging_mixin.py:188} INFO - [2024-03-06T14:46:00.183+0000] {dag.py:3047} INFO - Sync 2 DAGs
[2024-03-06T14:46:00.191+0000] {logging_mixin.py:188} INFO - [2024-03-06T14:46:00.191+0000] {dag.py:3834} INFO - Setting next_dagrun for example_subdag_operator.section-1 to None, run_after=None
[2024-03-06T14:46:00.191+0000] {logging_mixin.py:188} INFO - [2024-03-06T14:46:00.191+0000] {dag.py:3834} INFO - Setting next_dagrun for example_subdag_operator.section-2 to None, run_after=None
[2024-03-06T14:46:00.207+0000] {processor.py:183} INFO - Processing /home/airflow/.local/lib/python3.8/site-packages/airflow/example_dags/example_subdag_operator.py took 0.110 seconds
