[2024-03-06T14:33:48.511+0000] {processor.py:161} INFO - Started process (PID=38) to work on /home/airflow/.local/lib/python3.8/site-packages/airflow/example_dags/example_python_operator.py
[2024-03-06T14:33:48.518+0000] {processor.py:830} INFO - Processing file /home/airflow/.local/lib/python3.8/site-packages/airflow/example_dags/example_python_operator.py for tasks to queue
[2024-03-06T14:33:48.522+0000] {logging_mixin.py:188} INFO - [2024-03-06T14:33:48.521+0000] {dagbag.py:540} INFO - Filling up the DagBag from /home/airflow/.local/lib/python3.8/site-packages/airflow/example_dags/example_python_operator.py
[2024-03-06T14:33:48.562+0000] {processor.py:840} INFO - DAG(s) 'example_python_operator' retrieved from /home/airflow/.local/lib/python3.8/site-packages/airflow/example_dags/example_python_operator.py
[2024-03-06T14:33:48.587+0000] {logging_mixin.py:188} INFO - [2024-03-06T14:33:48.587+0000] {dag.py:3047} INFO - Sync 1 DAGs
[2024-03-06T14:33:48.618+0000] {logging_mixin.py:188} INFO - [2024-03-06T14:33:48.617+0000] {dag.py:3834} INFO - Setting next_dagrun for example_python_operator to None, run_after=None
[2024-03-06T14:33:48.676+0000] {processor.py:183} INFO - Processing /home/airflow/.local/lib/python3.8/site-packages/airflow/example_dags/example_python_operator.py took 0.169 seconds
[2024-03-06T14:34:19.607+0000] {processor.py:161} INFO - Started process (PID=93) to work on /home/airflow/.local/lib/python3.8/site-packages/airflow/example_dags/example_python_operator.py
[2024-03-06T14:34:19.608+0000] {processor.py:830} INFO - Processing file /home/airflow/.local/lib/python3.8/site-packages/airflow/example_dags/example_python_operator.py for tasks to queue
[2024-03-06T14:34:19.610+0000] {logging_mixin.py:188} INFO - [2024-03-06T14:34:19.610+0000] {dagbag.py:540} INFO - Filling up the DagBag from /home/airflow/.local/lib/python3.8/site-packages/airflow/example_dags/example_python_operator.py
[2024-03-06T14:34:19.620+0000] {processor.py:840} INFO - DAG(s) 'example_python_operator' retrieved from /home/airflow/.local/lib/python3.8/site-packages/airflow/example_dags/example_python_operator.py
[2024-03-06T14:34:19.705+0000] {logging_mixin.py:188} INFO - [2024-03-06T14:34:19.705+0000] {dag.py:3047} INFO - Sync 1 DAGs
[2024-03-06T14:34:19.715+0000] {logging_mixin.py:188} INFO - [2024-03-06T14:34:19.715+0000] {dag.py:3834} INFO - Setting next_dagrun for example_python_operator to None, run_after=None
[2024-03-06T14:34:19.734+0000] {processor.py:183} INFO - Processing /home/airflow/.local/lib/python3.8/site-packages/airflow/example_dags/example_python_operator.py took 0.130 seconds
[2024-03-06T14:34:49.860+0000] {processor.py:161} INFO - Started process (PID=148) to work on /home/airflow/.local/lib/python3.8/site-packages/airflow/example_dags/example_python_operator.py
[2024-03-06T14:34:49.861+0000] {processor.py:830} INFO - Processing file /home/airflow/.local/lib/python3.8/site-packages/airflow/example_dags/example_python_operator.py for tasks to queue
[2024-03-06T14:34:49.862+0000] {logging_mixin.py:188} INFO - [2024-03-06T14:34:49.862+0000] {dagbag.py:540} INFO - Filling up the DagBag from /home/airflow/.local/lib/python3.8/site-packages/airflow/example_dags/example_python_operator.py
[2024-03-06T14:34:49.874+0000] {processor.py:840} INFO - DAG(s) 'example_python_operator' retrieved from /home/airflow/.local/lib/python3.8/site-packages/airflow/example_dags/example_python_operator.py
[2024-03-06T14:34:49.885+0000] {logging_mixin.py:188} INFO - [2024-03-06T14:34:49.884+0000] {dag.py:3047} INFO - Sync 1 DAGs
[2024-03-06T14:34:49.896+0000] {logging_mixin.py:188} INFO - [2024-03-06T14:34:49.896+0000] {dag.py:3834} INFO - Setting next_dagrun for example_python_operator to None, run_after=None
[2024-03-06T14:34:49.915+0000] {processor.py:183} INFO - Processing /home/airflow/.local/lib/python3.8/site-packages/airflow/example_dags/example_python_operator.py took 0.059 seconds
[2024-03-06T14:35:20.408+0000] {processor.py:161} INFO - Started process (PID=203) to work on /home/airflow/.local/lib/python3.8/site-packages/airflow/example_dags/example_python_operator.py
[2024-03-06T14:35:20.409+0000] {processor.py:830} INFO - Processing file /home/airflow/.local/lib/python3.8/site-packages/airflow/example_dags/example_python_operator.py for tasks to queue
[2024-03-06T14:35:20.411+0000] {logging_mixin.py:188} INFO - [2024-03-06T14:35:20.410+0000] {dagbag.py:540} INFO - Filling up the DagBag from /home/airflow/.local/lib/python3.8/site-packages/airflow/example_dags/example_python_operator.py
[2024-03-06T14:35:20.423+0000] {processor.py:840} INFO - DAG(s) 'example_python_operator' retrieved from /home/airflow/.local/lib/python3.8/site-packages/airflow/example_dags/example_python_operator.py
[2024-03-06T14:35:20.592+0000] {logging_mixin.py:188} INFO - [2024-03-06T14:35:20.591+0000] {dag.py:3047} INFO - Sync 1 DAGs
[2024-03-06T14:35:20.605+0000] {logging_mixin.py:188} INFO - [2024-03-06T14:35:20.605+0000] {dag.py:3834} INFO - Setting next_dagrun for example_python_operator to None, run_after=None
[2024-03-06T14:35:20.628+0000] {processor.py:183} INFO - Processing /home/airflow/.local/lib/python3.8/site-packages/airflow/example_dags/example_python_operator.py took 0.223 seconds
[2024-03-06T14:35:50.828+0000] {processor.py:161} INFO - Started process (PID=258) to work on /home/airflow/.local/lib/python3.8/site-packages/airflow/example_dags/example_python_operator.py
[2024-03-06T14:35:50.829+0000] {processor.py:830} INFO - Processing file /home/airflow/.local/lib/python3.8/site-packages/airflow/example_dags/example_python_operator.py for tasks to queue
[2024-03-06T14:35:50.831+0000] {logging_mixin.py:188} INFO - [2024-03-06T14:35:50.831+0000] {dagbag.py:540} INFO - Filling up the DagBag from /home/airflow/.local/lib/python3.8/site-packages/airflow/example_dags/example_python_operator.py
[2024-03-06T14:35:50.841+0000] {processor.py:840} INFO - DAG(s) 'example_python_operator' retrieved from /home/airflow/.local/lib/python3.8/site-packages/airflow/example_dags/example_python_operator.py
[2024-03-06T14:35:50.861+0000] {logging_mixin.py:188} INFO - [2024-03-06T14:35:50.861+0000] {dag.py:3047} INFO - Sync 1 DAGs
[2024-03-06T14:35:50.872+0000] {logging_mixin.py:188} INFO - [2024-03-06T14:35:50.872+0000] {dag.py:3834} INFO - Setting next_dagrun for example_python_operator to None, run_after=None
[2024-03-06T14:35:50.891+0000] {processor.py:183} INFO - Processing /home/airflow/.local/lib/python3.8/site-packages/airflow/example_dags/example_python_operator.py took 0.066 seconds
[2024-03-06T14:36:21.669+0000] {processor.py:161} INFO - Started process (PID=313) to work on /home/airflow/.local/lib/python3.8/site-packages/airflow/example_dags/example_python_operator.py
[2024-03-06T14:36:21.670+0000] {processor.py:830} INFO - Processing file /home/airflow/.local/lib/python3.8/site-packages/airflow/example_dags/example_python_operator.py for tasks to queue
[2024-03-06T14:36:21.671+0000] {logging_mixin.py:188} INFO - [2024-03-06T14:36:21.671+0000] {dagbag.py:540} INFO - Filling up the DagBag from /home/airflow/.local/lib/python3.8/site-packages/airflow/example_dags/example_python_operator.py
[2024-03-06T14:36:21.680+0000] {processor.py:840} INFO - DAG(s) 'example_python_operator' retrieved from /home/airflow/.local/lib/python3.8/site-packages/airflow/example_dags/example_python_operator.py
[2024-03-06T14:36:21.700+0000] {logging_mixin.py:188} INFO - [2024-03-06T14:36:21.700+0000] {dag.py:3047} INFO - Sync 1 DAGs
[2024-03-06T14:36:21.711+0000] {logging_mixin.py:188} INFO - [2024-03-06T14:36:21.711+0000] {dag.py:3834} INFO - Setting next_dagrun for example_python_operator to None, run_after=None
[2024-03-06T14:36:21.730+0000] {processor.py:183} INFO - Processing /home/airflow/.local/lib/python3.8/site-packages/airflow/example_dags/example_python_operator.py took 0.064 seconds
[2024-03-06T14:36:52.216+0000] {processor.py:161} INFO - Started process (PID=368) to work on /home/airflow/.local/lib/python3.8/site-packages/airflow/example_dags/example_python_operator.py
[2024-03-06T14:36:52.217+0000] {processor.py:830} INFO - Processing file /home/airflow/.local/lib/python3.8/site-packages/airflow/example_dags/example_python_operator.py for tasks to queue
[2024-03-06T14:36:52.219+0000] {logging_mixin.py:188} INFO - [2024-03-06T14:36:52.219+0000] {dagbag.py:540} INFO - Filling up the DagBag from /home/airflow/.local/lib/python3.8/site-packages/airflow/example_dags/example_python_operator.py
[2024-03-06T14:36:52.231+0000] {processor.py:840} INFO - DAG(s) 'example_python_operator' retrieved from /home/airflow/.local/lib/python3.8/site-packages/airflow/example_dags/example_python_operator.py
[2024-03-06T14:36:52.257+0000] {logging_mixin.py:188} INFO - [2024-03-06T14:36:52.257+0000] {dag.py:3047} INFO - Sync 1 DAGs
[2024-03-06T14:36:52.271+0000] {logging_mixin.py:188} INFO - [2024-03-06T14:36:52.271+0000] {dag.py:3834} INFO - Setting next_dagrun for example_python_operator to None, run_after=None
[2024-03-06T14:36:52.293+0000] {processor.py:183} INFO - Processing /home/airflow/.local/lib/python3.8/site-packages/airflow/example_dags/example_python_operator.py took 0.080 seconds
[2024-03-06T14:37:22.801+0000] {processor.py:161} INFO - Started process (PID=423) to work on /home/airflow/.local/lib/python3.8/site-packages/airflow/example_dags/example_python_operator.py
[2024-03-06T14:37:22.802+0000] {processor.py:830} INFO - Processing file /home/airflow/.local/lib/python3.8/site-packages/airflow/example_dags/example_python_operator.py for tasks to queue
[2024-03-06T14:37:22.803+0000] {logging_mixin.py:188} INFO - [2024-03-06T14:37:22.803+0000] {dagbag.py:540} INFO - Filling up the DagBag from /home/airflow/.local/lib/python3.8/site-packages/airflow/example_dags/example_python_operator.py
[2024-03-06T14:37:22.813+0000] {processor.py:840} INFO - DAG(s) 'example_python_operator' retrieved from /home/airflow/.local/lib/python3.8/site-packages/airflow/example_dags/example_python_operator.py
[2024-03-06T14:37:22.833+0000] {logging_mixin.py:188} INFO - [2024-03-06T14:37:22.833+0000] {dag.py:3047} INFO - Sync 1 DAGs
[2024-03-06T14:37:22.845+0000] {logging_mixin.py:188} INFO - [2024-03-06T14:37:22.844+0000] {dag.py:3834} INFO - Setting next_dagrun for example_python_operator to None, run_after=None
[2024-03-06T14:37:22.870+0000] {processor.py:183} INFO - Processing /home/airflow/.local/lib/python3.8/site-packages/airflow/example_dags/example_python_operator.py took 0.071 seconds
[2024-03-06T14:37:52.906+0000] {processor.py:161} INFO - Started process (PID=478) to work on /home/airflow/.local/lib/python3.8/site-packages/airflow/example_dags/example_python_operator.py
[2024-03-06T14:37:52.907+0000] {processor.py:830} INFO - Processing file /home/airflow/.local/lib/python3.8/site-packages/airflow/example_dags/example_python_operator.py for tasks to queue
[2024-03-06T14:37:52.909+0000] {logging_mixin.py:188} INFO - [2024-03-06T14:37:52.909+0000] {dagbag.py:540} INFO - Filling up the DagBag from /home/airflow/.local/lib/python3.8/site-packages/airflow/example_dags/example_python_operator.py
[2024-03-06T14:37:52.921+0000] {processor.py:840} INFO - DAG(s) 'example_python_operator' retrieved from /home/airflow/.local/lib/python3.8/site-packages/airflow/example_dags/example_python_operator.py
[2024-03-06T14:37:52.946+0000] {logging_mixin.py:188} INFO - [2024-03-06T14:37:52.946+0000] {dag.py:3047} INFO - Sync 1 DAGs
[2024-03-06T14:37:52.959+0000] {logging_mixin.py:188} INFO - [2024-03-06T14:37:52.959+0000] {dag.py:3834} INFO - Setting next_dagrun for example_python_operator to None, run_after=None
[2024-03-06T14:37:52.986+0000] {processor.py:183} INFO - Processing /home/airflow/.local/lib/python3.8/site-packages/airflow/example_dags/example_python_operator.py took 0.084 seconds
[2024-03-06T14:38:23.723+0000] {processor.py:161} INFO - Started process (PID=533) to work on /home/airflow/.local/lib/python3.8/site-packages/airflow/example_dags/example_python_operator.py
[2024-03-06T14:38:23.724+0000] {processor.py:830} INFO - Processing file /home/airflow/.local/lib/python3.8/site-packages/airflow/example_dags/example_python_operator.py for tasks to queue
[2024-03-06T14:38:23.726+0000] {logging_mixin.py:188} INFO - [2024-03-06T14:38:23.726+0000] {dagbag.py:540} INFO - Filling up the DagBag from /home/airflow/.local/lib/python3.8/site-packages/airflow/example_dags/example_python_operator.py
[2024-03-06T14:38:23.735+0000] {processor.py:840} INFO - DAG(s) 'example_python_operator' retrieved from /home/airflow/.local/lib/python3.8/site-packages/airflow/example_dags/example_python_operator.py
[2024-03-06T14:38:23.755+0000] {logging_mixin.py:188} INFO - [2024-03-06T14:38:23.754+0000] {dag.py:3047} INFO - Sync 1 DAGs
[2024-03-06T14:38:23.769+0000] {logging_mixin.py:188} INFO - [2024-03-06T14:38:23.768+0000] {dag.py:3834} INFO - Setting next_dagrun for example_python_operator to None, run_after=None
[2024-03-06T14:38:23.790+0000] {processor.py:183} INFO - Processing /home/airflow/.local/lib/python3.8/site-packages/airflow/example_dags/example_python_operator.py took 0.070 seconds
[2024-03-06T14:38:54.255+0000] {processor.py:161} INFO - Started process (PID=588) to work on /home/airflow/.local/lib/python3.8/site-packages/airflow/example_dags/example_python_operator.py
[2024-03-06T14:38:54.256+0000] {processor.py:830} INFO - Processing file /home/airflow/.local/lib/python3.8/site-packages/airflow/example_dags/example_python_operator.py for tasks to queue
[2024-03-06T14:38:54.258+0000] {logging_mixin.py:188} INFO - [2024-03-06T14:38:54.258+0000] {dagbag.py:540} INFO - Filling up the DagBag from /home/airflow/.local/lib/python3.8/site-packages/airflow/example_dags/example_python_operator.py
[2024-03-06T14:38:54.268+0000] {processor.py:840} INFO - DAG(s) 'example_python_operator' retrieved from /home/airflow/.local/lib/python3.8/site-packages/airflow/example_dags/example_python_operator.py
[2024-03-06T14:38:54.279+0000] {logging_mixin.py:188} INFO - [2024-03-06T14:38:54.279+0000] {dag.py:3047} INFO - Sync 1 DAGs
[2024-03-06T14:38:54.290+0000] {logging_mixin.py:188} INFO - [2024-03-06T14:38:54.290+0000] {dag.py:3834} INFO - Setting next_dagrun for example_python_operator to None, run_after=None
[2024-03-06T14:38:54.308+0000] {processor.py:183} INFO - Processing /home/airflow/.local/lib/python3.8/site-packages/airflow/example_dags/example_python_operator.py took 0.055 seconds
[2024-03-06T14:39:24.684+0000] {processor.py:161} INFO - Started process (PID=643) to work on /home/airflow/.local/lib/python3.8/site-packages/airflow/example_dags/example_python_operator.py
[2024-03-06T14:39:24.685+0000] {processor.py:830} INFO - Processing file /home/airflow/.local/lib/python3.8/site-packages/airflow/example_dags/example_python_operator.py for tasks to queue
[2024-03-06T14:39:24.687+0000] {logging_mixin.py:188} INFO - [2024-03-06T14:39:24.686+0000] {dagbag.py:540} INFO - Filling up the DagBag from /home/airflow/.local/lib/python3.8/site-packages/airflow/example_dags/example_python_operator.py
[2024-03-06T14:39:24.696+0000] {processor.py:840} INFO - DAG(s) 'example_python_operator' retrieved from /home/airflow/.local/lib/python3.8/site-packages/airflow/example_dags/example_python_operator.py
[2024-03-06T14:39:24.786+0000] {logging_mixin.py:188} INFO - [2024-03-06T14:39:24.786+0000] {dag.py:3047} INFO - Sync 1 DAGs
[2024-03-06T14:39:24.796+0000] {logging_mixin.py:188} INFO - [2024-03-06T14:39:24.796+0000] {dag.py:3834} INFO - Setting next_dagrun for example_python_operator to None, run_after=None
[2024-03-06T14:39:24.818+0000] {processor.py:183} INFO - Processing /home/airflow/.local/lib/python3.8/site-packages/airflow/example_dags/example_python_operator.py took 0.137 seconds
[2024-03-06T14:43:24.947+0000] {processor.py:161} INFO - Started process (PID=38) to work on /home/airflow/.local/lib/python3.8/site-packages/airflow/example_dags/example_python_operator.py
[2024-03-06T14:43:24.948+0000] {processor.py:830} INFO - Processing file /home/airflow/.local/lib/python3.8/site-packages/airflow/example_dags/example_python_operator.py for tasks to queue
[2024-03-06T14:43:24.950+0000] {logging_mixin.py:188} INFO - [2024-03-06T14:43:24.949+0000] {dagbag.py:540} INFO - Filling up the DagBag from /home/airflow/.local/lib/python3.8/site-packages/airflow/example_dags/example_python_operator.py
[2024-03-06T14:43:24.964+0000] {processor.py:840} INFO - DAG(s) 'example_python_operator' retrieved from /home/airflow/.local/lib/python3.8/site-packages/airflow/example_dags/example_python_operator.py
[2024-03-06T14:43:25.082+0000] {logging_mixin.py:188} INFO - [2024-03-06T14:43:25.082+0000] {override.py:1769} INFO - Created Permission View: can delete on DAG:example_python_operator
[2024-03-06T14:43:25.091+0000] {logging_mixin.py:188} INFO - [2024-03-06T14:43:25.091+0000] {override.py:1769} INFO - Created Permission View: can read on DAG:example_python_operator
[2024-03-06T14:43:25.098+0000] {logging_mixin.py:188} INFO - [2024-03-06T14:43:25.097+0000] {override.py:1769} INFO - Created Permission View: can edit on DAG:example_python_operator
[2024-03-06T14:43:25.098+0000] {logging_mixin.py:188} INFO - [2024-03-06T14:43:25.098+0000] {dag.py:3047} INFO - Sync 1 DAGs
[2024-03-06T14:43:25.108+0000] {logging_mixin.py:188} INFO - [2024-03-06T14:43:25.108+0000] {dag.py:3069} INFO - Creating ORM DAG for example_python_operator
[2024-03-06T14:43:25.108+0000] {logging_mixin.py:188} INFO - [2024-03-06T14:43:25.108+0000] {dag.py:3834} INFO - Setting next_dagrun for example_python_operator to None, run_after=None
[2024-03-06T14:43:25.124+0000] {processor.py:183} INFO - Processing /home/airflow/.local/lib/python3.8/site-packages/airflow/example_dags/example_python_operator.py took 0.181 seconds
[2024-03-06T14:43:55.310+0000] {processor.py:161} INFO - Started process (PID=93) to work on /home/airflow/.local/lib/python3.8/site-packages/airflow/example_dags/example_python_operator.py
[2024-03-06T14:43:55.312+0000] {processor.py:830} INFO - Processing file /home/airflow/.local/lib/python3.8/site-packages/airflow/example_dags/example_python_operator.py for tasks to queue
[2024-03-06T14:43:55.315+0000] {logging_mixin.py:188} INFO - [2024-03-06T14:43:55.314+0000] {dagbag.py:540} INFO - Filling up the DagBag from /home/airflow/.local/lib/python3.8/site-packages/airflow/example_dags/example_python_operator.py
[2024-03-06T14:43:55.328+0000] {processor.py:840} INFO - DAG(s) 'example_python_operator' retrieved from /home/airflow/.local/lib/python3.8/site-packages/airflow/example_dags/example_python_operator.py
[2024-03-06T14:43:55.361+0000] {logging_mixin.py:188} INFO - [2024-03-06T14:43:55.361+0000] {dag.py:3047} INFO - Sync 1 DAGs
[2024-03-06T14:43:55.375+0000] {logging_mixin.py:188} INFO - [2024-03-06T14:43:55.375+0000] {dag.py:3834} INFO - Setting next_dagrun for example_python_operator to None, run_after=None
[2024-03-06T14:43:55.399+0000] {processor.py:183} INFO - Processing /home/airflow/.local/lib/python3.8/site-packages/airflow/example_dags/example_python_operator.py took 0.094 seconds
[2024-03-06T14:44:25.937+0000] {processor.py:161} INFO - Started process (PID=148) to work on /home/airflow/.local/lib/python3.8/site-packages/airflow/example_dags/example_python_operator.py
[2024-03-06T14:44:25.939+0000] {processor.py:830} INFO - Processing file /home/airflow/.local/lib/python3.8/site-packages/airflow/example_dags/example_python_operator.py for tasks to queue
[2024-03-06T14:44:25.940+0000] {logging_mixin.py:188} INFO - [2024-03-06T14:44:25.940+0000] {dagbag.py:540} INFO - Filling up the DagBag from /home/airflow/.local/lib/python3.8/site-packages/airflow/example_dags/example_python_operator.py
[2024-03-06T14:44:25.949+0000] {processor.py:840} INFO - DAG(s) 'example_python_operator' retrieved from /home/airflow/.local/lib/python3.8/site-packages/airflow/example_dags/example_python_operator.py
[2024-03-06T14:44:25.968+0000] {logging_mixin.py:188} INFO - [2024-03-06T14:44:25.968+0000] {dag.py:3047} INFO - Sync 1 DAGs
[2024-03-06T14:44:25.979+0000] {logging_mixin.py:188} INFO - [2024-03-06T14:44:25.978+0000] {dag.py:3834} INFO - Setting next_dagrun for example_python_operator to None, run_after=None
[2024-03-06T14:44:25.997+0000] {processor.py:183} INFO - Processing /home/airflow/.local/lib/python3.8/site-packages/airflow/example_dags/example_python_operator.py took 0.062 seconds
[2024-03-06T14:44:56.520+0000] {processor.py:161} INFO - Started process (PID=203) to work on /home/airflow/.local/lib/python3.8/site-packages/airflow/example_dags/example_python_operator.py
[2024-03-06T14:44:56.521+0000] {processor.py:830} INFO - Processing file /home/airflow/.local/lib/python3.8/site-packages/airflow/example_dags/example_python_operator.py for tasks to queue
[2024-03-06T14:44:56.523+0000] {logging_mixin.py:188} INFO - [2024-03-06T14:44:56.522+0000] {dagbag.py:540} INFO - Filling up the DagBag from /home/airflow/.local/lib/python3.8/site-packages/airflow/example_dags/example_python_operator.py
[2024-03-06T14:44:56.532+0000] {processor.py:840} INFO - DAG(s) 'example_python_operator' retrieved from /home/airflow/.local/lib/python3.8/site-packages/airflow/example_dags/example_python_operator.py
[2024-03-06T14:44:56.552+0000] {logging_mixin.py:188} INFO - [2024-03-06T14:44:56.552+0000] {dag.py:3047} INFO - Sync 1 DAGs
[2024-03-06T14:44:56.563+0000] {logging_mixin.py:188} INFO - [2024-03-06T14:44:56.563+0000] {dag.py:3834} INFO - Setting next_dagrun for example_python_operator to None, run_after=None
[2024-03-06T14:44:56.582+0000] {processor.py:183} INFO - Processing /home/airflow/.local/lib/python3.8/site-packages/airflow/example_dags/example_python_operator.py took 0.065 seconds
[2024-03-06T14:45:26.973+0000] {processor.py:161} INFO - Started process (PID=258) to work on /home/airflow/.local/lib/python3.8/site-packages/airflow/example_dags/example_python_operator.py
[2024-03-06T14:45:26.974+0000] {processor.py:830} INFO - Processing file /home/airflow/.local/lib/python3.8/site-packages/airflow/example_dags/example_python_operator.py for tasks to queue
[2024-03-06T14:45:26.975+0000] {logging_mixin.py:188} INFO - [2024-03-06T14:45:26.975+0000] {dagbag.py:540} INFO - Filling up the DagBag from /home/airflow/.local/lib/python3.8/site-packages/airflow/example_dags/example_python_operator.py
[2024-03-06T14:45:26.985+0000] {processor.py:840} INFO - DAG(s) 'example_python_operator' retrieved from /home/airflow/.local/lib/python3.8/site-packages/airflow/example_dags/example_python_operator.py
[2024-03-06T14:45:27.005+0000] {logging_mixin.py:188} INFO - [2024-03-06T14:45:27.004+0000] {dag.py:3047} INFO - Sync 1 DAGs
[2024-03-06T14:45:27.016+0000] {logging_mixin.py:188} INFO - [2024-03-06T14:45:27.016+0000] {dag.py:3834} INFO - Setting next_dagrun for example_python_operator to None, run_after=None
[2024-03-06T14:45:27.034+0000] {processor.py:183} INFO - Processing /home/airflow/.local/lib/python3.8/site-packages/airflow/example_dags/example_python_operator.py took 0.064 seconds
[2024-03-06T14:45:57.640+0000] {processor.py:161} INFO - Started process (PID=313) to work on /home/airflow/.local/lib/python3.8/site-packages/airflow/example_dags/example_python_operator.py
[2024-03-06T14:45:57.642+0000] {processor.py:830} INFO - Processing file /home/airflow/.local/lib/python3.8/site-packages/airflow/example_dags/example_python_operator.py for tasks to queue
[2024-03-06T14:45:57.644+0000] {logging_mixin.py:188} INFO - [2024-03-06T14:45:57.643+0000] {dagbag.py:540} INFO - Filling up the DagBag from /home/airflow/.local/lib/python3.8/site-packages/airflow/example_dags/example_python_operator.py
[2024-03-06T14:45:57.657+0000] {processor.py:840} INFO - DAG(s) 'example_python_operator' retrieved from /home/airflow/.local/lib/python3.8/site-packages/airflow/example_dags/example_python_operator.py
[2024-03-06T14:45:57.669+0000] {logging_mixin.py:188} INFO - [2024-03-06T14:45:57.668+0000] {dag.py:3047} INFO - Sync 1 DAGs
[2024-03-06T14:45:57.682+0000] {logging_mixin.py:188} INFO - [2024-03-06T14:45:57.682+0000] {dag.py:3834} INFO - Setting next_dagrun for example_python_operator to None, run_after=None
[2024-03-06T14:45:57.706+0000] {processor.py:183} INFO - Processing /home/airflow/.local/lib/python3.8/site-packages/airflow/example_dags/example_python_operator.py took 0.070 seconds
[2024-03-06T14:46:28.326+0000] {processor.py:161} INFO - Started process (PID=368) to work on /home/airflow/.local/lib/python3.8/site-packages/airflow/example_dags/example_python_operator.py
[2024-03-06T14:46:28.327+0000] {processor.py:830} INFO - Processing file /home/airflow/.local/lib/python3.8/site-packages/airflow/example_dags/example_python_operator.py for tasks to queue
[2024-03-06T14:46:28.328+0000] {logging_mixin.py:188} INFO - [2024-03-06T14:46:28.328+0000] {dagbag.py:540} INFO - Filling up the DagBag from /home/airflow/.local/lib/python3.8/site-packages/airflow/example_dags/example_python_operator.py
[2024-03-06T14:46:28.337+0000] {processor.py:840} INFO - DAG(s) 'example_python_operator' retrieved from /home/airflow/.local/lib/python3.8/site-packages/airflow/example_dags/example_python_operator.py
[2024-03-06T14:46:28.428+0000] {logging_mixin.py:188} INFO - [2024-03-06T14:46:28.428+0000] {dag.py:3047} INFO - Sync 1 DAGs
[2024-03-06T14:46:28.438+0000] {logging_mixin.py:188} INFO - [2024-03-06T14:46:28.438+0000] {dag.py:3834} INFO - Setting next_dagrun for example_python_operator to None, run_after=None
[2024-03-06T14:46:28.460+0000] {processor.py:183} INFO - Processing /home/airflow/.local/lib/python3.8/site-packages/airflow/example_dags/example_python_operator.py took 0.137 seconds
