[2024-03-06T14:33:50.834+0000] {processor.py:161} INFO - Started process (PID=78) to work on /home/airflow/.local/lib/python3.8/site-packages/airflow/example_dags/example_datasets.py
[2024-03-06T14:33:50.835+0000] {processor.py:830} INFO - Processing file /home/airflow/.local/lib/python3.8/site-packages/airflow/example_dags/example_datasets.py for tasks to queue
[2024-03-06T14:33:50.838+0000] {logging_mixin.py:188} INFO - [2024-03-06T14:33:50.838+0000] {dagbag.py:540} INFO - Filling up the DagBag from /home/airflow/.local/lib/python3.8/site-packages/airflow/example_dags/example_datasets.py
[2024-03-06T14:33:50.856+0000] {processor.py:840} INFO - DAG(s) 'dataset_produces_1', 'dataset_produces_2', 'dataset_consumes_1_and_2', 'dataset_consumes_unknown_never_scheduled', 'dataset_consumes_1', 'dataset_consumes_1_never_scheduled' retrieved from /home/airflow/.local/lib/python3.8/site-packages/airflow/example_dags/example_datasets.py
[2024-03-06T14:33:50.881+0000] {logging_mixin.py:188} INFO - [2024-03-06T14:33:50.880+0000] {dag.py:3047} INFO - Sync 6 DAGs
[2024-03-06T14:33:50.916+0000] {logging_mixin.py:188} INFO - [2024-03-06T14:33:50.916+0000] {dag.py:3834} INFO - Setting next_dagrun for dataset_consumes_1 to None, run_after=None
[2024-03-06T14:33:50.921+0000] {logging_mixin.py:188} INFO - [2024-03-06T14:33:50.921+0000] {dag.py:3834} INFO - Setting next_dagrun for dataset_consumes_1_and_2 to None, run_after=None
[2024-03-06T14:33:50.923+0000] {logging_mixin.py:188} INFO - [2024-03-06T14:33:50.923+0000] {dag.py:3834} INFO - Setting next_dagrun for dataset_consumes_1_never_scheduled to None, run_after=None
[2024-03-06T14:33:50.925+0000] {logging_mixin.py:188} INFO - [2024-03-06T14:33:50.925+0000] {dag.py:3834} INFO - Setting next_dagrun for dataset_consumes_unknown_never_scheduled to None, run_after=None
[2024-03-06T14:33:50.930+0000] {logging_mixin.py:188} INFO - [2024-03-06T14:33:50.930+0000] {dag.py:3834} INFO - Setting next_dagrun for dataset_produces_1 to 2024-03-05 00:00:00+00:00, run_after=2024-03-06 00:00:00+00:00
[2024-03-06T14:33:50.933+0000] {logging_mixin.py:188} INFO - [2024-03-06T14:33:50.932+0000] {dag.py:3834} INFO - Setting next_dagrun for dataset_produces_2 to None, run_after=None
[2024-03-06T14:33:50.981+0000] {processor.py:183} INFO - Processing /home/airflow/.local/lib/python3.8/site-packages/airflow/example_dags/example_datasets.py took 0.151 seconds
[2024-03-06T14:34:23.008+0000] {processor.py:161} INFO - Started process (PID=133) to work on /home/airflow/.local/lib/python3.8/site-packages/airflow/example_dags/example_datasets.py
[2024-03-06T14:34:23.009+0000] {processor.py:830} INFO - Processing file /home/airflow/.local/lib/python3.8/site-packages/airflow/example_dags/example_datasets.py for tasks to queue
[2024-03-06T14:34:23.010+0000] {logging_mixin.py:188} INFO - [2024-03-06T14:34:23.010+0000] {dagbag.py:540} INFO - Filling up the DagBag from /home/airflow/.local/lib/python3.8/site-packages/airflow/example_dags/example_datasets.py
[2024-03-06T14:34:23.018+0000] {processor.py:840} INFO - DAG(s) 'dataset_produces_2', 'dataset_produces_1', 'dataset_consumes_1_and_2', 'dataset_consumes_unknown_never_scheduled', 'dataset_consumes_1', 'dataset_consumes_1_never_scheduled' retrieved from /home/airflow/.local/lib/python3.8/site-packages/airflow/example_dags/example_datasets.py
[2024-03-06T14:34:23.170+0000] {logging_mixin.py:188} INFO - [2024-03-06T14:34:23.170+0000] {dag.py:3047} INFO - Sync 6 DAGs
[2024-03-06T14:34:23.190+0000] {logging_mixin.py:188} INFO - [2024-03-06T14:34:23.189+0000] {dag.py:3834} INFO - Setting next_dagrun for dataset_consumes_1 to None, run_after=None
[2024-03-06T14:34:23.193+0000] {logging_mixin.py:188} INFO - [2024-03-06T14:34:23.192+0000] {dag.py:3834} INFO - Setting next_dagrun for dataset_consumes_1_and_2 to None, run_after=None
[2024-03-06T14:34:23.194+0000] {logging_mixin.py:188} INFO - [2024-03-06T14:34:23.194+0000] {dag.py:3834} INFO - Setting next_dagrun for dataset_consumes_1_never_scheduled to None, run_after=None
[2024-03-06T14:34:23.195+0000] {logging_mixin.py:188} INFO - [2024-03-06T14:34:23.195+0000] {dag.py:3834} INFO - Setting next_dagrun for dataset_consumes_unknown_never_scheduled to None, run_after=None
[2024-03-06T14:34:23.198+0000] {logging_mixin.py:188} INFO - [2024-03-06T14:34:23.198+0000] {dag.py:3834} INFO - Setting next_dagrun for dataset_produces_1 to 2024-03-05 00:00:00+00:00, run_after=2024-03-06 00:00:00+00:00
[2024-03-06T14:34:23.199+0000] {logging_mixin.py:188} INFO - [2024-03-06T14:34:23.199+0000] {dag.py:3834} INFO - Setting next_dagrun for dataset_produces_2 to None, run_after=None
[2024-03-06T14:34:23.246+0000] {processor.py:183} INFO - Processing /home/airflow/.local/lib/python3.8/site-packages/airflow/example_dags/example_datasets.py took 0.241 seconds
[2024-03-06T14:34:53.519+0000] {processor.py:161} INFO - Started process (PID=188) to work on /home/airflow/.local/lib/python3.8/site-packages/airflow/example_dags/example_datasets.py
[2024-03-06T14:34:53.520+0000] {processor.py:830} INFO - Processing file /home/airflow/.local/lib/python3.8/site-packages/airflow/example_dags/example_datasets.py for tasks to queue
[2024-03-06T14:34:53.522+0000] {logging_mixin.py:188} INFO - [2024-03-06T14:34:53.521+0000] {dagbag.py:540} INFO - Filling up the DagBag from /home/airflow/.local/lib/python3.8/site-packages/airflow/example_dags/example_datasets.py
[2024-03-06T14:34:53.531+0000] {processor.py:840} INFO - DAG(s) 'dataset_consumes_unknown_never_scheduled', 'dataset_consumes_1_and_2', 'dataset_consumes_1_never_scheduled', 'dataset_consumes_1', 'dataset_produces_1', 'dataset_produces_2' retrieved from /home/airflow/.local/lib/python3.8/site-packages/airflow/example_dags/example_datasets.py
[2024-03-06T14:34:53.545+0000] {logging_mixin.py:188} INFO - [2024-03-06T14:34:53.545+0000] {dag.py:3047} INFO - Sync 6 DAGs
[2024-03-06T14:34:53.568+0000] {logging_mixin.py:188} INFO - [2024-03-06T14:34:53.567+0000] {dag.py:3834} INFO - Setting next_dagrun for dataset_consumes_1 to None, run_after=None
[2024-03-06T14:34:53.572+0000] {logging_mixin.py:188} INFO - [2024-03-06T14:34:53.571+0000] {dag.py:3834} INFO - Setting next_dagrun for dataset_consumes_1_and_2 to None, run_after=None
[2024-03-06T14:34:53.573+0000] {logging_mixin.py:188} INFO - [2024-03-06T14:34:53.573+0000] {dag.py:3834} INFO - Setting next_dagrun for dataset_consumes_1_never_scheduled to None, run_after=None
[2024-03-06T14:34:53.575+0000] {logging_mixin.py:188} INFO - [2024-03-06T14:34:53.574+0000] {dag.py:3834} INFO - Setting next_dagrun for dataset_consumes_unknown_never_scheduled to None, run_after=None
[2024-03-06T14:34:53.577+0000] {logging_mixin.py:188} INFO - [2024-03-06T14:34:53.577+0000] {dag.py:3834} INFO - Setting next_dagrun for dataset_produces_1 to 2024-03-05 00:00:00+00:00, run_after=2024-03-06 00:00:00+00:00
[2024-03-06T14:34:53.579+0000] {logging_mixin.py:188} INFO - [2024-03-06T14:34:53.579+0000] {dag.py:3834} INFO - Setting next_dagrun for dataset_produces_2 to None, run_after=None
[2024-03-06T14:34:53.614+0000] {processor.py:183} INFO - Processing /home/airflow/.local/lib/python3.8/site-packages/airflow/example_dags/example_datasets.py took 0.098 seconds
[2024-03-06T14:35:24.985+0000] {processor.py:161} INFO - Started process (PID=243) to work on /home/airflow/.local/lib/python3.8/site-packages/airflow/example_dags/example_datasets.py
[2024-03-06T14:35:24.986+0000] {processor.py:830} INFO - Processing file /home/airflow/.local/lib/python3.8/site-packages/airflow/example_dags/example_datasets.py for tasks to queue
[2024-03-06T14:35:24.988+0000] {logging_mixin.py:188} INFO - [2024-03-06T14:35:24.987+0000] {dagbag.py:540} INFO - Filling up the DagBag from /home/airflow/.local/lib/python3.8/site-packages/airflow/example_dags/example_datasets.py
[2024-03-06T14:35:24.997+0000] {processor.py:840} INFO - DAG(s) 'dataset_consumes_1', 'dataset_consumes_1_never_scheduled', 'dataset_produces_2', 'dataset_consumes_unknown_never_scheduled', 'dataset_produces_1', 'dataset_consumes_1_and_2' retrieved from /home/airflow/.local/lib/python3.8/site-packages/airflow/example_dags/example_datasets.py
[2024-03-06T14:35:25.131+0000] {logging_mixin.py:188} INFO - [2024-03-06T14:35:25.131+0000] {dag.py:3047} INFO - Sync 6 DAGs
[2024-03-06T14:35:25.149+0000] {logging_mixin.py:188} INFO - [2024-03-06T14:35:25.149+0000] {dag.py:3834} INFO - Setting next_dagrun for dataset_consumes_1 to None, run_after=None
[2024-03-06T14:35:25.152+0000] {logging_mixin.py:188} INFO - [2024-03-06T14:35:25.152+0000] {dag.py:3834} INFO - Setting next_dagrun for dataset_consumes_1_and_2 to None, run_after=None
[2024-03-06T14:35:25.153+0000] {logging_mixin.py:188} INFO - [2024-03-06T14:35:25.153+0000] {dag.py:3834} INFO - Setting next_dagrun for dataset_consumes_1_never_scheduled to None, run_after=None
[2024-03-06T14:35:25.154+0000] {logging_mixin.py:188} INFO - [2024-03-06T14:35:25.154+0000] {dag.py:3834} INFO - Setting next_dagrun for dataset_consumes_unknown_never_scheduled to None, run_after=None
[2024-03-06T14:35:25.156+0000] {logging_mixin.py:188} INFO - [2024-03-06T14:35:25.156+0000] {dag.py:3834} INFO - Setting next_dagrun for dataset_produces_1 to 2024-03-05 00:00:00+00:00, run_after=2024-03-06 00:00:00+00:00
[2024-03-06T14:35:25.157+0000] {logging_mixin.py:188} INFO - [2024-03-06T14:35:25.157+0000] {dag.py:3834} INFO - Setting next_dagrun for dataset_produces_2 to None, run_after=None
[2024-03-06T14:35:25.187+0000] {processor.py:183} INFO - Processing /home/airflow/.local/lib/python3.8/site-packages/airflow/example_dags/example_datasets.py took 0.205 seconds
[2024-03-06T14:35:55.950+0000] {processor.py:161} INFO - Started process (PID=298) to work on /home/airflow/.local/lib/python3.8/site-packages/airflow/example_dags/example_datasets.py
[2024-03-06T14:35:55.951+0000] {processor.py:830} INFO - Processing file /home/airflow/.local/lib/python3.8/site-packages/airflow/example_dags/example_datasets.py for tasks to queue
[2024-03-06T14:35:55.953+0000] {logging_mixin.py:188} INFO - [2024-03-06T14:35:55.952+0000] {dagbag.py:540} INFO - Filling up the DagBag from /home/airflow/.local/lib/python3.8/site-packages/airflow/example_dags/example_datasets.py
[2024-03-06T14:35:55.961+0000] {processor.py:840} INFO - DAG(s) 'dataset_consumes_unknown_never_scheduled', 'dataset_produces_2', 'dataset_consumes_1', 'dataset_consumes_1_and_2', 'dataset_consumes_1_never_scheduled', 'dataset_produces_1' retrieved from /home/airflow/.local/lib/python3.8/site-packages/airflow/example_dags/example_datasets.py
[2024-03-06T14:35:55.993+0000] {logging_mixin.py:188} INFO - [2024-03-06T14:35:55.993+0000] {dag.py:3047} INFO - Sync 6 DAGs
[2024-03-06T14:35:56.013+0000] {logging_mixin.py:188} INFO - [2024-03-06T14:35:56.013+0000] {dag.py:3834} INFO - Setting next_dagrun for dataset_consumes_1 to None, run_after=None
[2024-03-06T14:35:56.016+0000] {logging_mixin.py:188} INFO - [2024-03-06T14:35:56.016+0000] {dag.py:3834} INFO - Setting next_dagrun for dataset_consumes_1_and_2 to None, run_after=None
[2024-03-06T14:35:56.018+0000] {logging_mixin.py:188} INFO - [2024-03-06T14:35:56.017+0000] {dag.py:3834} INFO - Setting next_dagrun for dataset_consumes_1_never_scheduled to None, run_after=None
[2024-03-06T14:35:56.019+0000] {logging_mixin.py:188} INFO - [2024-03-06T14:35:56.018+0000] {dag.py:3834} INFO - Setting next_dagrun for dataset_consumes_unknown_never_scheduled to None, run_after=None
[2024-03-06T14:35:56.021+0000] {logging_mixin.py:188} INFO - [2024-03-06T14:35:56.021+0000] {dag.py:3834} INFO - Setting next_dagrun for dataset_produces_1 to 2024-03-05 00:00:00+00:00, run_after=2024-03-06 00:00:00+00:00
[2024-03-06T14:35:56.022+0000] {logging_mixin.py:188} INFO - [2024-03-06T14:35:56.022+0000] {dag.py:3834} INFO - Setting next_dagrun for dataset_produces_2 to None, run_after=None
[2024-03-06T14:35:56.050+0000] {processor.py:183} INFO - Processing /home/airflow/.local/lib/python3.8/site-packages/airflow/example_dags/example_datasets.py took 0.103 seconds
[2024-03-06T14:36:26.700+0000] {processor.py:161} INFO - Started process (PID=353) to work on /home/airflow/.local/lib/python3.8/site-packages/airflow/example_dags/example_datasets.py
[2024-03-06T14:36:26.702+0000] {processor.py:830} INFO - Processing file /home/airflow/.local/lib/python3.8/site-packages/airflow/example_dags/example_datasets.py for tasks to queue
[2024-03-06T14:36:26.704+0000] {logging_mixin.py:188} INFO - [2024-03-06T14:36:26.703+0000] {dagbag.py:540} INFO - Filling up the DagBag from /home/airflow/.local/lib/python3.8/site-packages/airflow/example_dags/example_datasets.py
[2024-03-06T14:36:26.713+0000] {processor.py:840} INFO - DAG(s) 'dataset_consumes_1', 'dataset_produces_2', 'dataset_consumes_unknown_never_scheduled', 'dataset_consumes_1_and_2', 'dataset_produces_1', 'dataset_consumes_1_never_scheduled' retrieved from /home/airflow/.local/lib/python3.8/site-packages/airflow/example_dags/example_datasets.py
[2024-03-06T14:36:26.750+0000] {logging_mixin.py:188} INFO - [2024-03-06T14:36:26.750+0000] {dag.py:3047} INFO - Sync 6 DAGs
[2024-03-06T14:36:26.771+0000] {logging_mixin.py:188} INFO - [2024-03-06T14:36:26.771+0000] {dag.py:3834} INFO - Setting next_dagrun for dataset_consumes_1 to None, run_after=None
[2024-03-06T14:36:26.777+0000] {logging_mixin.py:188} INFO - [2024-03-06T14:36:26.777+0000] {dag.py:3834} INFO - Setting next_dagrun for dataset_consumes_1_and_2 to None, run_after=None
[2024-03-06T14:36:26.779+0000] {logging_mixin.py:188} INFO - [2024-03-06T14:36:26.779+0000] {dag.py:3834} INFO - Setting next_dagrun for dataset_consumes_1_never_scheduled to None, run_after=None
[2024-03-06T14:36:26.780+0000] {logging_mixin.py:188} INFO - [2024-03-06T14:36:26.780+0000] {dag.py:3834} INFO - Setting next_dagrun for dataset_consumes_unknown_never_scheduled to None, run_after=None
[2024-03-06T14:36:26.783+0000] {logging_mixin.py:188} INFO - [2024-03-06T14:36:26.783+0000] {dag.py:3834} INFO - Setting next_dagrun for dataset_produces_1 to 2024-03-05 00:00:00+00:00, run_after=2024-03-06 00:00:00+00:00
[2024-03-06T14:36:26.784+0000] {logging_mixin.py:188} INFO - [2024-03-06T14:36:26.784+0000] {dag.py:3834} INFO - Setting next_dagrun for dataset_produces_2 to None, run_after=None
[2024-03-06T14:36:26.818+0000] {processor.py:183} INFO - Processing /home/airflow/.local/lib/python3.8/site-packages/airflow/example_dags/example_datasets.py took 0.120 seconds
[2024-03-06T14:36:57.307+0000] {processor.py:161} INFO - Started process (PID=408) to work on /home/airflow/.local/lib/python3.8/site-packages/airflow/example_dags/example_datasets.py
[2024-03-06T14:36:57.308+0000] {processor.py:830} INFO - Processing file /home/airflow/.local/lib/python3.8/site-packages/airflow/example_dags/example_datasets.py for tasks to queue
[2024-03-06T14:36:57.310+0000] {logging_mixin.py:188} INFO - [2024-03-06T14:36:57.309+0000] {dagbag.py:540} INFO - Filling up the DagBag from /home/airflow/.local/lib/python3.8/site-packages/airflow/example_dags/example_datasets.py
[2024-03-06T14:36:57.318+0000] {processor.py:840} INFO - DAG(s) 'dataset_consumes_1_and_2', 'dataset_produces_1', 'dataset_consumes_unknown_never_scheduled', 'dataset_produces_2', 'dataset_consumes_1', 'dataset_consumes_1_never_scheduled' retrieved from /home/airflow/.local/lib/python3.8/site-packages/airflow/example_dags/example_datasets.py
[2024-03-06T14:36:57.351+0000] {logging_mixin.py:188} INFO - [2024-03-06T14:36:57.351+0000] {dag.py:3047} INFO - Sync 6 DAGs
[2024-03-06T14:36:57.378+0000] {logging_mixin.py:188} INFO - [2024-03-06T14:36:57.377+0000] {dag.py:3834} INFO - Setting next_dagrun for dataset_consumes_1 to None, run_after=None
[2024-03-06T14:36:57.384+0000] {logging_mixin.py:188} INFO - [2024-03-06T14:36:57.383+0000] {dag.py:3834} INFO - Setting next_dagrun for dataset_consumes_1_and_2 to None, run_after=None
[2024-03-06T14:36:57.386+0000] {logging_mixin.py:188} INFO - [2024-03-06T14:36:57.386+0000] {dag.py:3834} INFO - Setting next_dagrun for dataset_consumes_1_never_scheduled to None, run_after=None
[2024-03-06T14:36:57.387+0000] {logging_mixin.py:188} INFO - [2024-03-06T14:36:57.387+0000] {dag.py:3834} INFO - Setting next_dagrun for dataset_consumes_unknown_never_scheduled to None, run_after=None
[2024-03-06T14:36:57.391+0000] {logging_mixin.py:188} INFO - [2024-03-06T14:36:57.391+0000] {dag.py:3834} INFO - Setting next_dagrun for dataset_produces_1 to 2024-03-05 00:00:00+00:00, run_after=2024-03-06 00:00:00+00:00
[2024-03-06T14:36:57.393+0000] {logging_mixin.py:188} INFO - [2024-03-06T14:36:57.393+0000] {dag.py:3834} INFO - Setting next_dagrun for dataset_produces_2 to None, run_after=None
[2024-03-06T14:36:57.427+0000] {processor.py:183} INFO - Processing /home/airflow/.local/lib/python3.8/site-packages/airflow/example_dags/example_datasets.py took 0.123 seconds
[2024-03-06T14:37:28.030+0000] {processor.py:161} INFO - Started process (PID=463) to work on /home/airflow/.local/lib/python3.8/site-packages/airflow/example_dags/example_datasets.py
[2024-03-06T14:37:28.031+0000] {processor.py:830} INFO - Processing file /home/airflow/.local/lib/python3.8/site-packages/airflow/example_dags/example_datasets.py for tasks to queue
[2024-03-06T14:37:28.033+0000] {logging_mixin.py:188} INFO - [2024-03-06T14:37:28.033+0000] {dagbag.py:540} INFO - Filling up the DagBag from /home/airflow/.local/lib/python3.8/site-packages/airflow/example_dags/example_datasets.py
[2024-03-06T14:37:28.046+0000] {processor.py:840} INFO - DAG(s) 'dataset_produces_1', 'dataset_consumes_1', 'dataset_produces_2', 'dataset_consumes_unknown_never_scheduled', 'dataset_consumes_1_never_scheduled', 'dataset_consumes_1_and_2' retrieved from /home/airflow/.local/lib/python3.8/site-packages/airflow/example_dags/example_datasets.py
[2024-03-06T14:37:28.085+0000] {logging_mixin.py:188} INFO - [2024-03-06T14:37:28.085+0000] {dag.py:3047} INFO - Sync 6 DAGs
[2024-03-06T14:37:28.111+0000] {logging_mixin.py:188} INFO - [2024-03-06T14:37:28.111+0000] {dag.py:3834} INFO - Setting next_dagrun for dataset_consumes_1 to None, run_after=None
[2024-03-06T14:37:28.115+0000] {logging_mixin.py:188} INFO - [2024-03-06T14:37:28.115+0000] {dag.py:3834} INFO - Setting next_dagrun for dataset_consumes_1_and_2 to None, run_after=None
[2024-03-06T14:37:28.117+0000] {logging_mixin.py:188} INFO - [2024-03-06T14:37:28.117+0000] {dag.py:3834} INFO - Setting next_dagrun for dataset_consumes_1_never_scheduled to None, run_after=None
[2024-03-06T14:37:28.119+0000] {logging_mixin.py:188} INFO - [2024-03-06T14:37:28.118+0000] {dag.py:3834} INFO - Setting next_dagrun for dataset_consumes_unknown_never_scheduled to None, run_after=None
[2024-03-06T14:37:28.122+0000] {logging_mixin.py:188} INFO - [2024-03-06T14:37:28.122+0000] {dag.py:3834} INFO - Setting next_dagrun for dataset_produces_1 to 2024-03-05 00:00:00+00:00, run_after=2024-03-06 00:00:00+00:00
[2024-03-06T14:37:28.124+0000] {logging_mixin.py:188} INFO - [2024-03-06T14:37:28.123+0000] {dag.py:3834} INFO - Setting next_dagrun for dataset_produces_2 to None, run_after=None
[2024-03-06T14:37:28.158+0000] {processor.py:183} INFO - Processing /home/airflow/.local/lib/python3.8/site-packages/airflow/example_dags/example_datasets.py took 0.131 seconds
[2024-03-06T14:37:58.190+0000] {processor.py:161} INFO - Started process (PID=518) to work on /home/airflow/.local/lib/python3.8/site-packages/airflow/example_dags/example_datasets.py
[2024-03-06T14:37:58.191+0000] {processor.py:830} INFO - Processing file /home/airflow/.local/lib/python3.8/site-packages/airflow/example_dags/example_datasets.py for tasks to queue
[2024-03-06T14:37:58.192+0000] {logging_mixin.py:188} INFO - [2024-03-06T14:37:58.192+0000] {dagbag.py:540} INFO - Filling up the DagBag from /home/airflow/.local/lib/python3.8/site-packages/airflow/example_dags/example_datasets.py
[2024-03-06T14:37:58.200+0000] {processor.py:840} INFO - DAG(s) 'dataset_consumes_1_and_2', 'dataset_produces_2', 'dataset_consumes_1_never_scheduled', 'dataset_produces_1', 'dataset_consumes_1', 'dataset_consumes_unknown_never_scheduled' retrieved from /home/airflow/.local/lib/python3.8/site-packages/airflow/example_dags/example_datasets.py
[2024-03-06T14:37:58.230+0000] {logging_mixin.py:188} INFO - [2024-03-06T14:37:58.230+0000] {dag.py:3047} INFO - Sync 6 DAGs
[2024-03-06T14:37:58.250+0000] {logging_mixin.py:188} INFO - [2024-03-06T14:37:58.249+0000] {dag.py:3834} INFO - Setting next_dagrun for dataset_consumes_1 to None, run_after=None
[2024-03-06T14:37:58.253+0000] {logging_mixin.py:188} INFO - [2024-03-06T14:37:58.253+0000] {dag.py:3834} INFO - Setting next_dagrun for dataset_consumes_1_and_2 to None, run_after=None
[2024-03-06T14:37:58.255+0000] {logging_mixin.py:188} INFO - [2024-03-06T14:37:58.254+0000] {dag.py:3834} INFO - Setting next_dagrun for dataset_consumes_1_never_scheduled to None, run_after=None
[2024-03-06T14:37:58.256+0000] {logging_mixin.py:188} INFO - [2024-03-06T14:37:58.255+0000] {dag.py:3834} INFO - Setting next_dagrun for dataset_consumes_unknown_never_scheduled to None, run_after=None
[2024-03-06T14:37:58.258+0000] {logging_mixin.py:188} INFO - [2024-03-06T14:37:58.258+0000] {dag.py:3834} INFO - Setting next_dagrun for dataset_produces_1 to 2024-03-05 00:00:00+00:00, run_after=2024-03-06 00:00:00+00:00
[2024-03-06T14:37:58.259+0000] {logging_mixin.py:188} INFO - [2024-03-06T14:37:58.259+0000] {dag.py:3834} INFO - Setting next_dagrun for dataset_produces_2 to None, run_after=None
[2024-03-06T14:37:58.287+0000] {processor.py:183} INFO - Processing /home/airflow/.local/lib/python3.8/site-packages/airflow/example_dags/example_datasets.py took 0.100 seconds
[2024-03-06T14:38:28.765+0000] {processor.py:161} INFO - Started process (PID=573) to work on /home/airflow/.local/lib/python3.8/site-packages/airflow/example_dags/example_datasets.py
[2024-03-06T14:38:28.765+0000] {processor.py:830} INFO - Processing file /home/airflow/.local/lib/python3.8/site-packages/airflow/example_dags/example_datasets.py for tasks to queue
[2024-03-06T14:38:28.767+0000] {logging_mixin.py:188} INFO - [2024-03-06T14:38:28.766+0000] {dagbag.py:540} INFO - Filling up the DagBag from /home/airflow/.local/lib/python3.8/site-packages/airflow/example_dags/example_datasets.py
[2024-03-06T14:38:28.775+0000] {processor.py:840} INFO - DAG(s) 'dataset_produces_2', 'dataset_consumes_unknown_never_scheduled', 'dataset_consumes_1', 'dataset_consumes_1_never_scheduled', 'dataset_consumes_1_and_2', 'dataset_produces_1' retrieved from /home/airflow/.local/lib/python3.8/site-packages/airflow/example_dags/example_datasets.py
[2024-03-06T14:38:28.808+0000] {logging_mixin.py:188} INFO - [2024-03-06T14:38:28.808+0000] {dag.py:3047} INFO - Sync 6 DAGs
[2024-03-06T14:38:28.829+0000] {logging_mixin.py:188} INFO - [2024-03-06T14:38:28.829+0000] {dag.py:3834} INFO - Setting next_dagrun for dataset_consumes_1 to None, run_after=None
[2024-03-06T14:38:28.833+0000] {logging_mixin.py:188} INFO - [2024-03-06T14:38:28.832+0000] {dag.py:3834} INFO - Setting next_dagrun for dataset_consumes_1_and_2 to None, run_after=None
[2024-03-06T14:38:28.834+0000] {logging_mixin.py:188} INFO - [2024-03-06T14:38:28.834+0000] {dag.py:3834} INFO - Setting next_dagrun for dataset_consumes_1_never_scheduled to None, run_after=None
[2024-03-06T14:38:28.835+0000] {logging_mixin.py:188} INFO - [2024-03-06T14:38:28.835+0000] {dag.py:3834} INFO - Setting next_dagrun for dataset_consumes_unknown_never_scheduled to None, run_after=None
[2024-03-06T14:38:28.837+0000] {logging_mixin.py:188} INFO - [2024-03-06T14:38:28.837+0000] {dag.py:3834} INFO - Setting next_dagrun for dataset_produces_1 to 2024-03-05 00:00:00+00:00, run_after=2024-03-06 00:00:00+00:00
[2024-03-06T14:38:28.838+0000] {logging_mixin.py:188} INFO - [2024-03-06T14:38:28.838+0000] {dag.py:3834} INFO - Setting next_dagrun for dataset_produces_2 to None, run_after=None
[2024-03-06T14:38:28.867+0000] {processor.py:183} INFO - Processing /home/airflow/.local/lib/python3.8/site-packages/airflow/example_dags/example_datasets.py took 0.105 seconds
[2024-03-06T14:38:59.054+0000] {processor.py:161} INFO - Started process (PID=628) to work on /home/airflow/.local/lib/python3.8/site-packages/airflow/example_dags/example_datasets.py
[2024-03-06T14:38:59.055+0000] {processor.py:830} INFO - Processing file /home/airflow/.local/lib/python3.8/site-packages/airflow/example_dags/example_datasets.py for tasks to queue
[2024-03-06T14:38:59.057+0000] {logging_mixin.py:188} INFO - [2024-03-06T14:38:59.057+0000] {dagbag.py:540} INFO - Filling up the DagBag from /home/airflow/.local/lib/python3.8/site-packages/airflow/example_dags/example_datasets.py
[2024-03-06T14:38:59.065+0000] {processor.py:840} INFO - DAG(s) 'dataset_consumes_unknown_never_scheduled', 'dataset_consumes_1_and_2', 'dataset_consumes_1_never_scheduled', 'dataset_produces_1', 'dataset_produces_2', 'dataset_consumes_1' retrieved from /home/airflow/.local/lib/python3.8/site-packages/airflow/example_dags/example_datasets.py
[2024-03-06T14:38:59.078+0000] {logging_mixin.py:188} INFO - [2024-03-06T14:38:59.078+0000] {dag.py:3047} INFO - Sync 6 DAGs
[2024-03-06T14:38:59.098+0000] {logging_mixin.py:188} INFO - [2024-03-06T14:38:59.098+0000] {dag.py:3834} INFO - Setting next_dagrun for dataset_consumes_1 to None, run_after=None
[2024-03-06T14:38:59.101+0000] {logging_mixin.py:188} INFO - [2024-03-06T14:38:59.101+0000] {dag.py:3834} INFO - Setting next_dagrun for dataset_consumes_1_and_2 to None, run_after=None
[2024-03-06T14:38:59.103+0000] {logging_mixin.py:188} INFO - [2024-03-06T14:38:59.102+0000] {dag.py:3834} INFO - Setting next_dagrun for dataset_consumes_1_never_scheduled to None, run_after=None
[2024-03-06T14:38:59.104+0000] {logging_mixin.py:188} INFO - [2024-03-06T14:38:59.103+0000] {dag.py:3834} INFO - Setting next_dagrun for dataset_consumes_unknown_never_scheduled to None, run_after=None
[2024-03-06T14:38:59.106+0000] {logging_mixin.py:188} INFO - [2024-03-06T14:38:59.106+0000] {dag.py:3834} INFO - Setting next_dagrun for dataset_produces_1 to 2024-03-05 00:00:00+00:00, run_after=2024-03-06 00:00:00+00:00
[2024-03-06T14:38:59.107+0000] {logging_mixin.py:188} INFO - [2024-03-06T14:38:59.107+0000] {dag.py:3834} INFO - Setting next_dagrun for dataset_produces_2 to None, run_after=None
[2024-03-06T14:38:59.135+0000] {processor.py:183} INFO - Processing /home/airflow/.local/lib/python3.8/site-packages/airflow/example_dags/example_datasets.py took 0.084 seconds
[2024-03-06T14:39:29.425+0000] {processor.py:161} INFO - Started process (PID=683) to work on /home/airflow/.local/lib/python3.8/site-packages/airflow/example_dags/example_datasets.py
[2024-03-06T14:39:29.426+0000] {processor.py:830} INFO - Processing file /home/airflow/.local/lib/python3.8/site-packages/airflow/example_dags/example_datasets.py for tasks to queue
[2024-03-06T14:39:29.428+0000] {logging_mixin.py:188} INFO - [2024-03-06T14:39:29.427+0000] {dagbag.py:540} INFO - Filling up the DagBag from /home/airflow/.local/lib/python3.8/site-packages/airflow/example_dags/example_datasets.py
[2024-03-06T14:39:29.439+0000] {processor.py:840} INFO - DAG(s) 'dataset_consumes_1_never_scheduled', 'dataset_produces_1', 'dataset_produces_2', 'dataset_consumes_1', 'dataset_consumes_unknown_never_scheduled', 'dataset_consumes_1_and_2' retrieved from /home/airflow/.local/lib/python3.8/site-packages/airflow/example_dags/example_datasets.py
[2024-03-06T14:39:29.611+0000] {logging_mixin.py:188} INFO - [2024-03-06T14:39:29.611+0000] {dag.py:3047} INFO - Sync 6 DAGs
[2024-03-06T14:39:29.630+0000] {logging_mixin.py:188} INFO - [2024-03-06T14:39:29.630+0000] {dag.py:3834} INFO - Setting next_dagrun for dataset_consumes_1 to None, run_after=None
[2024-03-06T14:39:29.633+0000] {logging_mixin.py:188} INFO - [2024-03-06T14:39:29.633+0000] {dag.py:3834} INFO - Setting next_dagrun for dataset_consumes_1_and_2 to None, run_after=None
[2024-03-06T14:39:29.635+0000] {logging_mixin.py:188} INFO - [2024-03-06T14:39:29.634+0000] {dag.py:3834} INFO - Setting next_dagrun for dataset_consumes_1_never_scheduled to None, run_after=None
[2024-03-06T14:39:29.636+0000] {logging_mixin.py:188} INFO - [2024-03-06T14:39:29.635+0000] {dag.py:3834} INFO - Setting next_dagrun for dataset_consumes_unknown_never_scheduled to None, run_after=None
[2024-03-06T14:39:29.638+0000] {logging_mixin.py:188} INFO - [2024-03-06T14:39:29.638+0000] {dag.py:3834} INFO - Setting next_dagrun for dataset_produces_1 to 2024-03-05 00:00:00+00:00, run_after=2024-03-06 00:00:00+00:00
[2024-03-06T14:39:29.639+0000] {logging_mixin.py:188} INFO - [2024-03-06T14:39:29.639+0000] {dag.py:3834} INFO - Setting next_dagrun for dataset_produces_2 to None, run_after=None
[2024-03-06T14:39:29.673+0000] {processor.py:183} INFO - Processing /home/airflow/.local/lib/python3.8/site-packages/airflow/example_dags/example_datasets.py took 0.251 seconds
[2024-03-06T14:43:28.991+0000] {processor.py:161} INFO - Started process (PID=78) to work on /home/airflow/.local/lib/python3.8/site-packages/airflow/example_dags/example_datasets.py
[2024-03-06T14:43:28.992+0000] {processor.py:830} INFO - Processing file /home/airflow/.local/lib/python3.8/site-packages/airflow/example_dags/example_datasets.py for tasks to queue
[2024-03-06T14:43:28.993+0000] {logging_mixin.py:188} INFO - [2024-03-06T14:43:28.993+0000] {dagbag.py:540} INFO - Filling up the DagBag from /home/airflow/.local/lib/python3.8/site-packages/airflow/example_dags/example_datasets.py
[2024-03-06T14:43:29.003+0000] {processor.py:840} INFO - DAG(s) 'dataset_consumes_1', 'dataset_consumes_unknown_never_scheduled', 'dataset_consumes_1_and_2', 'dataset_consumes_1_never_scheduled', 'dataset_produces_1', 'dataset_produces_2' retrieved from /home/airflow/.local/lib/python3.8/site-packages/airflow/example_dags/example_datasets.py
[2024-03-06T14:43:29.107+0000] {logging_mixin.py:188} INFO - [2024-03-06T14:43:29.106+0000] {override.py:1769} INFO - Created Permission View: can delete on DAG:dataset_consumes_1
[2024-03-06T14:43:29.117+0000] {logging_mixin.py:188} INFO - [2024-03-06T14:43:29.117+0000] {override.py:1769} INFO - Created Permission View: can read on DAG:dataset_consumes_1
[2024-03-06T14:43:29.124+0000] {logging_mixin.py:188} INFO - [2024-03-06T14:43:29.124+0000] {override.py:1769} INFO - Created Permission View: can edit on DAG:dataset_consumes_1
[2024-03-06T14:43:29.137+0000] {logging_mixin.py:188} INFO - [2024-03-06T14:43:29.137+0000] {override.py:1769} INFO - Created Permission View: can delete on DAG:dataset_consumes_unknown_never_scheduled
[2024-03-06T14:43:29.144+0000] {logging_mixin.py:188} INFO - [2024-03-06T14:43:29.144+0000] {override.py:1769} INFO - Created Permission View: can read on DAG:dataset_consumes_unknown_never_scheduled
[2024-03-06T14:43:29.151+0000] {logging_mixin.py:188} INFO - [2024-03-06T14:43:29.151+0000] {override.py:1769} INFO - Created Permission View: can edit on DAG:dataset_consumes_unknown_never_scheduled
[2024-03-06T14:43:29.165+0000] {logging_mixin.py:188} INFO - [2024-03-06T14:43:29.165+0000] {override.py:1769} INFO - Created Permission View: can delete on DAG:dataset_consumes_1_and_2
[2024-03-06T14:43:29.171+0000] {logging_mixin.py:188} INFO - [2024-03-06T14:43:29.170+0000] {override.py:1769} INFO - Created Permission View: can read on DAG:dataset_consumes_1_and_2
[2024-03-06T14:43:29.177+0000] {logging_mixin.py:188} INFO - [2024-03-06T14:43:29.177+0000] {override.py:1769} INFO - Created Permission View: can edit on DAG:dataset_consumes_1_and_2
[2024-03-06T14:43:29.188+0000] {logging_mixin.py:188} INFO - [2024-03-06T14:43:29.188+0000] {override.py:1769} INFO - Created Permission View: can delete on DAG:dataset_consumes_1_never_scheduled
[2024-03-06T14:43:29.195+0000] {logging_mixin.py:188} INFO - [2024-03-06T14:43:29.195+0000] {override.py:1769} INFO - Created Permission View: can read on DAG:dataset_consumes_1_never_scheduled
[2024-03-06T14:43:29.202+0000] {logging_mixin.py:188} INFO - [2024-03-06T14:43:29.201+0000] {override.py:1769} INFO - Created Permission View: can edit on DAG:dataset_consumes_1_never_scheduled
[2024-03-06T14:43:29.214+0000] {logging_mixin.py:188} INFO - [2024-03-06T14:43:29.214+0000] {override.py:1769} INFO - Created Permission View: can delete on DAG:dataset_produces_1
[2024-03-06T14:43:29.221+0000] {logging_mixin.py:188} INFO - [2024-03-06T14:43:29.220+0000] {override.py:1769} INFO - Created Permission View: can read on DAG:dataset_produces_1
[2024-03-06T14:43:29.227+0000] {logging_mixin.py:188} INFO - [2024-03-06T14:43:29.227+0000] {override.py:1769} INFO - Created Permission View: can edit on DAG:dataset_produces_1
[2024-03-06T14:43:29.240+0000] {logging_mixin.py:188} INFO - [2024-03-06T14:43:29.239+0000] {override.py:1769} INFO - Created Permission View: can delete on DAG:dataset_produces_2
[2024-03-06T14:43:29.246+0000] {logging_mixin.py:188} INFO - [2024-03-06T14:43:29.246+0000] {override.py:1769} INFO - Created Permission View: can read on DAG:dataset_produces_2
[2024-03-06T14:43:29.253+0000] {logging_mixin.py:188} INFO - [2024-03-06T14:43:29.253+0000] {override.py:1769} INFO - Created Permission View: can edit on DAG:dataset_produces_2
[2024-03-06T14:43:29.254+0000] {logging_mixin.py:188} INFO - [2024-03-06T14:43:29.254+0000] {dag.py:3047} INFO - Sync 6 DAGs
[2024-03-06T14:43:29.264+0000] {logging_mixin.py:188} INFO - [2024-03-06T14:43:29.264+0000] {dag.py:3069} INFO - Creating ORM DAG for dataset_consumes_1_and_2
[2024-03-06T14:43:29.265+0000] {logging_mixin.py:188} INFO - [2024-03-06T14:43:29.264+0000] {dag.py:3069} INFO - Creating ORM DAG for dataset_produces_1
[2024-03-06T14:43:29.265+0000] {logging_mixin.py:188} INFO - [2024-03-06T14:43:29.265+0000] {dag.py:3069} INFO - Creating ORM DAG for dataset_consumes_1_never_scheduled
[2024-03-06T14:43:29.266+0000] {logging_mixin.py:188} INFO - [2024-03-06T14:43:29.265+0000] {dag.py:3069} INFO - Creating ORM DAG for dataset_produces_2
[2024-03-06T14:43:29.266+0000] {logging_mixin.py:188} INFO - [2024-03-06T14:43:29.266+0000] {dag.py:3069} INFO - Creating ORM DAG for dataset_consumes_unknown_never_scheduled
[2024-03-06T14:43:29.267+0000] {logging_mixin.py:188} INFO - [2024-03-06T14:43:29.266+0000] {dag.py:3069} INFO - Creating ORM DAG for dataset_consumes_1
[2024-03-06T14:43:29.275+0000] {logging_mixin.py:188} INFO - [2024-03-06T14:43:29.275+0000] {dag.py:3834} INFO - Setting next_dagrun for dataset_consumes_1 to None, run_after=None
[2024-03-06T14:43:29.275+0000] {logging_mixin.py:188} INFO - [2024-03-06T14:43:29.275+0000] {dag.py:3834} INFO - Setting next_dagrun for dataset_consumes_1_and_2 to None, run_after=None
[2024-03-06T14:43:29.276+0000] {logging_mixin.py:188} INFO - [2024-03-06T14:43:29.276+0000] {dag.py:3834} INFO - Setting next_dagrun for dataset_consumes_1_never_scheduled to None, run_after=None
[2024-03-06T14:43:29.276+0000] {logging_mixin.py:188} INFO - [2024-03-06T14:43:29.276+0000] {dag.py:3834} INFO - Setting next_dagrun for dataset_consumes_unknown_never_scheduled to None, run_after=None
[2024-03-06T14:43:29.278+0000] {logging_mixin.py:188} INFO - [2024-03-06T14:43:29.278+0000] {dag.py:3834} INFO - Setting next_dagrun for dataset_produces_1 to 2024-03-05 00:00:00+00:00, run_after=2024-03-06 00:00:00+00:00
[2024-03-06T14:43:29.279+0000] {logging_mixin.py:188} INFO - [2024-03-06T14:43:29.279+0000] {dag.py:3834} INFO - Setting next_dagrun for dataset_produces_2 to None, run_after=None
[2024-03-06T14:43:29.316+0000] {processor.py:183} INFO - Processing /home/airflow/.local/lib/python3.8/site-packages/airflow/example_dags/example_datasets.py took 0.328 seconds
[2024-03-06T14:44:00.309+0000] {processor.py:161} INFO - Started process (PID=135) to work on /home/airflow/.local/lib/python3.8/site-packages/airflow/example_dags/example_datasets.py
[2024-03-06T14:44:00.311+0000] {processor.py:830} INFO - Processing file /home/airflow/.local/lib/python3.8/site-packages/airflow/example_dags/example_datasets.py for tasks to queue
[2024-03-06T14:44:00.315+0000] {logging_mixin.py:188} INFO - [2024-03-06T14:44:00.314+0000] {dagbag.py:540} INFO - Filling up the DagBag from /home/airflow/.local/lib/python3.8/site-packages/airflow/example_dags/example_datasets.py
[2024-03-06T14:44:00.331+0000] {processor.py:840} INFO - DAG(s) 'dataset_produces_2', 'dataset_consumes_1_and_2', 'dataset_consumes_1_never_scheduled', 'dataset_produces_1', 'dataset_consumes_unknown_never_scheduled', 'dataset_consumes_1' retrieved from /home/airflow/.local/lib/python3.8/site-packages/airflow/example_dags/example_datasets.py
[2024-03-06T14:44:00.403+0000] {logging_mixin.py:188} INFO - [2024-03-06T14:44:00.402+0000] {dag.py:3047} INFO - Sync 6 DAGs
[2024-03-06T14:44:00.456+0000] {logging_mixin.py:188} INFO - [2024-03-06T14:44:00.456+0000] {dag.py:3834} INFO - Setting next_dagrun for dataset_consumes_1 to None, run_after=None
[2024-03-06T14:44:00.461+0000] {logging_mixin.py:188} INFO - [2024-03-06T14:44:00.461+0000] {dag.py:3834} INFO - Setting next_dagrun for dataset_consumes_1_and_2 to None, run_after=None
[2024-03-06T14:44:00.463+0000] {logging_mixin.py:188} INFO - [2024-03-06T14:44:00.463+0000] {dag.py:3834} INFO - Setting next_dagrun for dataset_consumes_1_never_scheduled to None, run_after=None
[2024-03-06T14:44:00.466+0000] {logging_mixin.py:188} INFO - [2024-03-06T14:44:00.465+0000] {dag.py:3834} INFO - Setting next_dagrun for dataset_consumes_unknown_never_scheduled to None, run_after=None
[2024-03-06T14:44:00.471+0000] {logging_mixin.py:188} INFO - [2024-03-06T14:44:00.471+0000] {dag.py:3834} INFO - Setting next_dagrun for dataset_produces_1 to 2024-03-05 00:00:00+00:00, run_after=2024-03-06 00:00:00+00:00
[2024-03-06T14:44:00.474+0000] {logging_mixin.py:188} INFO - [2024-03-06T14:44:00.474+0000] {dag.py:3834} INFO - Setting next_dagrun for dataset_produces_2 to None, run_after=None
[2024-03-06T14:44:00.553+0000] {processor.py:183} INFO - Processing /home/airflow/.local/lib/python3.8/site-packages/airflow/example_dags/example_datasets.py took 0.248 seconds
[2024-03-06T14:44:31.001+0000] {processor.py:161} INFO - Started process (PID=190) to work on /home/airflow/.local/lib/python3.8/site-packages/airflow/example_dags/example_datasets.py
[2024-03-06T14:44:31.003+0000] {processor.py:830} INFO - Processing file /home/airflow/.local/lib/python3.8/site-packages/airflow/example_dags/example_datasets.py for tasks to queue
[2024-03-06T14:44:31.004+0000] {logging_mixin.py:188} INFO - [2024-03-06T14:44:31.004+0000] {dagbag.py:540} INFO - Filling up the DagBag from /home/airflow/.local/lib/python3.8/site-packages/airflow/example_dags/example_datasets.py
[2024-03-06T14:44:31.012+0000] {processor.py:840} INFO - DAG(s) 'dataset_produces_2', 'dataset_consumes_unknown_never_scheduled', 'dataset_produces_1', 'dataset_consumes_1_never_scheduled', 'dataset_consumes_1', 'dataset_consumes_1_and_2' retrieved from /home/airflow/.local/lib/python3.8/site-packages/airflow/example_dags/example_datasets.py
[2024-03-06T14:44:31.047+0000] {logging_mixin.py:188} INFO - [2024-03-06T14:44:31.047+0000] {dag.py:3047} INFO - Sync 6 DAGs
[2024-03-06T14:44:31.071+0000] {logging_mixin.py:188} INFO - [2024-03-06T14:44:31.071+0000] {dag.py:3834} INFO - Setting next_dagrun for dataset_consumes_1 to None, run_after=None
[2024-03-06T14:44:31.076+0000] {logging_mixin.py:188} INFO - [2024-03-06T14:44:31.076+0000] {dag.py:3834} INFO - Setting next_dagrun for dataset_consumes_1_and_2 to None, run_after=None
[2024-03-06T14:44:31.079+0000] {logging_mixin.py:188} INFO - [2024-03-06T14:44:31.078+0000] {dag.py:3834} INFO - Setting next_dagrun for dataset_consumes_1_never_scheduled to None, run_after=None
[2024-03-06T14:44:31.080+0000] {logging_mixin.py:188} INFO - [2024-03-06T14:44:31.080+0000] {dag.py:3834} INFO - Setting next_dagrun for dataset_consumes_unknown_never_scheduled to None, run_after=None
[2024-03-06T14:44:31.084+0000] {logging_mixin.py:188} INFO - [2024-03-06T14:44:31.083+0000] {dag.py:3834} INFO - Setting next_dagrun for dataset_produces_1 to 2024-03-05 00:00:00+00:00, run_after=2024-03-06 00:00:00+00:00
[2024-03-06T14:44:31.085+0000] {logging_mixin.py:188} INFO - [2024-03-06T14:44:31.085+0000] {dag.py:3834} INFO - Setting next_dagrun for dataset_produces_2 to None, run_after=None
[2024-03-06T14:44:31.121+0000] {processor.py:183} INFO - Processing /home/airflow/.local/lib/python3.8/site-packages/airflow/example_dags/example_datasets.py took 0.123 seconds
[2024-03-06T14:45:01.482+0000] {processor.py:161} INFO - Started process (PID=245) to work on /home/airflow/.local/lib/python3.8/site-packages/airflow/example_dags/example_datasets.py
[2024-03-06T14:45:01.483+0000] {processor.py:830} INFO - Processing file /home/airflow/.local/lib/python3.8/site-packages/airflow/example_dags/example_datasets.py for tasks to queue
[2024-03-06T14:45:01.484+0000] {logging_mixin.py:188} INFO - [2024-03-06T14:45:01.484+0000] {dagbag.py:540} INFO - Filling up the DagBag from /home/airflow/.local/lib/python3.8/site-packages/airflow/example_dags/example_datasets.py
[2024-03-06T14:45:01.493+0000] {processor.py:840} INFO - DAG(s) 'dataset_consumes_unknown_never_scheduled', 'dataset_consumes_1', 'dataset_produces_2', 'dataset_produces_1', 'dataset_consumes_1_and_2', 'dataset_consumes_1_never_scheduled' retrieved from /home/airflow/.local/lib/python3.8/site-packages/airflow/example_dags/example_datasets.py
[2024-03-06T14:45:01.532+0000] {logging_mixin.py:188} INFO - [2024-03-06T14:45:01.532+0000] {dag.py:3047} INFO - Sync 6 DAGs
[2024-03-06T14:45:01.556+0000] {logging_mixin.py:188} INFO - [2024-03-06T14:45:01.556+0000] {dag.py:3834} INFO - Setting next_dagrun for dataset_consumes_1 to None, run_after=None
[2024-03-06T14:45:01.562+0000] {logging_mixin.py:188} INFO - [2024-03-06T14:45:01.561+0000] {dag.py:3834} INFO - Setting next_dagrun for dataset_consumes_1_and_2 to None, run_after=None
[2024-03-06T14:45:01.564+0000] {logging_mixin.py:188} INFO - [2024-03-06T14:45:01.564+0000] {dag.py:3834} INFO - Setting next_dagrun for dataset_consumes_1_never_scheduled to None, run_after=None
[2024-03-06T14:45:01.566+0000] {logging_mixin.py:188} INFO - [2024-03-06T14:45:01.566+0000] {dag.py:3834} INFO - Setting next_dagrun for dataset_consumes_unknown_never_scheduled to None, run_after=None
[2024-03-06T14:45:01.570+0000] {logging_mixin.py:188} INFO - [2024-03-06T14:45:01.570+0000] {dag.py:3834} INFO - Setting next_dagrun for dataset_produces_1 to 2024-03-05 00:00:00+00:00, run_after=2024-03-06 00:00:00+00:00
[2024-03-06T14:45:01.572+0000] {logging_mixin.py:188} INFO - [2024-03-06T14:45:01.572+0000] {dag.py:3834} INFO - Setting next_dagrun for dataset_produces_2 to None, run_after=None
[2024-03-06T14:45:01.608+0000] {processor.py:183} INFO - Processing /home/airflow/.local/lib/python3.8/site-packages/airflow/example_dags/example_datasets.py took 0.130 seconds
[2024-03-06T14:45:32.102+0000] {processor.py:161} INFO - Started process (PID=300) to work on /home/airflow/.local/lib/python3.8/site-packages/airflow/example_dags/example_datasets.py
[2024-03-06T14:45:32.110+0000] {processor.py:830} INFO - Processing file /home/airflow/.local/lib/python3.8/site-packages/airflow/example_dags/example_datasets.py for tasks to queue
[2024-03-06T14:45:32.112+0000] {logging_mixin.py:188} INFO - [2024-03-06T14:45:32.112+0000] {dagbag.py:540} INFO - Filling up the DagBag from /home/airflow/.local/lib/python3.8/site-packages/airflow/example_dags/example_datasets.py
[2024-03-06T14:45:32.121+0000] {processor.py:840} INFO - DAG(s) 'dataset_produces_1', 'dataset_consumes_1', 'dataset_produces_2', 'dataset_consumes_1_never_scheduled', 'dataset_consumes_1_and_2', 'dataset_consumes_unknown_never_scheduled' retrieved from /home/airflow/.local/lib/python3.8/site-packages/airflow/example_dags/example_datasets.py
[2024-03-06T14:45:32.157+0000] {logging_mixin.py:188} INFO - [2024-03-06T14:45:32.156+0000] {dag.py:3047} INFO - Sync 6 DAGs
[2024-03-06T14:45:32.182+0000] {logging_mixin.py:188} INFO - [2024-03-06T14:45:32.182+0000] {dag.py:3834} INFO - Setting next_dagrun for dataset_consumes_1 to None, run_after=None
[2024-03-06T14:45:32.187+0000] {logging_mixin.py:188} INFO - [2024-03-06T14:45:32.186+0000] {dag.py:3834} INFO - Setting next_dagrun for dataset_consumes_1_and_2 to None, run_after=None
[2024-03-06T14:45:32.189+0000] {logging_mixin.py:188} INFO - [2024-03-06T14:45:32.189+0000] {dag.py:3834} INFO - Setting next_dagrun for dataset_consumes_1_never_scheduled to None, run_after=None
[2024-03-06T14:45:32.192+0000] {logging_mixin.py:188} INFO - [2024-03-06T14:45:32.191+0000] {dag.py:3834} INFO - Setting next_dagrun for dataset_consumes_unknown_never_scheduled to None, run_after=None
[2024-03-06T14:45:32.195+0000] {logging_mixin.py:188} INFO - [2024-03-06T14:45:32.195+0000] {dag.py:3834} INFO - Setting next_dagrun for dataset_produces_1 to 2024-03-05 00:00:00+00:00, run_after=2024-03-06 00:00:00+00:00
[2024-03-06T14:45:32.197+0000] {logging_mixin.py:188} INFO - [2024-03-06T14:45:32.196+0000] {dag.py:3834} INFO - Setting next_dagrun for dataset_produces_2 to None, run_after=None
[2024-03-06T14:45:32.229+0000] {processor.py:183} INFO - Processing /home/airflow/.local/lib/python3.8/site-packages/airflow/example_dags/example_datasets.py took 0.134 seconds
[2024-03-06T14:46:02.747+0000] {processor.py:161} INFO - Started process (PID=355) to work on /home/airflow/.local/lib/python3.8/site-packages/airflow/example_dags/example_datasets.py
[2024-03-06T14:46:02.749+0000] {processor.py:830} INFO - Processing file /home/airflow/.local/lib/python3.8/site-packages/airflow/example_dags/example_datasets.py for tasks to queue
[2024-03-06T14:46:02.751+0000] {logging_mixin.py:188} INFO - [2024-03-06T14:46:02.751+0000] {dagbag.py:540} INFO - Filling up the DagBag from /home/airflow/.local/lib/python3.8/site-packages/airflow/example_dags/example_datasets.py
[2024-03-06T14:46:02.762+0000] {processor.py:840} INFO - DAG(s) 'dataset_produces_1', 'dataset_produces_2', 'dataset_consumes_1', 'dataset_consumes_unknown_never_scheduled', 'dataset_consumes_1_never_scheduled', 'dataset_consumes_1_and_2' retrieved from /home/airflow/.local/lib/python3.8/site-packages/airflow/example_dags/example_datasets.py
[2024-03-06T14:46:02.781+0000] {logging_mixin.py:188} INFO - [2024-03-06T14:46:02.781+0000] {dag.py:3047} INFO - Sync 6 DAGs
[2024-03-06T14:46:02.811+0000] {logging_mixin.py:188} INFO - [2024-03-06T14:46:02.810+0000] {dag.py:3834} INFO - Setting next_dagrun for dataset_consumes_1 to None, run_after=None
[2024-03-06T14:46:02.817+0000] {logging_mixin.py:188} INFO - [2024-03-06T14:46:02.817+0000] {dag.py:3834} INFO - Setting next_dagrun for dataset_consumes_1_and_2 to None, run_after=None
[2024-03-06T14:46:02.819+0000] {logging_mixin.py:188} INFO - [2024-03-06T14:46:02.819+0000] {dag.py:3834} INFO - Setting next_dagrun for dataset_consumes_1_never_scheduled to None, run_after=None
[2024-03-06T14:46:02.821+0000] {logging_mixin.py:188} INFO - [2024-03-06T14:46:02.821+0000] {dag.py:3834} INFO - Setting next_dagrun for dataset_consumes_unknown_never_scheduled to None, run_after=None
[2024-03-06T14:46:02.824+0000] {logging_mixin.py:188} INFO - [2024-03-06T14:46:02.824+0000] {dag.py:3834} INFO - Setting next_dagrun for dataset_produces_1 to 2024-03-05 00:00:00+00:00, run_after=2024-03-06 00:00:00+00:00
[2024-03-06T14:46:02.825+0000] {logging_mixin.py:188} INFO - [2024-03-06T14:46:02.825+0000] {dag.py:3834} INFO - Setting next_dagrun for dataset_produces_2 to None, run_after=None
[2024-03-06T14:46:02.891+0000] {processor.py:183} INFO - Processing /home/airflow/.local/lib/python3.8/site-packages/airflow/example_dags/example_datasets.py took 0.149 seconds
