[2024-03-06T14:33:50.307+0000] {processor.py:161} INFO - Started process (PID=68) to work on /home/airflow/.local/lib/python3.8/site-packages/airflow/example_dags/tutorial_taskflow_api.py
[2024-03-06T14:33:50.308+0000] {processor.py:830} INFO - Processing file /home/airflow/.local/lib/python3.8/site-packages/airflow/example_dags/tutorial_taskflow_api.py for tasks to queue
[2024-03-06T14:33:50.310+0000] {logging_mixin.py:188} INFO - [2024-03-06T14:33:50.309+0000] {dagbag.py:540} INFO - Filling up the DagBag from /home/airflow/.local/lib/python3.8/site-packages/airflow/example_dags/tutorial_taskflow_api.py
[2024-03-06T14:33:50.318+0000] {processor.py:840} INFO - DAG(s) 'tutorial_taskflow_api' retrieved from /home/airflow/.local/lib/python3.8/site-packages/airflow/example_dags/tutorial_taskflow_api.py
[2024-03-06T14:33:50.332+0000] {logging_mixin.py:188} INFO - [2024-03-06T14:33:50.331+0000] {dag.py:3047} INFO - Sync 1 DAGs
[2024-03-06T14:33:50.347+0000] {logging_mixin.py:188} INFO - [2024-03-06T14:33:50.347+0000] {dag.py:3834} INFO - Setting next_dagrun for tutorial_taskflow_api to None, run_after=None
[2024-03-06T14:33:50.367+0000] {processor.py:183} INFO - Processing /home/airflow/.local/lib/python3.8/site-packages/airflow/example_dags/tutorial_taskflow_api.py took 0.063 seconds
[2024-03-06T14:34:22.235+0000] {processor.py:161} INFO - Started process (PID=123) to work on /home/airflow/.local/lib/python3.8/site-packages/airflow/example_dags/tutorial_taskflow_api.py
[2024-03-06T14:34:22.237+0000] {processor.py:830} INFO - Processing file /home/airflow/.local/lib/python3.8/site-packages/airflow/example_dags/tutorial_taskflow_api.py for tasks to queue
[2024-03-06T14:34:22.239+0000] {logging_mixin.py:188} INFO - [2024-03-06T14:34:22.239+0000] {dagbag.py:540} INFO - Filling up the DagBag from /home/airflow/.local/lib/python3.8/site-packages/airflow/example_dags/tutorial_taskflow_api.py
[2024-03-06T14:34:22.245+0000] {processor.py:840} INFO - DAG(s) 'tutorial_taskflow_api' retrieved from /home/airflow/.local/lib/python3.8/site-packages/airflow/example_dags/tutorial_taskflow_api.py
[2024-03-06T14:34:22.339+0000] {logging_mixin.py:188} INFO - [2024-03-06T14:34:22.338+0000] {dag.py:3047} INFO - Sync 1 DAGs
[2024-03-06T14:34:22.348+0000] {logging_mixin.py:188} INFO - [2024-03-06T14:34:22.348+0000] {dag.py:3834} INFO - Setting next_dagrun for tutorial_taskflow_api to None, run_after=None
[2024-03-06T14:34:22.366+0000] {processor.py:183} INFO - Processing /home/airflow/.local/lib/python3.8/site-packages/airflow/example_dags/tutorial_taskflow_api.py took 0.133 seconds
[2024-03-06T14:34:52.895+0000] {processor.py:161} INFO - Started process (PID=178) to work on /home/airflow/.local/lib/python3.8/site-packages/airflow/example_dags/tutorial_taskflow_api.py
[2024-03-06T14:34:52.903+0000] {processor.py:830} INFO - Processing file /home/airflow/.local/lib/python3.8/site-packages/airflow/example_dags/tutorial_taskflow_api.py for tasks to queue
[2024-03-06T14:34:52.912+0000] {logging_mixin.py:188} INFO - [2024-03-06T14:34:52.912+0000] {dagbag.py:540} INFO - Filling up the DagBag from /home/airflow/.local/lib/python3.8/site-packages/airflow/example_dags/tutorial_taskflow_api.py
[2024-03-06T14:34:52.920+0000] {processor.py:840} INFO - DAG(s) 'tutorial_taskflow_api' retrieved from /home/airflow/.local/lib/python3.8/site-packages/airflow/example_dags/tutorial_taskflow_api.py
[2024-03-06T14:34:52.941+0000] {logging_mixin.py:188} INFO - [2024-03-06T14:34:52.941+0000] {dag.py:3047} INFO - Sync 1 DAGs
[2024-03-06T14:34:52.961+0000] {logging_mixin.py:188} INFO - [2024-03-06T14:34:52.961+0000] {dag.py:3834} INFO - Setting next_dagrun for tutorial_taskflow_api to None, run_after=None
[2024-03-06T14:34:53.004+0000] {processor.py:183} INFO - Processing /home/airflow/.local/lib/python3.8/site-packages/airflow/example_dags/tutorial_taskflow_api.py took 0.112 seconds
[2024-03-06T14:35:23.877+0000] {processor.py:161} INFO - Started process (PID=233) to work on /home/airflow/.local/lib/python3.8/site-packages/airflow/example_dags/tutorial_taskflow_api.py
[2024-03-06T14:35:23.878+0000] {processor.py:830} INFO - Processing file /home/airflow/.local/lib/python3.8/site-packages/airflow/example_dags/tutorial_taskflow_api.py for tasks to queue
[2024-03-06T14:35:23.880+0000] {logging_mixin.py:188} INFO - [2024-03-06T14:35:23.880+0000] {dagbag.py:540} INFO - Filling up the DagBag from /home/airflow/.local/lib/python3.8/site-packages/airflow/example_dags/tutorial_taskflow_api.py
[2024-03-06T14:35:23.888+0000] {processor.py:840} INFO - DAG(s) 'tutorial_taskflow_api' retrieved from /home/airflow/.local/lib/python3.8/site-packages/airflow/example_dags/tutorial_taskflow_api.py
[2024-03-06T14:35:23.982+0000] {logging_mixin.py:188} INFO - [2024-03-06T14:35:23.982+0000] {dag.py:3047} INFO - Sync 1 DAGs
[2024-03-06T14:35:23.993+0000] {logging_mixin.py:188} INFO - [2024-03-06T14:35:23.992+0000] {dag.py:3834} INFO - Setting next_dagrun for tutorial_taskflow_api to None, run_after=None
[2024-03-06T14:35:24.011+0000] {processor.py:183} INFO - Processing /home/airflow/.local/lib/python3.8/site-packages/airflow/example_dags/tutorial_taskflow_api.py took 0.138 seconds
[2024-03-06T14:35:54.465+0000] {processor.py:161} INFO - Started process (PID=288) to work on /home/airflow/.local/lib/python3.8/site-packages/airflow/example_dags/tutorial_taskflow_api.py
[2024-03-06T14:35:54.466+0000] {processor.py:830} INFO - Processing file /home/airflow/.local/lib/python3.8/site-packages/airflow/example_dags/tutorial_taskflow_api.py for tasks to queue
[2024-03-06T14:35:54.468+0000] {logging_mixin.py:188} INFO - [2024-03-06T14:35:54.468+0000] {dagbag.py:540} INFO - Filling up the DagBag from /home/airflow/.local/lib/python3.8/site-packages/airflow/example_dags/tutorial_taskflow_api.py
[2024-03-06T14:35:54.475+0000] {processor.py:840} INFO - DAG(s) 'tutorial_taskflow_api' retrieved from /home/airflow/.local/lib/python3.8/site-packages/airflow/example_dags/tutorial_taskflow_api.py
[2024-03-06T14:35:54.494+0000] {logging_mixin.py:188} INFO - [2024-03-06T14:35:54.493+0000] {dag.py:3047} INFO - Sync 1 DAGs
[2024-03-06T14:35:54.506+0000] {logging_mixin.py:188} INFO - [2024-03-06T14:35:54.506+0000] {dag.py:3834} INFO - Setting next_dagrun for tutorial_taskflow_api to None, run_after=None
[2024-03-06T14:35:54.525+0000] {processor.py:183} INFO - Processing /home/airflow/.local/lib/python3.8/site-packages/airflow/example_dags/tutorial_taskflow_api.py took 0.064 seconds
[2024-03-06T14:36:25.237+0000] {processor.py:161} INFO - Started process (PID=343) to work on /home/airflow/.local/lib/python3.8/site-packages/airflow/example_dags/tutorial_taskflow_api.py
[2024-03-06T14:36:25.238+0000] {processor.py:830} INFO - Processing file /home/airflow/.local/lib/python3.8/site-packages/airflow/example_dags/tutorial_taskflow_api.py for tasks to queue
[2024-03-06T14:36:25.239+0000] {logging_mixin.py:188} INFO - [2024-03-06T14:36:25.239+0000] {dagbag.py:540} INFO - Filling up the DagBag from /home/airflow/.local/lib/python3.8/site-packages/airflow/example_dags/tutorial_taskflow_api.py
[2024-03-06T14:36:25.245+0000] {processor.py:840} INFO - DAG(s) 'tutorial_taskflow_api' retrieved from /home/airflow/.local/lib/python3.8/site-packages/airflow/example_dags/tutorial_taskflow_api.py
[2024-03-06T14:36:25.265+0000] {logging_mixin.py:188} INFO - [2024-03-06T14:36:25.264+0000] {dag.py:3047} INFO - Sync 1 DAGs
[2024-03-06T14:36:25.277+0000] {logging_mixin.py:188} INFO - [2024-03-06T14:36:25.277+0000] {dag.py:3834} INFO - Setting next_dagrun for tutorial_taskflow_api to None, run_after=None
[2024-03-06T14:36:25.296+0000] {processor.py:183} INFO - Processing /home/airflow/.local/lib/python3.8/site-packages/airflow/example_dags/tutorial_taskflow_api.py took 0.062 seconds
[2024-03-06T14:36:55.815+0000] {processor.py:161} INFO - Started process (PID=398) to work on /home/airflow/.local/lib/python3.8/site-packages/airflow/example_dags/tutorial_taskflow_api.py
[2024-03-06T14:36:55.816+0000] {processor.py:830} INFO - Processing file /home/airflow/.local/lib/python3.8/site-packages/airflow/example_dags/tutorial_taskflow_api.py for tasks to queue
[2024-03-06T14:36:55.819+0000] {logging_mixin.py:188} INFO - [2024-03-06T14:36:55.818+0000] {dagbag.py:540} INFO - Filling up the DagBag from /home/airflow/.local/lib/python3.8/site-packages/airflow/example_dags/tutorial_taskflow_api.py
[2024-03-06T14:36:55.828+0000] {processor.py:840} INFO - DAG(s) 'tutorial_taskflow_api' retrieved from /home/airflow/.local/lib/python3.8/site-packages/airflow/example_dags/tutorial_taskflow_api.py
[2024-03-06T14:36:55.850+0000] {logging_mixin.py:188} INFO - [2024-03-06T14:36:55.850+0000] {dag.py:3047} INFO - Sync 1 DAGs
[2024-03-06T14:36:55.864+0000] {logging_mixin.py:188} INFO - [2024-03-06T14:36:55.864+0000] {dag.py:3834} INFO - Setting next_dagrun for tutorial_taskflow_api to None, run_after=None
[2024-03-06T14:36:55.887+0000] {processor.py:183} INFO - Processing /home/airflow/.local/lib/python3.8/site-packages/airflow/example_dags/tutorial_taskflow_api.py took 0.076 seconds
[2024-03-06T14:37:26.585+0000] {processor.py:161} INFO - Started process (PID=453) to work on /home/airflow/.local/lib/python3.8/site-packages/airflow/example_dags/tutorial_taskflow_api.py
[2024-03-06T14:37:26.586+0000] {processor.py:830} INFO - Processing file /home/airflow/.local/lib/python3.8/site-packages/airflow/example_dags/tutorial_taskflow_api.py for tasks to queue
[2024-03-06T14:37:26.588+0000] {logging_mixin.py:188} INFO - [2024-03-06T14:37:26.587+0000] {dagbag.py:540} INFO - Filling up the DagBag from /home/airflow/.local/lib/python3.8/site-packages/airflow/example_dags/tutorial_taskflow_api.py
[2024-03-06T14:37:26.594+0000] {processor.py:840} INFO - DAG(s) 'tutorial_taskflow_api' retrieved from /home/airflow/.local/lib/python3.8/site-packages/airflow/example_dags/tutorial_taskflow_api.py
[2024-03-06T14:37:26.615+0000] {logging_mixin.py:188} INFO - [2024-03-06T14:37:26.615+0000] {dag.py:3047} INFO - Sync 1 DAGs
[2024-03-06T14:37:26.628+0000] {logging_mixin.py:188} INFO - [2024-03-06T14:37:26.628+0000] {dag.py:3834} INFO - Setting next_dagrun for tutorial_taskflow_api to None, run_after=None
[2024-03-06T14:37:26.647+0000] {processor.py:183} INFO - Processing /home/airflow/.local/lib/python3.8/site-packages/airflow/example_dags/tutorial_taskflow_api.py took 0.066 seconds
[2024-03-06T14:37:56.750+0000] {processor.py:161} INFO - Started process (PID=508) to work on /home/airflow/.local/lib/python3.8/site-packages/airflow/example_dags/tutorial_taskflow_api.py
[2024-03-06T14:37:56.752+0000] {processor.py:830} INFO - Processing file /home/airflow/.local/lib/python3.8/site-packages/airflow/example_dags/tutorial_taskflow_api.py for tasks to queue
[2024-03-06T14:37:56.753+0000] {logging_mixin.py:188} INFO - [2024-03-06T14:37:56.753+0000] {dagbag.py:540} INFO - Filling up the DagBag from /home/airflow/.local/lib/python3.8/site-packages/airflow/example_dags/tutorial_taskflow_api.py
[2024-03-06T14:37:56.759+0000] {processor.py:840} INFO - DAG(s) 'tutorial_taskflow_api' retrieved from /home/airflow/.local/lib/python3.8/site-packages/airflow/example_dags/tutorial_taskflow_api.py
[2024-03-06T14:37:56.782+0000] {logging_mixin.py:188} INFO - [2024-03-06T14:37:56.782+0000] {dag.py:3047} INFO - Sync 1 DAGs
[2024-03-06T14:37:56.796+0000] {logging_mixin.py:188} INFO - [2024-03-06T14:37:56.796+0000] {dag.py:3834} INFO - Setting next_dagrun for tutorial_taskflow_api to None, run_after=None
[2024-03-06T14:37:56.815+0000] {processor.py:183} INFO - Processing /home/airflow/.local/lib/python3.8/site-packages/airflow/example_dags/tutorial_taskflow_api.py took 0.068 seconds
[2024-03-06T14:38:27.320+0000] {processor.py:161} INFO - Started process (PID=563) to work on /home/airflow/.local/lib/python3.8/site-packages/airflow/example_dags/tutorial_taskflow_api.py
[2024-03-06T14:38:27.321+0000] {processor.py:830} INFO - Processing file /home/airflow/.local/lib/python3.8/site-packages/airflow/example_dags/tutorial_taskflow_api.py for tasks to queue
[2024-03-06T14:38:27.323+0000] {logging_mixin.py:188} INFO - [2024-03-06T14:38:27.323+0000] {dagbag.py:540} INFO - Filling up the DagBag from /home/airflow/.local/lib/python3.8/site-packages/airflow/example_dags/tutorial_taskflow_api.py
[2024-03-06T14:38:27.330+0000] {processor.py:840} INFO - DAG(s) 'tutorial_taskflow_api' retrieved from /home/airflow/.local/lib/python3.8/site-packages/airflow/example_dags/tutorial_taskflow_api.py
[2024-03-06T14:38:27.351+0000] {logging_mixin.py:188} INFO - [2024-03-06T14:38:27.351+0000] {dag.py:3047} INFO - Sync 1 DAGs
[2024-03-06T14:38:27.364+0000] {logging_mixin.py:188} INFO - [2024-03-06T14:38:27.364+0000] {dag.py:3834} INFO - Setting next_dagrun for tutorial_taskflow_api to None, run_after=None
[2024-03-06T14:38:27.384+0000] {processor.py:183} INFO - Processing /home/airflow/.local/lib/python3.8/site-packages/airflow/example_dags/tutorial_taskflow_api.py took 0.068 seconds
[2024-03-06T14:38:57.635+0000] {processor.py:161} INFO - Started process (PID=618) to work on /home/airflow/.local/lib/python3.8/site-packages/airflow/example_dags/tutorial_taskflow_api.py
[2024-03-06T14:38:57.636+0000] {processor.py:830} INFO - Processing file /home/airflow/.local/lib/python3.8/site-packages/airflow/example_dags/tutorial_taskflow_api.py for tasks to queue
[2024-03-06T14:38:57.638+0000] {logging_mixin.py:188} INFO - [2024-03-06T14:38:57.638+0000] {dagbag.py:540} INFO - Filling up the DagBag from /home/airflow/.local/lib/python3.8/site-packages/airflow/example_dags/tutorial_taskflow_api.py
[2024-03-06T14:38:57.646+0000] {processor.py:840} INFO - DAG(s) 'tutorial_taskflow_api' retrieved from /home/airflow/.local/lib/python3.8/site-packages/airflow/example_dags/tutorial_taskflow_api.py
[2024-03-06T14:38:57.657+0000] {logging_mixin.py:188} INFO - [2024-03-06T14:38:57.657+0000] {dag.py:3047} INFO - Sync 1 DAGs
[2024-03-06T14:38:57.669+0000] {logging_mixin.py:188} INFO - [2024-03-06T14:38:57.669+0000] {dag.py:3834} INFO - Setting next_dagrun for tutorial_taskflow_api to None, run_after=None
[2024-03-06T14:38:57.689+0000] {processor.py:183} INFO - Processing /home/airflow/.local/lib/python3.8/site-packages/airflow/example_dags/tutorial_taskflow_api.py took 0.057 seconds
[2024-03-06T14:39:28.508+0000] {processor.py:161} INFO - Started process (PID=673) to work on /home/airflow/.local/lib/python3.8/site-packages/airflow/example_dags/tutorial_taskflow_api.py
[2024-03-06T14:39:28.509+0000] {processor.py:830} INFO - Processing file /home/airflow/.local/lib/python3.8/site-packages/airflow/example_dags/tutorial_taskflow_api.py for tasks to queue
[2024-03-06T14:39:28.510+0000] {logging_mixin.py:188} INFO - [2024-03-06T14:39:28.510+0000] {dagbag.py:540} INFO - Filling up the DagBag from /home/airflow/.local/lib/python3.8/site-packages/airflow/example_dags/tutorial_taskflow_api.py
[2024-03-06T14:39:28.516+0000] {processor.py:840} INFO - DAG(s) 'tutorial_taskflow_api' retrieved from /home/airflow/.local/lib/python3.8/site-packages/airflow/example_dags/tutorial_taskflow_api.py
[2024-03-06T14:39:28.618+0000] {logging_mixin.py:188} INFO - [2024-03-06T14:39:28.617+0000] {dag.py:3047} INFO - Sync 1 DAGs
[2024-03-06T14:39:28.627+0000] {logging_mixin.py:188} INFO - [2024-03-06T14:39:28.627+0000] {dag.py:3834} INFO - Setting next_dagrun for tutorial_taskflow_api to None, run_after=None
[2024-03-06T14:39:28.646+0000] {processor.py:183} INFO - Processing /home/airflow/.local/lib/python3.8/site-packages/airflow/example_dags/tutorial_taskflow_api.py took 0.141 seconds
[2024-03-06T14:43:28.071+0000] {processor.py:161} INFO - Started process (PID=68) to work on /home/airflow/.local/lib/python3.8/site-packages/airflow/example_dags/tutorial_taskflow_api.py
[2024-03-06T14:43:28.072+0000] {processor.py:830} INFO - Processing file /home/airflow/.local/lib/python3.8/site-packages/airflow/example_dags/tutorial_taskflow_api.py for tasks to queue
[2024-03-06T14:43:28.073+0000] {logging_mixin.py:188} INFO - [2024-03-06T14:43:28.073+0000] {dagbag.py:540} INFO - Filling up the DagBag from /home/airflow/.local/lib/python3.8/site-packages/airflow/example_dags/tutorial_taskflow_api.py
[2024-03-06T14:43:28.079+0000] {processor.py:840} INFO - DAG(s) 'tutorial_taskflow_api' retrieved from /home/airflow/.local/lib/python3.8/site-packages/airflow/example_dags/tutorial_taskflow_api.py
[2024-03-06T14:43:28.170+0000] {logging_mixin.py:188} INFO - [2024-03-06T14:43:28.169+0000] {override.py:1769} INFO - Created Permission View: can delete on DAG:tutorial_taskflow_api
[2024-03-06T14:43:28.180+0000] {logging_mixin.py:188} INFO - [2024-03-06T14:43:28.179+0000] {override.py:1769} INFO - Created Permission View: can read on DAG:tutorial_taskflow_api
[2024-03-06T14:43:28.186+0000] {logging_mixin.py:188} INFO - [2024-03-06T14:43:28.186+0000] {override.py:1769} INFO - Created Permission View: can edit on DAG:tutorial_taskflow_api
[2024-03-06T14:43:28.187+0000] {logging_mixin.py:188} INFO - [2024-03-06T14:43:28.187+0000] {dag.py:3047} INFO - Sync 1 DAGs
[2024-03-06T14:43:28.196+0000] {logging_mixin.py:188} INFO - [2024-03-06T14:43:28.196+0000] {dag.py:3069} INFO - Creating ORM DAG for tutorial_taskflow_api
[2024-03-06T14:43:28.197+0000] {logging_mixin.py:188} INFO - [2024-03-06T14:43:28.197+0000] {dag.py:3834} INFO - Setting next_dagrun for tutorial_taskflow_api to None, run_after=None
[2024-03-06T14:43:28.212+0000] {processor.py:183} INFO - Processing /home/airflow/.local/lib/python3.8/site-packages/airflow/example_dags/tutorial_taskflow_api.py took 0.144 seconds
[2024-03-06T14:43:58.304+0000] {processor.py:161} INFO - Started process (PID=123) to work on /home/airflow/.local/lib/python3.8/site-packages/airflow/example_dags/tutorial_taskflow_api.py
[2024-03-06T14:43:58.305+0000] {processor.py:830} INFO - Processing file /home/airflow/.local/lib/python3.8/site-packages/airflow/example_dags/tutorial_taskflow_api.py for tasks to queue
[2024-03-06T14:43:58.307+0000] {logging_mixin.py:188} INFO - [2024-03-06T14:43:58.307+0000] {dagbag.py:540} INFO - Filling up the DagBag from /home/airflow/.local/lib/python3.8/site-packages/airflow/example_dags/tutorial_taskflow_api.py
[2024-03-06T14:43:58.313+0000] {processor.py:840} INFO - DAG(s) 'tutorial_taskflow_api' retrieved from /home/airflow/.local/lib/python3.8/site-packages/airflow/example_dags/tutorial_taskflow_api.py
[2024-03-06T14:43:58.333+0000] {logging_mixin.py:188} INFO - [2024-03-06T14:43:58.333+0000] {dag.py:3047} INFO - Sync 1 DAGs
[2024-03-06T14:43:58.349+0000] {logging_mixin.py:188} INFO - [2024-03-06T14:43:58.349+0000] {dag.py:3834} INFO - Setting next_dagrun for tutorial_taskflow_api to None, run_after=None
[2024-03-06T14:43:58.369+0000] {processor.py:183} INFO - Processing /home/airflow/.local/lib/python3.8/site-packages/airflow/example_dags/tutorial_taskflow_api.py took 0.068 seconds
[2024-03-06T14:44:28.524+0000] {processor.py:161} INFO - Started process (PID=178) to work on /home/airflow/.local/lib/python3.8/site-packages/airflow/example_dags/tutorial_taskflow_api.py
[2024-03-06T14:44:28.525+0000] {processor.py:830} INFO - Processing file /home/airflow/.local/lib/python3.8/site-packages/airflow/example_dags/tutorial_taskflow_api.py for tasks to queue
[2024-03-06T14:44:28.527+0000] {logging_mixin.py:188} INFO - [2024-03-06T14:44:28.527+0000] {dagbag.py:540} INFO - Filling up the DagBag from /home/airflow/.local/lib/python3.8/site-packages/airflow/example_dags/tutorial_taskflow_api.py
[2024-03-06T14:44:28.533+0000] {processor.py:840} INFO - DAG(s) 'tutorial_taskflow_api' retrieved from /home/airflow/.local/lib/python3.8/site-packages/airflow/example_dags/tutorial_taskflow_api.py
[2024-03-06T14:44:28.553+0000] {logging_mixin.py:188} INFO - [2024-03-06T14:44:28.552+0000] {dag.py:3047} INFO - Sync 1 DAGs
[2024-03-06T14:44:28.565+0000] {logging_mixin.py:188} INFO - [2024-03-06T14:44:28.565+0000] {dag.py:3834} INFO - Setting next_dagrun for tutorial_taskflow_api to None, run_after=None
[2024-03-06T14:44:28.587+0000] {processor.py:183} INFO - Processing /home/airflow/.local/lib/python3.8/site-packages/airflow/example_dags/tutorial_taskflow_api.py took 0.066 seconds
[2024-03-06T14:44:59.046+0000] {processor.py:161} INFO - Started process (PID=233) to work on /home/airflow/.local/lib/python3.8/site-packages/airflow/example_dags/tutorial_taskflow_api.py
[2024-03-06T14:44:59.047+0000] {processor.py:830} INFO - Processing file /home/airflow/.local/lib/python3.8/site-packages/airflow/example_dags/tutorial_taskflow_api.py for tasks to queue
[2024-03-06T14:44:59.049+0000] {logging_mixin.py:188} INFO - [2024-03-06T14:44:59.048+0000] {dagbag.py:540} INFO - Filling up the DagBag from /home/airflow/.local/lib/python3.8/site-packages/airflow/example_dags/tutorial_taskflow_api.py
[2024-03-06T14:44:59.054+0000] {processor.py:840} INFO - DAG(s) 'tutorial_taskflow_api' retrieved from /home/airflow/.local/lib/python3.8/site-packages/airflow/example_dags/tutorial_taskflow_api.py
[2024-03-06T14:44:59.072+0000] {logging_mixin.py:188} INFO - [2024-03-06T14:44:59.071+0000] {dag.py:3047} INFO - Sync 1 DAGs
[2024-03-06T14:44:59.083+0000] {logging_mixin.py:188} INFO - [2024-03-06T14:44:59.083+0000] {dag.py:3834} INFO - Setting next_dagrun for tutorial_taskflow_api to None, run_after=None
[2024-03-06T14:44:59.100+0000] {processor.py:183} INFO - Processing /home/airflow/.local/lib/python3.8/site-packages/airflow/example_dags/tutorial_taskflow_api.py took 0.057 seconds
[2024-03-06T14:45:29.612+0000] {processor.py:161} INFO - Started process (PID=288) to work on /home/airflow/.local/lib/python3.8/site-packages/airflow/example_dags/tutorial_taskflow_api.py
[2024-03-06T14:45:29.613+0000] {processor.py:830} INFO - Processing file /home/airflow/.local/lib/python3.8/site-packages/airflow/example_dags/tutorial_taskflow_api.py for tasks to queue
[2024-03-06T14:45:29.614+0000] {logging_mixin.py:188} INFO - [2024-03-06T14:45:29.614+0000] {dagbag.py:540} INFO - Filling up the DagBag from /home/airflow/.local/lib/python3.8/site-packages/airflow/example_dags/tutorial_taskflow_api.py
[2024-03-06T14:45:29.621+0000] {processor.py:840} INFO - DAG(s) 'tutorial_taskflow_api' retrieved from /home/airflow/.local/lib/python3.8/site-packages/airflow/example_dags/tutorial_taskflow_api.py
[2024-03-06T14:45:29.640+0000] {logging_mixin.py:188} INFO - [2024-03-06T14:45:29.639+0000] {dag.py:3047} INFO - Sync 1 DAGs
[2024-03-06T14:45:29.651+0000] {logging_mixin.py:188} INFO - [2024-03-06T14:45:29.650+0000] {dag.py:3834} INFO - Setting next_dagrun for tutorial_taskflow_api to None, run_after=None
[2024-03-06T14:45:29.669+0000] {processor.py:183} INFO - Processing /home/airflow/.local/lib/python3.8/site-packages/airflow/example_dags/tutorial_taskflow_api.py took 0.061 seconds
[2024-03-06T14:46:00.301+0000] {processor.py:161} INFO - Started process (PID=343) to work on /home/airflow/.local/lib/python3.8/site-packages/airflow/example_dags/tutorial_taskflow_api.py
[2024-03-06T14:46:00.302+0000] {processor.py:830} INFO - Processing file /home/airflow/.local/lib/python3.8/site-packages/airflow/example_dags/tutorial_taskflow_api.py for tasks to queue
[2024-03-06T14:46:00.303+0000] {logging_mixin.py:188} INFO - [2024-03-06T14:46:00.303+0000] {dagbag.py:540} INFO - Filling up the DagBag from /home/airflow/.local/lib/python3.8/site-packages/airflow/example_dags/tutorial_taskflow_api.py
[2024-03-06T14:46:00.309+0000] {processor.py:840} INFO - DAG(s) 'tutorial_taskflow_api' retrieved from /home/airflow/.local/lib/python3.8/site-packages/airflow/example_dags/tutorial_taskflow_api.py
[2024-03-06T14:46:00.319+0000] {logging_mixin.py:188} INFO - [2024-03-06T14:46:00.319+0000] {dag.py:3047} INFO - Sync 1 DAGs
[2024-03-06T14:46:00.331+0000] {logging_mixin.py:188} INFO - [2024-03-06T14:46:00.331+0000] {dag.py:3834} INFO - Setting next_dagrun for tutorial_taskflow_api to None, run_after=None
[2024-03-06T14:46:00.348+0000] {processor.py:183} INFO - Processing /home/airflow/.local/lib/python3.8/site-packages/airflow/example_dags/tutorial_taskflow_api.py took 0.050 seconds
