[2024-03-06T14:33:49.425+0000] {processor.py:161} INFO - Started process (PID=52) to work on /home/airflow/.local/lib/python3.8/site-packages/airflow/example_dags/tutorial.py
[2024-03-06T14:33:49.426+0000] {processor.py:830} INFO - Processing file /home/airflow/.local/lib/python3.8/site-packages/airflow/example_dags/tutorial.py for tasks to queue
[2024-03-06T14:33:49.428+0000] {logging_mixin.py:188} INFO - [2024-03-06T14:33:49.427+0000] {dagbag.py:540} INFO - Filling up the DagBag from /home/airflow/.local/lib/python3.8/site-packages/airflow/example_dags/tutorial.py
[2024-03-06T14:33:49.436+0000] {processor.py:840} INFO - DAG(s) 'tutorial' retrieved from /home/airflow/.local/lib/python3.8/site-packages/airflow/example_dags/tutorial.py
[2024-03-06T14:33:49.449+0000] {logging_mixin.py:188} INFO - [2024-03-06T14:33:49.449+0000] {dag.py:3047} INFO - Sync 1 DAGs
[2024-03-06T14:33:49.475+0000] {logging_mixin.py:188} INFO - [2024-03-06T14:33:49.475+0000] {dag.py:3834} INFO - Setting next_dagrun for tutorial to 2024-03-05 00:00:00+00:00, run_after=2024-03-06 00:00:00+00:00
[2024-03-06T14:33:49.499+0000] {processor.py:183} INFO - Processing /home/airflow/.local/lib/python3.8/site-packages/airflow/example_dags/tutorial.py took 0.077 seconds
[2024-03-06T14:34:20.743+0000] {processor.py:161} INFO - Started process (PID=107) to work on /home/airflow/.local/lib/python3.8/site-packages/airflow/example_dags/tutorial.py
[2024-03-06T14:34:20.744+0000] {processor.py:830} INFO - Processing file /home/airflow/.local/lib/python3.8/site-packages/airflow/example_dags/tutorial.py for tasks to queue
[2024-03-06T14:34:20.746+0000] {logging_mixin.py:188} INFO - [2024-03-06T14:34:20.745+0000] {dagbag.py:540} INFO - Filling up the DagBag from /home/airflow/.local/lib/python3.8/site-packages/airflow/example_dags/tutorial.py
[2024-03-06T14:34:20.751+0000] {processor.py:840} INFO - DAG(s) 'tutorial' retrieved from /home/airflow/.local/lib/python3.8/site-packages/airflow/example_dags/tutorial.py
[2024-03-06T14:34:20.836+0000] {logging_mixin.py:188} INFO - [2024-03-06T14:34:20.836+0000] {dag.py:3047} INFO - Sync 1 DAGs
[2024-03-06T14:34:20.854+0000] {logging_mixin.py:188} INFO - [2024-03-06T14:34:20.854+0000] {dag.py:3834} INFO - Setting next_dagrun for tutorial to 2024-03-05 00:00:00+00:00, run_after=2024-03-06 00:00:00+00:00
[2024-03-06T14:34:20.872+0000] {processor.py:183} INFO - Processing /home/airflow/.local/lib/python3.8/site-packages/airflow/example_dags/tutorial.py took 0.132 seconds
[2024-03-06T14:34:50.981+0000] {processor.py:161} INFO - Started process (PID=162) to work on /home/airflow/.local/lib/python3.8/site-packages/airflow/example_dags/tutorial.py
[2024-03-06T14:34:50.983+0000] {processor.py:830} INFO - Processing file /home/airflow/.local/lib/python3.8/site-packages/airflow/example_dags/tutorial.py for tasks to queue
[2024-03-06T14:34:50.987+0000] {logging_mixin.py:188} INFO - [2024-03-06T14:34:50.986+0000] {dagbag.py:540} INFO - Filling up the DagBag from /home/airflow/.local/lib/python3.8/site-packages/airflow/example_dags/tutorial.py
[2024-03-06T14:34:50.995+0000] {processor.py:840} INFO - DAG(s) 'tutorial' retrieved from /home/airflow/.local/lib/python3.8/site-packages/airflow/example_dags/tutorial.py
[2024-03-06T14:34:51.011+0000] {logging_mixin.py:188} INFO - [2024-03-06T14:34:51.010+0000] {dag.py:3047} INFO - Sync 1 DAGs
[2024-03-06T14:34:51.048+0000] {logging_mixin.py:188} INFO - [2024-03-06T14:34:51.048+0000] {dag.py:3834} INFO - Setting next_dagrun for tutorial to 2024-03-05 00:00:00+00:00, run_after=2024-03-06 00:00:00+00:00
[2024-03-06T14:34:51.077+0000] {processor.py:183} INFO - Processing /home/airflow/.local/lib/python3.8/site-packages/airflow/example_dags/tutorial.py took 0.101 seconds
[2024-03-06T14:35:22.037+0000] {processor.py:161} INFO - Started process (PID=217) to work on /home/airflow/.local/lib/python3.8/site-packages/airflow/example_dags/tutorial.py
[2024-03-06T14:35:22.038+0000] {processor.py:830} INFO - Processing file /home/airflow/.local/lib/python3.8/site-packages/airflow/example_dags/tutorial.py for tasks to queue
[2024-03-06T14:35:22.040+0000] {logging_mixin.py:188} INFO - [2024-03-06T14:35:22.039+0000] {dagbag.py:540} INFO - Filling up the DagBag from /home/airflow/.local/lib/python3.8/site-packages/airflow/example_dags/tutorial.py
[2024-03-06T14:35:22.046+0000] {processor.py:840} INFO - DAG(s) 'tutorial' retrieved from /home/airflow/.local/lib/python3.8/site-packages/airflow/example_dags/tutorial.py
[2024-03-06T14:35:22.167+0000] {logging_mixin.py:188} INFO - [2024-03-06T14:35:22.167+0000] {dag.py:3047} INFO - Sync 1 DAGs
[2024-03-06T14:35:22.187+0000] {logging_mixin.py:188} INFO - [2024-03-06T14:35:22.187+0000] {dag.py:3834} INFO - Setting next_dagrun for tutorial to 2024-03-05 00:00:00+00:00, run_after=2024-03-06 00:00:00+00:00
[2024-03-06T14:35:22.204+0000] {processor.py:183} INFO - Processing /home/airflow/.local/lib/python3.8/site-packages/airflow/example_dags/tutorial.py took 0.170 seconds
[2024-03-06T14:35:52.643+0000] {processor.py:161} INFO - Started process (PID=272) to work on /home/airflow/.local/lib/python3.8/site-packages/airflow/example_dags/tutorial.py
[2024-03-06T14:35:52.644+0000] {processor.py:830} INFO - Processing file /home/airflow/.local/lib/python3.8/site-packages/airflow/example_dags/tutorial.py for tasks to queue
[2024-03-06T14:35:52.646+0000] {logging_mixin.py:188} INFO - [2024-03-06T14:35:52.645+0000] {dagbag.py:540} INFO - Filling up the DagBag from /home/airflow/.local/lib/python3.8/site-packages/airflow/example_dags/tutorial.py
[2024-03-06T14:35:52.652+0000] {processor.py:840} INFO - DAG(s) 'tutorial' retrieved from /home/airflow/.local/lib/python3.8/site-packages/airflow/example_dags/tutorial.py
[2024-03-06T14:35:52.673+0000] {logging_mixin.py:188} INFO - [2024-03-06T14:35:52.673+0000] {dag.py:3047} INFO - Sync 1 DAGs
[2024-03-06T14:35:52.694+0000] {logging_mixin.py:188} INFO - [2024-03-06T14:35:52.694+0000] {dag.py:3834} INFO - Setting next_dagrun for tutorial to 2024-03-05 00:00:00+00:00, run_after=2024-03-06 00:00:00+00:00
[2024-03-06T14:35:52.713+0000] {processor.py:183} INFO - Processing /home/airflow/.local/lib/python3.8/site-packages/airflow/example_dags/tutorial.py took 0.073 seconds
[2024-03-06T14:36:23.393+0000] {processor.py:161} INFO - Started process (PID=327) to work on /home/airflow/.local/lib/python3.8/site-packages/airflow/example_dags/tutorial.py
[2024-03-06T14:36:23.394+0000] {processor.py:830} INFO - Processing file /home/airflow/.local/lib/python3.8/site-packages/airflow/example_dags/tutorial.py for tasks to queue
[2024-03-06T14:36:23.395+0000] {logging_mixin.py:188} INFO - [2024-03-06T14:36:23.395+0000] {dagbag.py:540} INFO - Filling up the DagBag from /home/airflow/.local/lib/python3.8/site-packages/airflow/example_dags/tutorial.py
[2024-03-06T14:36:23.400+0000] {processor.py:840} INFO - DAG(s) 'tutorial' retrieved from /home/airflow/.local/lib/python3.8/site-packages/airflow/example_dags/tutorial.py
[2024-03-06T14:36:23.418+0000] {logging_mixin.py:188} INFO - [2024-03-06T14:36:23.417+0000] {dag.py:3047} INFO - Sync 1 DAGs
[2024-03-06T14:36:23.443+0000] {logging_mixin.py:188} INFO - [2024-03-06T14:36:23.443+0000] {dag.py:3834} INFO - Setting next_dagrun for tutorial to 2024-03-05 00:00:00+00:00, run_after=2024-03-06 00:00:00+00:00
[2024-03-06T14:36:23.464+0000] {processor.py:183} INFO - Processing /home/airflow/.local/lib/python3.8/site-packages/airflow/example_dags/tutorial.py took 0.074 seconds
[2024-03-06T14:36:53.991+0000] {processor.py:161} INFO - Started process (PID=382) to work on /home/airflow/.local/lib/python3.8/site-packages/airflow/example_dags/tutorial.py
[2024-03-06T14:36:53.992+0000] {processor.py:830} INFO - Processing file /home/airflow/.local/lib/python3.8/site-packages/airflow/example_dags/tutorial.py for tasks to queue
[2024-03-06T14:36:53.994+0000] {logging_mixin.py:188} INFO - [2024-03-06T14:36:53.994+0000] {dagbag.py:540} INFO - Filling up the DagBag from /home/airflow/.local/lib/python3.8/site-packages/airflow/example_dags/tutorial.py
[2024-03-06T14:36:53.999+0000] {processor.py:840} INFO - DAG(s) 'tutorial' retrieved from /home/airflow/.local/lib/python3.8/site-packages/airflow/example_dags/tutorial.py
[2024-03-06T14:36:54.018+0000] {logging_mixin.py:188} INFO - [2024-03-06T14:36:54.018+0000] {dag.py:3047} INFO - Sync 1 DAGs
[2024-03-06T14:36:54.038+0000] {logging_mixin.py:188} INFO - [2024-03-06T14:36:54.038+0000] {dag.py:3834} INFO - Setting next_dagrun for tutorial to 2024-03-05 00:00:00+00:00, run_after=2024-03-06 00:00:00+00:00
[2024-03-06T14:36:54.057+0000] {processor.py:183} INFO - Processing /home/airflow/.local/lib/python3.8/site-packages/airflow/example_dags/tutorial.py took 0.069 seconds
[2024-03-06T14:37:24.663+0000] {processor.py:161} INFO - Started process (PID=437) to work on /home/airflow/.local/lib/python3.8/site-packages/airflow/example_dags/tutorial.py
[2024-03-06T14:37:24.664+0000] {processor.py:830} INFO - Processing file /home/airflow/.local/lib/python3.8/site-packages/airflow/example_dags/tutorial.py for tasks to queue
[2024-03-06T14:37:24.666+0000] {logging_mixin.py:188} INFO - [2024-03-06T14:37:24.666+0000] {dagbag.py:540} INFO - Filling up the DagBag from /home/airflow/.local/lib/python3.8/site-packages/airflow/example_dags/tutorial.py
[2024-03-06T14:37:24.672+0000] {processor.py:840} INFO - DAG(s) 'tutorial' retrieved from /home/airflow/.local/lib/python3.8/site-packages/airflow/example_dags/tutorial.py
[2024-03-06T14:37:24.693+0000] {logging_mixin.py:188} INFO - [2024-03-06T14:37:24.693+0000] {dag.py:3047} INFO - Sync 1 DAGs
[2024-03-06T14:37:24.715+0000] {logging_mixin.py:188} INFO - [2024-03-06T14:37:24.714+0000] {dag.py:3834} INFO - Setting next_dagrun for tutorial to 2024-03-05 00:00:00+00:00, run_after=2024-03-06 00:00:00+00:00
[2024-03-06T14:37:24.735+0000] {processor.py:183} INFO - Processing /home/airflow/.local/lib/python3.8/site-packages/airflow/example_dags/tutorial.py took 0.075 seconds
[2024-03-06T14:37:54.882+0000] {processor.py:161} INFO - Started process (PID=492) to work on /home/airflow/.local/lib/python3.8/site-packages/airflow/example_dags/tutorial.py
[2024-03-06T14:37:54.883+0000] {processor.py:830} INFO - Processing file /home/airflow/.local/lib/python3.8/site-packages/airflow/example_dags/tutorial.py for tasks to queue
[2024-03-06T14:37:54.885+0000] {logging_mixin.py:188} INFO - [2024-03-06T14:37:54.885+0000] {dagbag.py:540} INFO - Filling up the DagBag from /home/airflow/.local/lib/python3.8/site-packages/airflow/example_dags/tutorial.py
[2024-03-06T14:37:54.891+0000] {processor.py:840} INFO - DAG(s) 'tutorial' retrieved from /home/airflow/.local/lib/python3.8/site-packages/airflow/example_dags/tutorial.py
[2024-03-06T14:37:54.909+0000] {logging_mixin.py:188} INFO - [2024-03-06T14:37:54.908+0000] {dag.py:3047} INFO - Sync 1 DAGs
[2024-03-06T14:37:54.931+0000] {logging_mixin.py:188} INFO - [2024-03-06T14:37:54.931+0000] {dag.py:3834} INFO - Setting next_dagrun for tutorial to 2024-03-05 00:00:00+00:00, run_after=2024-03-06 00:00:00+00:00
[2024-03-06T14:37:54.950+0000] {processor.py:183} INFO - Processing /home/airflow/.local/lib/python3.8/site-packages/airflow/example_dags/tutorial.py took 0.071 seconds
[2024-03-06T14:38:25.510+0000] {processor.py:161} INFO - Started process (PID=547) to work on /home/airflow/.local/lib/python3.8/site-packages/airflow/example_dags/tutorial.py
[2024-03-06T14:38:25.511+0000] {processor.py:830} INFO - Processing file /home/airflow/.local/lib/python3.8/site-packages/airflow/example_dags/tutorial.py for tasks to queue
[2024-03-06T14:38:25.513+0000] {logging_mixin.py:188} INFO - [2024-03-06T14:38:25.512+0000] {dagbag.py:540} INFO - Filling up the DagBag from /home/airflow/.local/lib/python3.8/site-packages/airflow/example_dags/tutorial.py
[2024-03-06T14:38:25.518+0000] {processor.py:840} INFO - DAG(s) 'tutorial' retrieved from /home/airflow/.local/lib/python3.8/site-packages/airflow/example_dags/tutorial.py
[2024-03-06T14:38:25.543+0000] {logging_mixin.py:188} INFO - [2024-03-06T14:38:25.542+0000] {dag.py:3047} INFO - Sync 1 DAGs
[2024-03-06T14:38:25.574+0000] {logging_mixin.py:188} INFO - [2024-03-06T14:38:25.574+0000] {dag.py:3834} INFO - Setting next_dagrun for tutorial to 2024-03-05 00:00:00+00:00, run_after=2024-03-06 00:00:00+00:00
[2024-03-06T14:38:25.598+0000] {processor.py:183} INFO - Processing /home/airflow/.local/lib/python3.8/site-packages/airflow/example_dags/tutorial.py took 0.090 seconds
[2024-03-06T14:38:55.913+0000] {processor.py:161} INFO - Started process (PID=602) to work on /home/airflow/.local/lib/python3.8/site-packages/airflow/example_dags/tutorial.py
[2024-03-06T14:38:55.914+0000] {processor.py:830} INFO - Processing file /home/airflow/.local/lib/python3.8/site-packages/airflow/example_dags/tutorial.py for tasks to queue
[2024-03-06T14:38:55.916+0000] {logging_mixin.py:188} INFO - [2024-03-06T14:38:55.915+0000] {dagbag.py:540} INFO - Filling up the DagBag from /home/airflow/.local/lib/python3.8/site-packages/airflow/example_dags/tutorial.py
[2024-03-06T14:38:55.922+0000] {processor.py:840} INFO - DAG(s) 'tutorial' retrieved from /home/airflow/.local/lib/python3.8/site-packages/airflow/example_dags/tutorial.py
[2024-03-06T14:38:55.934+0000] {logging_mixin.py:188} INFO - [2024-03-06T14:38:55.934+0000] {dag.py:3047} INFO - Sync 1 DAGs
[2024-03-06T14:38:55.956+0000] {logging_mixin.py:188} INFO - [2024-03-06T14:38:55.956+0000] {dag.py:3834} INFO - Setting next_dagrun for tutorial to 2024-03-05 00:00:00+00:00, run_after=2024-03-06 00:00:00+00:00
[2024-03-06T14:38:55.976+0000] {processor.py:183} INFO - Processing /home/airflow/.local/lib/python3.8/site-packages/airflow/example_dags/tutorial.py took 0.067 seconds
[2024-03-06T14:39:26.974+0000] {processor.py:161} INFO - Started process (PID=657) to work on /home/airflow/.local/lib/python3.8/site-packages/airflow/example_dags/tutorial.py
[2024-03-06T14:39:26.975+0000] {processor.py:830} INFO - Processing file /home/airflow/.local/lib/python3.8/site-packages/airflow/example_dags/tutorial.py for tasks to queue
[2024-03-06T14:39:26.977+0000] {logging_mixin.py:188} INFO - [2024-03-06T14:39:26.977+0000] {dagbag.py:540} INFO - Filling up the DagBag from /home/airflow/.local/lib/python3.8/site-packages/airflow/example_dags/tutorial.py
[2024-03-06T14:39:26.983+0000] {processor.py:840} INFO - DAG(s) 'tutorial' retrieved from /home/airflow/.local/lib/python3.8/site-packages/airflow/example_dags/tutorial.py
[2024-03-06T14:39:27.114+0000] {logging_mixin.py:188} INFO - [2024-03-06T14:39:27.113+0000] {dag.py:3047} INFO - Sync 1 DAGs
[2024-03-06T14:39:27.137+0000] {logging_mixin.py:188} INFO - [2024-03-06T14:39:27.137+0000] {dag.py:3834} INFO - Setting next_dagrun for tutorial to 2024-03-05 00:00:00+00:00, run_after=2024-03-06 00:00:00+00:00
[2024-03-06T14:39:27.162+0000] {processor.py:183} INFO - Processing /home/airflow/.local/lib/python3.8/site-packages/airflow/example_dags/tutorial.py took 0.192 seconds
[2024-03-06T14:43:26.422+0000] {processor.py:161} INFO - Started process (PID=52) to work on /home/airflow/.local/lib/python3.8/site-packages/airflow/example_dags/tutorial.py
[2024-03-06T14:43:26.423+0000] {processor.py:830} INFO - Processing file /home/airflow/.local/lib/python3.8/site-packages/airflow/example_dags/tutorial.py for tasks to queue
[2024-03-06T14:43:26.426+0000] {logging_mixin.py:188} INFO - [2024-03-06T14:43:26.425+0000] {dagbag.py:540} INFO - Filling up the DagBag from /home/airflow/.local/lib/python3.8/site-packages/airflow/example_dags/tutorial.py
[2024-03-06T14:43:26.438+0000] {processor.py:840} INFO - DAG(s) 'tutorial' retrieved from /home/airflow/.local/lib/python3.8/site-packages/airflow/example_dags/tutorial.py
[2024-03-06T14:43:26.562+0000] {logging_mixin.py:188} INFO - [2024-03-06T14:43:26.561+0000] {override.py:1769} INFO - Created Permission View: can delete on DAG:tutorial
[2024-03-06T14:43:26.574+0000] {logging_mixin.py:188} INFO - [2024-03-06T14:43:26.573+0000] {override.py:1769} INFO - Created Permission View: can read on DAG:tutorial
[2024-03-06T14:43:26.581+0000] {logging_mixin.py:188} INFO - [2024-03-06T14:43:26.581+0000] {override.py:1769} INFO - Created Permission View: can edit on DAG:tutorial
[2024-03-06T14:43:26.582+0000] {logging_mixin.py:188} INFO - [2024-03-06T14:43:26.582+0000] {dag.py:3047} INFO - Sync 1 DAGs
[2024-03-06T14:43:26.598+0000] {logging_mixin.py:188} INFO - [2024-03-06T14:43:26.597+0000] {dag.py:3069} INFO - Creating ORM DAG for tutorial
[2024-03-06T14:43:26.613+0000] {logging_mixin.py:188} INFO - [2024-03-06T14:43:26.613+0000] {dag.py:3834} INFO - Setting next_dagrun for tutorial to 2024-03-05 00:00:00+00:00, run_after=2024-03-06 00:00:00+00:00
[2024-03-06T14:43:26.633+0000] {processor.py:183} INFO - Processing /home/airflow/.local/lib/python3.8/site-packages/airflow/example_dags/tutorial.py took 0.215 seconds
[2024-03-06T14:43:57.270+0000] {processor.py:161} INFO - Started process (PID=107) to work on /home/airflow/.local/lib/python3.8/site-packages/airflow/example_dags/tutorial.py
[2024-03-06T14:43:57.271+0000] {processor.py:830} INFO - Processing file /home/airflow/.local/lib/python3.8/site-packages/airflow/example_dags/tutorial.py for tasks to queue
[2024-03-06T14:43:57.272+0000] {logging_mixin.py:188} INFO - [2024-03-06T14:43:57.272+0000] {dagbag.py:540} INFO - Filling up the DagBag from /home/airflow/.local/lib/python3.8/site-packages/airflow/example_dags/tutorial.py
[2024-03-06T14:43:57.278+0000] {processor.py:840} INFO - DAG(s) 'tutorial' retrieved from /home/airflow/.local/lib/python3.8/site-packages/airflow/example_dags/tutorial.py
[2024-03-06T14:43:57.299+0000] {logging_mixin.py:188} INFO - [2024-03-06T14:43:57.299+0000] {dag.py:3047} INFO - Sync 1 DAGs
[2024-03-06T14:43:57.319+0000] {logging_mixin.py:188} INFO - [2024-03-06T14:43:57.318+0000] {dag.py:3834} INFO - Setting next_dagrun for tutorial to 2024-03-05 00:00:00+00:00, run_after=2024-03-06 00:00:00+00:00
[2024-03-06T14:43:57.337+0000] {processor.py:183} INFO - Processing /home/airflow/.local/lib/python3.8/site-packages/airflow/example_dags/tutorial.py took 0.071 seconds
[2024-03-06T14:44:27.735+0000] {processor.py:161} INFO - Started process (PID=162) to work on /home/airflow/.local/lib/python3.8/site-packages/airflow/example_dags/tutorial.py
[2024-03-06T14:44:27.736+0000] {processor.py:830} INFO - Processing file /home/airflow/.local/lib/python3.8/site-packages/airflow/example_dags/tutorial.py for tasks to queue
[2024-03-06T14:44:27.737+0000] {logging_mixin.py:188} INFO - [2024-03-06T14:44:27.737+0000] {dagbag.py:540} INFO - Filling up the DagBag from /home/airflow/.local/lib/python3.8/site-packages/airflow/example_dags/tutorial.py
[2024-03-06T14:44:27.743+0000] {processor.py:840} INFO - DAG(s) 'tutorial' retrieved from /home/airflow/.local/lib/python3.8/site-packages/airflow/example_dags/tutorial.py
[2024-03-06T14:44:27.759+0000] {logging_mixin.py:188} INFO - [2024-03-06T14:44:27.759+0000] {dag.py:3047} INFO - Sync 1 DAGs
[2024-03-06T14:44:27.779+0000] {logging_mixin.py:188} INFO - [2024-03-06T14:44:27.779+0000] {dag.py:3834} INFO - Setting next_dagrun for tutorial to 2024-03-05 00:00:00+00:00, run_after=2024-03-06 00:00:00+00:00
[2024-03-06T14:44:27.797+0000] {processor.py:183} INFO - Processing /home/airflow/.local/lib/python3.8/site-packages/airflow/example_dags/tutorial.py took 0.065 seconds
[2024-03-06T14:44:58.267+0000] {processor.py:161} INFO - Started process (PID=217) to work on /home/airflow/.local/lib/python3.8/site-packages/airflow/example_dags/tutorial.py
[2024-03-06T14:44:58.268+0000] {processor.py:830} INFO - Processing file /home/airflow/.local/lib/python3.8/site-packages/airflow/example_dags/tutorial.py for tasks to queue
[2024-03-06T14:44:58.270+0000] {logging_mixin.py:188} INFO - [2024-03-06T14:44:58.269+0000] {dagbag.py:540} INFO - Filling up the DagBag from /home/airflow/.local/lib/python3.8/site-packages/airflow/example_dags/tutorial.py
[2024-03-06T14:44:58.275+0000] {processor.py:840} INFO - DAG(s) 'tutorial' retrieved from /home/airflow/.local/lib/python3.8/site-packages/airflow/example_dags/tutorial.py
[2024-03-06T14:44:58.293+0000] {logging_mixin.py:188} INFO - [2024-03-06T14:44:58.292+0000] {dag.py:3047} INFO - Sync 1 DAGs
[2024-03-06T14:44:58.312+0000] {logging_mixin.py:188} INFO - [2024-03-06T14:44:58.312+0000] {dag.py:3834} INFO - Setting next_dagrun for tutorial to 2024-03-05 00:00:00+00:00, run_after=2024-03-06 00:00:00+00:00
[2024-03-06T14:44:58.330+0000] {processor.py:183} INFO - Processing /home/airflow/.local/lib/python3.8/site-packages/airflow/example_dags/tutorial.py took 0.066 seconds
[2024-03-06T14:45:28.749+0000] {processor.py:161} INFO - Started process (PID=272) to work on /home/airflow/.local/lib/python3.8/site-packages/airflow/example_dags/tutorial.py
[2024-03-06T14:45:28.751+0000] {processor.py:830} INFO - Processing file /home/airflow/.local/lib/python3.8/site-packages/airflow/example_dags/tutorial.py for tasks to queue
[2024-03-06T14:45:28.752+0000] {logging_mixin.py:188} INFO - [2024-03-06T14:45:28.752+0000] {dagbag.py:540} INFO - Filling up the DagBag from /home/airflow/.local/lib/python3.8/site-packages/airflow/example_dags/tutorial.py
[2024-03-06T14:45:28.758+0000] {processor.py:840} INFO - DAG(s) 'tutorial' retrieved from /home/airflow/.local/lib/python3.8/site-packages/airflow/example_dags/tutorial.py
[2024-03-06T14:45:28.777+0000] {logging_mixin.py:188} INFO - [2024-03-06T14:45:28.776+0000] {dag.py:3047} INFO - Sync 1 DAGs
[2024-03-06T14:45:28.799+0000] {logging_mixin.py:188} INFO - [2024-03-06T14:45:28.798+0000] {dag.py:3834} INFO - Setting next_dagrun for tutorial to 2024-03-05 00:00:00+00:00, run_after=2024-03-06 00:00:00+00:00
[2024-03-06T14:45:28.818+0000] {processor.py:183} INFO - Processing /home/airflow/.local/lib/python3.8/site-packages/airflow/example_dags/tutorial.py took 0.072 seconds
[2024-03-06T14:45:59.434+0000] {processor.py:161} INFO - Started process (PID=327) to work on /home/airflow/.local/lib/python3.8/site-packages/airflow/example_dags/tutorial.py
[2024-03-06T14:45:59.435+0000] {processor.py:830} INFO - Processing file /home/airflow/.local/lib/python3.8/site-packages/airflow/example_dags/tutorial.py for tasks to queue
[2024-03-06T14:45:59.437+0000] {logging_mixin.py:188} INFO - [2024-03-06T14:45:59.437+0000] {dagbag.py:540} INFO - Filling up the DagBag from /home/airflow/.local/lib/python3.8/site-packages/airflow/example_dags/tutorial.py
[2024-03-06T14:45:59.444+0000] {processor.py:840} INFO - DAG(s) 'tutorial' retrieved from /home/airflow/.local/lib/python3.8/site-packages/airflow/example_dags/tutorial.py
[2024-03-06T14:45:59.456+0000] {logging_mixin.py:188} INFO - [2024-03-06T14:45:59.456+0000] {dag.py:3047} INFO - Sync 1 DAGs
[2024-03-06T14:45:59.481+0000] {logging_mixin.py:188} INFO - [2024-03-06T14:45:59.481+0000] {dag.py:3834} INFO - Setting next_dagrun for tutorial to 2024-03-05 00:00:00+00:00, run_after=2024-03-06 00:00:00+00:00
[2024-03-06T14:45:59.500+0000] {processor.py:183} INFO - Processing /home/airflow/.local/lib/python3.8/site-packages/airflow/example_dags/tutorial.py took 0.070 seconds
[2024-03-06T14:46:30.595+0000] {processor.py:161} INFO - Started process (PID=382) to work on /home/airflow/.local/lib/python3.8/site-packages/airflow/example_dags/tutorial.py
[2024-03-06T14:46:30.596+0000] {processor.py:830} INFO - Processing file /home/airflow/.local/lib/python3.8/site-packages/airflow/example_dags/tutorial.py for tasks to queue
[2024-03-06T14:46:30.598+0000] {logging_mixin.py:188} INFO - [2024-03-06T14:46:30.598+0000] {dagbag.py:540} INFO - Filling up the DagBag from /home/airflow/.local/lib/python3.8/site-packages/airflow/example_dags/tutorial.py
[2024-03-06T14:46:30.603+0000] {processor.py:840} INFO - DAG(s) 'tutorial' retrieved from /home/airflow/.local/lib/python3.8/site-packages/airflow/example_dags/tutorial.py
[2024-03-06T14:46:30.705+0000] {logging_mixin.py:188} INFO - [2024-03-06T14:46:30.704+0000] {dag.py:3047} INFO - Sync 1 DAGs
[2024-03-06T14:46:30.724+0000] {logging_mixin.py:188} INFO - [2024-03-06T14:46:30.724+0000] {dag.py:3834} INFO - Setting next_dagrun for tutorial to 2024-03-05 00:00:00+00:00, run_after=2024-03-06 00:00:00+00:00
[2024-03-06T14:46:30.746+0000] {processor.py:183} INFO - Processing /home/airflow/.local/lib/python3.8/site-packages/airflow/example_dags/tutorial.py took 0.154 seconds
