[2024-03-06T14:33:49.047+0000] {processor.py:161} INFO - Started process (PID=44) to work on /home/airflow/.local/lib/python3.8/site-packages/airflow/example_dags/tutorial_dag.py
[2024-03-06T14:33:49.047+0000] {processor.py:830} INFO - Processing file /home/airflow/.local/lib/python3.8/site-packages/airflow/example_dags/tutorial_dag.py for tasks to queue
[2024-03-06T14:33:49.049+0000] {logging_mixin.py:188} INFO - [2024-03-06T14:33:49.049+0000] {dagbag.py:540} INFO - Filling up the DagBag from /home/airflow/.local/lib/python3.8/site-packages/airflow/example_dags/tutorial_dag.py
[2024-03-06T14:33:49.063+0000] {processor.py:840} INFO - DAG(s) 'tutorial_dag' retrieved from /home/airflow/.local/lib/python3.8/site-packages/airflow/example_dags/tutorial_dag.py
[2024-03-06T14:33:49.077+0000] {logging_mixin.py:188} INFO - [2024-03-06T14:33:49.076+0000] {dag.py:3047} INFO - Sync 1 DAGs
[2024-03-06T14:33:49.094+0000] {logging_mixin.py:188} INFO - [2024-03-06T14:33:49.094+0000] {dag.py:3834} INFO - Setting next_dagrun for tutorial_dag to None, run_after=None
[2024-03-06T14:33:49.121+0000] {processor.py:183} INFO - Processing /home/airflow/.local/lib/python3.8/site-packages/airflow/example_dags/tutorial_dag.py took 0.079 seconds
[2024-03-06T14:34:20.039+0000] {processor.py:161} INFO - Started process (PID=99) to work on /home/airflow/.local/lib/python3.8/site-packages/airflow/example_dags/tutorial_dag.py
[2024-03-06T14:34:20.040+0000] {processor.py:830} INFO - Processing file /home/airflow/.local/lib/python3.8/site-packages/airflow/example_dags/tutorial_dag.py for tasks to queue
[2024-03-06T14:34:20.042+0000] {logging_mixin.py:188} INFO - [2024-03-06T14:34:20.041+0000] {dagbag.py:540} INFO - Filling up the DagBag from /home/airflow/.local/lib/python3.8/site-packages/airflow/example_dags/tutorial_dag.py
[2024-03-06T14:34:20.046+0000] {processor.py:840} INFO - DAG(s) 'tutorial_dag' retrieved from /home/airflow/.local/lib/python3.8/site-packages/airflow/example_dags/tutorial_dag.py
[2024-03-06T14:34:20.140+0000] {logging_mixin.py:188} INFO - [2024-03-06T14:34:20.140+0000] {dag.py:3047} INFO - Sync 1 DAGs
[2024-03-06T14:34:20.151+0000] {logging_mixin.py:188} INFO - [2024-03-06T14:34:20.150+0000] {dag.py:3834} INFO - Setting next_dagrun for tutorial_dag to None, run_after=None
[2024-03-06T14:34:20.168+0000] {processor.py:183} INFO - Processing /home/airflow/.local/lib/python3.8/site-packages/airflow/example_dags/tutorial_dag.py took 0.132 seconds
[2024-03-06T14:34:50.220+0000] {processor.py:161} INFO - Started process (PID=154) to work on /home/airflow/.local/lib/python3.8/site-packages/airflow/example_dags/tutorial_dag.py
[2024-03-06T14:34:50.222+0000] {processor.py:830} INFO - Processing file /home/airflow/.local/lib/python3.8/site-packages/airflow/example_dags/tutorial_dag.py for tasks to queue
[2024-03-06T14:34:50.224+0000] {logging_mixin.py:188} INFO - [2024-03-06T14:34:50.223+0000] {dagbag.py:540} INFO - Filling up the DagBag from /home/airflow/.local/lib/python3.8/site-packages/airflow/example_dags/tutorial_dag.py
[2024-03-06T14:34:50.229+0000] {processor.py:840} INFO - DAG(s) 'tutorial_dag' retrieved from /home/airflow/.local/lib/python3.8/site-packages/airflow/example_dags/tutorial_dag.py
[2024-03-06T14:34:50.241+0000] {logging_mixin.py:188} INFO - [2024-03-06T14:34:50.241+0000] {dag.py:3047} INFO - Sync 1 DAGs
[2024-03-06T14:34:50.256+0000] {logging_mixin.py:188} INFO - [2024-03-06T14:34:50.256+0000] {dag.py:3834} INFO - Setting next_dagrun for tutorial_dag to None, run_after=None
[2024-03-06T14:34:50.276+0000] {processor.py:183} INFO - Processing /home/airflow/.local/lib/python3.8/site-packages/airflow/example_dags/tutorial_dag.py took 0.060 seconds
[2024-03-06T14:35:20.986+0000] {processor.py:161} INFO - Started process (PID=209) to work on /home/airflow/.local/lib/python3.8/site-packages/airflow/example_dags/tutorial_dag.py
[2024-03-06T14:35:20.987+0000] {processor.py:830} INFO - Processing file /home/airflow/.local/lib/python3.8/site-packages/airflow/example_dags/tutorial_dag.py for tasks to queue
[2024-03-06T14:35:20.989+0000] {logging_mixin.py:188} INFO - [2024-03-06T14:35:20.989+0000] {dagbag.py:540} INFO - Filling up the DagBag from /home/airflow/.local/lib/python3.8/site-packages/airflow/example_dags/tutorial_dag.py
[2024-03-06T14:35:20.994+0000] {processor.py:840} INFO - DAG(s) 'tutorial_dag' retrieved from /home/airflow/.local/lib/python3.8/site-packages/airflow/example_dags/tutorial_dag.py
[2024-03-06T14:35:21.082+0000] {logging_mixin.py:188} INFO - [2024-03-06T14:35:21.082+0000] {dag.py:3047} INFO - Sync 1 DAGs
[2024-03-06T14:35:21.091+0000] {logging_mixin.py:188} INFO - [2024-03-06T14:35:21.091+0000] {dag.py:3834} INFO - Setting next_dagrun for tutorial_dag to None, run_after=None
[2024-03-06T14:35:21.111+0000] {processor.py:183} INFO - Processing /home/airflow/.local/lib/python3.8/site-packages/airflow/example_dags/tutorial_dag.py took 0.127 seconds
[2024-03-06T14:35:51.165+0000] {processor.py:161} INFO - Started process (PID=264) to work on /home/airflow/.local/lib/python3.8/site-packages/airflow/example_dags/tutorial_dag.py
[2024-03-06T14:35:51.167+0000] {processor.py:830} INFO - Processing file /home/airflow/.local/lib/python3.8/site-packages/airflow/example_dags/tutorial_dag.py for tasks to queue
[2024-03-06T14:35:51.168+0000] {logging_mixin.py:188} INFO - [2024-03-06T14:35:51.168+0000] {dagbag.py:540} INFO - Filling up the DagBag from /home/airflow/.local/lib/python3.8/site-packages/airflow/example_dags/tutorial_dag.py
[2024-03-06T14:35:51.173+0000] {processor.py:840} INFO - DAG(s) 'tutorial_dag' retrieved from /home/airflow/.local/lib/python3.8/site-packages/airflow/example_dags/tutorial_dag.py
[2024-03-06T14:35:51.191+0000] {logging_mixin.py:188} INFO - [2024-03-06T14:35:51.191+0000] {dag.py:3047} INFO - Sync 1 DAGs
[2024-03-06T14:35:51.204+0000] {logging_mixin.py:188} INFO - [2024-03-06T14:35:51.204+0000] {dag.py:3834} INFO - Setting next_dagrun for tutorial_dag to None, run_after=None
[2024-03-06T14:35:51.222+0000] {processor.py:183} INFO - Processing /home/airflow/.local/lib/python3.8/site-packages/airflow/example_dags/tutorial_dag.py took 0.059 seconds
[2024-03-06T14:36:21.979+0000] {processor.py:161} INFO - Started process (PID=319) to work on /home/airflow/.local/lib/python3.8/site-packages/airflow/example_dags/tutorial_dag.py
[2024-03-06T14:36:21.980+0000] {processor.py:830} INFO - Processing file /home/airflow/.local/lib/python3.8/site-packages/airflow/example_dags/tutorial_dag.py for tasks to queue
[2024-03-06T14:36:21.982+0000] {logging_mixin.py:188} INFO - [2024-03-06T14:36:21.982+0000] {dagbag.py:540} INFO - Filling up the DagBag from /home/airflow/.local/lib/python3.8/site-packages/airflow/example_dags/tutorial_dag.py
[2024-03-06T14:36:21.986+0000] {processor.py:840} INFO - DAG(s) 'tutorial_dag' retrieved from /home/airflow/.local/lib/python3.8/site-packages/airflow/example_dags/tutorial_dag.py
[2024-03-06T14:36:22.004+0000] {logging_mixin.py:188} INFO - [2024-03-06T14:36:22.004+0000] {dag.py:3047} INFO - Sync 1 DAGs
[2024-03-06T14:36:22.016+0000] {logging_mixin.py:188} INFO - [2024-03-06T14:36:22.015+0000] {dag.py:3834} INFO - Setting next_dagrun for tutorial_dag to None, run_after=None
[2024-03-06T14:36:22.032+0000] {processor.py:183} INFO - Processing /home/airflow/.local/lib/python3.8/site-packages/airflow/example_dags/tutorial_dag.py took 0.056 seconds
[2024-03-06T14:36:52.567+0000] {processor.py:161} INFO - Started process (PID=374) to work on /home/airflow/.local/lib/python3.8/site-packages/airflow/example_dags/tutorial_dag.py
[2024-03-06T14:36:52.568+0000] {processor.py:830} INFO - Processing file /home/airflow/.local/lib/python3.8/site-packages/airflow/example_dags/tutorial_dag.py for tasks to queue
[2024-03-06T14:36:52.570+0000] {logging_mixin.py:188} INFO - [2024-03-06T14:36:52.569+0000] {dagbag.py:540} INFO - Filling up the DagBag from /home/airflow/.local/lib/python3.8/site-packages/airflow/example_dags/tutorial_dag.py
[2024-03-06T14:36:52.576+0000] {processor.py:840} INFO - DAG(s) 'tutorial_dag' retrieved from /home/airflow/.local/lib/python3.8/site-packages/airflow/example_dags/tutorial_dag.py
[2024-03-06T14:36:52.595+0000] {logging_mixin.py:188} INFO - [2024-03-06T14:36:52.595+0000] {dag.py:3047} INFO - Sync 1 DAGs
[2024-03-06T14:36:52.610+0000] {logging_mixin.py:188} INFO - [2024-03-06T14:36:52.609+0000] {dag.py:3834} INFO - Setting next_dagrun for tutorial_dag to None, run_after=None
[2024-03-06T14:36:52.627+0000] {processor.py:183} INFO - Processing /home/airflow/.local/lib/python3.8/site-packages/airflow/example_dags/tutorial_dag.py took 0.063 seconds
[2024-03-06T14:37:23.186+0000] {processor.py:161} INFO - Started process (PID=429) to work on /home/airflow/.local/lib/python3.8/site-packages/airflow/example_dags/tutorial_dag.py
[2024-03-06T14:37:23.187+0000] {processor.py:830} INFO - Processing file /home/airflow/.local/lib/python3.8/site-packages/airflow/example_dags/tutorial_dag.py for tasks to queue
[2024-03-06T14:37:23.189+0000] {logging_mixin.py:188} INFO - [2024-03-06T14:37:23.188+0000] {dagbag.py:540} INFO - Filling up the DagBag from /home/airflow/.local/lib/python3.8/site-packages/airflow/example_dags/tutorial_dag.py
[2024-03-06T14:37:23.194+0000] {processor.py:840} INFO - DAG(s) 'tutorial_dag' retrieved from /home/airflow/.local/lib/python3.8/site-packages/airflow/example_dags/tutorial_dag.py
[2024-03-06T14:37:23.213+0000] {logging_mixin.py:188} INFO - [2024-03-06T14:37:23.213+0000] {dag.py:3047} INFO - Sync 1 DAGs
[2024-03-06T14:37:23.226+0000] {logging_mixin.py:188} INFO - [2024-03-06T14:37:23.226+0000] {dag.py:3834} INFO - Setting next_dagrun for tutorial_dag to None, run_after=None
[2024-03-06T14:37:23.245+0000] {processor.py:183} INFO - Processing /home/airflow/.local/lib/python3.8/site-packages/airflow/example_dags/tutorial_dag.py took 0.063 seconds
[2024-03-06T14:37:53.440+0000] {processor.py:161} INFO - Started process (PID=484) to work on /home/airflow/.local/lib/python3.8/site-packages/airflow/example_dags/tutorial_dag.py
[2024-03-06T14:37:53.441+0000] {processor.py:830} INFO - Processing file /home/airflow/.local/lib/python3.8/site-packages/airflow/example_dags/tutorial_dag.py for tasks to queue
[2024-03-06T14:37:53.443+0000] {logging_mixin.py:188} INFO - [2024-03-06T14:37:53.443+0000] {dagbag.py:540} INFO - Filling up the DagBag from /home/airflow/.local/lib/python3.8/site-packages/airflow/example_dags/tutorial_dag.py
[2024-03-06T14:37:53.448+0000] {processor.py:840} INFO - DAG(s) 'tutorial_dag' retrieved from /home/airflow/.local/lib/python3.8/site-packages/airflow/example_dags/tutorial_dag.py
[2024-03-06T14:37:53.469+0000] {logging_mixin.py:188} INFO - [2024-03-06T14:37:53.468+0000] {dag.py:3047} INFO - Sync 1 DAGs
[2024-03-06T14:37:53.480+0000] {logging_mixin.py:188} INFO - [2024-03-06T14:37:53.479+0000] {dag.py:3834} INFO - Setting next_dagrun for tutorial_dag to None, run_after=None
[2024-03-06T14:37:53.495+0000] {processor.py:183} INFO - Processing /home/airflow/.local/lib/python3.8/site-packages/airflow/example_dags/tutorial_dag.py took 0.059 seconds
[2024-03-06T14:38:24.067+0000] {processor.py:161} INFO - Started process (PID=539) to work on /home/airflow/.local/lib/python3.8/site-packages/airflow/example_dags/tutorial_dag.py
[2024-03-06T14:38:24.068+0000] {processor.py:830} INFO - Processing file /home/airflow/.local/lib/python3.8/site-packages/airflow/example_dags/tutorial_dag.py for tasks to queue
[2024-03-06T14:38:24.069+0000] {logging_mixin.py:188} INFO - [2024-03-06T14:38:24.069+0000] {dagbag.py:540} INFO - Filling up the DagBag from /home/airflow/.local/lib/python3.8/site-packages/airflow/example_dags/tutorial_dag.py
[2024-03-06T14:38:24.076+0000] {processor.py:840} INFO - DAG(s) 'tutorial_dag' retrieved from /home/airflow/.local/lib/python3.8/site-packages/airflow/example_dags/tutorial_dag.py
[2024-03-06T14:38:24.097+0000] {logging_mixin.py:188} INFO - [2024-03-06T14:38:24.097+0000] {dag.py:3047} INFO - Sync 1 DAGs
[2024-03-06T14:38:24.110+0000] {logging_mixin.py:188} INFO - [2024-03-06T14:38:24.110+0000] {dag.py:3834} INFO - Setting next_dagrun for tutorial_dag to None, run_after=None
[2024-03-06T14:38:24.130+0000] {processor.py:183} INFO - Processing /home/airflow/.local/lib/python3.8/site-packages/airflow/example_dags/tutorial_dag.py took 0.066 seconds
[2024-03-06T14:38:54.568+0000] {processor.py:161} INFO - Started process (PID=594) to work on /home/airflow/.local/lib/python3.8/site-packages/airflow/example_dags/tutorial_dag.py
[2024-03-06T14:38:54.569+0000] {processor.py:830} INFO - Processing file /home/airflow/.local/lib/python3.8/site-packages/airflow/example_dags/tutorial_dag.py for tasks to queue
[2024-03-06T14:38:54.570+0000] {logging_mixin.py:188} INFO - [2024-03-06T14:38:54.570+0000] {dagbag.py:540} INFO - Filling up the DagBag from /home/airflow/.local/lib/python3.8/site-packages/airflow/example_dags/tutorial_dag.py
[2024-03-06T14:38:54.575+0000] {processor.py:840} INFO - DAG(s) 'tutorial_dag' retrieved from /home/airflow/.local/lib/python3.8/site-packages/airflow/example_dags/tutorial_dag.py
[2024-03-06T14:38:54.585+0000] {logging_mixin.py:188} INFO - [2024-03-06T14:38:54.585+0000] {dag.py:3047} INFO - Sync 1 DAGs
[2024-03-06T14:38:54.597+0000] {logging_mixin.py:188} INFO - [2024-03-06T14:38:54.596+0000] {dag.py:3834} INFO - Setting next_dagrun for tutorial_dag to None, run_after=None
[2024-03-06T14:38:54.615+0000] {processor.py:183} INFO - Processing /home/airflow/.local/lib/python3.8/site-packages/airflow/example_dags/tutorial_dag.py took 0.049 seconds
[2024-03-06T14:39:25.173+0000] {processor.py:161} INFO - Started process (PID=649) to work on /home/airflow/.local/lib/python3.8/site-packages/airflow/example_dags/tutorial_dag.py
[2024-03-06T14:39:25.174+0000] {processor.py:830} INFO - Processing file /home/airflow/.local/lib/python3.8/site-packages/airflow/example_dags/tutorial_dag.py for tasks to queue
[2024-03-06T14:39:25.175+0000] {logging_mixin.py:188} INFO - [2024-03-06T14:39:25.175+0000] {dagbag.py:540} INFO - Filling up the DagBag from /home/airflow/.local/lib/python3.8/site-packages/airflow/example_dags/tutorial_dag.py
[2024-03-06T14:39:25.179+0000] {processor.py:840} INFO - DAG(s) 'tutorial_dag' retrieved from /home/airflow/.local/lib/python3.8/site-packages/airflow/example_dags/tutorial_dag.py
[2024-03-06T14:39:25.273+0000] {logging_mixin.py:188} INFO - [2024-03-06T14:39:25.273+0000] {dag.py:3047} INFO - Sync 1 DAGs
[2024-03-06T14:39:25.283+0000] {logging_mixin.py:188} INFO - [2024-03-06T14:39:25.282+0000] {dag.py:3834} INFO - Setting next_dagrun for tutorial_dag to None, run_after=None
[2024-03-06T14:39:25.304+0000] {processor.py:183} INFO - Processing /home/airflow/.local/lib/python3.8/site-packages/airflow/example_dags/tutorial_dag.py took 0.134 seconds
[2024-03-06T14:43:25.531+0000] {processor.py:161} INFO - Started process (PID=44) to work on /home/airflow/.local/lib/python3.8/site-packages/airflow/example_dags/tutorial_dag.py
[2024-03-06T14:43:25.532+0000] {processor.py:830} INFO - Processing file /home/airflow/.local/lib/python3.8/site-packages/airflow/example_dags/tutorial_dag.py for tasks to queue
[2024-03-06T14:43:25.534+0000] {logging_mixin.py:188} INFO - [2024-03-06T14:43:25.534+0000] {dagbag.py:540} INFO - Filling up the DagBag from /home/airflow/.local/lib/python3.8/site-packages/airflow/example_dags/tutorial_dag.py
[2024-03-06T14:43:25.541+0000] {processor.py:840} INFO - DAG(s) 'tutorial_dag' retrieved from /home/airflow/.local/lib/python3.8/site-packages/airflow/example_dags/tutorial_dag.py
[2024-03-06T14:43:25.651+0000] {logging_mixin.py:188} INFO - [2024-03-06T14:43:25.650+0000] {override.py:1769} INFO - Created Permission View: can delete on DAG:tutorial_dag
[2024-03-06T14:43:25.661+0000] {logging_mixin.py:188} INFO - [2024-03-06T14:43:25.660+0000] {override.py:1769} INFO - Created Permission View: can read on DAG:tutorial_dag
[2024-03-06T14:43:25.669+0000] {logging_mixin.py:188} INFO - [2024-03-06T14:43:25.668+0000] {override.py:1769} INFO - Created Permission View: can edit on DAG:tutorial_dag
[2024-03-06T14:43:25.669+0000] {logging_mixin.py:188} INFO - [2024-03-06T14:43:25.669+0000] {dag.py:3047} INFO - Sync 1 DAGs
[2024-03-06T14:43:25.679+0000] {logging_mixin.py:188} INFO - [2024-03-06T14:43:25.679+0000] {dag.py:3069} INFO - Creating ORM DAG for tutorial_dag
[2024-03-06T14:43:25.680+0000] {logging_mixin.py:188} INFO - [2024-03-06T14:43:25.680+0000] {dag.py:3834} INFO - Setting next_dagrun for tutorial_dag to None, run_after=None
[2024-03-06T14:43:25.695+0000] {processor.py:183} INFO - Processing /home/airflow/.local/lib/python3.8/site-packages/airflow/example_dags/tutorial_dag.py took 0.167 seconds
[2024-03-06T14:43:55.873+0000] {processor.py:161} INFO - Started process (PID=99) to work on /home/airflow/.local/lib/python3.8/site-packages/airflow/example_dags/tutorial_dag.py
[2024-03-06T14:43:55.881+0000] {processor.py:830} INFO - Processing file /home/airflow/.local/lib/python3.8/site-packages/airflow/example_dags/tutorial_dag.py for tasks to queue
[2024-03-06T14:43:55.885+0000] {logging_mixin.py:188} INFO - [2024-03-06T14:43:55.885+0000] {dagbag.py:540} INFO - Filling up the DagBag from /home/airflow/.local/lib/python3.8/site-packages/airflow/example_dags/tutorial_dag.py
[2024-03-06T14:43:55.889+0000] {processor.py:840} INFO - DAG(s) 'tutorial_dag' retrieved from /home/airflow/.local/lib/python3.8/site-packages/airflow/example_dags/tutorial_dag.py
[2024-03-06T14:43:55.914+0000] {logging_mixin.py:188} INFO - [2024-03-06T14:43:55.913+0000] {dag.py:3047} INFO - Sync 1 DAGs
[2024-03-06T14:43:55.930+0000] {logging_mixin.py:188} INFO - [2024-03-06T14:43:55.929+0000] {dag.py:3834} INFO - Setting next_dagrun for tutorial_dag to None, run_after=None
[2024-03-06T14:43:55.958+0000] {processor.py:183} INFO - Processing /home/airflow/.local/lib/python3.8/site-packages/airflow/example_dags/tutorial_dag.py took 0.089 seconds
[2024-03-06T14:44:26.252+0000] {processor.py:161} INFO - Started process (PID=154) to work on /home/airflow/.local/lib/python3.8/site-packages/airflow/example_dags/tutorial_dag.py
[2024-03-06T14:44:26.253+0000] {processor.py:830} INFO - Processing file /home/airflow/.local/lib/python3.8/site-packages/airflow/example_dags/tutorial_dag.py for tasks to queue
[2024-03-06T14:44:26.255+0000] {logging_mixin.py:188} INFO - [2024-03-06T14:44:26.254+0000] {dagbag.py:540} INFO - Filling up the DagBag from /home/airflow/.local/lib/python3.8/site-packages/airflow/example_dags/tutorial_dag.py
[2024-03-06T14:44:26.260+0000] {processor.py:840} INFO - DAG(s) 'tutorial_dag' retrieved from /home/airflow/.local/lib/python3.8/site-packages/airflow/example_dags/tutorial_dag.py
[2024-03-06T14:44:26.281+0000] {logging_mixin.py:188} INFO - [2024-03-06T14:44:26.281+0000] {dag.py:3047} INFO - Sync 1 DAGs
[2024-03-06T14:44:26.294+0000] {logging_mixin.py:188} INFO - [2024-03-06T14:44:26.294+0000] {dag.py:3834} INFO - Setting next_dagrun for tutorial_dag to None, run_after=None
[2024-03-06T14:44:26.315+0000] {processor.py:183} INFO - Processing /home/airflow/.local/lib/python3.8/site-packages/airflow/example_dags/tutorial_dag.py took 0.066 seconds
[2024-03-06T14:44:56.787+0000] {processor.py:161} INFO - Started process (PID=209) to work on /home/airflow/.local/lib/python3.8/site-packages/airflow/example_dags/tutorial_dag.py
[2024-03-06T14:44:56.788+0000] {processor.py:830} INFO - Processing file /home/airflow/.local/lib/python3.8/site-packages/airflow/example_dags/tutorial_dag.py for tasks to queue
[2024-03-06T14:44:56.791+0000] {logging_mixin.py:188} INFO - [2024-03-06T14:44:56.790+0000] {dagbag.py:540} INFO - Filling up the DagBag from /home/airflow/.local/lib/python3.8/site-packages/airflow/example_dags/tutorial_dag.py
[2024-03-06T14:44:56.799+0000] {processor.py:840} INFO - DAG(s) 'tutorial_dag' retrieved from /home/airflow/.local/lib/python3.8/site-packages/airflow/example_dags/tutorial_dag.py
[2024-03-06T14:44:56.825+0000] {logging_mixin.py:188} INFO - [2024-03-06T14:44:56.824+0000] {dag.py:3047} INFO - Sync 1 DAGs
[2024-03-06T14:44:56.836+0000] {logging_mixin.py:188} INFO - [2024-03-06T14:44:56.836+0000] {dag.py:3834} INFO - Setting next_dagrun for tutorial_dag to None, run_after=None
[2024-03-06T14:44:56.855+0000] {processor.py:183} INFO - Processing /home/airflow/.local/lib/python3.8/site-packages/airflow/example_dags/tutorial_dag.py took 0.073 seconds
[2024-03-06T14:45:27.327+0000] {processor.py:161} INFO - Started process (PID=264) to work on /home/airflow/.local/lib/python3.8/site-packages/airflow/example_dags/tutorial_dag.py
[2024-03-06T14:45:27.328+0000] {processor.py:830} INFO - Processing file /home/airflow/.local/lib/python3.8/site-packages/airflow/example_dags/tutorial_dag.py for tasks to queue
[2024-03-06T14:45:27.329+0000] {logging_mixin.py:188} INFO - [2024-03-06T14:45:27.329+0000] {dagbag.py:540} INFO - Filling up the DagBag from /home/airflow/.local/lib/python3.8/site-packages/airflow/example_dags/tutorial_dag.py
[2024-03-06T14:45:27.334+0000] {processor.py:840} INFO - DAG(s) 'tutorial_dag' retrieved from /home/airflow/.local/lib/python3.8/site-packages/airflow/example_dags/tutorial_dag.py
[2024-03-06T14:45:27.353+0000] {logging_mixin.py:188} INFO - [2024-03-06T14:45:27.353+0000] {dag.py:3047} INFO - Sync 1 DAGs
[2024-03-06T14:45:27.364+0000] {logging_mixin.py:188} INFO - [2024-03-06T14:45:27.364+0000] {dag.py:3834} INFO - Setting next_dagrun for tutorial_dag to None, run_after=None
[2024-03-06T14:45:27.381+0000] {processor.py:183} INFO - Processing /home/airflow/.local/lib/python3.8/site-packages/airflow/example_dags/tutorial_dag.py took 0.057 seconds
[2024-03-06T14:45:57.921+0000] {processor.py:161} INFO - Started process (PID=318) to work on /home/airflow/.local/lib/python3.8/site-packages/airflow/example_dags/tutorial_dag.py
[2024-03-06T14:45:57.922+0000] {processor.py:830} INFO - Processing file /home/airflow/.local/lib/python3.8/site-packages/airflow/example_dags/tutorial_dag.py for tasks to queue
[2024-03-06T14:45:57.924+0000] {logging_mixin.py:188} INFO - [2024-03-06T14:45:57.924+0000] {dagbag.py:540} INFO - Filling up the DagBag from /home/airflow/.local/lib/python3.8/site-packages/airflow/example_dags/tutorial_dag.py
[2024-03-06T14:45:57.931+0000] {processor.py:840} INFO - DAG(s) 'tutorial_dag' retrieved from /home/airflow/.local/lib/python3.8/site-packages/airflow/example_dags/tutorial_dag.py
[2024-03-06T14:45:57.946+0000] {logging_mixin.py:188} INFO - [2024-03-06T14:45:57.946+0000] {dag.py:3047} INFO - Sync 1 DAGs
[2024-03-06T14:45:57.966+0000] {logging_mixin.py:188} INFO - [2024-03-06T14:45:57.965+0000] {dag.py:3834} INFO - Setting next_dagrun for tutorial_dag to None, run_after=None
[2024-03-06T14:45:57.992+0000] {processor.py:183} INFO - Processing /home/airflow/.local/lib/python3.8/site-packages/airflow/example_dags/tutorial_dag.py took 0.074 seconds
[2024-03-06T14:46:28.762+0000] {processor.py:161} INFO - Started process (PID=373) to work on /home/airflow/.local/lib/python3.8/site-packages/airflow/example_dags/tutorial_dag.py
[2024-03-06T14:46:28.764+0000] {processor.py:830} INFO - Processing file /home/airflow/.local/lib/python3.8/site-packages/airflow/example_dags/tutorial_dag.py for tasks to queue
[2024-03-06T14:46:28.765+0000] {logging_mixin.py:188} INFO - [2024-03-06T14:46:28.765+0000] {dagbag.py:540} INFO - Filling up the DagBag from /home/airflow/.local/lib/python3.8/site-packages/airflow/example_dags/tutorial_dag.py
[2024-03-06T14:46:28.771+0000] {processor.py:840} INFO - DAG(s) 'tutorial_dag' retrieved from /home/airflow/.local/lib/python3.8/site-packages/airflow/example_dags/tutorial_dag.py
[2024-03-06T14:46:28.870+0000] {logging_mixin.py:188} INFO - [2024-03-06T14:46:28.869+0000] {dag.py:3047} INFO - Sync 1 DAGs
[2024-03-06T14:46:28.880+0000] {logging_mixin.py:188} INFO - [2024-03-06T14:46:28.880+0000] {dag.py:3834} INFO - Setting next_dagrun for tutorial_dag to None, run_after=None
[2024-03-06T14:46:28.898+0000] {processor.py:183} INFO - Processing /home/airflow/.local/lib/python3.8/site-packages/airflow/example_dags/tutorial_dag.py took 0.139 seconds
