[2024-03-06T14:33:49.898+0000] {processor.py:161} INFO - Started process (PID=61) to work on /home/airflow/.local/lib/python3.8/site-packages/airflow/example_dags/tutorial_objectstorage.py
[2024-03-06T14:33:49.898+0000] {processor.py:830} INFO - Processing file /home/airflow/.local/lib/python3.8/site-packages/airflow/example_dags/tutorial_objectstorage.py for tasks to queue
[2024-03-06T14:33:49.900+0000] {logging_mixin.py:188} INFO - [2024-03-06T14:33:49.900+0000] {dagbag.py:540} INFO - Filling up the DagBag from /home/airflow/.local/lib/python3.8/site-packages/airflow/example_dags/tutorial_objectstorage.py
[2024-03-06T14:33:49.910+0000] {processor.py:840} INFO - DAG(s) 'tutorial_objectstorage' retrieved from /home/airflow/.local/lib/python3.8/site-packages/airflow/example_dags/tutorial_objectstorage.py
[2024-03-06T14:33:49.925+0000] {logging_mixin.py:188} INFO - [2024-03-06T14:33:49.924+0000] {dag.py:3047} INFO - Sync 1 DAGs
[2024-03-06T14:33:49.938+0000] {logging_mixin.py:188} INFO - [2024-03-06T14:33:49.938+0000] {dag.py:3834} INFO - Setting next_dagrun for tutorial_objectstorage to None, run_after=None
[2024-03-06T14:33:49.959+0000] {processor.py:183} INFO - Processing /home/airflow/.local/lib/python3.8/site-packages/airflow/example_dags/tutorial_objectstorage.py took 0.064 seconds
[2024-03-06T14:34:21.428+0000] {processor.py:161} INFO - Started process (PID=116) to work on /home/airflow/.local/lib/python3.8/site-packages/airflow/example_dags/tutorial_objectstorage.py
[2024-03-06T14:34:21.429+0000] {processor.py:830} INFO - Processing file /home/airflow/.local/lib/python3.8/site-packages/airflow/example_dags/tutorial_objectstorage.py for tasks to queue
[2024-03-06T14:34:21.430+0000] {logging_mixin.py:188} INFO - [2024-03-06T14:34:21.430+0000] {dagbag.py:540} INFO - Filling up the DagBag from /home/airflow/.local/lib/python3.8/site-packages/airflow/example_dags/tutorial_objectstorage.py
[2024-03-06T14:34:21.436+0000] {processor.py:840} INFO - DAG(s) 'tutorial_objectstorage' retrieved from /home/airflow/.local/lib/python3.8/site-packages/airflow/example_dags/tutorial_objectstorage.py
[2024-03-06T14:34:21.539+0000] {logging_mixin.py:188} INFO - [2024-03-06T14:34:21.539+0000] {dag.py:3047} INFO - Sync 1 DAGs
[2024-03-06T14:34:21.548+0000] {logging_mixin.py:188} INFO - [2024-03-06T14:34:21.548+0000] {dag.py:3834} INFO - Setting next_dagrun for tutorial_objectstorage to None, run_after=None
[2024-03-06T14:34:21.567+0000] {processor.py:183} INFO - Processing /home/airflow/.local/lib/python3.8/site-packages/airflow/example_dags/tutorial_objectstorage.py took 0.142 seconds
[2024-03-06T14:34:52.424+0000] {processor.py:161} INFO - Started process (PID=171) to work on /home/airflow/.local/lib/python3.8/site-packages/airflow/example_dags/tutorial_objectstorage.py
[2024-03-06T14:34:52.425+0000] {processor.py:830} INFO - Processing file /home/airflow/.local/lib/python3.8/site-packages/airflow/example_dags/tutorial_objectstorage.py for tasks to queue
[2024-03-06T14:34:52.427+0000] {logging_mixin.py:188} INFO - [2024-03-06T14:34:52.426+0000] {dagbag.py:540} INFO - Filling up the DagBag from /home/airflow/.local/lib/python3.8/site-packages/airflow/example_dags/tutorial_objectstorage.py
[2024-03-06T14:34:52.432+0000] {processor.py:840} INFO - DAG(s) 'tutorial_objectstorage' retrieved from /home/airflow/.local/lib/python3.8/site-packages/airflow/example_dags/tutorial_objectstorage.py
[2024-03-06T14:34:52.443+0000] {logging_mixin.py:188} INFO - [2024-03-06T14:34:52.443+0000] {dag.py:3047} INFO - Sync 1 DAGs
[2024-03-06T14:34:52.457+0000] {logging_mixin.py:188} INFO - [2024-03-06T14:34:52.457+0000] {dag.py:3834} INFO - Setting next_dagrun for tutorial_objectstorage to None, run_after=None
[2024-03-06T14:34:52.480+0000] {processor.py:183} INFO - Processing /home/airflow/.local/lib/python3.8/site-packages/airflow/example_dags/tutorial_objectstorage.py took 0.059 seconds
[2024-03-06T14:35:23.099+0000] {processor.py:161} INFO - Started process (PID=226) to work on /home/airflow/.local/lib/python3.8/site-packages/airflow/example_dags/tutorial_objectstorage.py
[2024-03-06T14:35:23.100+0000] {processor.py:830} INFO - Processing file /home/airflow/.local/lib/python3.8/site-packages/airflow/example_dags/tutorial_objectstorage.py for tasks to queue
[2024-03-06T14:35:23.102+0000] {logging_mixin.py:188} INFO - [2024-03-06T14:35:23.102+0000] {dagbag.py:540} INFO - Filling up the DagBag from /home/airflow/.local/lib/python3.8/site-packages/airflow/example_dags/tutorial_objectstorage.py
[2024-03-06T14:35:23.109+0000] {processor.py:840} INFO - DAG(s) 'tutorial_objectstorage' retrieved from /home/airflow/.local/lib/python3.8/site-packages/airflow/example_dags/tutorial_objectstorage.py
[2024-03-06T14:35:23.209+0000] {logging_mixin.py:188} INFO - [2024-03-06T14:35:23.209+0000] {dag.py:3047} INFO - Sync 1 DAGs
[2024-03-06T14:35:23.222+0000] {logging_mixin.py:188} INFO - [2024-03-06T14:35:23.222+0000] {dag.py:3834} INFO - Setting next_dagrun for tutorial_objectstorage to None, run_after=None
[2024-03-06T14:35:23.246+0000] {processor.py:183} INFO - Processing /home/airflow/.local/lib/python3.8/site-packages/airflow/example_dags/tutorial_objectstorage.py took 0.150 seconds
[2024-03-06T14:35:54.107+0000] {processor.py:161} INFO - Started process (PID=281) to work on /home/airflow/.local/lib/python3.8/site-packages/airflow/example_dags/tutorial_objectstorage.py
[2024-03-06T14:35:54.108+0000] {processor.py:830} INFO - Processing file /home/airflow/.local/lib/python3.8/site-packages/airflow/example_dags/tutorial_objectstorage.py for tasks to queue
[2024-03-06T14:35:54.110+0000] {logging_mixin.py:188} INFO - [2024-03-06T14:35:54.109+0000] {dagbag.py:540} INFO - Filling up the DagBag from /home/airflow/.local/lib/python3.8/site-packages/airflow/example_dags/tutorial_objectstorage.py
[2024-03-06T14:35:54.115+0000] {processor.py:840} INFO - DAG(s) 'tutorial_objectstorage' retrieved from /home/airflow/.local/lib/python3.8/site-packages/airflow/example_dags/tutorial_objectstorage.py
[2024-03-06T14:35:54.132+0000] {logging_mixin.py:188} INFO - [2024-03-06T14:35:54.132+0000] {dag.py:3047} INFO - Sync 1 DAGs
[2024-03-06T14:35:54.143+0000] {logging_mixin.py:188} INFO - [2024-03-06T14:35:54.143+0000] {dag.py:3834} INFO - Setting next_dagrun for tutorial_objectstorage to None, run_after=None
[2024-03-06T14:35:54.161+0000] {processor.py:183} INFO - Processing /home/airflow/.local/lib/python3.8/site-packages/airflow/example_dags/tutorial_objectstorage.py took 0.057 seconds
[2024-03-06T14:36:24.865+0000] {processor.py:161} INFO - Started process (PID=336) to work on /home/airflow/.local/lib/python3.8/site-packages/airflow/example_dags/tutorial_objectstorage.py
[2024-03-06T14:36:24.866+0000] {processor.py:830} INFO - Processing file /home/airflow/.local/lib/python3.8/site-packages/airflow/example_dags/tutorial_objectstorage.py for tasks to queue
[2024-03-06T14:36:24.867+0000] {logging_mixin.py:188} INFO - [2024-03-06T14:36:24.867+0000] {dagbag.py:540} INFO - Filling up the DagBag from /home/airflow/.local/lib/python3.8/site-packages/airflow/example_dags/tutorial_objectstorage.py
[2024-03-06T14:36:24.874+0000] {processor.py:840} INFO - DAG(s) 'tutorial_objectstorage' retrieved from /home/airflow/.local/lib/python3.8/site-packages/airflow/example_dags/tutorial_objectstorage.py
[2024-03-06T14:36:24.892+0000] {logging_mixin.py:188} INFO - [2024-03-06T14:36:24.891+0000] {dag.py:3047} INFO - Sync 1 DAGs
[2024-03-06T14:36:24.904+0000] {logging_mixin.py:188} INFO - [2024-03-06T14:36:24.904+0000] {dag.py:3834} INFO - Setting next_dagrun for tutorial_objectstorage to None, run_after=None
[2024-03-06T14:36:24.924+0000] {processor.py:183} INFO - Processing /home/airflow/.local/lib/python3.8/site-packages/airflow/example_dags/tutorial_objectstorage.py took 0.062 seconds
[2024-03-06T14:36:55.398+0000] {processor.py:161} INFO - Started process (PID=391) to work on /home/airflow/.local/lib/python3.8/site-packages/airflow/example_dags/tutorial_objectstorage.py
[2024-03-06T14:36:55.399+0000] {processor.py:830} INFO - Processing file /home/airflow/.local/lib/python3.8/site-packages/airflow/example_dags/tutorial_objectstorage.py for tasks to queue
[2024-03-06T14:36:55.401+0000] {logging_mixin.py:188} INFO - [2024-03-06T14:36:55.401+0000] {dagbag.py:540} INFO - Filling up the DagBag from /home/airflow/.local/lib/python3.8/site-packages/airflow/example_dags/tutorial_objectstorage.py
[2024-03-06T14:36:55.408+0000] {processor.py:840} INFO - DAG(s) 'tutorial_objectstorage' retrieved from /home/airflow/.local/lib/python3.8/site-packages/airflow/example_dags/tutorial_objectstorage.py
[2024-03-06T14:36:55.428+0000] {logging_mixin.py:188} INFO - [2024-03-06T14:36:55.428+0000] {dag.py:3047} INFO - Sync 1 DAGs
[2024-03-06T14:36:55.443+0000] {logging_mixin.py:188} INFO - [2024-03-06T14:36:55.443+0000] {dag.py:3834} INFO - Setting next_dagrun for tutorial_objectstorage to None, run_after=None
[2024-03-06T14:36:55.469+0000] {processor.py:183} INFO - Processing /home/airflow/.local/lib/python3.8/site-packages/airflow/example_dags/tutorial_objectstorage.py took 0.074 seconds
[2024-03-06T14:37:26.201+0000] {processor.py:161} INFO - Started process (PID=446) to work on /home/airflow/.local/lib/python3.8/site-packages/airflow/example_dags/tutorial_objectstorage.py
[2024-03-06T14:37:26.202+0000] {processor.py:830} INFO - Processing file /home/airflow/.local/lib/python3.8/site-packages/airflow/example_dags/tutorial_objectstorage.py for tasks to queue
[2024-03-06T14:37:26.203+0000] {logging_mixin.py:188} INFO - [2024-03-06T14:37:26.203+0000] {dagbag.py:540} INFO - Filling up the DagBag from /home/airflow/.local/lib/python3.8/site-packages/airflow/example_dags/tutorial_objectstorage.py
[2024-03-06T14:37:26.209+0000] {processor.py:840} INFO - DAG(s) 'tutorial_objectstorage' retrieved from /home/airflow/.local/lib/python3.8/site-packages/airflow/example_dags/tutorial_objectstorage.py
[2024-03-06T14:37:26.228+0000] {logging_mixin.py:188} INFO - [2024-03-06T14:37:26.228+0000] {dag.py:3047} INFO - Sync 1 DAGs
[2024-03-06T14:37:26.240+0000] {logging_mixin.py:188} INFO - [2024-03-06T14:37:26.240+0000] {dag.py:3834} INFO - Setting next_dagrun for tutorial_objectstorage to None, run_after=None
[2024-03-06T14:37:26.259+0000] {processor.py:183} INFO - Processing /home/airflow/.local/lib/python3.8/site-packages/airflow/example_dags/tutorial_objectstorage.py took 0.061 seconds
[2024-03-06T14:37:56.360+0000] {processor.py:161} INFO - Started process (PID=501) to work on /home/airflow/.local/lib/python3.8/site-packages/airflow/example_dags/tutorial_objectstorage.py
[2024-03-06T14:37:56.361+0000] {processor.py:830} INFO - Processing file /home/airflow/.local/lib/python3.8/site-packages/airflow/example_dags/tutorial_objectstorage.py for tasks to queue
[2024-03-06T14:37:56.362+0000] {logging_mixin.py:188} INFO - [2024-03-06T14:37:56.362+0000] {dagbag.py:540} INFO - Filling up the DagBag from /home/airflow/.local/lib/python3.8/site-packages/airflow/example_dags/tutorial_objectstorage.py
[2024-03-06T14:37:56.368+0000] {processor.py:840} INFO - DAG(s) 'tutorial_objectstorage' retrieved from /home/airflow/.local/lib/python3.8/site-packages/airflow/example_dags/tutorial_objectstorage.py
[2024-03-06T14:37:56.387+0000] {logging_mixin.py:188} INFO - [2024-03-06T14:37:56.386+0000] {dag.py:3047} INFO - Sync 1 DAGs
[2024-03-06T14:37:56.402+0000] {logging_mixin.py:188} INFO - [2024-03-06T14:37:56.401+0000] {dag.py:3834} INFO - Setting next_dagrun for tutorial_objectstorage to None, run_after=None
[2024-03-06T14:37:56.423+0000] {processor.py:183} INFO - Processing /home/airflow/.local/lib/python3.8/site-packages/airflow/example_dags/tutorial_objectstorage.py took 0.066 seconds
[2024-03-06T14:38:26.965+0000] {processor.py:161} INFO - Started process (PID=556) to work on /home/airflow/.local/lib/python3.8/site-packages/airflow/example_dags/tutorial_objectstorage.py
[2024-03-06T14:38:26.966+0000] {processor.py:830} INFO - Processing file /home/airflow/.local/lib/python3.8/site-packages/airflow/example_dags/tutorial_objectstorage.py for tasks to queue
[2024-03-06T14:38:26.967+0000] {logging_mixin.py:188} INFO - [2024-03-06T14:38:26.967+0000] {dagbag.py:540} INFO - Filling up the DagBag from /home/airflow/.local/lib/python3.8/site-packages/airflow/example_dags/tutorial_objectstorage.py
[2024-03-06T14:38:26.973+0000] {processor.py:840} INFO - DAG(s) 'tutorial_objectstorage' retrieved from /home/airflow/.local/lib/python3.8/site-packages/airflow/example_dags/tutorial_objectstorage.py
[2024-03-06T14:38:26.990+0000] {logging_mixin.py:188} INFO - [2024-03-06T14:38:26.990+0000] {dag.py:3047} INFO - Sync 1 DAGs
[2024-03-06T14:38:27.003+0000] {logging_mixin.py:188} INFO - [2024-03-06T14:38:27.003+0000] {dag.py:3834} INFO - Setting next_dagrun for tutorial_objectstorage to None, run_after=None
[2024-03-06T14:38:27.020+0000] {processor.py:183} INFO - Processing /home/airflow/.local/lib/python3.8/site-packages/airflow/example_dags/tutorial_objectstorage.py took 0.058 seconds
[2024-03-06T14:38:57.292+0000] {processor.py:161} INFO - Started process (PID=611) to work on /home/airflow/.local/lib/python3.8/site-packages/airflow/example_dags/tutorial_objectstorage.py
[2024-03-06T14:38:57.292+0000] {processor.py:830} INFO - Processing file /home/airflow/.local/lib/python3.8/site-packages/airflow/example_dags/tutorial_objectstorage.py for tasks to queue
[2024-03-06T14:38:57.294+0000] {logging_mixin.py:188} INFO - [2024-03-06T14:38:57.294+0000] {dagbag.py:540} INFO - Filling up the DagBag from /home/airflow/.local/lib/python3.8/site-packages/airflow/example_dags/tutorial_objectstorage.py
[2024-03-06T14:38:57.302+0000] {processor.py:840} INFO - DAG(s) 'tutorial_objectstorage' retrieved from /home/airflow/.local/lib/python3.8/site-packages/airflow/example_dags/tutorial_objectstorage.py
[2024-03-06T14:38:57.315+0000] {logging_mixin.py:188} INFO - [2024-03-06T14:38:57.315+0000] {dag.py:3047} INFO - Sync 1 DAGs
[2024-03-06T14:38:57.331+0000] {logging_mixin.py:188} INFO - [2024-03-06T14:38:57.331+0000] {dag.py:3834} INFO - Setting next_dagrun for tutorial_objectstorage to None, run_after=None
[2024-03-06T14:38:57.352+0000] {processor.py:183} INFO - Processing /home/airflow/.local/lib/python3.8/site-packages/airflow/example_dags/tutorial_objectstorage.py took 0.064 seconds
[2024-03-06T14:39:27.779+0000] {processor.py:161} INFO - Started process (PID=666) to work on /home/airflow/.local/lib/python3.8/site-packages/airflow/example_dags/tutorial_objectstorage.py
[2024-03-06T14:39:27.780+0000] {processor.py:830} INFO - Processing file /home/airflow/.local/lib/python3.8/site-packages/airflow/example_dags/tutorial_objectstorage.py for tasks to queue
[2024-03-06T14:39:27.781+0000] {logging_mixin.py:188} INFO - [2024-03-06T14:39:27.781+0000] {dagbag.py:540} INFO - Filling up the DagBag from /home/airflow/.local/lib/python3.8/site-packages/airflow/example_dags/tutorial_objectstorage.py
[2024-03-06T14:39:27.787+0000] {processor.py:840} INFO - DAG(s) 'tutorial_objectstorage' retrieved from /home/airflow/.local/lib/python3.8/site-packages/airflow/example_dags/tutorial_objectstorage.py
[2024-03-06T14:39:27.887+0000] {logging_mixin.py:188} INFO - [2024-03-06T14:39:27.887+0000] {dag.py:3047} INFO - Sync 1 DAGs
[2024-03-06T14:39:27.898+0000] {logging_mixin.py:188} INFO - [2024-03-06T14:39:27.898+0000] {dag.py:3834} INFO - Setting next_dagrun for tutorial_objectstorage to None, run_after=None
[2024-03-06T14:39:27.917+0000] {processor.py:183} INFO - Processing /home/airflow/.local/lib/python3.8/site-packages/airflow/example_dags/tutorial_objectstorage.py took 0.141 seconds
[2024-03-06T14:43:27.458+0000] {processor.py:161} INFO - Started process (PID=61) to work on /home/airflow/.local/lib/python3.8/site-packages/airflow/example_dags/tutorial_objectstorage.py
[2024-03-06T14:43:27.459+0000] {processor.py:830} INFO - Processing file /home/airflow/.local/lib/python3.8/site-packages/airflow/example_dags/tutorial_objectstorage.py for tasks to queue
[2024-03-06T14:43:27.461+0000] {logging_mixin.py:188} INFO - [2024-03-06T14:43:27.460+0000] {dagbag.py:540} INFO - Filling up the DagBag from /home/airflow/.local/lib/python3.8/site-packages/airflow/example_dags/tutorial_objectstorage.py
[2024-03-06T14:43:27.468+0000] {processor.py:840} INFO - DAG(s) 'tutorial_objectstorage' retrieved from /home/airflow/.local/lib/python3.8/site-packages/airflow/example_dags/tutorial_objectstorage.py
[2024-03-06T14:43:27.557+0000] {logging_mixin.py:188} INFO - [2024-03-06T14:43:27.556+0000] {override.py:1769} INFO - Created Permission View: can delete on DAG:tutorial_objectstorage
[2024-03-06T14:43:27.566+0000] {logging_mixin.py:188} INFO - [2024-03-06T14:43:27.566+0000] {override.py:1769} INFO - Created Permission View: can read on DAG:tutorial_objectstorage
[2024-03-06T14:43:27.573+0000] {logging_mixin.py:188} INFO - [2024-03-06T14:43:27.573+0000] {override.py:1769} INFO - Created Permission View: can edit on DAG:tutorial_objectstorage
[2024-03-06T14:43:27.573+0000] {logging_mixin.py:188} INFO - [2024-03-06T14:43:27.573+0000] {dag.py:3047} INFO - Sync 1 DAGs
[2024-03-06T14:43:27.583+0000] {logging_mixin.py:188} INFO - [2024-03-06T14:43:27.583+0000] {dag.py:3069} INFO - Creating ORM DAG for tutorial_objectstorage
[2024-03-06T14:43:27.584+0000] {logging_mixin.py:188} INFO - [2024-03-06T14:43:27.584+0000] {dag.py:3834} INFO - Setting next_dagrun for tutorial_objectstorage to None, run_after=None
[2024-03-06T14:43:27.599+0000] {processor.py:183} INFO - Processing /home/airflow/.local/lib/python3.8/site-packages/airflow/example_dags/tutorial_objectstorage.py took 0.144 seconds
[2024-03-06T14:43:57.731+0000] {processor.py:161} INFO - Started process (PID=116) to work on /home/airflow/.local/lib/python3.8/site-packages/airflow/example_dags/tutorial_objectstorage.py
[2024-03-06T14:43:57.732+0000] {processor.py:830} INFO - Processing file /home/airflow/.local/lib/python3.8/site-packages/airflow/example_dags/tutorial_objectstorage.py for tasks to queue
[2024-03-06T14:43:57.734+0000] {logging_mixin.py:188} INFO - [2024-03-06T14:43:57.734+0000] {dagbag.py:540} INFO - Filling up the DagBag from /home/airflow/.local/lib/python3.8/site-packages/airflow/example_dags/tutorial_objectstorage.py
[2024-03-06T14:43:57.740+0000] {processor.py:840} INFO - DAG(s) 'tutorial_objectstorage' retrieved from /home/airflow/.local/lib/python3.8/site-packages/airflow/example_dags/tutorial_objectstorage.py
[2024-03-06T14:43:57.759+0000] {logging_mixin.py:188} INFO - [2024-03-06T14:43:57.758+0000] {dag.py:3047} INFO - Sync 1 DAGs
[2024-03-06T14:43:57.772+0000] {logging_mixin.py:188} INFO - [2024-03-06T14:43:57.772+0000] {dag.py:3834} INFO - Setting next_dagrun for tutorial_objectstorage to None, run_after=None
[2024-03-06T14:43:57.801+0000] {processor.py:183} INFO - Processing /home/airflow/.local/lib/python3.8/site-packages/airflow/example_dags/tutorial_objectstorage.py took 0.073 seconds
[2024-03-06T14:44:28.234+0000] {processor.py:161} INFO - Started process (PID=171) to work on /home/airflow/.local/lib/python3.8/site-packages/airflow/example_dags/tutorial_objectstorage.py
[2024-03-06T14:44:28.235+0000] {processor.py:830} INFO - Processing file /home/airflow/.local/lib/python3.8/site-packages/airflow/example_dags/tutorial_objectstorage.py for tasks to queue
[2024-03-06T14:44:28.237+0000] {logging_mixin.py:188} INFO - [2024-03-06T14:44:28.236+0000] {dagbag.py:540} INFO - Filling up the DagBag from /home/airflow/.local/lib/python3.8/site-packages/airflow/example_dags/tutorial_objectstorage.py
[2024-03-06T14:44:28.242+0000] {processor.py:840} INFO - DAG(s) 'tutorial_objectstorage' retrieved from /home/airflow/.local/lib/python3.8/site-packages/airflow/example_dags/tutorial_objectstorage.py
[2024-03-06T14:44:28.260+0000] {logging_mixin.py:188} INFO - [2024-03-06T14:44:28.260+0000] {dag.py:3047} INFO - Sync 1 DAGs
[2024-03-06T14:44:28.271+0000] {logging_mixin.py:188} INFO - [2024-03-06T14:44:28.271+0000] {dag.py:3834} INFO - Setting next_dagrun for tutorial_objectstorage to None, run_after=None
[2024-03-06T14:44:28.289+0000] {processor.py:183} INFO - Processing /home/airflow/.local/lib/python3.8/site-packages/airflow/example_dags/tutorial_objectstorage.py took 0.058 seconds
[2024-03-06T14:44:58.718+0000] {processor.py:161} INFO - Started process (PID=226) to work on /home/airflow/.local/lib/python3.8/site-packages/airflow/example_dags/tutorial_objectstorage.py
[2024-03-06T14:44:58.719+0000] {processor.py:830} INFO - Processing file /home/airflow/.local/lib/python3.8/site-packages/airflow/example_dags/tutorial_objectstorage.py for tasks to queue
[2024-03-06T14:44:58.721+0000] {logging_mixin.py:188} INFO - [2024-03-06T14:44:58.720+0000] {dagbag.py:540} INFO - Filling up the DagBag from /home/airflow/.local/lib/python3.8/site-packages/airflow/example_dags/tutorial_objectstorage.py
[2024-03-06T14:44:58.726+0000] {processor.py:840} INFO - DAG(s) 'tutorial_objectstorage' retrieved from /home/airflow/.local/lib/python3.8/site-packages/airflow/example_dags/tutorial_objectstorage.py
[2024-03-06T14:44:58.743+0000] {logging_mixin.py:188} INFO - [2024-03-06T14:44:58.743+0000] {dag.py:3047} INFO - Sync 1 DAGs
[2024-03-06T14:44:58.756+0000] {logging_mixin.py:188} INFO - [2024-03-06T14:44:58.755+0000] {dag.py:3834} INFO - Setting next_dagrun for tutorial_objectstorage to None, run_after=None
[2024-03-06T14:44:58.775+0000] {processor.py:183} INFO - Processing /home/airflow/.local/lib/python3.8/site-packages/airflow/example_dags/tutorial_objectstorage.py took 0.060 seconds
[2024-03-06T14:45:29.270+0000] {processor.py:161} INFO - Started process (PID=281) to work on /home/airflow/.local/lib/python3.8/site-packages/airflow/example_dags/tutorial_objectstorage.py
[2024-03-06T14:45:29.271+0000] {processor.py:830} INFO - Processing file /home/airflow/.local/lib/python3.8/site-packages/airflow/example_dags/tutorial_objectstorage.py for tasks to queue
[2024-03-06T14:45:29.273+0000] {logging_mixin.py:188} INFO - [2024-03-06T14:45:29.273+0000] {dagbag.py:540} INFO - Filling up the DagBag from /home/airflow/.local/lib/python3.8/site-packages/airflow/example_dags/tutorial_objectstorage.py
[2024-03-06T14:45:29.279+0000] {processor.py:840} INFO - DAG(s) 'tutorial_objectstorage' retrieved from /home/airflow/.local/lib/python3.8/site-packages/airflow/example_dags/tutorial_objectstorage.py
[2024-03-06T14:45:29.297+0000] {logging_mixin.py:188} INFO - [2024-03-06T14:45:29.297+0000] {dag.py:3047} INFO - Sync 1 DAGs
[2024-03-06T14:45:29.310+0000] {logging_mixin.py:188} INFO - [2024-03-06T14:45:29.310+0000] {dag.py:3834} INFO - Setting next_dagrun for tutorial_objectstorage to None, run_after=None
[2024-03-06T14:45:29.329+0000] {processor.py:183} INFO - Processing /home/airflow/.local/lib/python3.8/site-packages/airflow/example_dags/tutorial_objectstorage.py took 0.062 seconds
[2024-03-06T14:45:59.905+0000] {processor.py:161} INFO - Started process (PID=336) to work on /home/airflow/.local/lib/python3.8/site-packages/airflow/example_dags/tutorial_objectstorage.py
[2024-03-06T14:45:59.907+0000] {processor.py:830} INFO - Processing file /home/airflow/.local/lib/python3.8/site-packages/airflow/example_dags/tutorial_objectstorage.py for tasks to queue
[2024-03-06T14:45:59.910+0000] {logging_mixin.py:188} INFO - [2024-03-06T14:45:59.909+0000] {dagbag.py:540} INFO - Filling up the DagBag from /home/airflow/.local/lib/python3.8/site-packages/airflow/example_dags/tutorial_objectstorage.py
[2024-03-06T14:45:59.917+0000] {processor.py:840} INFO - DAG(s) 'tutorial_objectstorage' retrieved from /home/airflow/.local/lib/python3.8/site-packages/airflow/example_dags/tutorial_objectstorage.py
[2024-03-06T14:45:59.934+0000] {logging_mixin.py:188} INFO - [2024-03-06T14:45:59.934+0000] {dag.py:3047} INFO - Sync 1 DAGs
[2024-03-06T14:45:59.952+0000] {logging_mixin.py:188} INFO - [2024-03-06T14:45:59.952+0000] {dag.py:3834} INFO - Setting next_dagrun for tutorial_objectstorage to None, run_after=None
[2024-03-06T14:45:59.979+0000] {processor.py:183} INFO - Processing /home/airflow/.local/lib/python3.8/site-packages/airflow/example_dags/tutorial_objectstorage.py took 0.077 seconds
