[2024-03-11T18:08:46.983+0000] {taskinstance.py:1979} INFO - Dependencies all met for dep_context=non-requeueable deps ti=<TaskInstance: BashOperator.Hello_with_bash scheduled__2023-07-23T00:00:00+00:00 [queued]>
[2024-03-11T18:08:46.997+0000] {taskinstance.py:1979} INFO - Dependencies all met for dep_context=requeueable deps ti=<TaskInstance: BashOperator.Hello_with_bash scheduled__2023-07-23T00:00:00+00:00 [queued]>
[2024-03-11T18:08:46.998+0000] {taskinstance.py:2193} INFO - Starting attempt 1 of 1
[2024-03-11T18:08:47.022+0000] {taskinstance.py:2214} INFO - Executing <Task(BashOperator): Hello_with_bash> on 2023-07-23 00:00:00+00:00
[2024-03-11T18:08:47.028+0000] {standard_task_runner.py:60} INFO - Started process 3245 to run task
[2024-03-11T18:08:47.034+0000] {standard_task_runner.py:87} INFO - Running: ['***', 'tasks', 'run', 'BashOperator', 'Hello_with_bash', 'scheduled__2023-07-23T00:00:00+00:00', '--job-id', '393', '--raw', '--subdir', 'DAGS_FOLDER/1PrimerDag.py', '--cfg-path', '/tmp/tmputrmn81a']
[2024-03-11T18:08:47.035+0000] {standard_task_runner.py:88} INFO - Job 393: Subtask Hello_with_bash
[2024-03-11T18:08:47.146+0000] {task_command.py:423} INFO - Running <TaskInstance: BashOperator.Hello_with_bash scheduled__2023-07-23T00:00:00+00:00 [running]> on host 482398f6ce07
[2024-03-11T18:08:47.323+0000] {taskinstance.py:2510} INFO - Exporting env vars: AIRFLOW_CTX_DAG_OWNER='***' AIRFLOW_CTX_DAG_ID='BashOperator' AIRFLOW_CTX_TASK_ID='Hello_with_bash' AIRFLOW_CTX_EXECUTION_DATE='2023-07-23T00:00:00+00:00' AIRFLOW_CTX_TRY_NUMBER='1' AIRFLOW_CTX_DAG_RUN_ID='scheduled__2023-07-23T00:00:00+00:00'
[2024-03-11T18:08:47.327+0000] {subprocess.py:63} INFO - Tmp dir root location: /tmp
[2024-03-11T18:08:47.330+0000] {subprocess.py:75} INFO - Running command: ['/usr/bin/bash', '-c', "echo'Hola este es mi primer BashOperator'"]
[2024-03-11T18:08:47.350+0000] {subprocess.py:86} INFO - Output:
[2024-03-11T18:08:47.353+0000] {subprocess.py:93} INFO - /usr/bin/bash: line 1: echoHola este es mi primer BashOperator: command not found
[2024-03-11T18:08:47.354+0000] {subprocess.py:97} INFO - Command exited with return code 127
[2024-03-11T18:08:47.384+0000] {taskinstance.py:2728} ERROR - Task failed with exception
Traceback (most recent call last):
  File "/home/airflow/.local/lib/python3.8/site-packages/airflow/models/taskinstance.py", line 444, in _execute_task
    result = _execute_callable(context=context, **execute_callable_kwargs)
  File "/home/airflow/.local/lib/python3.8/site-packages/airflow/models/taskinstance.py", line 414, in _execute_callable
    return execute_callable(context=context, **execute_callable_kwargs)
  File "/home/airflow/.local/lib/python3.8/site-packages/airflow/operators/bash.py", line 212, in execute
    raise AirflowException(
airflow.exceptions.AirflowException: Bash command failed. The command returned a non-zero exit code 127.
[2024-03-11T18:08:47.389+0000] {taskinstance.py:1149} INFO - Marking task as FAILED. dag_id=BashOperator, task_id=Hello_with_bash, execution_date=20230723T000000, start_date=20240311T180846, end_date=20240311T180847
[2024-03-11T18:08:47.421+0000] {standard_task_runner.py:107} ERROR - Failed to execute job 393 for task Hello_with_bash (Bash command failed. The command returned a non-zero exit code 127.; 3245)
[2024-03-11T18:08:47.459+0000] {local_task_job_runner.py:234} INFO - Task exited with return code 1
[2024-03-11T18:08:47.505+0000] {taskinstance.py:3309} INFO - 0 downstream tasks scheduled from follow-on schedule check
