[2024-03-11T17:56:04.708+0000] {processor.py:161} INFO - Started process (PID=1877) to work on /opt/airflow/dags/1-primer-dag.py
[2024-03-11T17:56:04.709+0000] {processor.py:830} INFO - Processing file /opt/airflow/dags/1-primer-dag.py for tasks to queue
[2024-03-11T17:56:04.710+0000] {logging_mixin.py:188} INFO - [2024-03-11T17:56:04.710+0000] {dagbag.py:540} INFO - Filling up the DagBag from /opt/airflow/dags/1-primer-dag.py
[2024-03-11T17:56:04.713+0000] {logging_mixin.py:188} INFO - [2024-03-11T17:56:04.712+0000] {dagbag.py:350} ERROR - Failed to import: /opt/airflow/dags/1-primer-dag.py
Traceback (most recent call last):
  File "/home/airflow/.local/lib/python3.8/site-packages/airflow/models/dagbag.py", line 346, in parse
    loader.exec_module(new_module)
  File "<frozen importlib._bootstrap_external>", line 839, in exec_module
  File "<frozen importlib._bootstrap_external>", line 976, in get_code
  File "<frozen importlib._bootstrap_external>", line 906, in source_to_code
  File "<frozen importlib._bootstrap>", line 219, in _call_with_frames_removed
  File "/opt/airflow/dags/1-primer-dag.py", line 9
    )
    ^
SyntaxError: invalid syntax
[2024-03-11T17:56:04.714+0000] {processor.py:842} WARNING - No viable dags retrieved from /opt/airflow/dags/1-primer-dag.py
[2024-03-11T17:56:04.733+0000] {processor.py:183} INFO - Processing /opt/airflow/dags/1-primer-dag.py took 0.029 seconds
[2024-03-11T17:56:08.756+0000] {processor.py:161} INFO - Started process (PID=1878) to work on /opt/airflow/dags/1-primer-dag.py
[2024-03-11T17:56:08.758+0000] {processor.py:830} INFO - Processing file /opt/airflow/dags/1-primer-dag.py for tasks to queue
[2024-03-11T17:56:08.760+0000] {logging_mixin.py:188} INFO - [2024-03-11T17:56:08.759+0000] {dagbag.py:540} INFO - Filling up the DagBag from /opt/airflow/dags/1-primer-dag.py
[2024-03-11T17:56:08.767+0000] {logging_mixin.py:188} INFO - [2024-03-11T17:56:08.764+0000] {dagbag.py:350} ERROR - Failed to import: /opt/airflow/dags/1-primer-dag.py
Traceback (most recent call last):
  File "/home/airflow/.local/lib/python3.8/site-packages/airflow/models/dagbag.py", line 346, in parse
    loader.exec_module(new_module)
  File "<frozen importlib._bootstrap_external>", line 839, in exec_module
  File "<frozen importlib._bootstrap_external>", line 976, in get_code
  File "<frozen importlib._bootstrap_external>", line 906, in source_to_code
  File "<frozen importlib._bootstrap>", line 219, in _call_with_frames_removed
  File "/opt/airflow/dags/1-primer-dag.py", line 10
    )
    ^
SyntaxError: invalid syntax
[2024-03-11T17:56:08.768+0000] {processor.py:842} WARNING - No viable dags retrieved from /opt/airflow/dags/1-primer-dag.py
[2024-03-11T17:56:08.796+0000] {processor.py:183} INFO - Processing /opt/airflow/dags/1-primer-dag.py took 0.047 seconds
[2024-03-11T17:56:11.802+0000] {processor.py:161} INFO - Started process (PID=1879) to work on /opt/airflow/dags/1-primer-dag.py
[2024-03-11T17:56:11.803+0000] {processor.py:830} INFO - Processing file /opt/airflow/dags/1-primer-dag.py for tasks to queue
[2024-03-11T17:56:11.804+0000] {logging_mixin.py:188} INFO - [2024-03-11T17:56:11.803+0000] {dagbag.py:540} INFO - Filling up the DagBag from /opt/airflow/dags/1-primer-dag.py
[2024-03-11T17:56:11.806+0000] {logging_mixin.py:188} INFO - [2024-03-11T17:56:11.805+0000] {dagbag.py:350} ERROR - Failed to import: /opt/airflow/dags/1-primer-dag.py
Traceback (most recent call last):
  File "/home/airflow/.local/lib/python3.8/site-packages/airflow/models/dagbag.py", line 346, in parse
    loader.exec_module(new_module)
  File "<frozen importlib._bootstrap_external>", line 839, in exec_module
  File "<frozen importlib._bootstrap_external>", line 976, in get_code
  File "<frozen importlib._bootstrap_external>", line 906, in source_to_code
  File "<frozen importlib._bootstrap>", line 219, in _call_with_frames_removed
  File "/opt/airflow/dags/1-primer-dag.py", line 10
    )
    ^
SyntaxError: invalid syntax
[2024-03-11T17:56:11.806+0000] {processor.py:842} WARNING - No viable dags retrieved from /opt/airflow/dags/1-primer-dag.py
[2024-03-11T17:56:11.825+0000] {processor.py:183} INFO - Processing /opt/airflow/dags/1-primer-dag.py took 0.026 seconds
[2024-03-11T17:56:12.850+0000] {processor.py:161} INFO - Started process (PID=1880) to work on /opt/airflow/dags/1-primer-dag.py
[2024-03-11T17:56:12.851+0000] {processor.py:830} INFO - Processing file /opt/airflow/dags/1-primer-dag.py for tasks to queue
[2024-03-11T17:56:12.852+0000] {logging_mixin.py:188} INFO - [2024-03-11T17:56:12.851+0000] {dagbag.py:540} INFO - Filling up the DagBag from /opt/airflow/dags/1-primer-dag.py
[2024-03-11T17:56:12.855+0000] {logging_mixin.py:188} INFO - [2024-03-11T17:56:12.854+0000] {dagbag.py:350} ERROR - Failed to import: /opt/airflow/dags/1-primer-dag.py
Traceback (most recent call last):
  File "/home/airflow/.local/lib/python3.8/site-packages/airflow/models/dagbag.py", line 346, in parse
    loader.exec_module(new_module)
  File "<frozen importlib._bootstrap_external>", line 839, in exec_module
  File "<frozen importlib._bootstrap_external>", line 976, in get_code
  File "<frozen importlib._bootstrap_external>", line 906, in source_to_code
  File "<frozen importlib._bootstrap>", line 219, in _call_with_frames_removed
  File "/opt/airflow/dags/1-primer-dag.py", line 10
    )
    ^
SyntaxError: invalid syntax
[2024-03-11T17:56:12.855+0000] {processor.py:842} WARNING - No viable dags retrieved from /opt/airflow/dags/1-primer-dag.py
[2024-03-11T17:56:12.873+0000] {processor.py:183} INFO - Processing /opt/airflow/dags/1-primer-dag.py took 0.026 seconds
[2024-03-11T17:56:14.866+0000] {processor.py:161} INFO - Started process (PID=1887) to work on /opt/airflow/dags/1-primer-dag.py
[2024-03-11T17:56:14.868+0000] {processor.py:830} INFO - Processing file /opt/airflow/dags/1-primer-dag.py for tasks to queue
[2024-03-11T17:56:14.869+0000] {logging_mixin.py:188} INFO - [2024-03-11T17:56:14.868+0000] {dagbag.py:540} INFO - Filling up the DagBag from /opt/airflow/dags/1-primer-dag.py
[2024-03-11T17:56:14.872+0000] {logging_mixin.py:188} INFO - [2024-03-11T17:56:14.872+0000] {dagbag.py:350} ERROR - Failed to import: /opt/airflow/dags/1-primer-dag.py
Traceback (most recent call last):
  File "/home/airflow/.local/lib/python3.8/site-packages/airflow/models/dagbag.py", line 346, in parse
    loader.exec_module(new_module)
  File "<frozen importlib._bootstrap_external>", line 839, in exec_module
  File "<frozen importlib._bootstrap_external>", line 976, in get_code
  File "<frozen importlib._bootstrap_external>", line 906, in source_to_code
  File "<frozen importlib._bootstrap>", line 219, in _call_with_frames_removed
  File "/opt/airflow/dags/1-primer-dag.py", line 10
    )
    ^
SyntaxError: invalid syntax
[2024-03-11T17:56:14.873+0000] {processor.py:842} WARNING - No viable dags retrieved from /opt/airflow/dags/1-primer-dag.py
[2024-03-11T17:56:14.892+0000] {processor.py:183} INFO - Processing /opt/airflow/dags/1-primer-dag.py took 0.030 seconds
[2024-03-11T17:56:21.951+0000] {processor.py:161} INFO - Started process (PID=1888) to work on /opt/airflow/dags/1-primer-dag.py
[2024-03-11T17:56:21.953+0000] {processor.py:830} INFO - Processing file /opt/airflow/dags/1-primer-dag.py for tasks to queue
[2024-03-11T17:56:21.955+0000] {logging_mixin.py:188} INFO - [2024-03-11T17:56:21.955+0000] {dagbag.py:540} INFO - Filling up the DagBag from /opt/airflow/dags/1-primer-dag.py
[2024-03-11T17:56:21.960+0000] {logging_mixin.py:188} INFO - [2024-03-11T17:56:21.959+0000] {dagbag.py:350} ERROR - Failed to import: /opt/airflow/dags/1-primer-dag.py
Traceback (most recent call last):
  File "/home/airflow/.local/lib/python3.8/site-packages/airflow/models/dagbag.py", line 346, in parse
    loader.exec_module(new_module)
  File "<frozen importlib._bootstrap_external>", line 839, in exec_module
  File "<frozen importlib._bootstrap_external>", line 976, in get_code
  File "<frozen importlib._bootstrap_external>", line 906, in source_to_code
  File "<frozen importlib._bootstrap>", line 219, in _call_with_frames_removed
  File "/opt/airflow/dags/1-primer-dag.py", line 10
    )
    ^
SyntaxError: invalid syntax
[2024-03-11T17:56:21.960+0000] {processor.py:842} WARNING - No viable dags retrieved from /opt/airflow/dags/1-primer-dag.py
[2024-03-11T17:56:21.994+0000] {processor.py:183} INFO - Processing /opt/airflow/dags/1-primer-dag.py took 0.049 seconds
[2024-03-11T17:56:26.994+0000] {processor.py:161} INFO - Started process (PID=1890) to work on /opt/airflow/dags/1-primer-dag.py
[2024-03-11T17:56:26.996+0000] {processor.py:830} INFO - Processing file /opt/airflow/dags/1-primer-dag.py for tasks to queue
[2024-03-11T17:56:26.997+0000] {logging_mixin.py:188} INFO - [2024-03-11T17:56:26.997+0000] {dagbag.py:540} INFO - Filling up the DagBag from /opt/airflow/dags/1-primer-dag.py
[2024-03-11T17:56:27.001+0000] {logging_mixin.py:188} INFO - [2024-03-11T17:56:27.000+0000] {dagbag.py:350} ERROR - Failed to import: /opt/airflow/dags/1-primer-dag.py
Traceback (most recent call last):
  File "/home/airflow/.local/lib/python3.8/site-packages/airflow/models/dagbag.py", line 346, in parse
    loader.exec_module(new_module)
  File "<frozen importlib._bootstrap_external>", line 839, in exec_module
  File "<frozen importlib._bootstrap_external>", line 976, in get_code
  File "<frozen importlib._bootstrap_external>", line 906, in source_to_code
  File "<frozen importlib._bootstrap>", line 219, in _call_with_frames_removed
  File "/opt/airflow/dags/1-primer-dag.py", line 10
    )
    ^
SyntaxError: invalid syntax
[2024-03-11T17:56:27.002+0000] {processor.py:842} WARNING - No viable dags retrieved from /opt/airflow/dags/1-primer-dag.py
[2024-03-11T17:56:27.029+0000] {processor.py:183} INFO - Processing /opt/airflow/dags/1-primer-dag.py took 0.039 seconds
[2024-03-11T17:56:33.070+0000] {processor.py:161} INFO - Started process (PID=1891) to work on /opt/airflow/dags/1-primer-dag.py
[2024-03-11T17:56:33.071+0000] {processor.py:830} INFO - Processing file /opt/airflow/dags/1-primer-dag.py for tasks to queue
[2024-03-11T17:56:33.072+0000] {logging_mixin.py:188} INFO - [2024-03-11T17:56:33.072+0000] {dagbag.py:540} INFO - Filling up the DagBag from /opt/airflow/dags/1-primer-dag.py
[2024-03-11T17:56:33.074+0000] {logging_mixin.py:188} INFO - [2024-03-11T17:56:33.074+0000] {dagbag.py:350} ERROR - Failed to import: /opt/airflow/dags/1-primer-dag.py
Traceback (most recent call last):
  File "/home/airflow/.local/lib/python3.8/site-packages/airflow/models/dagbag.py", line 346, in parse
    loader.exec_module(new_module)
  File "<frozen importlib._bootstrap_external>", line 839, in exec_module
  File "<frozen importlib._bootstrap_external>", line 976, in get_code
  File "<frozen importlib._bootstrap_external>", line 906, in source_to_code
  File "<frozen importlib._bootstrap>", line 219, in _call_with_frames_removed
  File "/opt/airflow/dags/1-primer-dag.py", line 11
    )
    ^
SyntaxError: invalid syntax
[2024-03-11T17:56:33.075+0000] {processor.py:842} WARNING - No viable dags retrieved from /opt/airflow/dags/1-primer-dag.py
[2024-03-11T17:56:33.092+0000] {processor.py:183} INFO - Processing /opt/airflow/dags/1-primer-dag.py took 0.025 seconds
[2024-03-11T17:56:42.127+0000] {processor.py:161} INFO - Started process (PID=1892) to work on /opt/airflow/dags/1-primer-dag.py
[2024-03-11T17:56:42.128+0000] {processor.py:830} INFO - Processing file /opt/airflow/dags/1-primer-dag.py for tasks to queue
[2024-03-11T17:56:42.129+0000] {logging_mixin.py:188} INFO - [2024-03-11T17:56:42.129+0000] {dagbag.py:540} INFO - Filling up the DagBag from /opt/airflow/dags/1-primer-dag.py
[2024-03-11T17:56:42.132+0000] {logging_mixin.py:188} INFO - [2024-03-11T17:56:42.131+0000] {dagbag.py:350} ERROR - Failed to import: /opt/airflow/dags/1-primer-dag.py
Traceback (most recent call last):
  File "/home/airflow/.local/lib/python3.8/site-packages/airflow/models/dagbag.py", line 346, in parse
    loader.exec_module(new_module)
  File "<frozen importlib._bootstrap_external>", line 839, in exec_module
  File "<frozen importlib._bootstrap_external>", line 976, in get_code
  File "<frozen importlib._bootstrap_external>", line 906, in source_to_code
  File "<frozen importlib._bootstrap>", line 219, in _call_with_frames_removed
  File "/opt/airflow/dags/1-primer-dag.py", line 11
    ) as dag:
            ^
SyntaxError: unexpected EOF while parsing
[2024-03-11T17:56:42.133+0000] {processor.py:842} WARNING - No viable dags retrieved from /opt/airflow/dags/1-primer-dag.py
[2024-03-11T17:56:42.162+0000] {processor.py:183} INFO - Processing /opt/airflow/dags/1-primer-dag.py took 0.039 seconds
[2024-03-11T17:56:47.192+0000] {processor.py:161} INFO - Started process (PID=1899) to work on /opt/airflow/dags/1-primer-dag.py
[2024-03-11T17:56:47.194+0000] {processor.py:830} INFO - Processing file /opt/airflow/dags/1-primer-dag.py for tasks to queue
[2024-03-11T17:56:47.197+0000] {logging_mixin.py:188} INFO - [2024-03-11T17:56:47.197+0000] {dagbag.py:540} INFO - Filling up the DagBag from /opt/airflow/dags/1-primer-dag.py
[2024-03-11T17:56:47.208+0000] {logging_mixin.py:188} INFO - [2024-03-11T17:56:47.206+0000] {dagbag.py:350} ERROR - Failed to import: /opt/airflow/dags/1-primer-dag.py
Traceback (most recent call last):
  File "/home/airflow/.local/lib/python3.8/site-packages/airflow/models/dagbag.py", line 346, in parse
    loader.exec_module(new_module)
  File "<frozen importlib._bootstrap_external>", line 839, in exec_module
  File "<frozen importlib._bootstrap_external>", line 976, in get_code
  File "<frozen importlib._bootstrap_external>", line 906, in source_to_code
  File "<frozen importlib._bootstrap>", line 219, in _call_with_frames_removed
  File "/opt/airflow/dags/1-primer-dag.py", line 9
    ) as dag:
            ^
SyntaxError: unexpected EOF while parsing
[2024-03-11T17:56:47.209+0000] {processor.py:842} WARNING - No viable dags retrieved from /opt/airflow/dags/1-primer-dag.py
[2024-03-11T17:56:47.258+0000] {processor.py:183} INFO - Processing /opt/airflow/dags/1-primer-dag.py took 0.074 seconds
[2024-03-11T17:56:52.247+0000] {processor.py:161} INFO - Started process (PID=1900) to work on /opt/airflow/dags/1-primer-dag.py
[2024-03-11T17:56:52.248+0000] {processor.py:830} INFO - Processing file /opt/airflow/dags/1-primer-dag.py for tasks to queue
[2024-03-11T17:56:52.249+0000] {logging_mixin.py:188} INFO - [2024-03-11T17:56:52.249+0000] {dagbag.py:540} INFO - Filling up the DagBag from /opt/airflow/dags/1-primer-dag.py
[2024-03-11T17:56:52.252+0000] {logging_mixin.py:188} INFO - [2024-03-11T17:56:52.251+0000] {dagbag.py:350} ERROR - Failed to import: /opt/airflow/dags/1-primer-dag.py
Traceback (most recent call last):
  File "/home/airflow/.local/lib/python3.8/site-packages/airflow/models/dagbag.py", line 346, in parse
    loader.exec_module(new_module)
  File "<frozen importlib._bootstrap_external>", line 839, in exec_module
  File "<frozen importlib._bootstrap_external>", line 976, in get_code
  File "<frozen importlib._bootstrap_external>", line 906, in source_to_code
  File "<frozen importlib._bootstrap>", line 219, in _call_with_frames_removed
  File "/opt/airflow/dags/1-primer-dag.py", line 10
    
    ^
SyntaxError: unexpected EOF while parsing
[2024-03-11T17:56:52.252+0000] {processor.py:842} WARNING - No viable dags retrieved from /opt/airflow/dags/1-primer-dag.py
[2024-03-11T17:56:52.273+0000] {processor.py:183} INFO - Processing /opt/airflow/dags/1-primer-dag.py took 0.030 seconds
[2024-03-11T17:56:53.270+0000] {processor.py:161} INFO - Started process (PID=1901) to work on /opt/airflow/dags/1-primer-dag.py
[2024-03-11T17:56:53.271+0000] {processor.py:830} INFO - Processing file /opt/airflow/dags/1-primer-dag.py for tasks to queue
[2024-03-11T17:56:53.272+0000] {logging_mixin.py:188} INFO - [2024-03-11T17:56:53.271+0000] {dagbag.py:540} INFO - Filling up the DagBag from /opt/airflow/dags/1-primer-dag.py
[2024-03-11T17:56:53.282+0000] {logging_mixin.py:188} INFO - [2024-03-11T17:56:53.280+0000] {dagbag.py:350} ERROR - Failed to import: /opt/airflow/dags/1-primer-dag.py
Traceback (most recent call last):
  File "/home/airflow/.local/lib/python3.8/site-packages/airflow/models/dagbag.py", line 346, in parse
    loader.exec_module(new_module)
  File "<frozen importlib._bootstrap_external>", line 843, in exec_module
  File "<frozen importlib._bootstrap>", line 219, in _call_with_frames_removed
  File "/opt/airflow/dags/1-primer-dag.py", line 10, in <module>
    t1
NameError: name 't1' is not defined
[2024-03-11T17:56:53.284+0000] {processor.py:842} WARNING - No viable dags retrieved from /opt/airflow/dags/1-primer-dag.py
[2024-03-11T17:56:53.319+0000] {processor.py:183} INFO - Processing /opt/airflow/dags/1-primer-dag.py took 0.056 seconds
[2024-03-11T17:56:58.382+0000] {processor.py:161} INFO - Started process (PID=1903) to work on /opt/airflow/dags/1-primer-dag.py
[2024-03-11T17:56:58.383+0000] {processor.py:830} INFO - Processing file /opt/airflow/dags/1-primer-dag.py for tasks to queue
[2024-03-11T17:56:58.384+0000] {logging_mixin.py:188} INFO - [2024-03-11T17:56:58.384+0000] {dagbag.py:540} INFO - Filling up the DagBag from /opt/airflow/dags/1-primer-dag.py
[2024-03-11T17:56:58.391+0000] {logging_mixin.py:188} INFO - [2024-03-11T17:56:58.389+0000] {dagbag.py:350} ERROR - Failed to import: /opt/airflow/dags/1-primer-dag.py
Traceback (most recent call last):
  File "/home/airflow/.local/lib/python3.8/site-packages/airflow/models/dagbag.py", line 346, in parse
    loader.exec_module(new_module)
  File "<frozen importlib._bootstrap_external>", line 839, in exec_module
  File "<frozen importlib._bootstrap_external>", line 976, in get_code
  File "<frozen importlib._bootstrap_external>", line 906, in source_to_code
  File "<frozen importlib._bootstrap>", line 219, in _call_with_frames_removed
  File "/opt/airflow/dags/1-primer-dag.py", line 3
    from
        ^
SyntaxError: invalid syntax
[2024-03-11T17:56:58.392+0000] {processor.py:842} WARNING - No viable dags retrieved from /opt/airflow/dags/1-primer-dag.py
[2024-03-11T17:56:58.429+0000] {processor.py:183} INFO - Processing /opt/airflow/dags/1-primer-dag.py took 0.052 seconds
[2024-03-11T17:57:02.417+0000] {processor.py:161} INFO - Started process (PID=1904) to work on /opt/airflow/dags/1-primer-dag.py
[2024-03-11T17:57:02.420+0000] {processor.py:830} INFO - Processing file /opt/airflow/dags/1-primer-dag.py for tasks to queue
[2024-03-11T17:57:02.422+0000] {logging_mixin.py:188} INFO - [2024-03-11T17:57:02.422+0000] {dagbag.py:540} INFO - Filling up the DagBag from /opt/airflow/dags/1-primer-dag.py
[2024-03-11T17:57:02.428+0000] {logging_mixin.py:188} INFO - [2024-03-11T17:57:02.426+0000] {dagbag.py:350} ERROR - Failed to import: /opt/airflow/dags/1-primer-dag.py
Traceback (most recent call last):
  File "/home/airflow/.local/lib/python3.8/site-packages/airflow/models/dagbag.py", line 346, in parse
    loader.exec_module(new_module)
  File "<frozen importlib._bootstrap_external>", line 839, in exec_module
  File "<frozen importlib._bootstrap_external>", line 976, in get_code
  File "<frozen importlib._bootstrap_external>", line 906, in source_to_code
  File "<frozen importlib._bootstrap>", line 219, in _call_with_frames_removed
  File "/opt/airflow/dags/1-primer-dag.py", line 3
    from airflow
               ^
SyntaxError: invalid syntax
[2024-03-11T17:57:02.428+0000] {processor.py:842} WARNING - No viable dags retrieved from /opt/airflow/dags/1-primer-dag.py
[2024-03-11T17:57:02.473+0000] {processor.py:183} INFO - Processing /opt/airflow/dags/1-primer-dag.py took 0.063 seconds
[2024-03-11T17:57:06.510+0000] {processor.py:161} INFO - Started process (PID=1905) to work on /opt/airflow/dags/1-primer-dag.py
[2024-03-11T17:57:06.512+0000] {processor.py:830} INFO - Processing file /opt/airflow/dags/1-primer-dag.py for tasks to queue
[2024-03-11T17:57:06.513+0000] {logging_mixin.py:188} INFO - [2024-03-11T17:57:06.513+0000] {dagbag.py:540} INFO - Filling up the DagBag from /opt/airflow/dags/1-primer-dag.py
[2024-03-11T17:57:06.524+0000] {logging_mixin.py:188} INFO - [2024-03-11T17:57:06.522+0000] {dagbag.py:350} ERROR - Failed to import: /opt/airflow/dags/1-primer-dag.py
Traceback (most recent call last):
  File "/home/airflow/.local/lib/python3.8/site-packages/airflow/models/dagbag.py", line 346, in parse
    loader.exec_module(new_module)
  File "<frozen importlib._bootstrap_external>", line 839, in exec_module
  File "<frozen importlib._bootstrap_external>", line 976, in get_code
  File "<frozen importlib._bootstrap_external>", line 906, in source_to_code
  File "<frozen importlib._bootstrap>", line 219, in _call_with_frames_removed
  File "/opt/airflow/dags/1-primer-dag.py", line 3
    from airflow.operator
                        ^
SyntaxError: invalid syntax
[2024-03-11T17:57:06.525+0000] {processor.py:842} WARNING - No viable dags retrieved from /opt/airflow/dags/1-primer-dag.py
[2024-03-11T17:57:06.569+0000] {processor.py:183} INFO - Processing /opt/airflow/dags/1-primer-dag.py took 0.065 seconds
[2024-03-11T17:57:09.538+0000] {processor.py:161} INFO - Started process (PID=1906) to work on /opt/airflow/dags/1-primer-dag.py
[2024-03-11T17:57:09.539+0000] {processor.py:830} INFO - Processing file /opt/airflow/dags/1-primer-dag.py for tasks to queue
[2024-03-11T17:57:09.540+0000] {logging_mixin.py:188} INFO - [2024-03-11T17:57:09.539+0000] {dagbag.py:540} INFO - Filling up the DagBag from /opt/airflow/dags/1-primer-dag.py
[2024-03-11T17:57:09.542+0000] {logging_mixin.py:188} INFO - [2024-03-11T17:57:09.542+0000] {dagbag.py:350} ERROR - Failed to import: /opt/airflow/dags/1-primer-dag.py
Traceback (most recent call last):
  File "/home/airflow/.local/lib/python3.8/site-packages/airflow/models/dagbag.py", line 346, in parse
    loader.exec_module(new_module)
  File "<frozen importlib._bootstrap_external>", line 839, in exec_module
  File "<frozen importlib._bootstrap_external>", line 976, in get_code
  File "<frozen importlib._bootstrap_external>", line 906, in source_to_code
  File "<frozen importlib._bootstrap>", line 219, in _call_with_frames_removed
  File "/opt/airflow/dags/1-primer-dag.py", line 3
    from airflow.operators.
                          ^
SyntaxError: invalid syntax
[2024-03-11T17:57:09.543+0000] {processor.py:842} WARNING - No viable dags retrieved from /opt/airflow/dags/1-primer-dag.py
[2024-03-11T17:57:09.568+0000] {processor.py:183} INFO - Processing /opt/airflow/dags/1-primer-dag.py took 0.033 seconds
[2024-03-11T17:57:11.574+0000] {processor.py:161} INFO - Started process (PID=1907) to work on /opt/airflow/dags/1-primer-dag.py
[2024-03-11T17:57:11.575+0000] {processor.py:830} INFO - Processing file /opt/airflow/dags/1-primer-dag.py for tasks to queue
[2024-03-11T17:57:11.577+0000] {logging_mixin.py:188} INFO - [2024-03-11T17:57:11.576+0000] {dagbag.py:540} INFO - Filling up the DagBag from /opt/airflow/dags/1-primer-dag.py
[2024-03-11T17:57:11.580+0000] {logging_mixin.py:188} INFO - [2024-03-11T17:57:11.579+0000] {dagbag.py:350} ERROR - Failed to import: /opt/airflow/dags/1-primer-dag.py
Traceback (most recent call last):
  File "/home/airflow/.local/lib/python3.8/site-packages/airflow/models/dagbag.py", line 346, in parse
    loader.exec_module(new_module)
  File "<frozen importlib._bootstrap_external>", line 839, in exec_module
  File "<frozen importlib._bootstrap_external>", line 976, in get_code
  File "<frozen importlib._bootstrap_external>", line 906, in source_to_code
  File "<frozen importlib._bootstrap>", line 219, in _call_with_frames_removed
  File "/opt/airflow/dags/1-primer-dag.py", line 3
    from airflow.operators.bash
                              ^
SyntaxError: invalid syntax
[2024-03-11T17:57:11.580+0000] {processor.py:842} WARNING - No viable dags retrieved from /opt/airflow/dags/1-primer-dag.py
[2024-03-11T17:57:11.604+0000] {processor.py:183} INFO - Processing /opt/airflow/dags/1-primer-dag.py took 0.042 seconds
[2024-03-11T17:57:16.643+0000] {processor.py:161} INFO - Started process (PID=1914) to work on /opt/airflow/dags/1-primer-dag.py
[2024-03-11T17:57:16.644+0000] {processor.py:830} INFO - Processing file /opt/airflow/dags/1-primer-dag.py for tasks to queue
[2024-03-11T17:57:16.645+0000] {logging_mixin.py:188} INFO - [2024-03-11T17:57:16.645+0000] {dagbag.py:540} INFO - Filling up the DagBag from /opt/airflow/dags/1-primer-dag.py
[2024-03-11T17:57:16.649+0000] {logging_mixin.py:188} INFO - [2024-03-11T17:57:16.648+0000] {dagbag.py:350} ERROR - Failed to import: /opt/airflow/dags/1-primer-dag.py
Traceback (most recent call last):
  File "/home/airflow/.local/lib/python3.8/site-packages/airflow/models/dagbag.py", line 346, in parse
    loader.exec_module(new_module)
  File "<frozen importlib._bootstrap_external>", line 843, in exec_module
  File "<frozen importlib._bootstrap>", line 219, in _call_with_frames_removed
  File "/opt/airflow/dags/1-primer-dag.py", line 3, in <module>
    from airflow.operators.bash import Bash
ImportError: cannot import name 'Bash' from 'airflow.operators.bash' (/home/airflow/.local/lib/python3.8/site-packages/airflow/operators/bash.py)
[2024-03-11T17:57:16.649+0000] {processor.py:842} WARNING - No viable dags retrieved from /opt/airflow/dags/1-primer-dag.py
[2024-03-11T17:57:16.670+0000] {processor.py:183} INFO - Processing /opt/airflow/dags/1-primer-dag.py took 0.031 seconds
[2024-03-11T17:57:20.673+0000] {processor.py:161} INFO - Started process (PID=1915) to work on /opt/airflow/dags/1-primer-dag.py
[2024-03-11T17:57:20.674+0000] {processor.py:830} INFO - Processing file /opt/airflow/dags/1-primer-dag.py for tasks to queue
[2024-03-11T17:57:20.675+0000] {logging_mixin.py:188} INFO - [2024-03-11T17:57:20.674+0000] {dagbag.py:540} INFO - Filling up the DagBag from /opt/airflow/dags/1-primer-dag.py
[2024-03-11T17:57:20.680+0000] {logging_mixin.py:188} INFO - [2024-03-11T17:57:20.679+0000] {dagbag.py:350} ERROR - Failed to import: /opt/airflow/dags/1-primer-dag.py
Traceback (most recent call last):
  File "/home/airflow/.local/lib/python3.8/site-packages/airflow/models/dagbag.py", line 346, in parse
    loader.exec_module(new_module)
  File "<frozen importlib._bootstrap_external>", line 843, in exec_module
  File "<frozen importlib._bootstrap>", line 219, in _call_with_frames_removed
  File "/opt/airflow/dags/1-primer-dag.py", line 11, in <module>
    t1
NameError: name 't1' is not defined
[2024-03-11T17:57:20.680+0000] {processor.py:842} WARNING - No viable dags retrieved from /opt/airflow/dags/1-primer-dag.py
[2024-03-11T17:57:20.700+0000] {processor.py:183} INFO - Processing /opt/airflow/dags/1-primer-dag.py took 0.030 seconds
[2024-03-11T17:57:24.756+0000] {processor.py:161} INFO - Started process (PID=1916) to work on /opt/airflow/dags/1-primer-dag.py
[2024-03-11T17:57:24.759+0000] {processor.py:830} INFO - Processing file /opt/airflow/dags/1-primer-dag.py for tasks to queue
[2024-03-11T17:57:24.760+0000] {logging_mixin.py:188} INFO - [2024-03-11T17:57:24.759+0000] {dagbag.py:540} INFO - Filling up the DagBag from /opt/airflow/dags/1-primer-dag.py
[2024-03-11T17:57:24.764+0000] {logging_mixin.py:188} INFO - [2024-03-11T17:57:24.763+0000] {dagbag.py:350} ERROR - Failed to import: /opt/airflow/dags/1-primer-dag.py
Traceback (most recent call last):
  File "/home/airflow/.local/lib/python3.8/site-packages/airflow/models/dagbag.py", line 346, in parse
    loader.exec_module(new_module)
  File "<frozen importlib._bootstrap_external>", line 839, in exec_module
  File "<frozen importlib._bootstrap_external>", line 976, in get_code
  File "<frozen importlib._bootstrap_external>", line 906, in source_to_code
  File "<frozen importlib._bootstrap>", line 219, in _call_with_frames_removed
  File "/opt/airflow/dags/1-primer-dag.py", line 11
    t1 Bas
       ^
SyntaxError: invalid syntax
[2024-03-11T17:57:24.765+0000] {processor.py:842} WARNING - No viable dags retrieved from /opt/airflow/dags/1-primer-dag.py
[2024-03-11T17:57:24.789+0000] {processor.py:183} INFO - Processing /opt/airflow/dags/1-primer-dag.py took 0.038 seconds
[2024-03-11T17:57:28.790+0000] {processor.py:161} INFO - Started process (PID=1918) to work on /opt/airflow/dags/1-primer-dag.py
[2024-03-11T17:57:28.791+0000] {processor.py:830} INFO - Processing file /opt/airflow/dags/1-primer-dag.py for tasks to queue
[2024-03-11T17:57:28.792+0000] {logging_mixin.py:188} INFO - [2024-03-11T17:57:28.792+0000] {dagbag.py:540} INFO - Filling up the DagBag from /opt/airflow/dags/1-primer-dag.py
[2024-03-11T17:57:28.796+0000] {logging_mixin.py:188} INFO - [2024-03-11T17:57:28.795+0000] {dagbag.py:350} ERROR - Failed to import: /opt/airflow/dags/1-primer-dag.py
Traceback (most recent call last):
  File "/home/airflow/.local/lib/python3.8/site-packages/airflow/models/dagbag.py", line 346, in parse
    loader.exec_module(new_module)
  File "<frozen importlib._bootstrap_external>", line 839, in exec_module
  File "<frozen importlib._bootstrap_external>", line 976, in get_code
  File "<frozen importlib._bootstrap_external>", line 906, in source_to_code
  File "<frozen importlib._bootstrap>", line 219, in _call_with_frames_removed
  File "/opt/airflow/dags/1-primer-dag.py", line 11
    t1 BashOperator(tas)
       ^
SyntaxError: invalid syntax
[2024-03-11T17:57:28.797+0000] {processor.py:842} WARNING - No viable dags retrieved from /opt/airflow/dags/1-primer-dag.py
[2024-03-11T17:57:28.816+0000] {processor.py:183} INFO - Processing /opt/airflow/dags/1-primer-dag.py took 0.031 seconds
[2024-03-11T17:57:31.843+0000] {processor.py:161} INFO - Started process (PID=1919) to work on /opt/airflow/dags/1-primer-dag.py
[2024-03-11T17:57:31.844+0000] {processor.py:830} INFO - Processing file /opt/airflow/dags/1-primer-dag.py for tasks to queue
[2024-03-11T17:57:31.845+0000] {logging_mixin.py:188} INFO - [2024-03-11T17:57:31.845+0000] {dagbag.py:540} INFO - Filling up the DagBag from /opt/airflow/dags/1-primer-dag.py
[2024-03-11T17:57:31.850+0000] {logging_mixin.py:188} INFO - [2024-03-11T17:57:31.850+0000] {dagbag.py:350} ERROR - Failed to import: /opt/airflow/dags/1-primer-dag.py
Traceback (most recent call last):
  File "/home/airflow/.local/lib/python3.8/site-packages/airflow/models/dagbag.py", line 346, in parse
    loader.exec_module(new_module)
  File "<frozen importlib._bootstrap_external>", line 843, in exec_module
  File "<frozen importlib._bootstrap>", line 219, in _call_with_frames_removed
  File "/opt/airflow/dags/1-primer-dag.py", line 11, in <module>
    t1 = BashOperator(tas)
NameError: name 'tas' is not defined
[2024-03-11T17:57:31.851+0000] {processor.py:842} WARNING - No viable dags retrieved from /opt/airflow/dags/1-primer-dag.py
[2024-03-11T17:57:31.868+0000] {processor.py:183} INFO - Processing /opt/airflow/dags/1-primer-dag.py took 0.032 seconds
[2024-03-11T17:57:33.872+0000] {processor.py:161} INFO - Started process (PID=1920) to work on /opt/airflow/dags/1-primer-dag.py
[2024-03-11T17:57:33.873+0000] {processor.py:830} INFO - Processing file /opt/airflow/dags/1-primer-dag.py for tasks to queue
[2024-03-11T17:57:33.875+0000] {logging_mixin.py:188} INFO - [2024-03-11T17:57:33.874+0000] {dagbag.py:540} INFO - Filling up the DagBag from /opt/airflow/dags/1-primer-dag.py
[2024-03-11T17:57:33.884+0000] {logging_mixin.py:188} INFO - [2024-03-11T17:57:33.882+0000] {dagbag.py:350} ERROR - Failed to import: /opt/airflow/dags/1-primer-dag.py
Traceback (most recent call last):
  File "/home/airflow/.local/lib/python3.8/site-packages/airflow/models/dagbag.py", line 346, in parse
    loader.exec_module(new_module)
  File "<frozen importlib._bootstrap_external>", line 843, in exec_module
  File "<frozen importlib._bootstrap>", line 219, in _call_with_frames_removed
  File "/opt/airflow/dags/1-primer-dag.py", line 11, in <module>
    t1 = BashOperator(tas)
NameError: name 'tas' is not defined
[2024-03-11T17:57:33.885+0000] {processor.py:842} WARNING - No viable dags retrieved from /opt/airflow/dags/1-primer-dag.py
[2024-03-11T17:57:33.911+0000] {processor.py:183} INFO - Processing /opt/airflow/dags/1-primer-dag.py took 0.045 seconds
[2024-03-11T17:57:36.927+0000] {processor.py:161} INFO - Started process (PID=1921) to work on /opt/airflow/dags/1-primer-dag.py
[2024-03-11T17:57:36.929+0000] {processor.py:830} INFO - Processing file /opt/airflow/dags/1-primer-dag.py for tasks to queue
[2024-03-11T17:57:36.930+0000] {logging_mixin.py:188} INFO - [2024-03-11T17:57:36.930+0000] {dagbag.py:540} INFO - Filling up the DagBag from /opt/airflow/dags/1-primer-dag.py
[2024-03-11T17:57:36.942+0000] {logging_mixin.py:188} INFO - [2024-03-11T17:57:36.940+0000] {dagbag.py:350} ERROR - Failed to import: /opt/airflow/dags/1-primer-dag.py
Traceback (most recent call last):
  File "/home/airflow/.local/lib/python3.8/site-packages/airflow/models/dagbag.py", line 346, in parse
    loader.exec_module(new_module)
  File "<frozen importlib._bootstrap_external>", line 843, in exec_module
  File "<frozen importlib._bootstrap>", line 219, in _call_with_frames_removed
  File "/opt/airflow/dags/1-primer-dag.py", line 11, in <module>
    t1 = BashOperator(task_id)
NameError: name 'task_id' is not defined
[2024-03-11T17:57:36.944+0000] {processor.py:842} WARNING - No viable dags retrieved from /opt/airflow/dags/1-primer-dag.py
[2024-03-11T17:57:36.981+0000] {processor.py:183} INFO - Processing /opt/airflow/dags/1-primer-dag.py took 0.063 seconds
[2024-03-11T17:57:48.051+0000] {processor.py:161} INFO - Started process (PID=1928) to work on /opt/airflow/dags/1-primer-dag.py
[2024-03-11T17:57:48.053+0000] {processor.py:830} INFO - Processing file /opt/airflow/dags/1-primer-dag.py for tasks to queue
[2024-03-11T17:57:48.054+0000] {logging_mixin.py:188} INFO - [2024-03-11T17:57:48.054+0000] {dagbag.py:540} INFO - Filling up the DagBag from /opt/airflow/dags/1-primer-dag.py
[2024-03-11T17:57:48.066+0000] {logging_mixin.py:188} INFO - [2024-03-11T17:57:48.062+0000] {dagbag.py:350} ERROR - Failed to import: /opt/airflow/dags/1-primer-dag.py
Traceback (most recent call last):
  File "/home/airflow/.local/lib/python3.8/site-packages/airflow/models/dagbag.py", line 346, in parse
    loader.exec_module(new_module)
  File "<frozen importlib._bootstrap_external>", line 843, in exec_module
  File "<frozen importlib._bootstrap>", line 219, in _call_with_frames_removed
  File "/opt/airflow/dags/1-primer-dag.py", line 11, in <module>
    t1 = BashOperator(task_id='')
  File "/home/airflow/.local/lib/python3.8/site-packages/airflow/models/baseoperator.py", line 420, in apply_defaults
    raise AirflowException(f"missing keyword argument {missing_args.pop()!r}")
airflow.exceptions.AirflowException: missing keyword argument 'bash_command'
[2024-03-11T17:57:48.068+0000] {processor.py:842} WARNING - No viable dags retrieved from /opt/airflow/dags/1-primer-dag.py
[2024-03-11T17:57:48.103+0000] {processor.py:183} INFO - Processing /opt/airflow/dags/1-primer-dag.py took 0.058 seconds
[2024-03-11T17:57:50.078+0000] {processor.py:161} INFO - Started process (PID=1929) to work on /opt/airflow/dags/1-primer-dag.py
[2024-03-11T17:57:50.079+0000] {processor.py:830} INFO - Processing file /opt/airflow/dags/1-primer-dag.py for tasks to queue
[2024-03-11T17:57:50.080+0000] {logging_mixin.py:188} INFO - [2024-03-11T17:57:50.079+0000] {dagbag.py:540} INFO - Filling up the DagBag from /opt/airflow/dags/1-primer-dag.py
[2024-03-11T17:57:50.086+0000] {logging_mixin.py:188} INFO - [2024-03-11T17:57:50.085+0000] {dagbag.py:350} ERROR - Failed to import: /opt/airflow/dags/1-primer-dag.py
Traceback (most recent call last):
  File "/home/airflow/.local/lib/python3.8/site-packages/airflow/models/dagbag.py", line 346, in parse
    loader.exec_module(new_module)
  File "<frozen importlib._bootstrap_external>", line 843, in exec_module
  File "<frozen importlib._bootstrap>", line 219, in _call_with_frames_removed
  File "/opt/airflow/dags/1-primer-dag.py", line 11, in <module>
    t1 = BashOperator(task_id='H')
  File "/home/airflow/.local/lib/python3.8/site-packages/airflow/models/baseoperator.py", line 420, in apply_defaults
    raise AirflowException(f"missing keyword argument {missing_args.pop()!r}")
airflow.exceptions.AirflowException: missing keyword argument 'bash_command'
[2024-03-11T17:57:50.087+0000] {processor.py:842} WARNING - No viable dags retrieved from /opt/airflow/dags/1-primer-dag.py
[2024-03-11T17:57:50.119+0000] {processor.py:183} INFO - Processing /opt/airflow/dags/1-primer-dag.py took 0.045 seconds
[2024-03-11T17:57:52.104+0000] {processor.py:161} INFO - Started process (PID=1930) to work on /opt/airflow/dags/1-primer-dag.py
[2024-03-11T17:57:52.105+0000] {processor.py:830} INFO - Processing file /opt/airflow/dags/1-primer-dag.py for tasks to queue
[2024-03-11T17:57:52.110+0000] {logging_mixin.py:188} INFO - [2024-03-11T17:57:52.108+0000] {dagbag.py:540} INFO - Filling up the DagBag from /opt/airflow/dags/1-primer-dag.py
[2024-03-11T17:57:52.141+0000] {logging_mixin.py:188} INFO - [2024-03-11T17:57:52.137+0000] {dagbag.py:350} ERROR - Failed to import: /opt/airflow/dags/1-primer-dag.py
Traceback (most recent call last):
  File "/home/airflow/.local/lib/python3.8/site-packages/airflow/models/dagbag.py", line 346, in parse
    loader.exec_module(new_module)
  File "<frozen importlib._bootstrap_external>", line 843, in exec_module
  File "<frozen importlib._bootstrap>", line 219, in _call_with_frames_removed
  File "/opt/airflow/dags/1-primer-dag.py", line 11, in <module>
    t1 = BashOperator(task_id='Hello')
  File "/home/airflow/.local/lib/python3.8/site-packages/airflow/models/baseoperator.py", line 420, in apply_defaults
    raise AirflowException(f"missing keyword argument {missing_args.pop()!r}")
airflow.exceptions.AirflowException: missing keyword argument 'bash_command'
[2024-03-11T17:57:52.141+0000] {processor.py:842} WARNING - No viable dags retrieved from /opt/airflow/dags/1-primer-dag.py
[2024-03-11T17:57:52.171+0000] {processor.py:183} INFO - Processing /opt/airflow/dags/1-primer-dag.py took 0.071 seconds
[2024-03-11T17:57:55.188+0000] {processor.py:161} INFO - Started process (PID=1931) to work on /opt/airflow/dags/1-primer-dag.py
[2024-03-11T17:57:55.190+0000] {processor.py:830} INFO - Processing file /opt/airflow/dags/1-primer-dag.py for tasks to queue
[2024-03-11T17:57:55.192+0000] {logging_mixin.py:188} INFO - [2024-03-11T17:57:55.191+0000] {dagbag.py:540} INFO - Filling up the DagBag from /opt/airflow/dags/1-primer-dag.py
[2024-03-11T17:57:55.207+0000] {logging_mixin.py:188} INFO - [2024-03-11T17:57:55.203+0000] {dagbag.py:350} ERROR - Failed to import: /opt/airflow/dags/1-primer-dag.py
Traceback (most recent call last):
  File "/home/airflow/.local/lib/python3.8/site-packages/airflow/models/dagbag.py", line 346, in parse
    loader.exec_module(new_module)
  File "<frozen importlib._bootstrap_external>", line 843, in exec_module
  File "<frozen importlib._bootstrap>", line 219, in _call_with_frames_removed
  File "/opt/airflow/dags/1-primer-dag.py", line 11, in <module>
    t1 = BashOperator(task_id='Hello_wit')
  File "/home/airflow/.local/lib/python3.8/site-packages/airflow/models/baseoperator.py", line 420, in apply_defaults
    raise AirflowException(f"missing keyword argument {missing_args.pop()!r}")
airflow.exceptions.AirflowException: missing keyword argument 'bash_command'
[2024-03-11T17:57:55.208+0000] {processor.py:842} WARNING - No viable dags retrieved from /opt/airflow/dags/1-primer-dag.py
[2024-03-11T17:57:55.244+0000] {processor.py:183} INFO - Processing /opt/airflow/dags/1-primer-dag.py took 0.064 seconds
[2024-03-11T17:57:59.303+0000] {processor.py:161} INFO - Started process (PID=1933) to work on /opt/airflow/dags/1-primer-dag.py
[2024-03-11T17:57:59.304+0000] {processor.py:830} INFO - Processing file /opt/airflow/dags/1-primer-dag.py for tasks to queue
[2024-03-11T17:57:59.305+0000] {logging_mixin.py:188} INFO - [2024-03-11T17:57:59.305+0000] {dagbag.py:540} INFO - Filling up the DagBag from /opt/airflow/dags/1-primer-dag.py
[2024-03-11T17:57:59.311+0000] {logging_mixin.py:188} INFO - [2024-03-11T17:57:59.309+0000] {dagbag.py:350} ERROR - Failed to import: /opt/airflow/dags/1-primer-dag.py
Traceback (most recent call last):
  File "/home/airflow/.local/lib/python3.8/site-packages/airflow/models/dagbag.py", line 346, in parse
    loader.exec_module(new_module)
  File "<frozen importlib._bootstrap_external>", line 843, in exec_module
  File "<frozen importlib._bootstrap>", line 219, in _call_with_frames_removed
  File "/opt/airflow/dags/1-primer-dag.py", line 11, in <module>
    t1 = BashOperator(task_id='Hello_with')
  File "/home/airflow/.local/lib/python3.8/site-packages/airflow/models/baseoperator.py", line 420, in apply_defaults
    raise AirflowException(f"missing keyword argument {missing_args.pop()!r}")
airflow.exceptions.AirflowException: missing keyword argument 'bash_command'
[2024-03-11T17:57:59.311+0000] {processor.py:842} WARNING - No viable dags retrieved from /opt/airflow/dags/1-primer-dag.py
[2024-03-11T17:57:59.327+0000] {processor.py:183} INFO - Processing /opt/airflow/dags/1-primer-dag.py took 0.028 seconds
[2024-03-11T17:58:01.322+0000] {processor.py:161} INFO - Started process (PID=1934) to work on /opt/airflow/dags/1-primer-dag.py
[2024-03-11T17:58:01.323+0000] {processor.py:830} INFO - Processing file /opt/airflow/dags/1-primer-dag.py for tasks to queue
[2024-03-11T17:58:01.324+0000] {logging_mixin.py:188} INFO - [2024-03-11T17:58:01.324+0000] {dagbag.py:540} INFO - Filling up the DagBag from /opt/airflow/dags/1-primer-dag.py
[2024-03-11T17:58:01.331+0000] {logging_mixin.py:188} INFO - [2024-03-11T17:58:01.330+0000] {dagbag.py:350} ERROR - Failed to import: /opt/airflow/dags/1-primer-dag.py
Traceback (most recent call last):
  File "/home/airflow/.local/lib/python3.8/site-packages/airflow/models/dagbag.py", line 346, in parse
    loader.exec_module(new_module)
  File "<frozen importlib._bootstrap_external>", line 843, in exec_module
  File "<frozen importlib._bootstrap>", line 219, in _call_with_frames_removed
  File "/opt/airflow/dags/1-primer-dag.py", line 11, in <module>
    t1 = BashOperator(task_id='Hello_with_bash')
  File "/home/airflow/.local/lib/python3.8/site-packages/airflow/models/baseoperator.py", line 420, in apply_defaults
    raise AirflowException(f"missing keyword argument {missing_args.pop()!r}")
airflow.exceptions.AirflowException: missing keyword argument 'bash_command'
[2024-03-11T17:58:01.332+0000] {processor.py:842} WARNING - No viable dags retrieved from /opt/airflow/dags/1-primer-dag.py
[2024-03-11T17:58:01.350+0000] {processor.py:183} INFO - Processing /opt/airflow/dags/1-primer-dag.py took 0.033 seconds
[2024-03-11T17:58:11.404+0000] {processor.py:161} INFO - Started process (PID=1935) to work on /opt/airflow/dags/1-primer-dag.py
[2024-03-11T17:58:11.411+0000] {processor.py:830} INFO - Processing file /opt/airflow/dags/1-primer-dag.py for tasks to queue
[2024-03-11T17:58:11.412+0000] {logging_mixin.py:188} INFO - [2024-03-11T17:58:11.411+0000] {dagbag.py:540} INFO - Filling up the DagBag from /opt/airflow/dags/1-primer-dag.py
[2024-03-11T17:58:11.414+0000] {logging_mixin.py:188} INFO - [2024-03-11T17:58:11.414+0000] {dagbag.py:350} ERROR - Failed to import: /opt/airflow/dags/1-primer-dag.py
Traceback (most recent call last):
  File "/home/airflow/.local/lib/python3.8/site-packages/airflow/models/dagbag.py", line 346, in parse
    loader.exec_module(new_module)
  File "<frozen importlib._bootstrap_external>", line 839, in exec_module
  File "<frozen importlib._bootstrap_external>", line 976, in get_code
  File "<frozen importlib._bootstrap_external>", line 906, in source_to_code
  File "<frozen importlib._bootstrap>", line 219, in _call_with_frames_removed
  File "/opt/airflow/dags/1-primer-dag.py", line 12
    bash)
    ^
SyntaxError: positional argument follows keyword argument
[2024-03-11T17:58:11.415+0000] {processor.py:842} WARNING - No viable dags retrieved from /opt/airflow/dags/1-primer-dag.py
[2024-03-11T17:58:11.436+0000] {processor.py:183} INFO - Processing /opt/airflow/dags/1-primer-dag.py took 0.036 seconds
[2024-03-11T17:58:14.454+0000] {processor.py:161} INFO - Started process (PID=1942) to work on /opt/airflow/dags/1-primer-dag.py
[2024-03-11T17:58:14.456+0000] {processor.py:830} INFO - Processing file /opt/airflow/dags/1-primer-dag.py for tasks to queue
[2024-03-11T17:58:14.458+0000] {logging_mixin.py:188} INFO - [2024-03-11T17:58:14.458+0000] {dagbag.py:540} INFO - Filling up the DagBag from /opt/airflow/dags/1-primer-dag.py
[2024-03-11T17:58:14.465+0000] {logging_mixin.py:188} INFO - [2024-03-11T17:58:14.463+0000] {dagbag.py:350} ERROR - Failed to import: /opt/airflow/dags/1-primer-dag.py
Traceback (most recent call last):
  File "/home/airflow/.local/lib/python3.8/site-packages/airflow/models/dagbag.py", line 346, in parse
    loader.exec_module(new_module)
  File "<frozen importlib._bootstrap_external>", line 839, in exec_module
  File "<frozen importlib._bootstrap_external>", line 976, in get_code
  File "<frozen importlib._bootstrap_external>", line 906, in source_to_code
  File "<frozen importlib._bootstrap>", line 219, in _call_with_frames_removed
  File "/opt/airflow/dags/1-primer-dag.py", line 12
    bash_comando)
    ^
SyntaxError: positional argument follows keyword argument
[2024-03-11T17:58:14.466+0000] {processor.py:842} WARNING - No viable dags retrieved from /opt/airflow/dags/1-primer-dag.py
[2024-03-11T17:58:14.501+0000] {processor.py:183} INFO - Processing /opt/airflow/dags/1-primer-dag.py took 0.056 seconds
[2024-03-11T17:58:17.487+0000] {processor.py:161} INFO - Started process (PID=1943) to work on /opt/airflow/dags/1-primer-dag.py
[2024-03-11T17:58:17.488+0000] {processor.py:830} INFO - Processing file /opt/airflow/dags/1-primer-dag.py for tasks to queue
[2024-03-11T17:58:17.488+0000] {logging_mixin.py:188} INFO - [2024-03-11T17:58:17.488+0000] {dagbag.py:540} INFO - Filling up the DagBag from /opt/airflow/dags/1-primer-dag.py
[2024-03-11T17:58:17.494+0000] {logging_mixin.py:188} INFO - [2024-03-11T17:58:17.493+0000] {dagbag.py:350} ERROR - Failed to import: /opt/airflow/dags/1-primer-dag.py
Traceback (most recent call last):
  File "/home/airflow/.local/lib/python3.8/site-packages/airflow/models/dagbag.py", line 346, in parse
    loader.exec_module(new_module)
  File "<frozen importlib._bootstrap_external>", line 843, in exec_module
  File "<frozen importlib._bootstrap>", line 219, in _call_with_frames_removed
  File "/opt/airflow/dags/1-primer-dag.py", line 11, in <module>
    t1 = BashOperator(task_id='Hello_with_bash',
  File "/home/airflow/.local/lib/python3.8/site-packages/airflow/models/baseoperator.py", line 420, in apply_defaults
    raise AirflowException(f"missing keyword argument {missing_args.pop()!r}")
airflow.exceptions.AirflowException: missing keyword argument 'bash_command'
[2024-03-11T17:58:17.494+0000] {processor.py:842} WARNING - No viable dags retrieved from /opt/airflow/dags/1-primer-dag.py
[2024-03-11T17:58:17.512+0000] {processor.py:183} INFO - Processing /opt/airflow/dags/1-primer-dag.py took 0.028 seconds
[2024-03-11T17:58:22.518+0000] {processor.py:161} INFO - Started process (PID=1944) to work on /opt/airflow/dags/1-primer-dag.py
[2024-03-11T17:58:22.518+0000] {processor.py:830} INFO - Processing file /opt/airflow/dags/1-primer-dag.py for tasks to queue
[2024-03-11T17:58:22.519+0000] {logging_mixin.py:188} INFO - [2024-03-11T17:58:22.519+0000] {dagbag.py:540} INFO - Filling up the DagBag from /opt/airflow/dags/1-primer-dag.py
[2024-03-11T17:58:22.522+0000] {logging_mixin.py:188} INFO - [2024-03-11T17:58:22.521+0000] {dagbag.py:350} ERROR - Failed to import: /opt/airflow/dags/1-primer-dag.py
Traceback (most recent call last):
  File "/home/airflow/.local/lib/python3.8/site-packages/airflow/models/dagbag.py", line 346, in parse
    loader.exec_module(new_module)
  File "<frozen importlib._bootstrap_external>", line 839, in exec_module
  File "<frozen importlib._bootstrap_external>", line 976, in get_code
  File "<frozen importlib._bootstrap_external>", line 906, in source_to_code
  File "<frozen importlib._bootstrap>", line 219, in _call_with_frames_removed
  File "/opt/airflow/dags/1-primer-dag.py", line 12
    bash_comando=)
                 ^
SyntaxError: invalid syntax
[2024-03-11T17:58:22.522+0000] {processor.py:842} WARNING - No viable dags retrieved from /opt/airflow/dags/1-primer-dag.py
[2024-03-11T17:58:22.542+0000] {processor.py:183} INFO - Processing /opt/airflow/dags/1-primer-dag.py took 0.028 seconds
[2024-03-11T17:58:23.566+0000] {processor.py:161} INFO - Started process (PID=1945) to work on /opt/airflow/dags/1-primer-dag.py
[2024-03-11T17:58:23.569+0000] {processor.py:830} INFO - Processing file /opt/airflow/dags/1-primer-dag.py for tasks to queue
[2024-03-11T17:58:23.573+0000] {logging_mixin.py:188} INFO - [2024-03-11T17:58:23.571+0000] {dagbag.py:540} INFO - Filling up the DagBag from /opt/airflow/dags/1-primer-dag.py
[2024-03-11T17:58:23.581+0000] {logging_mixin.py:188} INFO - [2024-03-11T17:58:23.580+0000] {dagbag.py:350} ERROR - Failed to import: /opt/airflow/dags/1-primer-dag.py
Traceback (most recent call last):
  File "/home/airflow/.local/lib/python3.8/site-packages/airflow/models/dagbag.py", line 346, in parse
    loader.exec_module(new_module)
  File "<frozen importlib._bootstrap_external>", line 843, in exec_module
  File "<frozen importlib._bootstrap>", line 219, in _call_with_frames_removed
  File "/opt/airflow/dags/1-primer-dag.py", line 11, in <module>
    t1 = BashOperator(task_id='Hello_with_bash',
  File "/home/airflow/.local/lib/python3.8/site-packages/airflow/models/baseoperator.py", line 420, in apply_defaults
    raise AirflowException(f"missing keyword argument {missing_args.pop()!r}")
airflow.exceptions.AirflowException: missing keyword argument 'bash_command'
[2024-03-11T17:58:23.581+0000] {processor.py:842} WARNING - No viable dags retrieved from /opt/airflow/dags/1-primer-dag.py
[2024-03-11T17:58:23.603+0000] {processor.py:183} INFO - Processing /opt/airflow/dags/1-primer-dag.py took 0.051 seconds
[2024-03-11T17:58:53.944+0000] {processor.py:161} INFO - Started process (PID=1959) to work on /opt/airflow/dags/1-primer-dag.py
[2024-03-11T17:58:53.945+0000] {processor.py:830} INFO - Processing file /opt/airflow/dags/1-primer-dag.py for tasks to queue
[2024-03-11T17:58:53.946+0000] {logging_mixin.py:188} INFO - [2024-03-11T17:58:53.946+0000] {dagbag.py:540} INFO - Filling up the DagBag from /opt/airflow/dags/1-primer-dag.py
[2024-03-11T17:58:53.955+0000] {logging_mixin.py:188} INFO - [2024-03-11T17:58:53.954+0000] {dagbag.py:350} ERROR - Failed to import: /opt/airflow/dags/1-primer-dag.py
Traceback (most recent call last):
  File "/home/airflow/.local/lib/python3.8/site-packages/airflow/models/dagbag.py", line 346, in parse
    loader.exec_module(new_module)
  File "<frozen importlib._bootstrap_external>", line 843, in exec_module
  File "<frozen importlib._bootstrap>", line 219, in _call_with_frames_removed
  File "/opt/airflow/dags/1-primer-dag.py", line 11, in <module>
    t1 = BashOperator(task_id='Hello_with_bash',
  File "/home/airflow/.local/lib/python3.8/site-packages/airflow/models/baseoperator.py", line 420, in apply_defaults
    raise AirflowException(f"missing keyword argument {missing_args.pop()!r}")
airflow.exceptions.AirflowException: missing keyword argument 'bash_command'
[2024-03-11T17:58:53.956+0000] {processor.py:842} WARNING - No viable dags retrieved from /opt/airflow/dags/1-primer-dag.py
[2024-03-11T17:58:53.975+0000] {processor.py:183} INFO - Processing /opt/airflow/dags/1-primer-dag.py took 0.037 seconds
[2024-03-11T17:59:24.260+0000] {processor.py:161} INFO - Started process (PID=1970) to work on /opt/airflow/dags/1-primer-dag.py
[2024-03-11T17:59:24.267+0000] {processor.py:830} INFO - Processing file /opt/airflow/dags/1-primer-dag.py for tasks to queue
[2024-03-11T17:59:24.268+0000] {logging_mixin.py:188} INFO - [2024-03-11T17:59:24.268+0000] {dagbag.py:540} INFO - Filling up the DagBag from /opt/airflow/dags/1-primer-dag.py
[2024-03-11T17:59:24.273+0000] {logging_mixin.py:188} INFO - [2024-03-11T17:59:24.272+0000] {dagbag.py:350} ERROR - Failed to import: /opt/airflow/dags/1-primer-dag.py
Traceback (most recent call last):
  File "/home/airflow/.local/lib/python3.8/site-packages/airflow/models/dagbag.py", line 346, in parse
    loader.exec_module(new_module)
  File "<frozen importlib._bootstrap_external>", line 843, in exec_module
  File "<frozen importlib._bootstrap>", line 219, in _call_with_frames_removed
  File "/opt/airflow/dags/1-primer-dag.py", line 11, in <module>
    t1 = BashOperator(task_id='Hello_with_bash',
  File "/home/airflow/.local/lib/python3.8/site-packages/airflow/models/baseoperator.py", line 420, in apply_defaults
    raise AirflowException(f"missing keyword argument {missing_args.pop()!r}")
airflow.exceptions.AirflowException: missing keyword argument 'bash_command'
[2024-03-11T17:59:24.273+0000] {processor.py:842} WARNING - No viable dags retrieved from /opt/airflow/dags/1-primer-dag.py
[2024-03-11T17:59:24.290+0000] {processor.py:183} INFO - Processing /opt/airflow/dags/1-primer-dag.py took 0.035 seconds
[2024-03-11T17:59:25.353+0000] {processor.py:161} INFO - Started process (PID=1971) to work on /opt/airflow/dags/1-primer-dag.py
[2024-03-11T17:59:25.362+0000] {processor.py:830} INFO - Processing file /opt/airflow/dags/1-primer-dag.py for tasks to queue
[2024-03-11T17:59:25.363+0000] {logging_mixin.py:188} INFO - [2024-03-11T17:59:25.363+0000] {dagbag.py:540} INFO - Filling up the DagBag from /opt/airflow/dags/1-primer-dag.py
[2024-03-11T17:59:25.374+0000] {logging_mixin.py:188} INFO - [2024-03-11T17:59:25.372+0000] {dagbag.py:350} ERROR - Failed to import: /opt/airflow/dags/1-primer-dag.py
Traceback (most recent call last):
  File "/home/airflow/.local/lib/python3.8/site-packages/airflow/models/dagbag.py", line 346, in parse
    loader.exec_module(new_module)
  File "<frozen importlib._bootstrap_external>", line 843, in exec_module
  File "<frozen importlib._bootstrap>", line 219, in _call_with_frames_removed
  File "/opt/airflow/dags/1-primer-dag.py", line 11, in <module>
    t1 = BashOperator(task_id='Hello_with_bash',
  File "/home/airflow/.local/lib/python3.8/site-packages/airflow/models/baseoperator.py", line 420, in apply_defaults
    raise AirflowException(f"missing keyword argument {missing_args.pop()!r}")
airflow.exceptions.AirflowException: missing keyword argument 'bash_command'
[2024-03-11T17:59:25.374+0000] {processor.py:842} WARNING - No viable dags retrieved from /opt/airflow/dags/1-primer-dag.py
[2024-03-11T17:59:25.399+0000] {processor.py:183} INFO - Processing /opt/airflow/dags/1-primer-dag.py took 0.050 seconds
[2024-03-11T17:59:28.419+0000] {processor.py:161} INFO - Started process (PID=1972) to work on /opt/airflow/dags/1-primer-dag.py
[2024-03-11T17:59:28.422+0000] {processor.py:830} INFO - Processing file /opt/airflow/dags/1-primer-dag.py for tasks to queue
[2024-03-11T17:59:28.424+0000] {logging_mixin.py:188} INFO - [2024-03-11T17:59:28.423+0000] {dagbag.py:540} INFO - Filling up the DagBag from /opt/airflow/dags/1-primer-dag.py
[2024-03-11T17:59:28.433+0000] {logging_mixin.py:188} INFO - [2024-03-11T17:59:28.432+0000] {dagbag.py:350} ERROR - Failed to import: /opt/airflow/dags/1-primer-dag.py
Traceback (most recent call last):
  File "/home/airflow/.local/lib/python3.8/site-packages/airflow/models/dagbag.py", line 346, in parse
    loader.exec_module(new_module)
  File "<frozen importlib._bootstrap_external>", line 843, in exec_module
  File "<frozen importlib._bootstrap>", line 219, in _call_with_frames_removed
  File "/opt/airflow/dags/1-primer-dag.py", line 11, in <module>
    t1 = BashOperator(task_id='Hello_with_bash',
  File "/home/airflow/.local/lib/python3.8/site-packages/airflow/models/baseoperator.py", line 420, in apply_defaults
    raise AirflowException(f"missing keyword argument {missing_args.pop()!r}")
airflow.exceptions.AirflowException: missing keyword argument 'bash_command'
[2024-03-11T17:59:28.434+0000] {processor.py:842} WARNING - No viable dags retrieved from /opt/airflow/dags/1-primer-dag.py
[2024-03-11T17:59:28.453+0000] {processor.py:183} INFO - Processing /opt/airflow/dags/1-primer-dag.py took 0.043 seconds
[2024-03-11T17:59:58.648+0000] {processor.py:161} INFO - Started process (PID=1980) to work on /opt/airflow/dags/1-primer-dag.py
[2024-03-11T17:59:58.652+0000] {processor.py:830} INFO - Processing file /opt/airflow/dags/1-primer-dag.py for tasks to queue
[2024-03-11T17:59:58.654+0000] {logging_mixin.py:188} INFO - [2024-03-11T17:59:58.653+0000] {dagbag.py:540} INFO - Filling up the DagBag from /opt/airflow/dags/1-primer-dag.py
[2024-03-11T17:59:58.660+0000] {logging_mixin.py:188} INFO - [2024-03-11T17:59:58.658+0000] {dagbag.py:350} ERROR - Failed to import: /opt/airflow/dags/1-primer-dag.py
Traceback (most recent call last):
  File "/home/airflow/.local/lib/python3.8/site-packages/airflow/models/dagbag.py", line 346, in parse
    loader.exec_module(new_module)
  File "<frozen importlib._bootstrap_external>", line 843, in exec_module
  File "<frozen importlib._bootstrap>", line 219, in _call_with_frames_removed
  File "/opt/airflow/dags/1-primer-dag.py", line 11, in <module>
    t1 = BashOperator(task_id='Hello_with_bash',
  File "/home/airflow/.local/lib/python3.8/site-packages/airflow/models/baseoperator.py", line 420, in apply_defaults
    raise AirflowException(f"missing keyword argument {missing_args.pop()!r}")
airflow.exceptions.AirflowException: missing keyword argument 'bash_command'
[2024-03-11T17:59:58.660+0000] {processor.py:842} WARNING - No viable dags retrieved from /opt/airflow/dags/1-primer-dag.py
[2024-03-11T17:59:58.688+0000] {processor.py:183} INFO - Processing /opt/airflow/dags/1-primer-dag.py took 0.045 seconds
[2024-03-11T18:00:28.859+0000] {processor.py:161} INFO - Started process (PID=1988) to work on /opt/airflow/dags/1-primer-dag.py
[2024-03-11T18:00:28.861+0000] {processor.py:830} INFO - Processing file /opt/airflow/dags/1-primer-dag.py for tasks to queue
[2024-03-11T18:00:28.862+0000] {logging_mixin.py:188} INFO - [2024-03-11T18:00:28.862+0000] {dagbag.py:540} INFO - Filling up the DagBag from /opt/airflow/dags/1-primer-dag.py
[2024-03-11T18:00:28.869+0000] {logging_mixin.py:188} INFO - [2024-03-11T18:00:28.868+0000] {dagbag.py:350} ERROR - Failed to import: /opt/airflow/dags/1-primer-dag.py
Traceback (most recent call last):
  File "/home/airflow/.local/lib/python3.8/site-packages/airflow/models/dagbag.py", line 346, in parse
    loader.exec_module(new_module)
  File "<frozen importlib._bootstrap_external>", line 843, in exec_module
  File "<frozen importlib._bootstrap>", line 219, in _call_with_frames_removed
  File "/opt/airflow/dags/1-primer-dag.py", line 11, in <module>
    t1 = BashOperator(task_id='Hello_with_bash',
  File "/home/airflow/.local/lib/python3.8/site-packages/airflow/models/baseoperator.py", line 420, in apply_defaults
    raise AirflowException(f"missing keyword argument {missing_args.pop()!r}")
airflow.exceptions.AirflowException: missing keyword argument 'bash_command'
[2024-03-11T18:00:28.870+0000] {processor.py:842} WARNING - No viable dags retrieved from /opt/airflow/dags/1-primer-dag.py
[2024-03-11T18:00:28.888+0000] {processor.py:183} INFO - Processing /opt/airflow/dags/1-primer-dag.py took 0.034 seconds
[2024-03-11T18:00:59.053+0000] {processor.py:161} INFO - Started process (PID=1996) to work on /opt/airflow/dags/1-primer-dag.py
[2024-03-11T18:00:59.060+0000] {processor.py:830} INFO - Processing file /opt/airflow/dags/1-primer-dag.py for tasks to queue
[2024-03-11T18:00:59.063+0000] {logging_mixin.py:188} INFO - [2024-03-11T18:00:59.062+0000] {dagbag.py:540} INFO - Filling up the DagBag from /opt/airflow/dags/1-primer-dag.py
[2024-03-11T18:00:59.071+0000] {logging_mixin.py:188} INFO - [2024-03-11T18:00:59.070+0000] {dagbag.py:350} ERROR - Failed to import: /opt/airflow/dags/1-primer-dag.py
Traceback (most recent call last):
  File "/home/airflow/.local/lib/python3.8/site-packages/airflow/models/dagbag.py", line 346, in parse
    loader.exec_module(new_module)
  File "<frozen importlib._bootstrap_external>", line 843, in exec_module
  File "<frozen importlib._bootstrap>", line 219, in _call_with_frames_removed
  File "/opt/airflow/dags/1-primer-dag.py", line 11, in <module>
    t1 = BashOperator(task_id='Hello_with_bash',
  File "/home/airflow/.local/lib/python3.8/site-packages/airflow/models/baseoperator.py", line 420, in apply_defaults
    raise AirflowException(f"missing keyword argument {missing_args.pop()!r}")
airflow.exceptions.AirflowException: missing keyword argument 'bash_command'
[2024-03-11T18:00:59.072+0000] {processor.py:842} WARNING - No viable dags retrieved from /opt/airflow/dags/1-primer-dag.py
[2024-03-11T18:00:59.098+0000] {processor.py:183} INFO - Processing /opt/airflow/dags/1-primer-dag.py took 0.051 seconds
[2024-03-11T18:01:29.278+0000] {processor.py:161} INFO - Started process (PID=2004) to work on /opt/airflow/dags/1-primer-dag.py
[2024-03-11T18:01:29.279+0000] {processor.py:830} INFO - Processing file /opt/airflow/dags/1-primer-dag.py for tasks to queue
[2024-03-11T18:01:29.280+0000] {logging_mixin.py:188} INFO - [2024-03-11T18:01:29.280+0000] {dagbag.py:540} INFO - Filling up the DagBag from /opt/airflow/dags/1-primer-dag.py
[2024-03-11T18:01:29.287+0000] {logging_mixin.py:188} INFO - [2024-03-11T18:01:29.286+0000] {dagbag.py:350} ERROR - Failed to import: /opt/airflow/dags/1-primer-dag.py
Traceback (most recent call last):
  File "/home/airflow/.local/lib/python3.8/site-packages/airflow/models/dagbag.py", line 346, in parse
    loader.exec_module(new_module)
  File "<frozen importlib._bootstrap_external>", line 843, in exec_module
  File "<frozen importlib._bootstrap>", line 219, in _call_with_frames_removed
  File "/opt/airflow/dags/1-primer-dag.py", line 11, in <module>
    t1 = BashOperator(task_id='Hello_with_bash',
  File "/home/airflow/.local/lib/python3.8/site-packages/airflow/models/baseoperator.py", line 420, in apply_defaults
    raise AirflowException(f"missing keyword argument {missing_args.pop()!r}")
airflow.exceptions.AirflowException: missing keyword argument 'bash_command'
[2024-03-11T18:01:29.287+0000] {processor.py:842} WARNING - No viable dags retrieved from /opt/airflow/dags/1-primer-dag.py
[2024-03-11T18:01:29.313+0000] {processor.py:183} INFO - Processing /opt/airflow/dags/1-primer-dag.py took 0.040 seconds
[2024-03-11T18:01:35.345+0000] {processor.py:161} INFO - Started process (PID=2006) to work on /opt/airflow/dags/1-primer-dag.py
[2024-03-11T18:01:35.347+0000] {processor.py:830} INFO - Processing file /opt/airflow/dags/1-primer-dag.py for tasks to queue
[2024-03-11T18:01:35.348+0000] {logging_mixin.py:188} INFO - [2024-03-11T18:01:35.348+0000] {dagbag.py:540} INFO - Filling up the DagBag from /opt/airflow/dags/1-primer-dag.py
[2024-03-11T18:01:35.356+0000] {logging_mixin.py:188} INFO - [2024-03-11T18:01:35.354+0000] {dagbag.py:350} ERROR - Failed to import: /opt/airflow/dags/1-primer-dag.py
Traceback (most recent call last):
  File "/home/airflow/.local/lib/python3.8/site-packages/airflow/models/dagbag.py", line 346, in parse
    loader.exec_module(new_module)
  File "<frozen importlib._bootstrap_external>", line 843, in exec_module
  File "<frozen importlib._bootstrap>", line 219, in _call_with_frames_removed
  File "/opt/airflow/dags/1-primer-dag.py", line 11, in <module>
    t1 = BashOperator(task_id='Hello_with_bash',
  File "/home/airflow/.local/lib/python3.8/site-packages/airflow/models/baseoperator.py", line 420, in apply_defaults
    raise AirflowException(f"missing keyword argument {missing_args.pop()!r}")
airflow.exceptions.AirflowException: missing keyword argument 'bash_command'
[2024-03-11T18:01:35.357+0000] {processor.py:842} WARNING - No viable dags retrieved from /opt/airflow/dags/1-primer-dag.py
[2024-03-11T18:01:35.380+0000] {processor.py:183} INFO - Processing /opt/airflow/dags/1-primer-dag.py took 0.042 seconds
[2024-03-11T18:01:39.394+0000] {processor.py:161} INFO - Started process (PID=2007) to work on /opt/airflow/dags/1-primer-dag.py
[2024-03-11T18:01:39.395+0000] {processor.py:830} INFO - Processing file /opt/airflow/dags/1-primer-dag.py for tasks to queue
[2024-03-11T18:01:39.396+0000] {logging_mixin.py:188} INFO - [2024-03-11T18:01:39.395+0000] {dagbag.py:540} INFO - Filling up the DagBag from /opt/airflow/dags/1-primer-dag.py
[2024-03-11T18:01:39.405+0000] {logging_mixin.py:188} INFO - [2024-03-11T18:01:39.403+0000] {dagbag.py:350} ERROR - Failed to import: /opt/airflow/dags/1-primer-dag.py
Traceback (most recent call last):
  File "/home/airflow/.local/lib/python3.8/site-packages/airflow/models/dagbag.py", line 346, in parse
    loader.exec_module(new_module)
  File "<frozen importlib._bootstrap_external>", line 843, in exec_module
  File "<frozen importlib._bootstrap>", line 219, in _call_with_frames_removed
  File "/opt/airflow/dags/1-primer-dag.py", line 11, in <module>
    t1 = BashOperator(task_id='Hello_with_bash',
  File "/home/airflow/.local/lib/python3.8/site-packages/airflow/models/baseoperator.py", line 420, in apply_defaults
    raise AirflowException(f"missing keyword argument {missing_args.pop()!r}")
airflow.exceptions.AirflowException: missing keyword argument 'bash_command'
[2024-03-11T18:01:39.405+0000] {processor.py:842} WARNING - No viable dags retrieved from /opt/airflow/dags/1-primer-dag.py
[2024-03-11T18:01:39.432+0000] {processor.py:183} INFO - Processing /opt/airflow/dags/1-primer-dag.py took 0.046 seconds
