[2024-03-11T18:02:46.801+0000] {processor.py:161} INFO - Started process (PID=2028) to work on /opt/airflow/dags/1PrimerDag.py
[2024-03-11T18:02:46.802+0000] {processor.py:830} INFO - Processing file /opt/airflow/dags/1PrimerDag.py for tasks to queue
[2024-03-11T18:02:46.802+0000] {logging_mixin.py:188} INFO - [2024-03-11T18:02:46.802+0000] {dagbag.py:540} INFO - Filling up the DagBag from /opt/airflow/dags/1PrimerDag.py
[2024-03-11T18:02:46.807+0000] {logging_mixin.py:188} INFO - [2024-03-11T18:02:46.806+0000] {dagbag.py:350} ERROR - Failed to import: /opt/airflow/dags/1PrimerDag.py
Traceback (most recent call last):
  File "/home/airflow/.local/lib/python3.8/site-packages/airflow/models/dagbag.py", line 346, in parse
    loader.exec_module(new_module)
  File "<frozen importlib._bootstrap_external>", line 843, in exec_module
  File "<frozen importlib._bootstrap>", line 219, in _call_with_frames_removed
  File "/opt/airflow/dags/1PrimerDag.py", line 12, in <module>
    t1 = BashOperator(task_id='Hello_with_bash',
  File "/home/airflow/.local/lib/python3.8/site-packages/airflow/models/baseoperator.py", line 420, in apply_defaults
    raise AirflowException(f"missing keyword argument {missing_args.pop()!r}")
airflow.exceptions.AirflowException: missing keyword argument 'bash_command'
[2024-03-11T18:02:46.808+0000] {processor.py:842} WARNING - No viable dags retrieved from /opt/airflow/dags/1PrimerDag.py
[2024-03-11T18:02:46.840+0000] {processor.py:183} INFO - Processing /opt/airflow/dags/1PrimerDag.py took 0.042 seconds
[2024-03-11T18:02:51.856+0000] {processor.py:161} INFO - Started process (PID=2029) to work on /opt/airflow/dags/1PrimerDag.py
[2024-03-11T18:02:51.858+0000] {processor.py:830} INFO - Processing file /opt/airflow/dags/1PrimerDag.py for tasks to queue
[2024-03-11T18:02:51.858+0000] {logging_mixin.py:188} INFO - [2024-03-11T18:02:51.858+0000] {dagbag.py:540} INFO - Filling up the DagBag from /opt/airflow/dags/1PrimerDag.py
[2024-03-11T18:02:51.875+0000] {processor.py:840} INFO - DAG(s) 'BashOperator' retrieved from /opt/airflow/dags/1PrimerDag.py
[2024-03-11T18:02:52.042+0000] {logging_mixin.py:188} INFO - [2024-03-11T18:02:52.041+0000] {override.py:1769} INFO - Created Permission View: can edit on DAG:BashOperator
[2024-03-11T18:02:52.056+0000] {logging_mixin.py:188} INFO - [2024-03-11T18:02:52.056+0000] {override.py:1769} INFO - Created Permission View: can delete on DAG:BashOperator
[2024-03-11T18:02:52.066+0000] {logging_mixin.py:188} INFO - [2024-03-11T18:02:52.066+0000] {override.py:1769} INFO - Created Permission View: can read on DAG:BashOperator
[2024-03-11T18:02:52.067+0000] {logging_mixin.py:188} INFO - [2024-03-11T18:02:52.067+0000] {dag.py:3047} INFO - Sync 1 DAGs
[2024-03-11T18:02:52.084+0000] {logging_mixin.py:188} INFO - [2024-03-11T18:02:52.083+0000] {dag.py:3069} INFO - Creating ORM DAG for BashOperator
[2024-03-11T18:02:52.097+0000] {logging_mixin.py:188} INFO - [2024-03-11T18:02:52.097+0000] {dag.py:3834} INFO - Setting next_dagrun for BashOperator to 2022-07-10 00:00:00+00:00, run_after=2022-07-10 00:00:00+00:00
[2024-03-11T18:02:52.117+0000] {processor.py:183} INFO - Processing /opt/airflow/dags/1PrimerDag.py took 0.266 seconds
[2024-03-11T18:03:23.065+0000] {processor.py:161} INFO - Started process (PID=2041) to work on /opt/airflow/dags/1PrimerDag.py
[2024-03-11T18:03:23.066+0000] {processor.py:830} INFO - Processing file /opt/airflow/dags/1PrimerDag.py for tasks to queue
[2024-03-11T18:03:23.067+0000] {logging_mixin.py:188} INFO - [2024-03-11T18:03:23.067+0000] {dagbag.py:540} INFO - Filling up the DagBag from /opt/airflow/dags/1PrimerDag.py
[2024-03-11T18:03:23.080+0000] {processor.py:840} INFO - DAG(s) 'BashOperator' retrieved from /opt/airflow/dags/1PrimerDag.py
[2024-03-11T18:03:23.106+0000] {logging_mixin.py:188} INFO - [2024-03-11T18:03:23.106+0000] {dag.py:3047} INFO - Sync 1 DAGs
[2024-03-11T18:03:23.130+0000] {logging_mixin.py:188} INFO - [2024-03-11T18:03:23.130+0000] {dag.py:3834} INFO - Setting next_dagrun for BashOperator to None, run_after=None
[2024-03-11T18:03:23.151+0000] {processor.py:183} INFO - Processing /opt/airflow/dags/1PrimerDag.py took 0.089 seconds
[2024-03-11T18:03:53.244+0000] {processor.py:161} INFO - Started process (PID=2049) to work on /opt/airflow/dags/1PrimerDag.py
[2024-03-11T18:03:53.254+0000] {processor.py:830} INFO - Processing file /opt/airflow/dags/1PrimerDag.py for tasks to queue
[2024-03-11T18:03:53.255+0000] {logging_mixin.py:188} INFO - [2024-03-11T18:03:53.255+0000] {dagbag.py:540} INFO - Filling up the DagBag from /opt/airflow/dags/1PrimerDag.py
[2024-03-11T18:03:53.280+0000] {processor.py:840} INFO - DAG(s) 'BashOperator' retrieved from /opt/airflow/dags/1PrimerDag.py
[2024-03-11T18:03:53.317+0000] {logging_mixin.py:188} INFO - [2024-03-11T18:03:53.317+0000] {dag.py:3047} INFO - Sync 1 DAGs
[2024-03-11T18:03:53.355+0000] {logging_mixin.py:188} INFO - [2024-03-11T18:03:53.354+0000] {dag.py:3834} INFO - Setting next_dagrun for BashOperator to None, run_after=None
[2024-03-11T18:03:53.389+0000] {processor.py:183} INFO - Processing /opt/airflow/dags/1PrimerDag.py took 0.149 seconds
[2024-03-11T18:04:23.432+0000] {processor.py:161} INFO - Started process (PID=2057) to work on /opt/airflow/dags/1PrimerDag.py
[2024-03-11T18:04:23.433+0000] {processor.py:830} INFO - Processing file /opt/airflow/dags/1PrimerDag.py for tasks to queue
[2024-03-11T18:04:23.435+0000] {logging_mixin.py:188} INFO - [2024-03-11T18:04:23.434+0000] {dagbag.py:540} INFO - Filling up the DagBag from /opt/airflow/dags/1PrimerDag.py
[2024-03-11T18:04:23.445+0000] {processor.py:840} INFO - DAG(s) 'BashOperator' retrieved from /opt/airflow/dags/1PrimerDag.py
[2024-03-11T18:04:23.474+0000] {logging_mixin.py:188} INFO - [2024-03-11T18:04:23.474+0000] {dag.py:3047} INFO - Sync 1 DAGs
[2024-03-11T18:04:23.498+0000] {logging_mixin.py:188} INFO - [2024-03-11T18:04:23.497+0000] {dag.py:3834} INFO - Setting next_dagrun for BashOperator to None, run_after=None
[2024-03-11T18:04:23.517+0000] {processor.py:183} INFO - Processing /opt/airflow/dags/1PrimerDag.py took 0.090 seconds
[2024-03-11T18:04:53.615+0000] {processor.py:161} INFO - Started process (PID=2065) to work on /opt/airflow/dags/1PrimerDag.py
[2024-03-11T18:04:53.622+0000] {processor.py:830} INFO - Processing file /opt/airflow/dags/1PrimerDag.py for tasks to queue
[2024-03-11T18:04:53.623+0000] {logging_mixin.py:188} INFO - [2024-03-11T18:04:53.622+0000] {dagbag.py:540} INFO - Filling up the DagBag from /opt/airflow/dags/1PrimerDag.py
[2024-03-11T18:04:53.632+0000] {processor.py:840} INFO - DAG(s) 'BashOperator' retrieved from /opt/airflow/dags/1PrimerDag.py
[2024-03-11T18:04:53.656+0000] {logging_mixin.py:188} INFO - [2024-03-11T18:04:53.656+0000] {dag.py:3047} INFO - Sync 1 DAGs
[2024-03-11T18:04:53.677+0000] {logging_mixin.py:188} INFO - [2024-03-11T18:04:53.677+0000] {dag.py:3834} INFO - Setting next_dagrun for BashOperator to None, run_after=None
[2024-03-11T18:04:53.700+0000] {processor.py:183} INFO - Processing /opt/airflow/dags/1PrimerDag.py took 0.088 seconds
[2024-03-11T18:04:59.695+0000] {processor.py:161} INFO - Started process (PID=2066) to work on /opt/airflow/dags/1PrimerDag.py
[2024-03-11T18:04:59.698+0000] {processor.py:830} INFO - Processing file /opt/airflow/dags/1PrimerDag.py for tasks to queue
[2024-03-11T18:04:59.700+0000] {logging_mixin.py:188} INFO - [2024-03-11T18:04:59.699+0000] {dagbag.py:540} INFO - Filling up the DagBag from /opt/airflow/dags/1PrimerDag.py
[2024-03-11T18:04:59.725+0000] {processor.py:840} INFO - DAG(s) 'BashOperator' retrieved from /opt/airflow/dags/1PrimerDag.py
[2024-03-11T18:04:59.947+0000] {logging_mixin.py:188} INFO - [2024-03-11T18:04:59.945+0000] {dag.py:3047} INFO - Sync 1 DAGs
[2024-03-11T18:04:59.993+0000] {logging_mixin.py:188} INFO - [2024-03-11T18:04:59.993+0000] {dag.py:3834} INFO - Setting next_dagrun for BashOperator to 2022-07-10 00:00:00+00:00, run_after=2022-07-11 00:00:00+00:00
[2024-03-11T18:05:00.038+0000] {processor.py:183} INFO - Processing /opt/airflow/dags/1PrimerDag.py took 0.351 seconds
[2024-03-11T18:05:31.062+0000] {processor.py:161} INFO - Started process (PID=2074) to work on /opt/airflow/dags/1PrimerDag.py
[2024-03-11T18:05:31.063+0000] {processor.py:830} INFO - Processing file /opt/airflow/dags/1PrimerDag.py for tasks to queue
[2024-03-11T18:05:31.065+0000] {logging_mixin.py:188} INFO - [2024-03-11T18:05:31.064+0000] {dagbag.py:540} INFO - Filling up the DagBag from /opt/airflow/dags/1PrimerDag.py
[2024-03-11T18:05:31.078+0000] {processor.py:840} INFO - DAG(s) 'BashOperator' retrieved from /opt/airflow/dags/1PrimerDag.py
[2024-03-11T18:05:31.111+0000] {logging_mixin.py:188} INFO - [2024-03-11T18:05:31.111+0000] {dag.py:3047} INFO - Sync 1 DAGs
[2024-03-11T18:05:31.166+0000] {logging_mixin.py:188} INFO - [2024-03-11T18:05:31.166+0000] {dag.py:3834} INFO - Setting next_dagrun for BashOperator to 2022-08-23 00:00:00+00:00, run_after=2022-08-24 00:00:00+00:00
[2024-03-11T18:05:31.221+0000] {processor.py:183} INFO - Processing /opt/airflow/dags/1PrimerDag.py took 0.164 seconds
[2024-03-11T18:06:01.338+0000] {processor.py:161} INFO - Started process (PID=2086) to work on /opt/airflow/dags/1PrimerDag.py
[2024-03-11T18:06:01.341+0000] {processor.py:830} INFO - Processing file /opt/airflow/dags/1PrimerDag.py for tasks to queue
[2024-03-11T18:06:01.343+0000] {logging_mixin.py:188} INFO - [2024-03-11T18:06:01.342+0000] {dagbag.py:540} INFO - Filling up the DagBag from /opt/airflow/dags/1PrimerDag.py
[2024-03-11T18:06:01.381+0000] {processor.py:840} INFO - DAG(s) 'BashOperator' retrieved from /opt/airflow/dags/1PrimerDag.py
[2024-03-11T18:06:01.442+0000] {logging_mixin.py:188} INFO - [2024-03-11T18:06:01.442+0000] {dag.py:3047} INFO - Sync 1 DAGs
[2024-03-11T18:06:01.501+0000] {logging_mixin.py:188} INFO - [2024-03-11T18:06:01.499+0000] {dag.py:3834} INFO - Setting next_dagrun for BashOperator to 2022-10-06 00:00:00+00:00, run_after=2022-10-07 00:00:00+00:00
[2024-03-11T18:06:01.569+0000] {processor.py:183} INFO - Processing /opt/airflow/dags/1PrimerDag.py took 0.241 seconds
[2024-03-11T18:06:32.653+0000] {processor.py:161} INFO - Started process (PID=2094) to work on /opt/airflow/dags/1PrimerDag.py
[2024-03-11T18:06:32.656+0000] {processor.py:830} INFO - Processing file /opt/airflow/dags/1PrimerDag.py for tasks to queue
[2024-03-11T18:06:32.663+0000] {logging_mixin.py:188} INFO - [2024-03-11T18:06:32.662+0000] {dagbag.py:540} INFO - Filling up the DagBag from /opt/airflow/dags/1PrimerDag.py
[2024-03-11T18:06:32.720+0000] {processor.py:840} INFO - DAG(s) 'BashOperator' retrieved from /opt/airflow/dags/1PrimerDag.py
[2024-03-11T18:06:32.792+0000] {logging_mixin.py:188} INFO - [2024-03-11T18:06:32.791+0000] {dag.py:3047} INFO - Sync 1 DAGs
[2024-03-11T18:06:32.880+0000] {logging_mixin.py:188} INFO - [2024-03-11T18:06:32.879+0000] {dag.py:3834} INFO - Setting next_dagrun for BashOperator to 2022-11-18 00:00:00+00:00, run_after=2022-11-19 00:00:00+00:00
[2024-03-11T18:06:32.919+0000] {processor.py:183} INFO - Processing /opt/airflow/dags/1PrimerDag.py took 0.275 seconds
[2024-03-11T18:07:03.802+0000] {processor.py:161} INFO - Started process (PID=2102) to work on /opt/airflow/dags/1PrimerDag.py
[2024-03-11T18:07:03.804+0000] {processor.py:830} INFO - Processing file /opt/airflow/dags/1PrimerDag.py for tasks to queue
[2024-03-11T18:07:03.806+0000] {logging_mixin.py:188} INFO - [2024-03-11T18:07:03.805+0000] {dagbag.py:540} INFO - Filling up the DagBag from /opt/airflow/dags/1PrimerDag.py
[2024-03-11T18:07:03.821+0000] {processor.py:840} INFO - DAG(s) 'BashOperator' retrieved from /opt/airflow/dags/1PrimerDag.py
[2024-03-11T18:07:03.863+0000] {logging_mixin.py:188} INFO - [2024-03-11T18:07:03.862+0000] {dag.py:3047} INFO - Sync 1 DAGs
[2024-03-11T18:07:03.900+0000] {logging_mixin.py:188} INFO - [2024-03-11T18:07:03.900+0000] {dag.py:3834} INFO - Setting next_dagrun for BashOperator to 2023-01-20 00:00:00+00:00, run_after=2023-01-21 00:00:00+00:00
[2024-03-11T18:07:03.939+0000] {processor.py:183} INFO - Processing /opt/airflow/dags/1PrimerDag.py took 0.142 seconds
[2024-03-11T18:07:34.068+0000] {processor.py:161} INFO - Started process (PID=2110) to work on /opt/airflow/dags/1PrimerDag.py
[2024-03-11T18:07:34.070+0000] {processor.py:830} INFO - Processing file /opt/airflow/dags/1PrimerDag.py for tasks to queue
[2024-03-11T18:07:34.071+0000] {logging_mixin.py:188} INFO - [2024-03-11T18:07:34.071+0000] {dagbag.py:540} INFO - Filling up the DagBag from /opt/airflow/dags/1PrimerDag.py
[2024-03-11T18:07:34.082+0000] {processor.py:840} INFO - DAG(s) 'BashOperator' retrieved from /opt/airflow/dags/1PrimerDag.py
[2024-03-11T18:07:34.105+0000] {logging_mixin.py:188} INFO - [2024-03-11T18:07:34.105+0000] {dag.py:3047} INFO - Sync 1 DAGs
[2024-03-11T18:07:34.126+0000] {logging_mixin.py:188} INFO - [2024-03-11T18:07:34.126+0000] {dag.py:3834} INFO - Setting next_dagrun for BashOperator to 2023-03-17 00:00:00+00:00, run_after=2023-03-18 00:00:00+00:00
[2024-03-11T18:07:34.143+0000] {processor.py:183} INFO - Processing /opt/airflow/dags/1PrimerDag.py took 0.080 seconds
[2024-03-11T18:08:04.248+0000] {processor.py:161} INFO - Started process (PID=2118) to work on /opt/airflow/dags/1PrimerDag.py
[2024-03-11T18:08:04.249+0000] {processor.py:830} INFO - Processing file /opt/airflow/dags/1PrimerDag.py for tasks to queue
[2024-03-11T18:08:04.250+0000] {logging_mixin.py:188} INFO - [2024-03-11T18:08:04.250+0000] {dagbag.py:540} INFO - Filling up the DagBag from /opt/airflow/dags/1PrimerDag.py
[2024-03-11T18:08:04.264+0000] {processor.py:840} INFO - DAG(s) 'BashOperator' retrieved from /opt/airflow/dags/1PrimerDag.py
[2024-03-11T18:08:04.290+0000] {logging_mixin.py:188} INFO - [2024-03-11T18:08:04.289+0000] {dag.py:3047} INFO - Sync 1 DAGs
[2024-03-11T18:08:04.313+0000] {logging_mixin.py:188} INFO - [2024-03-11T18:08:04.313+0000] {dag.py:3834} INFO - Setting next_dagrun for BashOperator to 2023-05-06 00:00:00+00:00, run_after=2023-05-07 00:00:00+00:00
[2024-03-11T18:08:04.334+0000] {processor.py:183} INFO - Processing /opt/airflow/dags/1PrimerDag.py took 0.089 seconds
[2024-03-11T18:08:34.426+0000] {processor.py:161} INFO - Started process (PID=2128) to work on /opt/airflow/dags/1PrimerDag.py
[2024-03-11T18:08:34.428+0000] {processor.py:830} INFO - Processing file /opt/airflow/dags/1PrimerDag.py for tasks to queue
[2024-03-11T18:08:34.429+0000] {logging_mixin.py:188} INFO - [2024-03-11T18:08:34.429+0000] {dagbag.py:540} INFO - Filling up the DagBag from /opt/airflow/dags/1PrimerDag.py
[2024-03-11T18:08:34.442+0000] {processor.py:840} INFO - DAG(s) 'BashOperator' retrieved from /opt/airflow/dags/1PrimerDag.py
[2024-03-11T18:08:34.469+0000] {logging_mixin.py:188} INFO - [2024-03-11T18:08:34.469+0000] {dag.py:3047} INFO - Sync 1 DAGs
[2024-03-11T18:08:34.492+0000] {logging_mixin.py:188} INFO - [2024-03-11T18:08:34.491+0000] {dag.py:3834} INFO - Setting next_dagrun for BashOperator to 2023-06-25 00:00:00+00:00, run_after=2023-06-26 00:00:00+00:00
[2024-03-11T18:08:34.511+0000] {processor.py:183} INFO - Processing /opt/airflow/dags/1PrimerDag.py took 0.089 seconds
[2024-03-11T18:09:01.607+0000] {processor.py:161} INFO - Started process (PID=2136) to work on /opt/airflow/dags/1PrimerDag.py
[2024-03-11T18:09:01.609+0000] {processor.py:830} INFO - Processing file /opt/airflow/dags/1PrimerDag.py for tasks to queue
[2024-03-11T18:09:01.611+0000] {logging_mixin.py:188} INFO - [2024-03-11T18:09:01.611+0000] {dagbag.py:540} INFO - Filling up the DagBag from /opt/airflow/dags/1PrimerDag.py
[2024-03-11T18:09:01.631+0000] {processor.py:840} INFO - DAG(s) 'BashOperator' retrieved from /opt/airflow/dags/1PrimerDag.py
[2024-03-11T18:09:01.930+0000] {logging_mixin.py:188} INFO - [2024-03-11T18:09:01.928+0000] {dag.py:3047} INFO - Sync 1 DAGs
[2024-03-11T18:09:01.981+0000] {logging_mixin.py:188} INFO - [2024-03-11T18:09:01.980+0000] {dag.py:3834} INFO - Setting next_dagrun for BashOperator to 2023-08-11 00:00:00+00:00, run_after=2023-08-12 00:00:00+00:00
[2024-03-11T18:09:02.046+0000] {processor.py:183} INFO - Processing /opt/airflow/dags/1PrimerDag.py took 0.447 seconds
[2024-03-11T18:09:19.747+0000] {processor.py:161} INFO - Started process (PID=2144) to work on /opt/airflow/dags/1PrimerDag.py
[2024-03-11T18:09:19.750+0000] {processor.py:830} INFO - Processing file /opt/airflow/dags/1PrimerDag.py for tasks to queue
[2024-03-11T18:09:19.753+0000] {logging_mixin.py:188} INFO - [2024-03-11T18:09:19.752+0000] {dagbag.py:540} INFO - Filling up the DagBag from /opt/airflow/dags/1PrimerDag.py
[2024-03-11T18:09:19.792+0000] {processor.py:840} INFO - DAG(s) 'BashOperator' retrieved from /opt/airflow/dags/1PrimerDag.py
[2024-03-11T18:09:19.822+0000] {logging_mixin.py:188} INFO - [2024-03-11T18:09:19.821+0000] {dag.py:3047} INFO - Sync 1 DAGs
[2024-03-11T18:09:19.905+0000] {logging_mixin.py:188} INFO - [2024-03-11T18:09:19.903+0000] {dag.py:3834} INFO - Setting next_dagrun for BashOperator to 2023-09-17 00:00:00+00:00, run_after=2023-09-18 00:00:00+00:00
[2024-03-11T18:09:19.970+0000] {processor.py:183} INFO - Processing /opt/airflow/dags/1PrimerDag.py took 0.233 seconds
[2024-03-11T18:09:23.806+0000] {processor.py:161} INFO - Started process (PID=2145) to work on /opt/airflow/dags/1PrimerDag.py
[2024-03-11T18:09:23.809+0000] {processor.py:830} INFO - Processing file /opt/airflow/dags/1PrimerDag.py for tasks to queue
[2024-03-11T18:09:23.812+0000] {logging_mixin.py:188} INFO - [2024-03-11T18:09:23.811+0000] {dagbag.py:540} INFO - Filling up the DagBag from /opt/airflow/dags/1PrimerDag.py
[2024-03-11T18:09:23.840+0000] {processor.py:840} INFO - DAG(s) 'BashOperator' retrieved from /opt/airflow/dags/1PrimerDag.py
[2024-03-11T18:09:23.867+0000] {logging_mixin.py:188} INFO - [2024-03-11T18:09:23.866+0000] {dag.py:3047} INFO - Sync 1 DAGs
[2024-03-11T18:09:23.916+0000] {logging_mixin.py:188} INFO - [2024-03-11T18:09:23.916+0000] {dag.py:3834} INFO - Setting next_dagrun for BashOperator to 2023-09-27 00:00:00+00:00, run_after=2023-09-28 00:00:00+00:00
[2024-03-11T18:09:23.960+0000] {processor.py:183} INFO - Processing /opt/airflow/dags/1PrimerDag.py took 0.162 seconds
[2024-03-11T18:09:27.852+0000] {processor.py:161} INFO - Started process (PID=2146) to work on /opt/airflow/dags/1PrimerDag.py
[2024-03-11T18:09:27.855+0000] {processor.py:830} INFO - Processing file /opt/airflow/dags/1PrimerDag.py for tasks to queue
[2024-03-11T18:09:27.858+0000] {logging_mixin.py:188} INFO - [2024-03-11T18:09:27.857+0000] {dagbag.py:540} INFO - Filling up the DagBag from /opt/airflow/dags/1PrimerDag.py
[2024-03-11T18:09:27.887+0000] {processor.py:840} INFO - DAG(s) 'BashOperator' retrieved from /opt/airflow/dags/1PrimerDag.py
[2024-03-11T18:09:27.931+0000] {logging_mixin.py:188} INFO - [2024-03-11T18:09:27.930+0000] {dag.py:3047} INFO - Sync 1 DAGs
[2024-03-11T18:09:27.973+0000] {logging_mixin.py:188} INFO - [2024-03-11T18:09:27.973+0000] {dag.py:3834} INFO - Setting next_dagrun for BashOperator to 2023-10-04 00:00:00+00:00, run_after=2023-10-05 00:00:00+00:00
[2024-03-11T18:09:28.012+0000] {processor.py:183} INFO - Processing /opt/airflow/dags/1PrimerDag.py took 0.172 seconds
[2024-03-11T18:09:58.251+0000] {processor.py:161} INFO - Started process (PID=2154) to work on /opt/airflow/dags/1PrimerDag.py
[2024-03-11T18:09:58.253+0000] {processor.py:830} INFO - Processing file /opt/airflow/dags/1PrimerDag.py for tasks to queue
[2024-03-11T18:09:58.255+0000] {logging_mixin.py:188} INFO - [2024-03-11T18:09:58.254+0000] {dagbag.py:540} INFO - Filling up the DagBag from /opt/airflow/dags/1PrimerDag.py
[2024-03-11T18:09:58.271+0000] {processor.py:840} INFO - DAG(s) 'BashOperator' retrieved from /opt/airflow/dags/1PrimerDag.py
[2024-03-11T18:09:58.319+0000] {logging_mixin.py:188} INFO - [2024-03-11T18:09:58.319+0000] {dag.py:3047} INFO - Sync 1 DAGs
[2024-03-11T18:09:58.368+0000] {logging_mixin.py:188} INFO - [2024-03-11T18:09:58.368+0000] {dag.py:3834} INFO - Setting next_dagrun for BashOperator to 2023-11-29 00:00:00+00:00, run_after=2023-11-30 00:00:00+00:00
[2024-03-11T18:09:58.423+0000] {processor.py:183} INFO - Processing /opt/airflow/dags/1PrimerDag.py took 0.178 seconds
[2024-03-11T18:10:28.580+0000] {processor.py:161} INFO - Started process (PID=2162) to work on /opt/airflow/dags/1PrimerDag.py
[2024-03-11T18:10:28.581+0000] {processor.py:830} INFO - Processing file /opt/airflow/dags/1PrimerDag.py for tasks to queue
[2024-03-11T18:10:28.583+0000] {logging_mixin.py:188} INFO - [2024-03-11T18:10:28.582+0000] {dagbag.py:540} INFO - Filling up the DagBag from /opt/airflow/dags/1PrimerDag.py
[2024-03-11T18:10:28.597+0000] {processor.py:840} INFO - DAG(s) 'BashOperator' retrieved from /opt/airflow/dags/1PrimerDag.py
[2024-03-11T18:10:28.624+0000] {logging_mixin.py:188} INFO - [2024-03-11T18:10:28.624+0000] {dag.py:3047} INFO - Sync 1 DAGs
[2024-03-11T18:10:28.653+0000] {logging_mixin.py:188} INFO - [2024-03-11T18:10:28.652+0000] {dag.py:3834} INFO - Setting next_dagrun for BashOperator to 2024-01-18 00:00:00+00:00, run_after=2024-01-19 00:00:00+00:00
[2024-03-11T18:10:28.670+0000] {processor.py:183} INFO - Processing /opt/airflow/dags/1PrimerDag.py took 0.097 seconds
[2024-03-11T18:10:58.774+0000] {processor.py:161} INFO - Started process (PID=2170) to work on /opt/airflow/dags/1PrimerDag.py
[2024-03-11T18:10:58.782+0000] {processor.py:830} INFO - Processing file /opt/airflow/dags/1PrimerDag.py for tasks to queue
[2024-03-11T18:10:58.783+0000] {logging_mixin.py:188} INFO - [2024-03-11T18:10:58.783+0000] {dagbag.py:540} INFO - Filling up the DagBag from /opt/airflow/dags/1PrimerDag.py
[2024-03-11T18:10:58.795+0000] {processor.py:840} INFO - DAG(s) 'BashOperator' retrieved from /opt/airflow/dags/1PrimerDag.py
[2024-03-11T18:10:58.819+0000] {logging_mixin.py:188} INFO - [2024-03-11T18:10:58.819+0000] {dag.py:3047} INFO - Sync 1 DAGs
[2024-03-11T18:10:58.841+0000] {logging_mixin.py:188} INFO - [2024-03-11T18:10:58.841+0000] {dag.py:3834} INFO - Setting next_dagrun for BashOperator to 2024-03-11 00:00:00+00:00, run_after=2024-03-12 00:00:00+00:00
[2024-03-11T18:10:58.858+0000] {processor.py:183} INFO - Processing /opt/airflow/dags/1PrimerDag.py took 0.091 seconds
[2024-03-11T18:11:29.045+0000] {processor.py:161} INFO - Started process (PID=2178) to work on /opt/airflow/dags/1PrimerDag.py
[2024-03-11T18:11:29.052+0000] {processor.py:830} INFO - Processing file /opt/airflow/dags/1PrimerDag.py for tasks to queue
[2024-03-11T18:11:29.054+0000] {logging_mixin.py:188} INFO - [2024-03-11T18:11:29.053+0000] {dagbag.py:540} INFO - Filling up the DagBag from /opt/airflow/dags/1PrimerDag.py
[2024-03-11T18:11:29.066+0000] {processor.py:840} INFO - DAG(s) 'BashOperator' retrieved from /opt/airflow/dags/1PrimerDag.py
[2024-03-11T18:11:29.092+0000] {logging_mixin.py:188} INFO - [2024-03-11T18:11:29.092+0000] {dag.py:3047} INFO - Sync 1 DAGs
[2024-03-11T18:11:29.116+0000] {logging_mixin.py:188} INFO - [2024-03-11T18:11:29.115+0000] {dag.py:3834} INFO - Setting next_dagrun for BashOperator to 2024-03-11 00:00:00+00:00, run_after=2024-03-12 00:00:00+00:00
[2024-03-11T18:11:29.136+0000] {processor.py:183} INFO - Processing /opt/airflow/dags/1PrimerDag.py took 0.094 seconds
[2024-03-11T18:11:59.224+0000] {processor.py:161} INFO - Started process (PID=2186) to work on /opt/airflow/dags/1PrimerDag.py
[2024-03-11T18:11:59.226+0000] {processor.py:830} INFO - Processing file /opt/airflow/dags/1PrimerDag.py for tasks to queue
[2024-03-11T18:11:59.228+0000] {logging_mixin.py:188} INFO - [2024-03-11T18:11:59.227+0000] {dagbag.py:540} INFO - Filling up the DagBag from /opt/airflow/dags/1PrimerDag.py
[2024-03-11T18:11:59.237+0000] {processor.py:840} INFO - DAG(s) 'BashOperator' retrieved from /opt/airflow/dags/1PrimerDag.py
[2024-03-11T18:11:59.262+0000] {logging_mixin.py:188} INFO - [2024-03-11T18:11:59.262+0000] {dag.py:3047} INFO - Sync 1 DAGs
[2024-03-11T18:11:59.284+0000] {logging_mixin.py:188} INFO - [2024-03-11T18:11:59.284+0000] {dag.py:3834} INFO - Setting next_dagrun for BashOperator to 2024-03-11 00:00:00+00:00, run_after=2024-03-12 00:00:00+00:00
[2024-03-11T18:11:59.303+0000] {processor.py:183} INFO - Processing /opt/airflow/dags/1PrimerDag.py took 0.085 seconds
[2024-03-11T18:12:29.419+0000] {processor.py:161} INFO - Started process (PID=2194) to work on /opt/airflow/dags/1PrimerDag.py
[2024-03-11T18:12:29.421+0000] {processor.py:830} INFO - Processing file /opt/airflow/dags/1PrimerDag.py for tasks to queue
[2024-03-11T18:12:29.422+0000] {logging_mixin.py:188} INFO - [2024-03-11T18:12:29.422+0000] {dagbag.py:540} INFO - Filling up the DagBag from /opt/airflow/dags/1PrimerDag.py
[2024-03-11T18:12:29.432+0000] {processor.py:840} INFO - DAG(s) 'BashOperator' retrieved from /opt/airflow/dags/1PrimerDag.py
[2024-03-11T18:12:29.458+0000] {logging_mixin.py:188} INFO - [2024-03-11T18:12:29.458+0000] {dag.py:3047} INFO - Sync 1 DAGs
[2024-03-11T18:12:29.480+0000] {logging_mixin.py:188} INFO - [2024-03-11T18:12:29.479+0000] {dag.py:3834} INFO - Setting next_dagrun for BashOperator to 2024-03-11 00:00:00+00:00, run_after=2024-03-12 00:00:00+00:00
[2024-03-11T18:12:29.498+0000] {processor.py:183} INFO - Processing /opt/airflow/dags/1PrimerDag.py took 0.083 seconds
[2024-03-11T18:12:59.656+0000] {processor.py:161} INFO - Started process (PID=2202) to work on /opt/airflow/dags/1PrimerDag.py
[2024-03-11T18:12:59.663+0000] {processor.py:830} INFO - Processing file /opt/airflow/dags/1PrimerDag.py for tasks to queue
[2024-03-11T18:12:59.664+0000] {logging_mixin.py:188} INFO - [2024-03-11T18:12:59.663+0000] {dagbag.py:540} INFO - Filling up the DagBag from /opt/airflow/dags/1PrimerDag.py
[2024-03-11T18:12:59.673+0000] {processor.py:840} INFO - DAG(s) 'BashOperator' retrieved from /opt/airflow/dags/1PrimerDag.py
[2024-03-11T18:12:59.695+0000] {logging_mixin.py:188} INFO - [2024-03-11T18:12:59.695+0000] {dag.py:3047} INFO - Sync 1 DAGs
[2024-03-11T18:12:59.716+0000] {logging_mixin.py:188} INFO - [2024-03-11T18:12:59.716+0000] {dag.py:3834} INFO - Setting next_dagrun for BashOperator to 2024-03-11 00:00:00+00:00, run_after=2024-03-12 00:00:00+00:00
[2024-03-11T18:12:59.734+0000] {processor.py:183} INFO - Processing /opt/airflow/dags/1PrimerDag.py took 0.083 seconds
[2024-03-11T18:13:29.848+0000] {processor.py:161} INFO - Started process (PID=2210) to work on /opt/airflow/dags/1PrimerDag.py
[2024-03-11T18:13:29.849+0000] {processor.py:830} INFO - Processing file /opt/airflow/dags/1PrimerDag.py for tasks to queue
[2024-03-11T18:13:29.850+0000] {logging_mixin.py:188} INFO - [2024-03-11T18:13:29.850+0000] {dagbag.py:540} INFO - Filling up the DagBag from /opt/airflow/dags/1PrimerDag.py
[2024-03-11T18:13:29.858+0000] {processor.py:840} INFO - DAG(s) 'BashOperator' retrieved from /opt/airflow/dags/1PrimerDag.py
[2024-03-11T18:13:29.882+0000] {logging_mixin.py:188} INFO - [2024-03-11T18:13:29.881+0000] {dag.py:3047} INFO - Sync 1 DAGs
[2024-03-11T18:13:29.904+0000] {logging_mixin.py:188} INFO - [2024-03-11T18:13:29.904+0000] {dag.py:3834} INFO - Setting next_dagrun for BashOperator to 2024-03-11 00:00:00+00:00, run_after=2024-03-12 00:00:00+00:00
[2024-03-11T18:13:29.920+0000] {processor.py:183} INFO - Processing /opt/airflow/dags/1PrimerDag.py took 0.075 seconds
[2024-03-11T18:14:00.040+0000] {processor.py:161} INFO - Started process (PID=2218) to work on /opt/airflow/dags/1PrimerDag.py
[2024-03-11T18:14:00.041+0000] {processor.py:830} INFO - Processing file /opt/airflow/dags/1PrimerDag.py for tasks to queue
[2024-03-11T18:14:00.042+0000] {logging_mixin.py:188} INFO - [2024-03-11T18:14:00.042+0000] {dagbag.py:540} INFO - Filling up the DagBag from /opt/airflow/dags/1PrimerDag.py
[2024-03-11T18:14:00.053+0000] {processor.py:840} INFO - DAG(s) 'BashOperator' retrieved from /opt/airflow/dags/1PrimerDag.py
[2024-03-11T18:14:00.076+0000] {logging_mixin.py:188} INFO - [2024-03-11T18:14:00.075+0000] {dag.py:3047} INFO - Sync 1 DAGs
[2024-03-11T18:14:00.097+0000] {logging_mixin.py:188} INFO - [2024-03-11T18:14:00.097+0000] {dag.py:3834} INFO - Setting next_dagrun for BashOperator to 2024-03-11 00:00:00+00:00, run_after=2024-03-12 00:00:00+00:00
[2024-03-11T18:14:00.114+0000] {processor.py:183} INFO - Processing /opt/airflow/dags/1PrimerDag.py took 0.079 seconds
[2024-03-11T18:14:30.221+0000] {processor.py:161} INFO - Started process (PID=2226) to work on /opt/airflow/dags/1PrimerDag.py
[2024-03-11T18:14:30.226+0000] {processor.py:830} INFO - Processing file /opt/airflow/dags/1PrimerDag.py for tasks to queue
[2024-03-11T18:14:30.231+0000] {logging_mixin.py:188} INFO - [2024-03-11T18:14:30.228+0000] {dagbag.py:540} INFO - Filling up the DagBag from /opt/airflow/dags/1PrimerDag.py
[2024-03-11T18:14:30.250+0000] {processor.py:840} INFO - DAG(s) 'BashOperator' retrieved from /opt/airflow/dags/1PrimerDag.py
[2024-03-11T18:14:30.288+0000] {logging_mixin.py:188} INFO - [2024-03-11T18:14:30.288+0000] {dag.py:3047} INFO - Sync 1 DAGs
[2024-03-11T18:14:30.327+0000] {logging_mixin.py:188} INFO - [2024-03-11T18:14:30.327+0000] {dag.py:3834} INFO - Setting next_dagrun for BashOperator to 2024-03-11 00:00:00+00:00, run_after=2024-03-12 00:00:00+00:00
[2024-03-11T18:14:30.350+0000] {processor.py:183} INFO - Processing /opt/airflow/dags/1PrimerDag.py took 0.136 seconds
[2024-03-11T18:14:51.380+0000] {processor.py:161} INFO - Started process (PID=2234) to work on /opt/airflow/dags/1PrimerDag.py
[2024-03-11T18:14:51.382+0000] {processor.py:830} INFO - Processing file /opt/airflow/dags/1PrimerDag.py for tasks to queue
[2024-03-11T18:14:51.384+0000] {logging_mixin.py:188} INFO - [2024-03-11T18:14:51.383+0000] {dagbag.py:540} INFO - Filling up the DagBag from /opt/airflow/dags/1PrimerDag.py
[2024-03-11T18:14:51.411+0000] {processor.py:840} INFO - DAG(s) 'BashOperator' retrieved from /opt/airflow/dags/1PrimerDag.py
[2024-03-11T18:14:51.473+0000] {logging_mixin.py:188} INFO - [2024-03-11T18:14:51.472+0000] {dag.py:3047} INFO - Sync 1 DAGs
[2024-03-11T18:14:51.509+0000] {logging_mixin.py:188} INFO - [2024-03-11T18:14:51.508+0000] {dag.py:3834} INFO - Setting next_dagrun for BashOperator to 2024-03-11 00:00:00+00:00, run_after=2024-03-12 00:00:00+00:00
[2024-03-11T18:14:51.562+0000] {processor.py:183} INFO - Processing /opt/airflow/dags/1PrimerDag.py took 0.187 seconds
[2024-03-11T18:15:21.606+0000] {processor.py:161} INFO - Started process (PID=2242) to work on /opt/airflow/dags/1PrimerDag.py
[2024-03-11T18:15:21.607+0000] {processor.py:830} INFO - Processing file /opt/airflow/dags/1PrimerDag.py for tasks to queue
[2024-03-11T18:15:21.608+0000] {logging_mixin.py:188} INFO - [2024-03-11T18:15:21.608+0000] {dagbag.py:540} INFO - Filling up the DagBag from /opt/airflow/dags/1PrimerDag.py
[2024-03-11T18:15:21.619+0000] {processor.py:840} INFO - DAG(s) 'BashOperator' retrieved from /opt/airflow/dags/1PrimerDag.py
[2024-03-11T18:15:21.644+0000] {logging_mixin.py:188} INFO - [2024-03-11T18:15:21.643+0000] {dag.py:3047} INFO - Sync 1 DAGs
[2024-03-11T18:15:21.669+0000] {logging_mixin.py:188} INFO - [2024-03-11T18:15:21.669+0000] {dag.py:3834} INFO - Setting next_dagrun for BashOperator to 2024-03-11 00:00:00+00:00, run_after=2024-03-12 00:00:00+00:00
[2024-03-11T18:15:21.688+0000] {processor.py:183} INFO - Processing /opt/airflow/dags/1PrimerDag.py took 0.089 seconds
